2024-09-21 00:00:20,358 fflow.py init [line:788] INFO PROCESS ID:	3440807
2024-09-21 00:00:20,358 fflow.py init [line:789] INFO Initializing devices: cuda:0 will be used for this running.
2024-09-21 00:00:20,358 fflow.py init [line:792] INFO BENCHMARK:	flgo.benchmark.cifar10_classification
2024-09-21 00:00:20,358 fflow.py init [line:793] INFO TASK:			tasks/9.20/dir01
2024-09-21 00:00:20,359 fflow.py init [line:794] INFO MODEL:		flgo.benchmark.cifar10_classification.model.cnn_data_aug
2024-09-21 00:00:20,359 fflow.py init [line:795] INFO ALGORITHM:	fedavg
2024-09-21 00:00:22,192 fflow.py init [line:841] INFO SCENE:		horizontal FL with 1 <class 'flgo.algorithm.fedbase.BasicServer'>, 50 <class 'flgo.algorithm.fedbase.BasicClient'>
2024-09-21 00:00:22,469 fflow.py init [line:858] INFO SIMULATOR:	<class 'flgo.simulator.default_simulator.Simulator'>
2024-09-21 00:00:22,470 fflow.py init [line:871] INFO Ready to start.
2024-09-21 00:00:22,470 fedbase.py run [line:289] INFO --------------Initial Evaluation--------------
2024-09-21 00:00:22,470 simple_logger.py log_once [line:14] INFO Current_time:0
2024-09-21 00:00:26,594 simple_logger.py log_once [line:28] INFO test_accuracy                 0.0933
2024-09-21 00:00:26,594 simple_logger.py log_once [line:28] INFO test_loss                     2.3026
2024-09-21 00:00:26,595 simple_logger.py log_once [line:28] INFO val_accuracy                  0.0854
2024-09-21 00:00:26,595 simple_logger.py log_once [line:28] INFO mean_val_accuracy             0.0853
2024-09-21 00:00:26,595 simple_logger.py log_once [line:28] INFO std_val_accuracy              0.2132
2024-09-21 00:00:26,595 simple_logger.py log_once [line:28] INFO val_loss                      2.3031
2024-09-21 00:00:26,595 simple_logger.py log_once [line:28] INFO mean_val_loss                 2.3031
2024-09-21 00:00:26,595 simple_logger.py log_once [line:28] INFO std_val_loss                  0.0360
2024-09-21 00:00:26,595 fedbase.py run [line:292] INFO Eval Time Cost:               4.1256s
2024-09-21 00:02:36,770 fedbase.py run [line:300] INFO --------------Round 1--------------
2024-09-21 00:02:36,778 simple_logger.py log_once [line:14] INFO Current_time:1
2024-09-21 00:02:40,938 simple_logger.py log_once [line:28] INFO test_accuracy                 0.1321
2024-09-21 00:02:40,938 simple_logger.py log_once [line:28] INFO test_loss                     2.2989
2024-09-21 00:02:40,938 simple_logger.py log_once [line:28] INFO val_accuracy                  0.1319
2024-09-21 00:02:40,938 simple_logger.py log_once [line:28] INFO mean_val_accuracy             0.1314
2024-09-21 00:02:40,938 simple_logger.py log_once [line:28] INFO std_val_accuracy              0.2606
2024-09-21 00:02:40,938 simple_logger.py log_once [line:28] INFO val_loss                      2.3003
2024-09-21 00:02:40,938 simple_logger.py log_once [line:28] INFO mean_val_loss                 2.3006
2024-09-21 00:02:40,938 simple_logger.py log_once [line:28] INFO std_val_loss                  0.1047
2024-09-21 00:02:40,938 fedbase.py run [line:305] INFO Eval Time Cost:               4.1603s
2024-09-21 00:04:51,180 fedbase.py run [line:300] INFO --------------Round 2--------------
2024-09-21 00:04:51,180 simple_logger.py log_once [line:14] INFO Current_time:2
2024-09-21 00:04:55,586 simple_logger.py log_once [line:28] INFO test_accuracy                 0.1000
2024-09-21 00:04:55,587 simple_logger.py log_once [line:28] INFO test_loss                     2.2905
2024-09-21 00:04:55,587 simple_logger.py log_once [line:28] INFO val_accuracy                  0.1000
2024-09-21 00:04:55,587 simple_logger.py log_once [line:28] INFO mean_val_accuracy             0.0998
2024-09-21 00:04:55,587 simple_logger.py log_once [line:28] INFO std_val_accuracy              0.2321
2024-09-21 00:04:55,587 simple_logger.py log_once [line:28] INFO val_loss                      2.2915
2024-09-21 00:04:55,587 simple_logger.py log_once [line:28] INFO mean_val_loss                 2.2917
2024-09-21 00:04:55,587 simple_logger.py log_once [line:28] INFO std_val_loss                  0.1098
2024-09-21 00:04:55,587 fedbase.py run [line:305] INFO Eval Time Cost:               4.4069s
2024-09-21 00:07:03,777 fedbase.py run [line:300] INFO --------------Round 3--------------
2024-09-21 00:07:03,778 simple_logger.py log_once [line:14] INFO Current_time:3
2024-09-21 00:07:07,640 simple_logger.py log_once [line:28] INFO test_accuracy                 0.1000
2024-09-21 00:07:07,640 simple_logger.py log_once [line:28] INFO test_loss                     2.2774
2024-09-21 00:07:07,640 simple_logger.py log_once [line:28] INFO val_accuracy                  0.1000
2024-09-21 00:07:07,641 simple_logger.py log_once [line:28] INFO mean_val_accuracy             0.0998
2024-09-21 00:07:07,641 simple_logger.py log_once [line:28] INFO std_val_accuracy              0.2321
2024-09-21 00:07:07,641 simple_logger.py log_once [line:28] INFO val_loss                      2.2780
2024-09-21 00:07:07,641 simple_logger.py log_once [line:28] INFO mean_val_loss                 2.2785
2024-09-21 00:07:07,641 simple_logger.py log_once [line:28] INFO std_val_loss                  0.2258
2024-09-21 00:07:07,641 fedbase.py run [line:305] INFO Eval Time Cost:               3.8637s
2024-09-21 00:09:14,738 fedbase.py run [line:300] INFO --------------Round 4--------------
2024-09-21 00:09:14,739 simple_logger.py log_once [line:14] INFO Current_time:4
2024-09-21 00:09:20,275 simple_logger.py log_once [line:28] INFO test_accuracy                 0.1451
2024-09-21 00:09:20,276 simple_logger.py log_once [line:28] INFO test_loss                     2.2247
2024-09-21 00:09:20,276 simple_logger.py log_once [line:28] INFO val_accuracy                  0.1428
2024-09-21 00:09:20,276 simple_logger.py log_once [line:28] INFO mean_val_accuracy             0.1424
2024-09-21 00:09:20,276 simple_logger.py log_once [line:28] INFO std_val_accuracy              0.2672
2024-09-21 00:09:20,276 simple_logger.py log_once [line:28] INFO val_loss                      2.2237
2024-09-21 00:09:20,276 simple_logger.py log_once [line:28] INFO mean_val_loss                 2.2239
2024-09-21 00:09:20,277 simple_logger.py log_once [line:28] INFO std_val_loss                  0.1742
2024-09-21 00:09:20,277 fedbase.py run [line:305] INFO Eval Time Cost:               5.5380s
2024-09-21 00:11:28,001 fedbase.py run [line:300] INFO --------------Round 5--------------
2024-09-21 00:11:28,001 simple_logger.py log_once [line:14] INFO Current_time:5
2024-09-21 00:11:31,929 simple_logger.py log_once [line:28] INFO test_accuracy                 0.1572
2024-09-21 00:11:31,929 simple_logger.py log_once [line:28] INFO test_loss                     2.1793
2024-09-21 00:11:31,929 simple_logger.py log_once [line:28] INFO val_accuracy                  0.1593
2024-09-21 00:11:31,929 simple_logger.py log_once [line:28] INFO mean_val_accuracy             0.1588
2024-09-21 00:11:31,929 simple_logger.py log_once [line:28] INFO std_val_accuracy              0.2917
2024-09-21 00:11:31,929 simple_logger.py log_once [line:28] INFO val_loss                      2.1772
2024-09-21 00:11:31,930 simple_logger.py log_once [line:28] INFO mean_val_loss                 2.1776
2024-09-21 00:11:31,930 simple_logger.py log_once [line:28] INFO std_val_loss                  0.2439
2024-09-21 00:11:31,930 fedbase.py run [line:305] INFO Eval Time Cost:               3.9283s
2024-09-21 00:13:42,451 fedbase.py run [line:300] INFO --------------Round 6--------------
2024-09-21 00:13:42,456 simple_logger.py log_once [line:14] INFO Current_time:6
2024-09-21 00:13:48,327 simple_logger.py log_once [line:28] INFO test_accuracy                 0.1722
2024-09-21 00:13:48,327 simple_logger.py log_once [line:28] INFO test_loss                     2.1332
2024-09-21 00:13:48,335 simple_logger.py log_once [line:28] INFO val_accuracy                  0.1734
2024-09-21 00:13:48,335 simple_logger.py log_once [line:28] INFO mean_val_accuracy             0.1728
2024-09-21 00:13:48,335 simple_logger.py log_once [line:28] INFO std_val_accuracy              0.3031
2024-09-21 00:13:48,335 simple_logger.py log_once [line:28] INFO val_loss                      2.1296
2024-09-21 00:13:48,335 simple_logger.py log_once [line:28] INFO mean_val_loss                 2.1300
2024-09-21 00:13:48,336 simple_logger.py log_once [line:28] INFO std_val_loss                  0.2474
2024-09-21 00:13:48,336 fedbase.py run [line:305] INFO Eval Time Cost:               5.8800s
2024-09-21 00:15:56,470 fedbase.py run [line:300] INFO --------------Round 7--------------
2024-09-21 00:15:56,470 simple_logger.py log_once [line:14] INFO Current_time:7
2024-09-21 00:16:01,294 simple_logger.py log_once [line:28] INFO test_accuracy                 0.1889
2024-09-21 00:16:01,294 simple_logger.py log_once [line:28] INFO test_loss                     2.1019
2024-09-21 00:16:01,294 simple_logger.py log_once [line:28] INFO val_accuracy                  0.1962
2024-09-21 00:16:01,294 simple_logger.py log_once [line:28] INFO mean_val_accuracy             0.1957
2024-09-21 00:16:01,294 simple_logger.py log_once [line:28] INFO std_val_accuracy              0.3023
2024-09-21 00:16:01,294 simple_logger.py log_once [line:28] INFO val_loss                      2.0984
2024-09-21 00:16:01,294 simple_logger.py log_once [line:28] INFO mean_val_loss                 2.0988
2024-09-21 00:16:01,294 simple_logger.py log_once [line:28] INFO std_val_loss                  0.2501
2024-09-21 00:16:01,294 fedbase.py run [line:305] INFO Eval Time Cost:               4.8243s
2024-09-21 00:18:09,792 fedbase.py run [line:300] INFO --------------Round 8--------------
2024-09-21 00:18:09,793 simple_logger.py log_once [line:14] INFO Current_time:8
2024-09-21 00:18:14,547 simple_logger.py log_once [line:28] INFO test_accuracy                 0.2013
2024-09-21 00:18:14,548 simple_logger.py log_once [line:28] INFO test_loss                     2.0838
2024-09-21 00:18:14,548 simple_logger.py log_once [line:28] INFO val_accuracy                  0.2019
2024-09-21 00:18:14,548 simple_logger.py log_once [line:28] INFO mean_val_accuracy             0.2013
2024-09-21 00:18:14,548 simple_logger.py log_once [line:28] INFO std_val_accuracy              0.2979
2024-09-21 00:18:14,548 simple_logger.py log_once [line:28] INFO val_loss                      2.0820
2024-09-21 00:18:14,549 simple_logger.py log_once [line:28] INFO mean_val_loss                 2.0825
2024-09-21 00:18:14,549 simple_logger.py log_once [line:28] INFO std_val_loss                  0.2290
2024-09-21 00:18:14,549 fedbase.py run [line:305] INFO Eval Time Cost:               4.7561s
2024-09-21 00:20:20,437 fedbase.py run [line:300] INFO --------------Round 9--------------
2024-09-21 00:20:20,438 simple_logger.py log_once [line:14] INFO Current_time:9
2024-09-21 00:20:25,814 simple_logger.py log_once [line:28] INFO test_accuracy                 0.2261
2024-09-21 00:20:25,814 simple_logger.py log_once [line:28] INFO test_loss                     2.0816
2024-09-21 00:20:25,814 simple_logger.py log_once [line:28] INFO val_accuracy                  0.2330
2024-09-21 00:20:25,814 simple_logger.py log_once [line:28] INFO mean_val_accuracy             0.2325
2024-09-21 00:20:25,827 simple_logger.py log_once [line:28] INFO std_val_accuracy              0.2816
2024-09-21 00:20:25,827 simple_logger.py log_once [line:28] INFO val_loss                      2.0764
2024-09-21 00:20:25,827 simple_logger.py log_once [line:28] INFO mean_val_loss                 2.0767
2024-09-21 00:20:25,827 simple_logger.py log_once [line:28] INFO std_val_loss                  0.2715
2024-09-21 00:20:25,827 fedbase.py run [line:305] INFO Eval Time Cost:               5.3892s
2024-09-21 00:22:32,746 fedbase.py run [line:300] INFO --------------Round 10--------------
2024-09-21 00:22:32,746 simple_logger.py log_once [line:14] INFO Current_time:10
2024-09-21 00:22:37,741 simple_logger.py log_once [line:28] INFO test_accuracy                 0.2199
2024-09-21 00:22:37,742 simple_logger.py log_once [line:28] INFO test_loss                     2.0359
2024-09-21 00:22:37,742 simple_logger.py log_once [line:28] INFO val_accuracy                  0.2232
2024-09-21 00:22:37,742 simple_logger.py log_once [line:28] INFO mean_val_accuracy             0.2226
2024-09-21 00:22:37,742 simple_logger.py log_once [line:28] INFO std_val_accuracy              0.2954
2024-09-21 00:22:37,742 simple_logger.py log_once [line:28] INFO val_loss                      2.0318
2024-09-21 00:22:37,742 simple_logger.py log_once [line:28] INFO mean_val_loss                 2.0324
2024-09-21 00:22:37,743 simple_logger.py log_once [line:28] INFO std_val_loss                  0.3307
2024-09-21 00:22:37,743 fedbase.py run [line:305] INFO Eval Time Cost:               4.9970s
2024-09-21 00:24:45,586 fedbase.py run [line:300] INFO --------------Round 11--------------
2024-09-21 00:24:45,591 simple_logger.py log_once [line:14] INFO Current_time:11
2024-09-21 00:24:50,795 simple_logger.py log_once [line:28] INFO test_accuracy                 0.2325
2024-09-21 00:24:50,795 simple_logger.py log_once [line:28] INFO test_loss                     2.0180
2024-09-21 00:24:50,795 simple_logger.py log_once [line:28] INFO val_accuracy                  0.2387
2024-09-21 00:24:50,796 simple_logger.py log_once [line:28] INFO mean_val_accuracy             0.2382
2024-09-21 00:24:50,796 simple_logger.py log_once [line:28] INFO std_val_accuracy              0.2735
2024-09-21 00:24:50,796 simple_logger.py log_once [line:28] INFO val_loss                      2.0141
2024-09-21 00:24:50,796 simple_logger.py log_once [line:28] INFO mean_val_loss                 2.0145
2024-09-21 00:24:50,796 simple_logger.py log_once [line:28] INFO std_val_loss                  0.2685
2024-09-21 00:24:50,796 fedbase.py run [line:305] INFO Eval Time Cost:               5.2048s
2024-09-21 00:27:00,926 fedbase.py run [line:300] INFO --------------Round 12--------------
2024-09-21 00:27:00,926 simple_logger.py log_once [line:14] INFO Current_time:12
2024-09-21 00:27:05,296 simple_logger.py log_once [line:28] INFO test_accuracy                 0.2375
2024-09-21 00:27:05,296 simple_logger.py log_once [line:28] INFO test_loss                     1.9811
2024-09-21 00:27:05,296 simple_logger.py log_once [line:28] INFO val_accuracy                  0.2411
2024-09-21 00:27:05,296 simple_logger.py log_once [line:28] INFO mean_val_accuracy             0.2405
2024-09-21 00:27:05,297 simple_logger.py log_once [line:28] INFO std_val_accuracy              0.2754
2024-09-21 00:27:05,297 simple_logger.py log_once [line:28] INFO val_loss                      1.9772
2024-09-21 00:27:05,297 simple_logger.py log_once [line:28] INFO mean_val_loss                 1.9777
2024-09-21 00:27:05,297 simple_logger.py log_once [line:28] INFO std_val_loss                  0.2875
2024-09-21 00:27:05,297 fedbase.py run [line:305] INFO Eval Time Cost:               4.3710s
2024-09-21 00:29:16,034 fedbase.py run [line:300] INFO --------------Round 13--------------
2024-09-21 00:29:16,035 simple_logger.py log_once [line:14] INFO Current_time:13
2024-09-21 00:29:21,195 simple_logger.py log_once [line:28] INFO test_accuracy                 0.2799
2024-09-21 00:29:21,195 simple_logger.py log_once [line:28] INFO test_loss                     1.9635
2024-09-21 00:29:21,195 simple_logger.py log_once [line:28] INFO val_accuracy                  0.2786
2024-09-21 00:29:21,195 simple_logger.py log_once [line:28] INFO mean_val_accuracy             0.2781
2024-09-21 00:29:21,195 simple_logger.py log_once [line:28] INFO std_val_accuracy              0.2442
2024-09-21 00:29:21,195 simple_logger.py log_once [line:28] INFO val_loss                      1.9614
2024-09-21 00:29:21,195 simple_logger.py log_once [line:28] INFO mean_val_loss                 1.9618
2024-09-21 00:29:21,196 simple_logger.py log_once [line:28] INFO std_val_loss                  0.2201
2024-09-21 00:29:21,196 fedbase.py run [line:305] INFO Eval Time Cost:               5.1607s
