2024-09-20 23:59:58,662 fflow.py init [line:788] INFO PROCESS ID:	3440369
2024-09-20 23:59:58,663 fflow.py init [line:789] INFO Initializing devices: cuda:1 will be used for this running.
2024-09-20 23:59:58,663 fflow.py init [line:792] INFO BENCHMARK:	flgo.benchmark.cifar10_classification
2024-09-20 23:59:58,663 fflow.py init [line:793] INFO TASK:			tasks/9.20/div05
2024-09-20 23:59:58,663 fflow.py init [line:794] INFO MODEL:		flgo.benchmark.cifar10_classification.model.cnn_data_aug
2024-09-20 23:59:58,663 fflow.py init [line:795] INFO ALGORITHM:	fedprox
2024-09-20 23:59:59,743 fflow.py init [line:841] INFO SCENE:		horizontal FL with 1 <class 'flgo.algorithm.fedprox.Server'>, 50 <class 'flgo.algorithm.fedprox.Client'>
2024-09-20 23:59:59,881 fflow.py init [line:858] INFO SIMULATOR:	<class 'flgo.simulator.default_simulator.Simulator'>
2024-09-20 23:59:59,882 fflow.py init [line:871] INFO Ready to start.
2024-09-20 23:59:59,882 fedbase.py run [line:289] INFO --------------Initial Evaluation--------------
2024-09-20 23:59:59,882 simple_logger.py log_once [line:14] INFO Current_time:0
2024-09-21 00:00:03,176 simple_logger.py log_once [line:28] INFO test_accuracy                 0.0933
2024-09-21 00:00:03,176 simple_logger.py log_once [line:28] INFO test_loss                     2.3026
2024-09-21 00:00:03,176 simple_logger.py log_once [line:28] INFO val_accuracy                  0.0930
2024-09-21 00:00:03,176 simple_logger.py log_once [line:28] INFO mean_val_accuracy             0.0930
2024-09-21 00:00:03,176 simple_logger.py log_once [line:28] INFO std_val_accuracy              0.0861
2024-09-21 00:00:03,176 simple_logger.py log_once [line:28] INFO val_loss                      2.3022
2024-09-21 00:00:03,176 simple_logger.py log_once [line:28] INFO mean_val_loss                 2.3022
2024-09-21 00:00:03,176 simple_logger.py log_once [line:28] INFO std_val_loss                  0.0120
2024-09-21 00:00:03,176 fedbase.py run [line:292] INFO Eval Time Cost:               3.2940s
2024-09-21 00:02:07,460 fedbase.py run [line:300] INFO --------------Round 1--------------
2024-09-21 00:02:07,474 simple_logger.py log_once [line:14] INFO Current_time:1
2024-09-21 00:02:11,998 simple_logger.py log_once [line:28] INFO test_accuracy                 0.1641
2024-09-21 00:02:11,998 simple_logger.py log_once [line:28] INFO test_loss                     2.2783
2024-09-21 00:02:11,998 simple_logger.py log_once [line:28] INFO val_accuracy                  0.1552
2024-09-21 00:02:11,998 simple_logger.py log_once [line:28] INFO mean_val_accuracy             0.1552
2024-09-21 00:02:11,999 simple_logger.py log_once [line:28] INFO std_val_accuracy              0.0548
2024-09-21 00:02:11,999 simple_logger.py log_once [line:28] INFO val_loss                      2.2786
2024-09-21 00:02:11,999 simple_logger.py log_once [line:28] INFO mean_val_loss                 2.2786
2024-09-21 00:02:11,999 simple_logger.py log_once [line:28] INFO std_val_loss                  0.0101
2024-09-21 00:02:11,999 fedbase.py run [line:305] INFO Eval Time Cost:               4.5246s
2024-09-21 00:04:25,745 fedbase.py run [line:300] INFO --------------Round 2--------------
2024-09-21 00:04:25,751 simple_logger.py log_once [line:14] INFO Current_time:2
2024-09-21 00:04:30,358 simple_logger.py log_once [line:28] INFO test_accuracy                 0.2301
2024-09-21 00:04:30,358 simple_logger.py log_once [line:28] INFO test_loss                     2.2100
2024-09-21 00:04:30,358 simple_logger.py log_once [line:28] INFO val_accuracy                  0.2266
2024-09-21 00:04:30,358 simple_logger.py log_once [line:28] INFO mean_val_accuracy             0.2266
2024-09-21 00:04:30,358 simple_logger.py log_once [line:28] INFO std_val_accuracy              0.0934
2024-09-21 00:04:30,358 simple_logger.py log_once [line:28] INFO val_loss                      2.2099
2024-09-21 00:04:30,358 simple_logger.py log_once [line:28] INFO mean_val_loss                 2.2099
2024-09-21 00:04:30,358 simple_logger.py log_once [line:28] INFO std_val_loss                  0.0274
2024-09-21 00:04:30,358 fedbase.py run [line:305] INFO Eval Time Cost:               4.6076s
2024-09-21 00:06:47,932 fedbase.py run [line:300] INFO --------------Round 3--------------
2024-09-21 00:06:47,932 simple_logger.py log_once [line:14] INFO Current_time:3
2024-09-21 00:06:52,338 simple_logger.py log_once [line:28] INFO test_accuracy                 0.2508
2024-09-21 00:06:52,339 simple_logger.py log_once [line:28] INFO test_loss                     2.1293
2024-09-21 00:06:52,339 simple_logger.py log_once [line:28] INFO val_accuracy                  0.2444
2024-09-21 00:06:52,339 simple_logger.py log_once [line:28] INFO mean_val_accuracy             0.2444
2024-09-21 00:06:52,339 simple_logger.py log_once [line:28] INFO std_val_accuracy              0.1047
2024-09-21 00:06:52,339 simple_logger.py log_once [line:28] INFO val_loss                      2.1281
2024-09-21 00:06:52,339 simple_logger.py log_once [line:28] INFO mean_val_loss                 2.1281
2024-09-21 00:06:52,339 simple_logger.py log_once [line:28] INFO std_val_loss                  0.0398
2024-09-21 00:06:52,339 fedbase.py run [line:305] INFO Eval Time Cost:               4.4072s
2024-09-21 00:09:04,715 fedbase.py run [line:300] INFO --------------Round 4--------------
2024-09-21 00:09:04,715 simple_logger.py log_once [line:14] INFO Current_time:4
2024-09-21 00:09:09,338 simple_logger.py log_once [line:28] INFO test_accuracy                 0.2847
2024-09-21 00:09:09,339 simple_logger.py log_once [line:28] INFO test_loss                     2.0592
2024-09-21 00:09:09,339 simple_logger.py log_once [line:28] INFO val_accuracy                  0.2770
2024-09-21 00:09:09,339 simple_logger.py log_once [line:28] INFO mean_val_accuracy             0.2770
2024-09-21 00:09:09,339 simple_logger.py log_once [line:28] INFO std_val_accuracy              0.0831
2024-09-21 00:09:09,339 simple_logger.py log_once [line:28] INFO val_loss                      2.0600
2024-09-21 00:09:09,339 simple_logger.py log_once [line:28] INFO mean_val_loss                 2.0600
2024-09-21 00:09:09,339 simple_logger.py log_once [line:28] INFO std_val_loss                  0.0510
2024-09-21 00:09:09,339 fedbase.py run [line:305] INFO Eval Time Cost:               4.6241s
2024-09-21 00:11:17,072 fedbase.py run [line:300] INFO --------------Round 5--------------
2024-09-21 00:11:17,072 simple_logger.py log_once [line:14] INFO Current_time:5
2024-09-21 00:11:22,673 simple_logger.py log_once [line:28] INFO test_accuracy                 0.3375
2024-09-21 00:11:22,673 simple_logger.py log_once [line:28] INFO test_loss                     1.9702
2024-09-21 00:11:22,673 simple_logger.py log_once [line:28] INFO val_accuracy                  0.3346
2024-09-21 00:11:22,673 simple_logger.py log_once [line:28] INFO mean_val_accuracy             0.3346
2024-09-21 00:11:22,673 simple_logger.py log_once [line:28] INFO std_val_accuracy              0.0631
2024-09-21 00:11:22,673 simple_logger.py log_once [line:28] INFO val_loss                      1.9713
2024-09-21 00:11:22,674 simple_logger.py log_once [line:28] INFO mean_val_loss                 1.9713
2024-09-21 00:11:22,674 simple_logger.py log_once [line:28] INFO std_val_loss                  0.0616
2024-09-21 00:11:22,674 fedbase.py run [line:305] INFO Eval Time Cost:               5.6020s
2024-09-21 00:13:30,084 fedbase.py run [line:300] INFO --------------Round 6--------------
2024-09-21 00:13:30,084 simple_logger.py log_once [line:14] INFO Current_time:6
2024-09-21 00:13:34,678 simple_logger.py log_once [line:28] INFO test_accuracy                 0.3563
2024-09-21 00:13:34,678 simple_logger.py log_once [line:28] INFO test_loss                     1.9172
2024-09-21 00:13:34,679 simple_logger.py log_once [line:28] INFO val_accuracy                  0.3532
2024-09-21 00:13:34,679 simple_logger.py log_once [line:28] INFO mean_val_accuracy             0.3532
2024-09-21 00:13:34,679 simple_logger.py log_once [line:28] INFO std_val_accuracy              0.0626
2024-09-21 00:13:34,679 simple_logger.py log_once [line:28] INFO val_loss                      1.9201
2024-09-21 00:13:34,679 simple_logger.py log_once [line:28] INFO mean_val_loss                 1.9201
2024-09-21 00:13:34,679 simple_logger.py log_once [line:28] INFO std_val_loss                  0.0535
2024-09-21 00:13:34,679 fedbase.py run [line:305] INFO Eval Time Cost:               4.5955s
2024-09-21 00:15:47,765 fedbase.py run [line:300] INFO --------------Round 7--------------
2024-09-21 00:15:47,765 simple_logger.py log_once [line:14] INFO Current_time:7
2024-09-21 00:15:53,099 simple_logger.py log_once [line:28] INFO test_accuracy                 0.3677
2024-09-21 00:15:53,099 simple_logger.py log_once [line:28] INFO test_loss                     1.8816
2024-09-21 00:15:53,099 simple_logger.py log_once [line:28] INFO val_accuracy                  0.3652
2024-09-21 00:15:53,100 simple_logger.py log_once [line:28] INFO mean_val_accuracy             0.3652
2024-09-21 00:15:53,100 simple_logger.py log_once [line:28] INFO std_val_accuracy              0.0719
2024-09-21 00:15:53,100 simple_logger.py log_once [line:28] INFO val_loss                      1.8865
2024-09-21 00:15:53,100 simple_logger.py log_once [line:28] INFO mean_val_loss                 1.8865
2024-09-21 00:15:53,100 simple_logger.py log_once [line:28] INFO std_val_loss                  0.0647
2024-09-21 00:15:53,100 fedbase.py run [line:305] INFO Eval Time Cost:               5.3348s
