2024-09-20 23:59:37,320 fflow.py init [line:788] INFO PROCESS ID:	3440046
2024-09-20 23:59:37,320 fflow.py init [line:789] INFO Initializing devices: cuda:1 will be used for this running.
2024-09-20 23:59:37,320 fflow.py init [line:792] INFO BENCHMARK:	flgo.benchmark.cifar10_classification
2024-09-20 23:59:37,320 fflow.py init [line:793] INFO TASK:			tasks/9.20/iid
2024-09-20 23:59:37,320 fflow.py init [line:794] INFO MODEL:		flgo.benchmark.cifar10_classification.model.cnn_data_aug
2024-09-20 23:59:37,320 fflow.py init [line:795] INFO ALGORITHM:	fedprox
2024-09-20 23:59:38,327 fflow.py init [line:841] INFO SCENE:		horizontal FL with 1 <class 'flgo.algorithm.fedprox.Server'>, 50 <class 'flgo.algorithm.fedprox.Client'>
2024-09-20 23:59:38,397 fflow.py init [line:858] INFO SIMULATOR:	<class 'flgo.simulator.default_simulator.Simulator'>
2024-09-20 23:59:38,397 fflow.py init [line:871] INFO Ready to start.
2024-09-20 23:59:38,397 fedbase.py run [line:289] INFO --------------Initial Evaluation--------------
2024-09-20 23:59:38,398 simple_logger.py log_once [line:14] INFO Current_time:0
2024-09-20 23:59:40,598 simple_logger.py log_once [line:28] INFO test_accuracy                 0.0933
2024-09-20 23:59:40,598 simple_logger.py log_once [line:28] INFO test_loss                     2.3026
2024-09-20 23:59:40,598 simple_logger.py log_once [line:28] INFO val_accuracy                  0.0908
2024-09-20 23:59:40,598 simple_logger.py log_once [line:28] INFO mean_val_accuracy             0.0908
2024-09-20 23:59:40,598 simple_logger.py log_once [line:28] INFO std_val_accuracy              0.0256
2024-09-20 23:59:40,598 simple_logger.py log_once [line:28] INFO val_loss                      2.3027
2024-09-20 23:59:40,598 simple_logger.py log_once [line:28] INFO mean_val_loss                 2.3027
2024-09-20 23:59:40,599 simple_logger.py log_once [line:28] INFO std_val_loss                  0.0040
2024-09-20 23:59:40,599 fedbase.py run [line:292] INFO Eval Time Cost:               2.2011s
2024-09-21 00:01:35,913 fedbase.py run [line:300] INFO --------------Round 1--------------
2024-09-21 00:01:35,915 simple_logger.py log_once [line:14] INFO Current_time:1
2024-09-21 00:01:40,243 simple_logger.py log_once [line:28] INFO test_accuracy                 0.2655
2024-09-21 00:01:40,243 simple_logger.py log_once [line:28] INFO test_loss                     2.1061
2024-09-21 00:01:40,243 simple_logger.py log_once [line:28] INFO val_accuracy                  0.2472
2024-09-21 00:01:40,243 simple_logger.py log_once [line:28] INFO mean_val_accuracy             0.2472
2024-09-21 00:01:40,243 simple_logger.py log_once [line:28] INFO std_val_accuracy              0.0391
2024-09-21 00:01:40,243 simple_logger.py log_once [line:28] INFO val_loss                      2.1125
2024-09-21 00:01:40,243 simple_logger.py log_once [line:28] INFO mean_val_loss                 2.1125
2024-09-21 00:01:40,244 simple_logger.py log_once [line:28] INFO std_val_loss                  0.0270
2024-09-21 00:01:40,244 fedbase.py run [line:305] INFO Eval Time Cost:               4.3287s
2024-09-21 00:03:55,396 fedbase.py run [line:300] INFO --------------Round 2--------------
2024-09-21 00:03:55,396 simple_logger.py log_once [line:14] INFO Current_time:2
2024-09-21 00:04:00,399 simple_logger.py log_once [line:28] INFO test_accuracy                 0.2878
2024-09-21 00:04:00,399 simple_logger.py log_once [line:28] INFO test_loss                     2.0492
2024-09-21 00:04:00,399 simple_logger.py log_once [line:28] INFO val_accuracy                  0.2898
2024-09-21 00:04:00,400 simple_logger.py log_once [line:28] INFO mean_val_accuracy             0.2898
2024-09-21 00:04:00,400 simple_logger.py log_once [line:28] INFO std_val_accuracy              0.0448
2024-09-21 00:04:00,400 simple_logger.py log_once [line:28] INFO val_loss                      2.0572
2024-09-21 00:04:00,400 simple_logger.py log_once [line:28] INFO mean_val_loss                 2.0572
2024-09-21 00:04:00,400 simple_logger.py log_once [line:28] INFO std_val_loss                  0.0289
2024-09-21 00:04:00,400 fedbase.py run [line:305] INFO Eval Time Cost:               5.0042s
2024-09-21 00:06:11,103 fedbase.py run [line:300] INFO --------------Round 3--------------
2024-09-21 00:06:11,103 simple_logger.py log_once [line:14] INFO Current_time:3
2024-09-21 00:06:15,766 simple_logger.py log_once [line:28] INFO test_accuracy                 0.3219
2024-09-21 00:06:15,766 simple_logger.py log_once [line:28] INFO test_loss                     1.9839
2024-09-21 00:06:15,766 simple_logger.py log_once [line:28] INFO val_accuracy                  0.3228
2024-09-21 00:06:15,766 simple_logger.py log_once [line:28] INFO mean_val_accuracy             0.3228
2024-09-21 00:06:15,766 simple_logger.py log_once [line:28] INFO std_val_accuracy              0.0387
2024-09-21 00:06:15,766 simple_logger.py log_once [line:28] INFO val_loss                      1.9926
2024-09-21 00:06:15,766 simple_logger.py log_once [line:28] INFO mean_val_loss                 1.9926
2024-09-21 00:06:15,766 simple_logger.py log_once [line:28] INFO std_val_loss                  0.0293
2024-09-21 00:06:15,766 fedbase.py run [line:305] INFO Eval Time Cost:               4.6632s
2024-09-21 00:08:31,924 fedbase.py run [line:300] INFO --------------Round 4--------------
2024-09-21 00:08:31,927 simple_logger.py log_once [line:14] INFO Current_time:4
2024-09-21 00:08:37,057 simple_logger.py log_once [line:28] INFO test_accuracy                 0.3555
2024-09-21 00:08:37,057 simple_logger.py log_once [line:28] INFO test_loss                     1.8537
2024-09-21 00:08:37,058 simple_logger.py log_once [line:28] INFO val_accuracy                  0.3586
2024-09-21 00:08:37,058 simple_logger.py log_once [line:28] INFO mean_val_accuracy             0.3586
2024-09-21 00:08:37,058 simple_logger.py log_once [line:28] INFO std_val_accuracy              0.0414
2024-09-21 00:08:37,058 simple_logger.py log_once [line:28] INFO val_loss                      1.8648
2024-09-21 00:08:37,058 simple_logger.py log_once [line:28] INFO mean_val_loss                 1.8648
2024-09-21 00:08:37,058 simple_logger.py log_once [line:28] INFO std_val_loss                  0.0420
2024-09-21 00:08:37,058 fedbase.py run [line:305] INFO Eval Time Cost:               5.1317s
2024-09-21 00:10:49,418 fedbase.py run [line:300] INFO --------------Round 5--------------
2024-09-21 00:10:49,420 simple_logger.py log_once [line:14] INFO Current_time:5
2024-09-21 00:10:54,039 simple_logger.py log_once [line:28] INFO test_accuracy                 0.3815
2024-09-21 00:10:54,039 simple_logger.py log_once [line:28] INFO test_loss                     1.7679
2024-09-21 00:10:54,040 simple_logger.py log_once [line:28] INFO val_accuracy                  0.3800
2024-09-21 00:10:54,040 simple_logger.py log_once [line:28] INFO mean_val_accuracy             0.3800
2024-09-21 00:10:54,040 simple_logger.py log_once [line:28] INFO std_val_accuracy              0.0499
2024-09-21 00:10:54,040 simple_logger.py log_once [line:28] INFO val_loss                      1.7819
2024-09-21 00:10:54,040 simple_logger.py log_once [line:28] INFO mean_val_loss                 1.7819
2024-09-21 00:10:54,040 simple_logger.py log_once [line:28] INFO std_val_loss                  0.0513
2024-09-21 00:10:54,040 fedbase.py run [line:305] INFO Eval Time Cost:               4.6200s
2024-09-21 00:13:05,765 fedbase.py run [line:300] INFO --------------Round 6--------------
2024-09-21 00:13:05,766 simple_logger.py log_once [line:14] INFO Current_time:6
2024-09-21 00:13:10,161 simple_logger.py log_once [line:28] INFO test_accuracy                 0.4017
2024-09-21 00:13:10,161 simple_logger.py log_once [line:28] INFO test_loss                     1.7117
2024-09-21 00:13:10,162 simple_logger.py log_once [line:28] INFO val_accuracy                  0.4074
2024-09-21 00:13:10,162 simple_logger.py log_once [line:28] INFO mean_val_accuracy             0.4074
2024-09-21 00:13:10,162 simple_logger.py log_once [line:28] INFO std_val_accuracy              0.0524
2024-09-21 00:13:10,162 simple_logger.py log_once [line:28] INFO val_loss                      1.7246
2024-09-21 00:13:10,162 simple_logger.py log_once [line:28] INFO mean_val_loss                 1.7246
2024-09-21 00:13:10,162 simple_logger.py log_once [line:28] INFO std_val_loss                  0.0525
2024-09-21 00:13:10,162 fedbase.py run [line:305] INFO Eval Time Cost:               4.3965s
2024-09-21 00:15:26,920 fedbase.py run [line:300] INFO --------------Round 7--------------
2024-09-21 00:15:26,934 simple_logger.py log_once [line:14] INFO Current_time:7
2024-09-21 00:15:31,694 simple_logger.py log_once [line:28] INFO test_accuracy                 0.4012
2024-09-21 00:15:31,694 simple_logger.py log_once [line:28] INFO test_loss                     1.7118
2024-09-21 00:15:31,694 simple_logger.py log_once [line:28] INFO val_accuracy                  0.3942
2024-09-21 00:15:31,695 simple_logger.py log_once [line:28] INFO mean_val_accuracy             0.3942
2024-09-21 00:15:31,695 simple_logger.py log_once [line:28] INFO std_val_accuracy              0.0501
2024-09-21 00:15:31,695 simple_logger.py log_once [line:28] INFO val_loss                      1.7302
2024-09-21 00:15:31,695 simple_logger.py log_once [line:28] INFO mean_val_loss                 1.7302
2024-09-21 00:15:31,695 simple_logger.py log_once [line:28] INFO std_val_loss                  0.0586
2024-09-21 00:15:31,695 fedbase.py run [line:305] INFO Eval Time Cost:               4.7610s
2024-09-21 00:17:42,756 fedbase.py run [line:300] INFO --------------Round 8--------------
2024-09-21 00:17:42,756 simple_logger.py log_once [line:14] INFO Current_time:8
2024-09-21 00:17:47,310 simple_logger.py log_once [line:28] INFO test_accuracy                 0.4357
2024-09-21 00:17:47,310 simple_logger.py log_once [line:28] INFO test_loss                     1.5880
2024-09-21 00:17:47,310 simple_logger.py log_once [line:28] INFO val_accuracy                  0.4366
2024-09-21 00:17:47,310 simple_logger.py log_once [line:28] INFO mean_val_accuracy             0.4366
2024-09-21 00:17:47,310 simple_logger.py log_once [line:28] INFO std_val_accuracy              0.0503
2024-09-21 00:17:47,310 simple_logger.py log_once [line:28] INFO val_loss                      1.6022
2024-09-21 00:17:47,311 simple_logger.py log_once [line:28] INFO mean_val_loss                 1.6022
2024-09-21 00:17:47,311 simple_logger.py log_once [line:28] INFO std_val_loss                  0.0620
2024-09-21 00:17:47,311 fedbase.py run [line:305] INFO Eval Time Cost:               4.5551s
2024-09-21 00:20:01,971 fedbase.py run [line:300] INFO --------------Round 9--------------
2024-09-21 00:20:01,976 simple_logger.py log_once [line:14] INFO Current_time:9
2024-09-21 00:20:06,157 simple_logger.py log_once [line:28] INFO test_accuracy                 0.4396
2024-09-21 00:20:06,157 simple_logger.py log_once [line:28] INFO test_loss                     1.5853
2024-09-21 00:20:06,165 simple_logger.py log_once [line:28] INFO val_accuracy                  0.4436
2024-09-21 00:20:06,165 simple_logger.py log_once [line:28] INFO mean_val_accuracy             0.4436
2024-09-21 00:20:06,165 simple_logger.py log_once [line:28] INFO std_val_accuracy              0.0450
2024-09-21 00:20:06,165 simple_logger.py log_once [line:28] INFO val_loss                      1.5998
2024-09-21 00:20:06,165 simple_logger.py log_once [line:28] INFO mean_val_loss                 1.5998
2024-09-21 00:20:06,165 simple_logger.py log_once [line:28] INFO std_val_loss                  0.0621
2024-09-21 00:20:06,165 fedbase.py run [line:305] INFO Eval Time Cost:               4.1892s
2024-09-21 00:22:19,909 fedbase.py run [line:300] INFO --------------Round 10--------------
2024-09-21 00:22:19,910 simple_logger.py log_once [line:14] INFO Current_time:10
2024-09-21 00:22:24,814 simple_logger.py log_once [line:28] INFO test_accuracy                 0.4555
2024-09-21 00:22:24,814 simple_logger.py log_once [line:28] INFO test_loss                     1.5295
2024-09-21 00:22:24,814 simple_logger.py log_once [line:28] INFO val_accuracy                  0.4522
2024-09-21 00:22:24,814 simple_logger.py log_once [line:28] INFO mean_val_accuracy             0.4522
2024-09-21 00:22:24,815 simple_logger.py log_once [line:28] INFO std_val_accuracy              0.0575
2024-09-21 00:22:24,815 simple_logger.py log_once [line:28] INFO val_loss                      1.5440
2024-09-21 00:22:24,815 simple_logger.py log_once [line:28] INFO mean_val_loss                 1.5440
2024-09-21 00:22:24,815 simple_logger.py log_once [line:28] INFO std_val_loss                  0.0657
2024-09-21 00:22:24,815 fedbase.py run [line:305] INFO Eval Time Cost:               4.9056s
2024-09-21 00:24:36,692 fedbase.py run [line:300] INFO --------------Round 11--------------
2024-09-21 00:24:36,693 simple_logger.py log_once [line:14] INFO Current_time:11
2024-09-21 00:24:41,082 simple_logger.py log_once [line:28] INFO test_accuracy                 0.4666
2024-09-21 00:24:41,082 simple_logger.py log_once [line:28] INFO test_loss                     1.5082
2024-09-21 00:24:41,082 simple_logger.py log_once [line:28] INFO val_accuracy                  0.4676
2024-09-21 00:24:41,082 simple_logger.py log_once [line:28] INFO mean_val_accuracy             0.4676
2024-09-21 00:24:41,082 simple_logger.py log_once [line:28] INFO std_val_accuracy              0.0539
2024-09-21 00:24:41,082 simple_logger.py log_once [line:28] INFO val_loss                      1.5204
2024-09-21 00:24:41,083 simple_logger.py log_once [line:28] INFO mean_val_loss                 1.5204
2024-09-21 00:24:41,083 simple_logger.py log_once [line:28] INFO std_val_loss                  0.0644
2024-09-21 00:24:41,083 fedbase.py run [line:305] INFO Eval Time Cost:               4.3903s
2024-09-21 00:26:55,684 fedbase.py run [line:300] INFO --------------Round 12--------------
2024-09-21 00:26:55,684 simple_logger.py log_once [line:14] INFO Current_time:12
2024-09-21 00:27:01,203 simple_logger.py log_once [line:28] INFO test_accuracy                 0.4767
2024-09-21 00:27:01,203 simple_logger.py log_once [line:28] INFO test_loss                     1.4838
2024-09-21 00:27:01,203 simple_logger.py log_once [line:28] INFO val_accuracy                  0.4790
2024-09-21 00:27:01,203 simple_logger.py log_once [line:28] INFO mean_val_accuracy             0.4790
2024-09-21 00:27:01,203 simple_logger.py log_once [line:28] INFO std_val_accuracy              0.0540
2024-09-21 00:27:01,203 simple_logger.py log_once [line:28] INFO val_loss                      1.4974
2024-09-21 00:27:01,203 simple_logger.py log_once [line:28] INFO mean_val_loss                 1.4974
2024-09-21 00:27:01,203 simple_logger.py log_once [line:28] INFO std_val_loss                  0.0654
2024-09-21 00:27:01,203 fedbase.py run [line:305] INFO Eval Time Cost:               5.5191s
2024-09-21 00:29:13,349 fedbase.py run [line:300] INFO --------------Round 13--------------
2024-09-21 00:29:13,350 simple_logger.py log_once [line:14] INFO Current_time:13
2024-09-21 00:29:18,404 simple_logger.py log_once [line:28] INFO test_accuracy                 0.4865
2024-09-21 00:29:18,404 simple_logger.py log_once [line:28] INFO test_loss                     1.4524
2024-09-21 00:29:18,405 simple_logger.py log_once [line:28] INFO val_accuracy                  0.4922
2024-09-21 00:29:18,405 simple_logger.py log_once [line:28] INFO mean_val_accuracy             0.4922
2024-09-21 00:29:18,405 simple_logger.py log_once [line:28] INFO std_val_accuracy              0.0520
2024-09-21 00:29:18,405 simple_logger.py log_once [line:28] INFO val_loss                      1.4664
2024-09-21 00:29:18,405 simple_logger.py log_once [line:28] INFO mean_val_loss                 1.4664
2024-09-21 00:29:18,405 simple_logger.py log_once [line:28] INFO std_val_loss                  0.0669
2024-09-21 00:29:18,405 fedbase.py run [line:305] INFO Eval Time Cost:               5.0559s
