2024-09-20 23:59:37,316 fflow.py init [line:788] INFO PROCESS ID:	3440045
2024-09-20 23:59:37,316 fflow.py init [line:789] INFO Initializing devices: cuda:0 will be used for this running.
2024-09-20 23:59:37,316 fflow.py init [line:792] INFO BENCHMARK:	flgo.benchmark.cifar10_classification
2024-09-20 23:59:37,316 fflow.py init [line:793] INFO TASK:			tasks/9.20/iid
2024-09-20 23:59:37,316 fflow.py init [line:794] INFO MODEL:		flgo.benchmark.cifar10_classification.model.cnn_data_aug
2024-09-20 23:59:37,316 fflow.py init [line:795] INFO ALGORITHM:	fedavg
2024-09-20 23:59:38,327 fflow.py init [line:841] INFO SCENE:		horizontal FL with 1 <class 'flgo.algorithm.fedbase.BasicServer'>, 50 <class 'flgo.algorithm.fedbase.BasicClient'>
2024-09-20 23:59:38,397 fflow.py init [line:858] INFO SIMULATOR:	<class 'flgo.simulator.default_simulator.Simulator'>
2024-09-20 23:59:38,398 fflow.py init [line:871] INFO Ready to start.
2024-09-20 23:59:38,398 fedbase.py run [line:289] INFO --------------Initial Evaluation--------------
2024-09-20 23:59:38,398 simple_logger.py log_once [line:14] INFO Current_time:0
2024-09-20 23:59:40,601 simple_logger.py log_once [line:28] INFO test_accuracy                 0.0933
2024-09-20 23:59:40,601 simple_logger.py log_once [line:28] INFO test_loss                     2.3026
2024-09-20 23:59:40,602 simple_logger.py log_once [line:28] INFO val_accuracy                  0.0908
2024-09-20 23:59:40,602 simple_logger.py log_once [line:28] INFO mean_val_accuracy             0.0908
2024-09-20 23:59:40,602 simple_logger.py log_once [line:28] INFO std_val_accuracy              0.0256
2024-09-20 23:59:40,602 simple_logger.py log_once [line:28] INFO val_loss                      2.3027
2024-09-20 23:59:40,602 simple_logger.py log_once [line:28] INFO mean_val_loss                 2.3027
2024-09-20 23:59:40,602 simple_logger.py log_once [line:28] INFO std_val_loss                  0.0040
2024-09-20 23:59:40,602 fedbase.py run [line:292] INFO Eval Time Cost:               2.2044s
2024-09-21 00:01:28,538 fedbase.py run [line:300] INFO --------------Round 1--------------
2024-09-21 00:01:28,546 simple_logger.py log_once [line:14] INFO Current_time:1
2024-09-21 00:01:34,431 simple_logger.py log_once [line:28] INFO test_accuracy                 0.2780
2024-09-21 00:01:34,431 simple_logger.py log_once [line:28] INFO test_loss                     2.0948
2024-09-21 00:01:34,431 simple_logger.py log_once [line:28] INFO val_accuracy                  0.2648
2024-09-21 00:01:34,431 simple_logger.py log_once [line:28] INFO mean_val_accuracy             0.2648
2024-09-21 00:01:34,431 simple_logger.py log_once [line:28] INFO std_val_accuracy              0.0418
2024-09-21 00:01:34,431 simple_logger.py log_once [line:28] INFO val_loss                      2.1014
2024-09-21 00:01:34,431 simple_logger.py log_once [line:28] INFO mean_val_loss                 2.1014
2024-09-21 00:01:34,431 simple_logger.py log_once [line:28] INFO std_val_loss                  0.0272
2024-09-21 00:01:34,432 fedbase.py run [line:305] INFO Eval Time Cost:               5.8851s
2024-09-21 00:03:41,615 fedbase.py run [line:300] INFO --------------Round 2--------------
2024-09-21 00:03:41,616 simple_logger.py log_once [line:14] INFO Current_time:2
2024-09-21 00:03:46,951 simple_logger.py log_once [line:28] INFO test_accuracy                 0.3108
2024-09-21 00:03:46,968 simple_logger.py log_once [line:28] INFO test_loss                     2.0314
2024-09-21 00:03:46,968 simple_logger.py log_once [line:28] INFO val_accuracy                  0.3150
2024-09-21 00:03:46,968 simple_logger.py log_once [line:28] INFO mean_val_accuracy             0.3150
2024-09-21 00:03:46,968 simple_logger.py log_once [line:28] INFO std_val_accuracy              0.0458
2024-09-21 00:03:46,968 simple_logger.py log_once [line:28] INFO val_loss                      2.0369
2024-09-21 00:03:46,968 simple_logger.py log_once [line:28] INFO mean_val_loss                 2.0369
2024-09-21 00:03:46,968 simple_logger.py log_once [line:28] INFO std_val_loss                  0.0226
2024-09-21 00:03:46,968 fedbase.py run [line:305] INFO Eval Time Cost:               5.3526s
2024-09-21 00:05:54,869 fedbase.py run [line:300] INFO --------------Round 3--------------
2024-09-21 00:05:54,870 simple_logger.py log_once [line:14] INFO Current_time:3
2024-09-21 00:05:59,915 simple_logger.py log_once [line:28] INFO test_accuracy                 0.3548
2024-09-21 00:05:59,915 simple_logger.py log_once [line:28] INFO test_loss                     1.8654
2024-09-21 00:05:59,915 simple_logger.py log_once [line:28] INFO val_accuracy                  0.3532
2024-09-21 00:05:59,915 simple_logger.py log_once [line:28] INFO mean_val_accuracy             0.3532
2024-09-21 00:05:59,915 simple_logger.py log_once [line:28] INFO std_val_accuracy              0.0447
2024-09-21 00:05:59,915 simple_logger.py log_once [line:28] INFO val_loss                      1.8775
2024-09-21 00:05:59,915 simple_logger.py log_once [line:28] INFO mean_val_loss                 1.8775
2024-09-21 00:05:59,915 simple_logger.py log_once [line:28] INFO std_val_loss                  0.0412
2024-09-21 00:05:59,915 fedbase.py run [line:305] INFO Eval Time Cost:               5.0457s
2024-09-21 00:08:04,525 fedbase.py run [line:300] INFO --------------Round 4--------------
2024-09-21 00:08:04,525 simple_logger.py log_once [line:14] INFO Current_time:4
2024-09-21 00:08:08,273 simple_logger.py log_once [line:28] INFO test_accuracy                 0.3348
2024-09-21 00:08:08,273 simple_logger.py log_once [line:28] INFO test_loss                     1.9139
2024-09-21 00:08:08,274 simple_logger.py log_once [line:28] INFO val_accuracy                  0.3186
2024-09-21 00:08:08,274 simple_logger.py log_once [line:28] INFO mean_val_accuracy             0.3186
2024-09-21 00:08:08,274 simple_logger.py log_once [line:28] INFO std_val_accuracy              0.0479
2024-09-21 00:08:08,274 simple_logger.py log_once [line:28] INFO val_loss                      1.9291
2024-09-21 00:08:08,274 simple_logger.py log_once [line:28] INFO mean_val_loss                 1.9291
2024-09-21 00:08:08,274 simple_logger.py log_once [line:28] INFO std_val_loss                  0.0430
2024-09-21 00:08:08,274 fedbase.py run [line:305] INFO Eval Time Cost:               3.7493s
2024-09-21 00:10:14,870 fedbase.py run [line:300] INFO --------------Round 5--------------
2024-09-21 00:10:14,871 simple_logger.py log_once [line:14] INFO Current_time:5
2024-09-21 00:10:19,692 simple_logger.py log_once [line:28] INFO test_accuracy                 0.3637
2024-09-21 00:10:19,692 simple_logger.py log_once [line:28] INFO test_loss                     1.8542
2024-09-21 00:10:19,692 simple_logger.py log_once [line:28] INFO val_accuracy                  0.3704
2024-09-21 00:10:19,693 simple_logger.py log_once [line:28] INFO mean_val_accuracy             0.3704
2024-09-21 00:10:19,693 simple_logger.py log_once [line:28] INFO std_val_accuracy              0.0559
2024-09-21 00:10:19,693 simple_logger.py log_once [line:28] INFO val_loss                      1.8575
2024-09-21 00:10:19,693 simple_logger.py log_once [line:28] INFO mean_val_loss                 1.8575
2024-09-21 00:10:19,693 simple_logger.py log_once [line:28] INFO std_val_loss                  0.0402
2024-09-21 00:10:19,693 fedbase.py run [line:305] INFO Eval Time Cost:               4.8226s
2024-09-21 00:12:28,739 fedbase.py run [line:300] INFO --------------Round 6--------------
2024-09-21 00:12:28,739 simple_logger.py log_once [line:14] INFO Current_time:6
2024-09-21 00:12:33,906 simple_logger.py log_once [line:28] INFO test_accuracy                 0.4244
2024-09-21 00:12:33,906 simple_logger.py log_once [line:28] INFO test_loss                     1.6683
2024-09-21 00:12:33,906 simple_logger.py log_once [line:28] INFO val_accuracy                  0.4216
2024-09-21 00:12:33,906 simple_logger.py log_once [line:28] INFO mean_val_accuracy             0.4216
2024-09-21 00:12:33,906 simple_logger.py log_once [line:28] INFO std_val_accuracy              0.0517
2024-09-21 00:12:33,906 simple_logger.py log_once [line:28] INFO val_loss                      1.6830
2024-09-21 00:12:33,906 simple_logger.py log_once [line:28] INFO mean_val_loss                 1.6830
2024-09-21 00:12:33,906 simple_logger.py log_once [line:28] INFO std_val_loss                  0.0565
2024-09-21 00:12:33,906 fedbase.py run [line:305] INFO Eval Time Cost:               5.1670s
2024-09-21 00:14:41,280 fedbase.py run [line:300] INFO --------------Round 7--------------
2024-09-21 00:14:41,281 simple_logger.py log_once [line:14] INFO Current_time:7
2024-09-21 00:14:46,132 simple_logger.py log_once [line:28] INFO test_accuracy                 0.4281
2024-09-21 00:14:46,132 simple_logger.py log_once [line:28] INFO test_loss                     1.6611
2024-09-21 00:14:46,132 simple_logger.py log_once [line:28] INFO val_accuracy                  0.4230
2024-09-21 00:14:46,132 simple_logger.py log_once [line:28] INFO mean_val_accuracy             0.4230
2024-09-21 00:14:46,133 simple_logger.py log_once [line:28] INFO std_val_accuracy              0.0587
2024-09-21 00:14:46,133 simple_logger.py log_once [line:28] INFO val_loss                      1.6740
2024-09-21 00:14:46,133 simple_logger.py log_once [line:28] INFO mean_val_loss                 1.6740
2024-09-21 00:14:46,133 simple_logger.py log_once [line:28] INFO std_val_loss                  0.0573
2024-09-21 00:14:46,133 fedbase.py run [line:305] INFO Eval Time Cost:               4.8527s
