2024-09-21 00:00:09,244 fflow.py init [line:788] INFO PROCESS ID:	3440586
2024-09-21 00:00:09,245 fflow.py init [line:789] INFO Initializing devices: cuda:1 will be used for this running.
2024-09-21 00:00:09,245 fflow.py init [line:792] INFO BENCHMARK:	flgo.benchmark.cifar10_classification
2024-09-21 00:00:09,245 fflow.py init [line:793] INFO TASK:			tasks/9.20/div09
2024-09-21 00:00:09,245 fflow.py init [line:794] INFO MODEL:		flgo.benchmark.cifar10_classification.model.cnn_data_aug
2024-09-21 00:00:09,245 fflow.py init [line:795] INFO ALGORITHM:	fedprox
2024-09-21 00:00:10,398 fflow.py init [line:841] INFO SCENE:		horizontal FL with 1 <class 'flgo.algorithm.fedprox.Server'>, 50 <class 'flgo.algorithm.fedprox.Client'>
2024-09-21 00:00:10,581 fflow.py init [line:858] INFO SIMULATOR:	<class 'flgo.simulator.default_simulator.Simulator'>
2024-09-21 00:00:10,582 fflow.py init [line:871] INFO Ready to start.
2024-09-21 00:00:10,582 fedbase.py run [line:289] INFO --------------Initial Evaluation--------------
2024-09-21 00:00:10,582 simple_logger.py log_once [line:14] INFO Current_time:0
2024-09-21 00:00:14,667 simple_logger.py log_once [line:28] INFO test_accuracy                 0.0933
2024-09-21 00:00:14,667 simple_logger.py log_once [line:28] INFO test_loss                     2.3026
2024-09-21 00:00:14,667 simple_logger.py log_once [line:28] INFO val_accuracy                  0.0849
2024-09-21 00:00:14,667 simple_logger.py log_once [line:28] INFO mean_val_accuracy             0.0849
2024-09-21 00:00:14,667 simple_logger.py log_once [line:28] INFO std_val_accuracy              0.0357
2024-09-21 00:00:14,667 simple_logger.py log_once [line:28] INFO val_loss                      2.3029
2024-09-21 00:00:14,667 simple_logger.py log_once [line:28] INFO mean_val_loss                 2.3029
2024-09-21 00:00:14,668 simple_logger.py log_once [line:28] INFO std_val_loss                  0.0053
2024-09-21 00:00:14,668 fedbase.py run [line:292] INFO Eval Time Cost:               4.0859s
2024-09-21 00:02:25,196 fedbase.py run [line:300] INFO --------------Round 1--------------
2024-09-21 00:02:25,204 simple_logger.py log_once [line:14] INFO Current_time:1
2024-09-21 00:02:29,880 simple_logger.py log_once [line:28] INFO test_accuracy                 0.2418
2024-09-21 00:02:29,881 simple_logger.py log_once [line:28] INFO test_loss                     2.1782
2024-09-21 00:02:29,881 simple_logger.py log_once [line:28] INFO val_accuracy                  0.2444
2024-09-21 00:02:29,881 simple_logger.py log_once [line:28] INFO mean_val_accuracy             0.2444
2024-09-21 00:02:29,881 simple_logger.py log_once [line:28] INFO std_val_accuracy              0.0509
2024-09-21 00:02:29,881 simple_logger.py log_once [line:28] INFO val_loss                      2.1739
2024-09-21 00:02:29,881 simple_logger.py log_once [line:28] INFO mean_val_loss                 2.1739
2024-09-21 00:02:29,881 simple_logger.py log_once [line:28] INFO std_val_loss                  0.0152
2024-09-21 00:02:29,881 fedbase.py run [line:305] INFO Eval Time Cost:               4.6772s
2024-09-21 00:04:39,820 fedbase.py run [line:300] INFO --------------Round 2--------------
2024-09-21 00:04:39,821 simple_logger.py log_once [line:14] INFO Current_time:2
2024-09-21 00:04:44,803 simple_logger.py log_once [line:28] INFO test_accuracy                 0.2670
2024-09-21 00:04:44,804 simple_logger.py log_once [line:28] INFO test_loss                     2.0434
2024-09-21 00:04:44,804 simple_logger.py log_once [line:28] INFO val_accuracy                  0.2609
2024-09-21 00:04:44,804 simple_logger.py log_once [line:28] INFO mean_val_accuracy             0.2609
2024-09-21 00:04:44,804 simple_logger.py log_once [line:28] INFO std_val_accuracy              0.0486
2024-09-21 00:04:44,804 simple_logger.py log_once [line:28] INFO val_loss                      2.0385
2024-09-21 00:04:44,804 simple_logger.py log_once [line:28] INFO mean_val_loss                 2.0384
2024-09-21 00:04:44,804 simple_logger.py log_once [line:28] INFO std_val_loss                  0.0334
2024-09-21 00:04:44,804 fedbase.py run [line:305] INFO Eval Time Cost:               4.9836s
2024-09-21 00:06:57,352 fedbase.py run [line:300] INFO --------------Round 3--------------
2024-09-21 00:06:57,353 simple_logger.py log_once [line:14] INFO Current_time:3
2024-09-21 00:07:02,813 simple_logger.py log_once [line:28] INFO test_accuracy                 0.3230
2024-09-21 00:07:02,813 simple_logger.py log_once [line:28] INFO test_loss                     1.9552
2024-09-21 00:07:02,814 simple_logger.py log_once [line:28] INFO val_accuracy                  0.3172
2024-09-21 00:07:02,814 simple_logger.py log_once [line:28] INFO mean_val_accuracy             0.3172
2024-09-21 00:07:02,814 simple_logger.py log_once [line:28] INFO std_val_accuracy              0.0579
2024-09-21 00:07:02,814 simple_logger.py log_once [line:28] INFO val_loss                      1.9511
2024-09-21 00:07:02,814 simple_logger.py log_once [line:28] INFO mean_val_loss                 1.9511
2024-09-21 00:07:02,814 simple_logger.py log_once [line:28] INFO std_val_loss                  0.0401
2024-09-21 00:07:02,814 fedbase.py run [line:305] INFO Eval Time Cost:               5.4617s
2024-09-21 00:09:18,221 fedbase.py run [line:300] INFO --------------Round 4--------------
2024-09-21 00:09:18,221 simple_logger.py log_once [line:14] INFO Current_time:4
2024-09-21 00:09:22,742 simple_logger.py log_once [line:28] INFO test_accuracy                 0.3474
2024-09-21 00:09:22,742 simple_logger.py log_once [line:28] INFO test_loss                     1.8639
2024-09-21 00:09:22,742 simple_logger.py log_once [line:28] INFO val_accuracy                  0.3348
2024-09-21 00:09:22,742 simple_logger.py log_once [line:28] INFO mean_val_accuracy             0.3348
2024-09-21 00:09:22,742 simple_logger.py log_once [line:28] INFO std_val_accuracy              0.0555
2024-09-21 00:09:22,742 simple_logger.py log_once [line:28] INFO val_loss                      1.8623
2024-09-21 00:09:22,742 simple_logger.py log_once [line:28] INFO mean_val_loss                 1.8622
2024-09-21 00:09:22,742 simple_logger.py log_once [line:28] INFO std_val_loss                  0.0543
2024-09-21 00:09:22,743 fedbase.py run [line:305] INFO Eval Time Cost:               4.5213s
2024-09-21 00:11:37,425 fedbase.py run [line:300] INFO --------------Round 5--------------
2024-09-21 00:11:37,425 simple_logger.py log_once [line:14] INFO Current_time:5
2024-09-21 00:11:43,114 simple_logger.py log_once [line:28] INFO test_accuracy                 0.3724
2024-09-21 00:11:43,114 simple_logger.py log_once [line:28] INFO test_loss                     1.7809
2024-09-21 00:11:43,114 simple_logger.py log_once [line:28] INFO val_accuracy                  0.3707
2024-09-21 00:11:43,114 simple_logger.py log_once [line:28] INFO mean_val_accuracy             0.3707
2024-09-21 00:11:43,115 simple_logger.py log_once [line:28] INFO std_val_accuracy              0.0527
2024-09-21 00:11:43,117 simple_logger.py log_once [line:28] INFO val_loss                      1.7788
2024-09-21 00:11:43,117 simple_logger.py log_once [line:28] INFO mean_val_loss                 1.7788
2024-09-21 00:11:43,117 simple_logger.py log_once [line:28] INFO std_val_loss                  0.0595
2024-09-21 00:11:43,118 fedbase.py run [line:305] INFO Eval Time Cost:               5.6921s
2024-09-21 00:13:54,705 fedbase.py run [line:300] INFO --------------Round 6--------------
2024-09-21 00:13:54,706 simple_logger.py log_once [line:14] INFO Current_time:6
2024-09-21 00:13:59,849 simple_logger.py log_once [line:28] INFO test_accuracy                 0.4018
2024-09-21 00:13:59,849 simple_logger.py log_once [line:28] INFO test_loss                     1.7837
2024-09-21 00:13:59,849 simple_logger.py log_once [line:28] INFO val_accuracy                  0.3975
2024-09-21 00:13:59,850 simple_logger.py log_once [line:28] INFO mean_val_accuracy             0.3975
2024-09-21 00:13:59,850 simple_logger.py log_once [line:28] INFO std_val_accuracy              0.0469
2024-09-21 00:13:59,850 simple_logger.py log_once [line:28] INFO val_loss                      1.7815
2024-09-21 00:13:59,850 simple_logger.py log_once [line:28] INFO mean_val_loss                 1.7814
2024-09-21 00:13:59,850 simple_logger.py log_once [line:28] INFO std_val_loss                  0.0475
2024-09-21 00:13:59,850 fedbase.py run [line:305] INFO Eval Time Cost:               5.1446s
