2024-09-21 00:00:09,233 fflow.py init [line:788] INFO PROCESS ID:	3440585
2024-09-21 00:00:09,233 fflow.py init [line:789] INFO Initializing devices: cuda:0 will be used for this running.
2024-09-21 00:00:09,233 fflow.py init [line:792] INFO BENCHMARK:	flgo.benchmark.cifar10_classification
2024-09-21 00:00:09,234 fflow.py init [line:793] INFO TASK:			tasks/9.20/div09
2024-09-21 00:00:09,234 fflow.py init [line:794] INFO MODEL:		flgo.benchmark.cifar10_classification.model.cnn_data_aug
2024-09-21 00:00:09,234 fflow.py init [line:795] INFO ALGORITHM:	fedavg
2024-09-21 00:00:10,366 fflow.py init [line:841] INFO SCENE:		horizontal FL with 1 <class 'flgo.algorithm.fedbase.BasicServer'>, 50 <class 'flgo.algorithm.fedbase.BasicClient'>
2024-09-21 00:00:10,567 fflow.py init [line:858] INFO SIMULATOR:	<class 'flgo.simulator.default_simulator.Simulator'>
2024-09-21 00:00:10,568 fflow.py init [line:871] INFO Ready to start.
2024-09-21 00:00:10,568 fedbase.py run [line:289] INFO --------------Initial Evaluation--------------
2024-09-21 00:00:10,568 simple_logger.py log_once [line:14] INFO Current_time:0
2024-09-21 00:00:14,822 simple_logger.py log_once [line:28] INFO test_accuracy                 0.0933
2024-09-21 00:00:14,822 simple_logger.py log_once [line:28] INFO test_loss                     2.3026
2024-09-21 00:00:14,822 simple_logger.py log_once [line:28] INFO val_accuracy                  0.0849
2024-09-21 00:00:14,822 simple_logger.py log_once [line:28] INFO mean_val_accuracy             0.0849
2024-09-21 00:00:14,822 simple_logger.py log_once [line:28] INFO std_val_accuracy              0.0357
2024-09-21 00:00:14,822 simple_logger.py log_once [line:28] INFO val_loss                      2.3029
2024-09-21 00:00:14,823 simple_logger.py log_once [line:28] INFO mean_val_loss                 2.3029
2024-09-21 00:00:14,823 simple_logger.py log_once [line:28] INFO std_val_loss                  0.0053
2024-09-21 00:00:14,823 fedbase.py run [line:292] INFO Eval Time Cost:               4.2546s
2024-09-21 00:02:20,796 fedbase.py run [line:300] INFO --------------Round 1--------------
2024-09-21 00:02:20,805 simple_logger.py log_once [line:14] INFO Current_time:1
2024-09-21 00:02:26,562 simple_logger.py log_once [line:28] INFO test_accuracy                 0.2433
2024-09-21 00:02:26,562 simple_logger.py log_once [line:28] INFO test_loss                     2.1812
2024-09-21 00:02:26,562 simple_logger.py log_once [line:28] INFO val_accuracy                  0.2458
2024-09-21 00:02:26,563 simple_logger.py log_once [line:28] INFO mean_val_accuracy             0.2458
2024-09-21 00:02:26,563 simple_logger.py log_once [line:28] INFO std_val_accuracy              0.0496
2024-09-21 00:02:26,563 simple_logger.py log_once [line:28] INFO val_loss                      2.1768
2024-09-21 00:02:26,563 simple_logger.py log_once [line:28] INFO mean_val_loss                 2.1768
2024-09-21 00:02:26,563 simple_logger.py log_once [line:28] INFO std_val_loss                  0.0153
2024-09-21 00:02:26,563 fedbase.py run [line:305] INFO Eval Time Cost:               5.7586s
2024-09-21 00:04:33,285 fedbase.py run [line:300] INFO --------------Round 2--------------
2024-09-21 00:04:33,285 simple_logger.py log_once [line:14] INFO Current_time:2
2024-09-21 00:04:37,403 simple_logger.py log_once [line:28] INFO test_accuracy                 0.3223
2024-09-21 00:04:37,404 simple_logger.py log_once [line:28] INFO test_loss                     1.9992
2024-09-21 00:04:37,404 simple_logger.py log_once [line:28] INFO val_accuracy                  0.3037
2024-09-21 00:04:37,404 simple_logger.py log_once [line:28] INFO mean_val_accuracy             0.3037
2024-09-21 00:04:37,404 simple_logger.py log_once [line:28] INFO std_val_accuracy              0.0479
2024-09-21 00:04:37,404 simple_logger.py log_once [line:28] INFO val_loss                      1.9967
2024-09-21 00:04:37,405 simple_logger.py log_once [line:28] INFO mean_val_loss                 1.9967
2024-09-21 00:04:37,405 simple_logger.py log_once [line:28] INFO std_val_loss                  0.0370
2024-09-21 00:04:37,405 fedbase.py run [line:305] INFO Eval Time Cost:               4.1194s
2024-09-21 00:06:45,051 fedbase.py run [line:300] INFO --------------Round 3--------------
2024-09-21 00:06:45,052 simple_logger.py log_once [line:14] INFO Current_time:3
2024-09-21 00:06:50,300 simple_logger.py log_once [line:28] INFO test_accuracy                 0.3048
2024-09-21 00:06:50,300 simple_logger.py log_once [line:28] INFO test_loss                     1.9556
2024-09-21 00:06:50,300 simple_logger.py log_once [line:28] INFO val_accuracy                  0.2906
2024-09-21 00:06:50,300 simple_logger.py log_once [line:28] INFO mean_val_accuracy             0.2906
2024-09-21 00:06:50,300 simple_logger.py log_once [line:28] INFO std_val_accuracy              0.0462
2024-09-21 00:06:50,301 simple_logger.py log_once [line:28] INFO val_loss                      1.9518
2024-09-21 00:06:50,301 simple_logger.py log_once [line:28] INFO mean_val_loss                 1.9518
2024-09-21 00:06:50,301 simple_logger.py log_once [line:28] INFO std_val_loss                  0.0398
2024-09-21 00:06:50,301 fedbase.py run [line:305] INFO Eval Time Cost:               5.2492s
2024-09-21 00:09:01,046 fedbase.py run [line:300] INFO --------------Round 4--------------
2024-09-21 00:09:01,047 simple_logger.py log_once [line:14] INFO Current_time:4
2024-09-21 00:09:06,313 simple_logger.py log_once [line:28] INFO test_accuracy                 0.3768
2024-09-21 00:09:06,313 simple_logger.py log_once [line:28] INFO test_loss                     1.9144
2024-09-21 00:09:06,313 simple_logger.py log_once [line:28] INFO val_accuracy                  0.3697
2024-09-21 00:09:06,313 simple_logger.py log_once [line:28] INFO mean_val_accuracy             0.3697
2024-09-21 00:09:06,313 simple_logger.py log_once [line:28] INFO std_val_accuracy              0.0500
2024-09-21 00:09:06,313 simple_logger.py log_once [line:28] INFO val_loss                      1.9130
2024-09-21 00:09:06,314 simple_logger.py log_once [line:28] INFO mean_val_loss                 1.9130
2024-09-21 00:09:06,314 simple_logger.py log_once [line:28] INFO std_val_loss                  0.0386
2024-09-21 00:09:06,314 fedbase.py run [line:305] INFO Eval Time Cost:               5.2666s
2024-09-21 00:11:17,655 fedbase.py run [line:300] INFO --------------Round 5--------------
2024-09-21 00:11:17,656 simple_logger.py log_once [line:14] INFO Current_time:5
2024-09-21 00:11:22,780 simple_logger.py log_once [line:28] INFO test_accuracy                 0.3923
2024-09-21 00:11:22,781 simple_logger.py log_once [line:28] INFO test_loss                     1.7998
2024-09-21 00:11:22,781 simple_logger.py log_once [line:28] INFO val_accuracy                  0.4017
2024-09-21 00:11:22,781 simple_logger.py log_once [line:28] INFO mean_val_accuracy             0.4018
2024-09-21 00:11:22,781 simple_logger.py log_once [line:28] INFO std_val_accuracy              0.0535
2024-09-21 00:11:22,781 simple_logger.py log_once [line:28] INFO val_loss                      1.7954
2024-09-21 00:11:22,781 simple_logger.py log_once [line:28] INFO mean_val_loss                 1.7954
2024-09-21 00:11:22,781 simple_logger.py log_once [line:28] INFO std_val_loss                  0.0472
2024-09-21 00:11:22,781 fedbase.py run [line:305] INFO Eval Time Cost:               5.1257s
2024-09-21 00:13:35,970 fedbase.py run [line:300] INFO --------------Round 6--------------
2024-09-21 00:13:35,971 simple_logger.py log_once [line:14] INFO Current_time:6
2024-09-21 00:13:41,274 simple_logger.py log_once [line:28] INFO test_accuracy                 0.4200
2024-09-21 00:13:41,274 simple_logger.py log_once [line:28] INFO test_loss                     1.6683
2024-09-21 00:13:41,274 simple_logger.py log_once [line:28] INFO val_accuracy                  0.4185
2024-09-21 00:13:41,274 simple_logger.py log_once [line:28] INFO mean_val_accuracy             0.4185
2024-09-21 00:13:41,275 simple_logger.py log_once [line:28] INFO std_val_accuracy              0.0571
2024-09-21 00:13:41,275 simple_logger.py log_once [line:28] INFO val_loss                      1.6643
2024-09-21 00:13:41,275 simple_logger.py log_once [line:28] INFO mean_val_loss                 1.6642
2024-09-21 00:13:41,275 simple_logger.py log_once [line:28] INFO std_val_loss                  0.0581
2024-09-21 00:13:41,275 fedbase.py run [line:305] INFO Eval Time Cost:               5.3044s
2024-09-21 00:15:50,361 fedbase.py run [line:300] INFO --------------Round 7--------------
2024-09-21 00:15:50,362 simple_logger.py log_once [line:14] INFO Current_time:7
2024-09-21 00:15:54,545 simple_logger.py log_once [line:28] INFO test_accuracy                 0.4390
2024-09-21 00:15:54,546 simple_logger.py log_once [line:28] INFO test_loss                     1.6663
2024-09-21 00:15:54,546 simple_logger.py log_once [line:28] INFO val_accuracy                  0.4262
2024-09-21 00:15:54,546 simple_logger.py log_once [line:28] INFO mean_val_accuracy             0.4262
2024-09-21 00:15:54,546 simple_logger.py log_once [line:28] INFO std_val_accuracy              0.0471
2024-09-21 00:15:54,546 simple_logger.py log_once [line:28] INFO val_loss                      1.6636
2024-09-21 00:15:54,547 simple_logger.py log_once [line:28] INFO mean_val_loss                 1.6635
2024-09-21 00:15:54,547 simple_logger.py log_once [line:28] INFO std_val_loss                  0.0537
2024-09-21 00:15:54,547 fedbase.py run [line:305] INFO Eval Time Cost:               4.1852s
2024-09-21 00:17:55,746 fedbase.py run [line:300] INFO --------------Round 8--------------
2024-09-21 00:17:55,746 simple_logger.py log_once [line:14] INFO Current_time:8
2024-09-21 00:17:59,961 simple_logger.py log_once [line:28] INFO test_accuracy                 0.4506
2024-09-21 00:17:59,961 simple_logger.py log_once [line:28] INFO test_loss                     1.6016
2024-09-21 00:17:59,961 simple_logger.py log_once [line:28] INFO val_accuracy                  0.4431
2024-09-21 00:17:59,962 simple_logger.py log_once [line:28] INFO mean_val_accuracy             0.4431
2024-09-21 00:17:59,962 simple_logger.py log_once [line:28] INFO std_val_accuracy              0.0568
2024-09-21 00:17:59,962 simple_logger.py log_once [line:28] INFO val_loss                      1.5989
2024-09-21 00:17:59,962 simple_logger.py log_once [line:28] INFO mean_val_loss                 1.5989
2024-09-21 00:17:59,962 simple_logger.py log_once [line:28] INFO std_val_loss                  0.0625
2024-09-21 00:17:59,962 fedbase.py run [line:305] INFO Eval Time Cost:               4.2160s
2024-09-21 00:20:06,425 fedbase.py run [line:300] INFO --------------Round 9--------------
2024-09-21 00:20:06,427 simple_logger.py log_once [line:14] INFO Current_time:9
2024-09-21 00:20:11,279 simple_logger.py log_once [line:28] INFO test_accuracy                 0.4747
2024-09-21 00:20:11,279 simple_logger.py log_once [line:28] INFO test_loss                     1.4913
2024-09-21 00:20:11,279 simple_logger.py log_once [line:28] INFO val_accuracy                  0.4653
2024-09-21 00:20:11,279 simple_logger.py log_once [line:28] INFO mean_val_accuracy             0.4653
2024-09-21 00:20:11,279 simple_logger.py log_once [line:28] INFO std_val_accuracy              0.0534
2024-09-21 00:20:11,279 simple_logger.py log_once [line:28] INFO val_loss                      1.4901
2024-09-21 00:20:11,280 simple_logger.py log_once [line:28] INFO mean_val_loss                 1.4901
2024-09-21 00:20:11,280 simple_logger.py log_once [line:28] INFO std_val_loss                  0.0736
2024-09-21 00:20:11,280 fedbase.py run [line:305] INFO Eval Time Cost:               4.8533s
2024-09-21 00:22:17,901 fedbase.py run [line:300] INFO --------------Round 10--------------
2024-09-21 00:22:17,901 simple_logger.py log_once [line:14] INFO Current_time:10
2024-09-21 00:22:21,824 simple_logger.py log_once [line:28] INFO test_accuracy                 0.4789
2024-09-21 00:22:21,825 simple_logger.py log_once [line:28] INFO test_loss                     1.5119
2024-09-21 00:22:21,825 simple_logger.py log_once [line:28] INFO val_accuracy                  0.4689
2024-09-21 00:22:21,825 simple_logger.py log_once [line:28] INFO mean_val_accuracy             0.4689
2024-09-21 00:22:21,825 simple_logger.py log_once [line:28] INFO std_val_accuracy              0.0559
2024-09-21 00:22:21,825 simple_logger.py log_once [line:28] INFO val_loss                      1.5089
2024-09-21 00:22:21,826 simple_logger.py log_once [line:28] INFO mean_val_loss                 1.5089
2024-09-21 00:22:21,826 simple_logger.py log_once [line:28] INFO std_val_loss                  0.0658
2024-09-21 00:22:21,826 fedbase.py run [line:305] INFO Eval Time Cost:               3.9250s
2024-09-21 00:24:33,234 fedbase.py run [line:300] INFO --------------Round 11--------------
2024-09-21 00:24:33,234 simple_logger.py log_once [line:14] INFO Current_time:11
2024-09-21 00:24:38,590 simple_logger.py log_once [line:28] INFO test_accuracy                 0.4948
2024-09-21 00:24:38,590 simple_logger.py log_once [line:28] INFO test_loss                     1.4247
2024-09-21 00:24:38,590 simple_logger.py log_once [line:28] INFO val_accuracy                  0.4919
2024-09-21 00:24:38,590 simple_logger.py log_once [line:28] INFO mean_val_accuracy             0.4919
2024-09-21 00:24:38,590 simple_logger.py log_once [line:28] INFO std_val_accuracy              0.0541
2024-09-21 00:24:38,590 simple_logger.py log_once [line:28] INFO val_loss                      1.4201
2024-09-21 00:24:38,591 simple_logger.py log_once [line:28] INFO mean_val_loss                 1.4200
2024-09-21 00:24:38,591 simple_logger.py log_once [line:28] INFO std_val_loss                  0.0740
2024-09-21 00:24:38,591 fedbase.py run [line:305] INFO Eval Time Cost:               5.3567s
2024-09-21 00:26:46,847 fedbase.py run [line:300] INFO --------------Round 12--------------
2024-09-21 00:26:46,848 simple_logger.py log_once [line:14] INFO Current_time:12
2024-09-21 00:26:51,867 simple_logger.py log_once [line:28] INFO test_accuracy                 0.5110
2024-09-21 00:26:51,867 simple_logger.py log_once [line:28] INFO test_loss                     1.4234
2024-09-21 00:26:51,867 simple_logger.py log_once [line:28] INFO val_accuracy                  0.4962
2024-09-21 00:26:51,867 simple_logger.py log_once [line:28] INFO mean_val_accuracy             0.4961
2024-09-21 00:26:51,867 simple_logger.py log_once [line:28] INFO std_val_accuracy              0.0550
2024-09-21 00:26:51,868 simple_logger.py log_once [line:28] INFO val_loss                      1.4189
2024-09-21 00:26:51,868 simple_logger.py log_once [line:28] INFO mean_val_loss                 1.4188
2024-09-21 00:26:51,868 simple_logger.py log_once [line:28] INFO std_val_loss                  0.0700
2024-09-21 00:26:51,868 fedbase.py run [line:305] INFO Eval Time Cost:               5.0201s
2024-09-21 00:29:02,893 fedbase.py run [line:300] INFO --------------Round 13--------------
2024-09-21 00:29:02,894 simple_logger.py log_once [line:14] INFO Current_time:13
2024-09-21 00:29:07,531 simple_logger.py log_once [line:28] INFO test_accuracy                 0.5234
2024-09-21 00:29:07,531 simple_logger.py log_once [line:28] INFO test_loss                     1.3961
2024-09-21 00:29:07,531 simple_logger.py log_once [line:28] INFO val_accuracy                  0.5089
2024-09-21 00:29:07,531 simple_logger.py log_once [line:28] INFO mean_val_accuracy             0.5089
2024-09-21 00:29:07,531 simple_logger.py log_once [line:28] INFO std_val_accuracy              0.0622
2024-09-21 00:29:07,532 simple_logger.py log_once [line:28] INFO val_loss                      1.3934
2024-09-21 00:29:07,532 simple_logger.py log_once [line:28] INFO mean_val_loss                 1.3934
2024-09-21 00:29:07,533 simple_logger.py log_once [line:28] INFO std_val_loss                  0.0732
2024-09-21 00:29:07,533 fedbase.py run [line:305] INFO Eval Time Cost:               4.6392s
