2024-09-21 00:00:03,588 fflow.py init [line:788] INFO PROCESS ID:	3440482
2024-09-21 00:00:03,588 fflow.py init [line:789] INFO Initializing devices: cuda:0 will be used for this running.
2024-09-21 00:00:03,588 fflow.py init [line:792] INFO BENCHMARK:	flgo.benchmark.cifar10_classification
2024-09-21 00:00:03,588 fflow.py init [line:793] INFO TASK:			tasks/9.20/div09
2024-09-21 00:00:03,588 fflow.py init [line:794] INFO MODEL:		flgo.benchmark.cifar10_classification.model.cnn_data_aug
2024-09-21 00:00:03,589 fflow.py init [line:795] INFO ALGORITHM:	V1
2024-09-21 00:00:04,674 fflow.py init [line:841] INFO SCENE:		horizontal FL with 1 <class 'algorithms.v1.Server'>, 50 <class 'algorithms.v1.Client'>
2024-09-21 00:00:04,802 fflow.py init [line:858] INFO SIMULATOR:	<class 'flgo.simulator.default_simulator.Simulator'>
2024-09-21 00:00:04,803 v1.py initialize [line:22] INFO Initialization parameters: {'d': 50, 'committee_ratio': 0.3, 'K_min': 1, 'w1': 0.5, 'w2': 0.5, 'gamma': 0.1, 'momentum': 0.9, 'selected_round': 10}
2024-09-21 00:00:04,803 fflow.py init [line:871] INFO Ready to start.
2024-09-21 00:00:04,803 fedbase.py run [line:289] INFO --------------Initial Evaluation--------------
2024-09-21 00:00:04,803 simple_logger.py log_once [line:14] INFO Current_time:0
2024-09-21 00:00:08,280 simple_logger.py log_once [line:28] INFO test_accuracy                 0.0933
2024-09-21 00:00:08,280 simple_logger.py log_once [line:28] INFO test_loss                     2.3026
2024-09-21 00:00:08,280 simple_logger.py log_once [line:28] INFO val_accuracy                  0.0849
2024-09-21 00:00:08,280 simple_logger.py log_once [line:28] INFO mean_val_accuracy             0.0849
2024-09-21 00:00:08,281 simple_logger.py log_once [line:28] INFO std_val_accuracy              0.0357
2024-09-21 00:00:08,281 simple_logger.py log_once [line:28] INFO val_loss                      2.3029
2024-09-21 00:00:08,281 simple_logger.py log_once [line:28] INFO mean_val_loss                 2.3029
2024-09-21 00:00:08,281 simple_logger.py log_once [line:28] INFO std_val_loss                  0.0053
2024-09-21 00:00:08,281 fedbase.py run [line:292] INFO Eval Time Cost:               3.4782s
2024-09-21 00:00:08,281 v1.py iterate [line:69] INFO Round 1 started
2024-09-21 00:00:08,281 v1.py iterate [line:73] INFO Round 1: Current weights - w1: 0.5000, w2: 0.5000
2024-09-21 00:00:08,282 v1.py sample [line:45] INFO Round 1: Committee updated - [0, 1, 2, 3, 4, 5, 6, 7, 8, 9, 10, 11, 12, 13, 14]
2024-09-21 00:00:08,282 v1.py sample [line:59] INFO Round 1: Committee clients selected - [0, 1, 2, 3, 4, 5, 6, 7, 8, 9, 10, 11, 12, 13, 14]
2024-09-21 00:00:08,282 v1.py sample [line:61] INFO Round 1: Normal clients selected - [15, 16, 17, 18, 19, 20, 21, 22, 23, 24, 25, 26, 27, 28, 29, 30, 31, 32, 33, 34, 35, 36, 37, 38, 39, 40, 41, 42, 43, 44, 45, 46, 47, 48, 49]
2024-09-21 00:00:08,282 v1.py sample [line:63] INFO Round 1: All selected clients - [0, 1, 2, 3, 4, 5, 6, 7, 8, 9, 10, 11, 12, 13, 14, 15, 16, 17, 18, 19, 20, 21, 22, 23, 24, 25, 26, 27, 28, 29, 30, 31, 32, 33, 34, 35, 36, 37, 38, 39, 40, 41, 42, 43, 44, 45, 46, 47, 48, 49]
2024-09-21 00:02:17,577 v1.py iterate [line:121] INFO Round 1, Client 0: Local Acc=0.1100, Global Acc=0.0933, Grad Norm=6.9572, Normalized Score=0.5549
2024-09-21 00:02:17,654 v1.py iterate [line:121] INFO Round 1, Client 1: Local Acc=0.2600, Global Acc=0.0933, Grad Norm=8.0297, Normalized Score=0.8782
2024-09-21 00:02:17,689 v1.py iterate [line:121] INFO Round 1, Client 2: Local Acc=0.0800, Global Acc=0.0933, Grad Norm=8.0729, Normalized Score=0.4013
2024-09-21 00:02:17,723 v1.py iterate [line:121] INFO Round 1, Client 3: Local Acc=0.2400, Global Acc=0.0933, Grad Norm=8.5425, Normalized Score=0.7782
2024-09-21 00:02:17,759 v1.py iterate [line:121] INFO Round 1, Client 4: Local Acc=0.2200, Global Acc=0.0933, Grad Norm=6.7185, Normalized Score=0.9131
2024-09-21 00:02:17,794 v1.py iterate [line:121] INFO Round 1, Client 5: Local Acc=0.2700, Global Acc=0.0933, Grad Norm=7.2124, Normalized Score=1.0000
2024-09-21 00:02:17,846 v1.py iterate [line:121] INFO Round 1, Client 6: Local Acc=0.1717, Global Acc=0.0933, Grad Norm=7.5408, Normalized Score=0.6854
2024-09-21 00:02:17,919 v1.py iterate [line:121] INFO Round 1, Client 7: Local Acc=0.1818, Global Acc=0.0933, Grad Norm=9.8472, Normalized Score=0.5504
2024-09-21 00:02:17,968 v1.py iterate [line:121] INFO Round 1, Client 8: Local Acc=0.1515, Global Acc=0.0933, Grad Norm=13.7687, Normalized Score=0.3411
2024-09-21 00:02:18,004 v1.py iterate [line:121] INFO Round 1, Client 9: Local Acc=0.1212, Global Acc=0.0933, Grad Norm=94.1779, Normalized Score=0.0000
2024-09-21 00:02:18,037 v1.py iterate [line:121] INFO Round 1, Client 10: Local Acc=0.1010, Global Acc=0.0933, Grad Norm=11.6446, Normalized Score=0.3123
2024-09-21 00:02:18,071 v1.py iterate [line:121] INFO Round 1, Client 11: Local Acc=0.1212, Global Acc=0.0933, Grad Norm=11.2540, Normalized Score=0.3633
2024-09-21 00:02:18,106 v1.py iterate [line:121] INFO Round 1, Client 12: Local Acc=0.0909, Global Acc=0.0933, Grad Norm=31.0651, Normalized Score=0.0832
2024-09-21 00:02:18,188 v1.py iterate [line:121] INFO Round 1, Client 13: Local Acc=0.0707, Global Acc=0.0933, Grad Norm=9.8064, Normalized Score=0.3078
2024-09-21 00:02:18,257 v1.py iterate [line:121] INFO Round 1, Client 14: Local Acc=0.1717, Global Acc=0.0933, Grad Norm=8.0653, Normalized Score=0.6426
2024-09-21 00:02:18,318 v1.py iterate [line:121] INFO Round 1, Client 15: Local Acc=0.1818, Global Acc=0.0933, Grad Norm=8.2174, Normalized Score=0.6572
2024-09-21 00:02:18,389 v1.py iterate [line:121] INFO Round 1, Client 16: Local Acc=0.1616, Global Acc=0.0933, Grad Norm=8.7036, Normalized Score=0.5720
2024-09-21 00:02:18,429 v1.py iterate [line:121] INFO Round 1, Client 17: Local Acc=0.1919, Global Acc=0.0933, Grad Norm=11.0676, Normalized Score=0.5093
2024-09-21 00:02:18,467 v1.py iterate [line:121] INFO Round 1, Client 18: Local Acc=0.1616, Global Acc=0.0933, Grad Norm=8.5351, Normalized Score=0.5831
2024-09-21 00:02:18,503 v1.py iterate [line:121] INFO Round 1, Client 19: Local Acc=0.1818, Global Acc=0.0933, Grad Norm=8.6182, Normalized Score=0.6276
2024-09-21 00:02:18,536 v1.py iterate [line:121] INFO Round 1, Client 20: Local Acc=0.1818, Global Acc=0.0933, Grad Norm=8.1969, Normalized Score=0.6588
2024-09-21 00:02:18,578 v1.py iterate [line:121] INFO Round 1, Client 21: Local Acc=0.1919, Global Acc=0.0933, Grad Norm=10.7141, Normalized Score=0.5263
2024-09-21 00:02:18,636 v1.py iterate [line:121] INFO Round 1, Client 22: Local Acc=0.1010, Global Acc=0.0933, Grad Norm=11.9125, Normalized Score=0.3047
2024-09-21 00:02:18,701 v1.py iterate [line:121] INFO Round 1, Client 23: Local Acc=0.1111, Global Acc=0.0933, Grad Norm=11.1336, Normalized Score=0.3476
2024-09-21 00:02:18,777 v1.py iterate [line:121] INFO Round 1, Client 24: Local Acc=0.0707, Global Acc=0.0933, Grad Norm=8.2925, Normalized Score=0.3667
2024-09-21 00:02:18,851 v1.py iterate [line:121] INFO Round 1, Client 25: Local Acc=0.1717, Global Acc=0.0933, Grad Norm=8.1217, Normalized Score=0.6383
2024-09-21 00:02:18,899 v1.py iterate [line:121] INFO Round 1, Client 26: Local Acc=0.1313, Global Acc=0.0933, Grad Norm=10.9888, Normalized Score=0.3926
2024-09-21 00:02:18,937 v1.py iterate [line:121] INFO Round 1, Client 27: Local Acc=0.1616, Global Acc=0.0933, Grad Norm=6.8479, Normalized Score=0.7200
2024-09-21 00:02:18,973 v1.py iterate [line:121] INFO Round 1, Client 28: Local Acc=0.2020, Global Acc=0.0933, Grad Norm=13.0184, Normalized Score=0.4481
2024-09-21 00:02:19,009 v1.py iterate [line:121] INFO Round 1, Client 29: Local Acc=0.1414, Global Acc=0.0933, Grad Norm=7.4677, Normalized Score=0.6065
2024-09-21 00:02:19,044 v1.py iterate [line:121] INFO Round 1, Client 30: Local Acc=0.1313, Global Acc=0.0933, Grad Norm=9.5515, Normalized Score=0.4533
2024-09-21 00:02:19,105 v1.py iterate [line:121] INFO Round 1, Client 31: Local Acc=0.1717, Global Acc=0.0933, Grad Norm=7.8943, Normalized Score=0.6560
2024-09-21 00:02:19,169 v1.py iterate [line:121] INFO Round 1, Client 32: Local Acc=0.2323, Global Acc=0.0933, Grad Norm=8.3032, Normalized Score=0.7800
2024-09-21 00:02:19,241 v1.py iterate [line:121] INFO Round 1, Client 33: Local Acc=0.2020, Global Acc=0.0933, Grad Norm=8.4434, Normalized Score=0.6912
2024-09-21 00:02:19,301 v1.py iterate [line:121] INFO Round 1, Client 34: Local Acc=0.1616, Global Acc=0.0933, Grad Norm=7.8849, Normalized Score=0.6297
2024-09-21 00:02:19,375 v1.py iterate [line:121] INFO Round 1, Client 35: Local Acc=0.0808, Global Acc=0.0933, Grad Norm=12.7696, Normalized Score=0.2475
2024-09-21 00:02:19,438 v1.py iterate [line:121] INFO Round 1, Client 36: Local Acc=0.2424, Global Acc=0.0933, Grad Norm=6.7173, Normalized Score=0.9825
2024-09-21 00:02:19,515 v1.py iterate [line:121] INFO Round 1, Client 37: Local Acc=0.1616, Global Acc=0.0933, Grad Norm=9.7520, Normalized Score=0.5110
2024-09-21 00:02:19,576 v1.py iterate [line:121] INFO Round 1, Client 38: Local Acc=0.1818, Global Acc=0.0933, Grad Norm=9.5785, Normalized Score=0.5658
2024-09-21 00:02:19,641 v1.py iterate [line:121] INFO Round 1, Client 39: Local Acc=0.0404, Global Acc=0.0933, Grad Norm=10.2604, Normalized Score=0.2291
2024-09-21 00:02:19,730 v1.py iterate [line:121] INFO Round 1, Client 40: Local Acc=0.0606, Global Acc=0.0933, Grad Norm=13.5014, Normalized Score=0.1991
2024-09-21 00:02:19,798 v1.py iterate [line:121] INFO Round 1, Client 41: Local Acc=0.2020, Global Acc=0.0933, Grad Norm=7.7314, Normalized Score=0.7519
2024-09-21 00:02:19,830 v1.py iterate [line:121] INFO Round 1, Client 42: Local Acc=0.1616, Global Acc=0.0933, Grad Norm=14.3322, Normalized Score=0.3423
2024-09-21 00:02:19,865 v1.py iterate [line:121] INFO Round 1, Client 43: Local Acc=0.1212, Global Acc=0.0933, Grad Norm=10.5911, Normalized Score=0.3871
2024-09-21 00:02:19,900 v1.py iterate [line:121] INFO Round 1, Client 44: Local Acc=0.1010, Global Acc=0.0933, Grad Norm=10.3916, Normalized Score=0.3526
2024-09-21 00:02:19,934 v1.py iterate [line:121] INFO Round 1, Client 45: Local Acc=0.1515, Global Acc=0.0933, Grad Norm=11.7493, Normalized Score=0.4037
2024-09-21 00:02:20,009 v1.py iterate [line:121] INFO Round 1, Client 46: Local Acc=0.1212, Global Acc=0.0933, Grad Norm=13.5483, Normalized Score=0.2975
2024-09-21 00:02:20,079 v1.py iterate [line:121] INFO Round 1, Client 47: Local Acc=0.1616, Global Acc=0.0933, Grad Norm=7.7640, Normalized Score=0.6391
2024-09-21 00:02:20,140 v1.py iterate [line:121] INFO Round 1, Client 48: Local Acc=0.2222, Global Acc=0.0933, Grad Norm=9.7501, Normalized Score=0.6454
2024-09-21 00:02:20,186 v1.py iterate [line:121] INFO Round 1, Client 49: Local Acc=0.1616, Global Acc=0.0933, Grad Norm=10.2597, Normalized Score=0.4856
2024-09-21 00:02:20,186 v1.py aggregate [line:140] INFO Round 1, Client 0: Aggregation Weight=0.0213
2024-09-21 00:02:20,186 v1.py aggregate [line:140] INFO Round 1, Client 1: Aggregation Weight=0.0338
2024-09-21 00:02:20,186 v1.py aggregate [line:140] INFO Round 1, Client 2: Aggregation Weight=0.0154
2024-09-21 00:02:20,186 v1.py aggregate [line:140] INFO Round 1, Client 3: Aggregation Weight=0.0299
2024-09-21 00:02:20,187 v1.py aggregate [line:140] INFO Round 1, Client 4: Aggregation Weight=0.0351
2024-09-21 00:02:20,187 v1.py aggregate [line:140] INFO Round 1, Client 5: Aggregation Weight=0.0384
2024-09-21 00:02:20,187 v1.py aggregate [line:140] INFO Round 1, Client 6: Aggregation Weight=0.0263
2024-09-21 00:02:20,187 v1.py aggregate [line:140] INFO Round 1, Client 7: Aggregation Weight=0.0212
2024-09-21 00:02:20,187 v1.py aggregate [line:140] INFO Round 1, Client 8: Aggregation Weight=0.0131
2024-09-21 00:02:20,187 v1.py aggregate [line:140] INFO Round 1, Client 9: Aggregation Weight=0.0000
2024-09-21 00:02:20,187 v1.py aggregate [line:140] INFO Round 1, Client 10: Aggregation Weight=0.0120
2024-09-21 00:02:20,187 v1.py aggregate [line:140] INFO Round 1, Client 11: Aggregation Weight=0.0140
2024-09-21 00:02:20,187 v1.py aggregate [line:140] INFO Round 1, Client 12: Aggregation Weight=0.0032
2024-09-21 00:02:20,188 v1.py aggregate [line:140] INFO Round 1, Client 13: Aggregation Weight=0.0118
2024-09-21 00:02:20,188 v1.py aggregate [line:140] INFO Round 1, Client 14: Aggregation Weight=0.0247
2024-09-21 00:02:20,188 v1.py aggregate [line:140] INFO Round 1, Client 15: Aggregation Weight=0.0253
2024-09-21 00:02:20,188 v1.py aggregate [line:140] INFO Round 1, Client 16: Aggregation Weight=0.0220
2024-09-21 00:02:20,188 v1.py aggregate [line:140] INFO Round 1, Client 17: Aggregation Weight=0.0196
2024-09-21 00:02:20,188 v1.py aggregate [line:140] INFO Round 1, Client 18: Aggregation Weight=0.0224
2024-09-21 00:02:20,188 v1.py aggregate [line:140] INFO Round 1, Client 19: Aggregation Weight=0.0241
2024-09-21 00:02:20,188 v1.py aggregate [line:140] INFO Round 1, Client 20: Aggregation Weight=0.0253
2024-09-21 00:02:20,188 v1.py aggregate [line:140] INFO Round 1, Client 21: Aggregation Weight=0.0202
2024-09-21 00:02:20,189 v1.py aggregate [line:140] INFO Round 1, Client 22: Aggregation Weight=0.0117
2024-09-21 00:02:20,189 v1.py aggregate [line:140] INFO Round 1, Client 23: Aggregation Weight=0.0134
2024-09-21 00:02:20,189 v1.py aggregate [line:140] INFO Round 1, Client 24: Aggregation Weight=0.0141
2024-09-21 00:02:20,189 v1.py aggregate [line:140] INFO Round 1, Client 25: Aggregation Weight=0.0245
2024-09-21 00:02:20,189 v1.py aggregate [line:140] INFO Round 1, Client 26: Aggregation Weight=0.0151
2024-09-21 00:02:20,189 v1.py aggregate [line:140] INFO Round 1, Client 27: Aggregation Weight=0.0277
2024-09-21 00:02:20,189 v1.py aggregate [line:140] INFO Round 1, Client 28: Aggregation Weight=0.0172
2024-09-21 00:02:20,189 v1.py aggregate [line:140] INFO Round 1, Client 29: Aggregation Weight=0.0233
2024-09-21 00:02:20,189 v1.py aggregate [line:140] INFO Round 1, Client 30: Aggregation Weight=0.0174
2024-09-21 00:02:20,190 v1.py aggregate [line:140] INFO Round 1, Client 31: Aggregation Weight=0.0252
2024-09-21 00:02:20,190 v1.py aggregate [line:140] INFO Round 1, Client 32: Aggregation Weight=0.0300
2024-09-21 00:02:20,190 v1.py aggregate [line:140] INFO Round 1, Client 33: Aggregation Weight=0.0266
2024-09-21 00:02:20,190 v1.py aggregate [line:140] INFO Round 1, Client 34: Aggregation Weight=0.0242
2024-09-21 00:02:20,190 v1.py aggregate [line:140] INFO Round 1, Client 35: Aggregation Weight=0.0095
2024-09-21 00:02:20,190 v1.py aggregate [line:140] INFO Round 1, Client 36: Aggregation Weight=0.0378
2024-09-21 00:02:20,190 v1.py aggregate [line:140] INFO Round 1, Client 37: Aggregation Weight=0.0196
2024-09-21 00:02:20,190 v1.py aggregate [line:140] INFO Round 1, Client 38: Aggregation Weight=0.0217
2024-09-21 00:02:20,190 v1.py aggregate [line:140] INFO Round 1, Client 39: Aggregation Weight=0.0088
2024-09-21 00:02:20,191 v1.py aggregate [line:140] INFO Round 1, Client 40: Aggregation Weight=0.0077
2024-09-21 00:02:20,191 v1.py aggregate [line:140] INFO Round 1, Client 41: Aggregation Weight=0.0289
2024-09-21 00:02:20,191 v1.py aggregate [line:140] INFO Round 1, Client 42: Aggregation Weight=0.0132
2024-09-21 00:02:20,191 v1.py aggregate [line:140] INFO Round 1, Client 43: Aggregation Weight=0.0149
2024-09-21 00:02:20,191 v1.py aggregate [line:140] INFO Round 1, Client 44: Aggregation Weight=0.0136
2024-09-21 00:02:20,191 v1.py aggregate [line:140] INFO Round 1, Client 45: Aggregation Weight=0.0155
2024-09-21 00:02:20,191 v1.py aggregate [line:140] INFO Round 1, Client 46: Aggregation Weight=0.0114
2024-09-21 00:02:20,191 v1.py aggregate [line:140] INFO Round 1, Client 47: Aggregation Weight=0.0246
2024-09-21 00:02:20,192 v1.py aggregate [line:140] INFO Round 1, Client 48: Aggregation Weight=0.0248
2024-09-21 00:02:20,192 v1.py aggregate [line:140] INFO Round 1, Client 49: Aggregation Weight=0.0187
2024-09-21 00:02:20,192 v1.py aggregate [line:143] INFO Round 1: Total Aggregation Weight=1.0000
2024-09-21 00:02:20,228 fedbase.py run [line:300] INFO --------------Round 1--------------
2024-09-21 00:02:20,229 simple_logger.py log_once [line:14] INFO Current_time:1
2024-09-21 00:02:25,077 simple_logger.py log_once [line:28] INFO test_accuracy                 0.1000
2024-09-21 00:02:25,082 simple_logger.py log_once [line:28] INFO test_loss                     2.3168
2024-09-21 00:02:25,083 simple_logger.py log_once [line:28] INFO val_accuracy                  0.1041
2024-09-21 00:02:25,083 simple_logger.py log_once [line:28] INFO mean_val_accuracy             0.1041
2024-09-21 00:02:25,083 simple_logger.py log_once [line:28] INFO std_val_accuracy              0.0448
2024-09-21 00:02:25,083 simple_logger.py log_once [line:28] INFO val_loss                      2.3137
2024-09-21 00:02:25,083 simple_logger.py log_once [line:28] INFO mean_val_loss                 2.3137
2024-09-21 00:02:25,083 simple_logger.py log_once [line:28] INFO std_val_loss                  0.0253
2024-09-21 00:02:25,085 fedbase.py run [line:305] INFO Eval Time Cost:               4.8558s
2024-09-21 00:02:25,088 v1.py iterate [line:69] INFO Round 2 started
2024-09-21 00:02:25,088 v1.py iterate [line:73] INFO Round 2: Current weights - w1: 0.5000, w2: 0.5000
2024-09-21 00:02:25,088 v1.py sample [line:59] INFO Round 2: Committee clients selected - [0, 1, 2, 3, 4, 5, 6, 7, 8, 9, 10, 11, 12, 13, 14]
2024-09-21 00:02:25,088 v1.py sample [line:61] INFO Round 2: Normal clients selected - [15, 16, 17, 18, 19, 20, 21, 22, 23, 24, 25, 26, 27, 28, 29, 30, 31, 32, 33, 34, 35, 36, 37, 38, 39, 40, 41, 42, 43, 44, 45, 46, 47, 48, 49]
2024-09-21 00:02:25,088 v1.py sample [line:63] INFO Round 2: All selected clients - [0, 1, 2, 3, 4, 5, 6, 7, 8, 9, 10, 11, 12, 13, 14, 15, 16, 17, 18, 19, 20, 21, 22, 23, 24, 25, 26, 27, 28, 29, 30, 31, 32, 33, 34, 35, 36, 37, 38, 39, 40, 41, 42, 43, 44, 45, 46, 47, 48, 49]
2024-09-21 00:04:40,124 v1.py iterate [line:121] INFO Round 2, Client 0: Local Acc=0.1100, Global Acc=0.1000, Grad Norm=2.2060, Normalized Score=0.5673
2024-09-21 00:04:40,160 v1.py iterate [line:121] INFO Round 2, Client 1: Local Acc=0.0800, Global Acc=0.1000, Grad Norm=2.4454, Normalized Score=0.2037
2024-09-21 00:04:40,194 v1.py iterate [line:121] INFO Round 2, Client 2: Local Acc=0.1200, Global Acc=0.1000, Grad Norm=2.4389, Normalized Score=0.5254
2024-09-21 00:04:40,241 v1.py iterate [line:121] INFO Round 2, Client 3: Local Acc=0.1000, Global Acc=0.1000, Grad Norm=2.3919, Normalized Score=0.3880
2024-09-21 00:04:40,278 v1.py iterate [line:121] INFO Round 2, Client 4: Local Acc=0.1300, Global Acc=0.1000, Grad Norm=2.0783, Normalized Score=0.8200
2024-09-21 00:04:40,313 v1.py iterate [line:121] INFO Round 2, Client 5: Local Acc=0.1300, Global Acc=0.1000, Grad Norm=2.1151, Normalized Score=0.7958
2024-09-21 00:04:40,378 v1.py iterate [line:121] INFO Round 2, Client 6: Local Acc=0.1010, Global Acc=0.1000, Grad Norm=2.1791, Normalized Score=0.5049
2024-09-21 00:04:40,437 v1.py iterate [line:121] INFO Round 2, Client 7: Local Acc=0.0909, Global Acc=0.1000, Grad Norm=2.3810, Normalized Score=0.3195
2024-09-21 00:04:40,473 v1.py iterate [line:121] INFO Round 2, Client 8: Local Acc=0.1010, Global Acc=0.1000, Grad Norm=2.4413, Normalized Score=0.3728
2024-09-21 00:04:40,507 v1.py iterate [line:121] INFO Round 2, Client 9: Local Acc=0.0808, Global Acc=0.1000, Grad Norm=2.5267, Normalized Score=0.1769
2024-09-21 00:04:40,543 v1.py iterate [line:121] INFO Round 2, Client 10: Local Acc=0.0606, Global Acc=0.1000, Grad Norm=2.5836, Normalized Score=0.0000
2024-09-21 00:04:40,604 v1.py iterate [line:121] INFO Round 2, Client 11: Local Acc=0.0808, Global Acc=0.1000, Grad Norm=2.3262, Normalized Score=0.2617
2024-09-21 00:04:40,666 v1.py iterate [line:121] INFO Round 2, Client 12: Local Acc=0.0707, Global Acc=0.1000, Grad Norm=2.4449, Normalized Score=0.1299
2024-09-21 00:04:40,704 v1.py iterate [line:121] INFO Round 2, Client 13: Local Acc=0.1010, Global Acc=0.1000, Grad Norm=2.3487, Normalized Score=0.4171
2024-09-21 00:04:40,744 v1.py iterate [line:121] INFO Round 2, Client 14: Local Acc=0.1111, Global Acc=0.1000, Grad Norm=2.2217, Normalized Score=0.5680
2024-09-21 00:04:40,780 v1.py iterate [line:121] INFO Round 2, Client 15: Local Acc=0.0606, Global Acc=0.1000, Grad Norm=2.4684, Normalized Score=0.0408
2024-09-21 00:04:40,844 v1.py iterate [line:121] INFO Round 2, Client 16: Local Acc=0.0707, Global Acc=0.1000, Grad Norm=2.4339, Normalized Score=0.1343
2024-09-21 00:04:40,910 v1.py iterate [line:121] INFO Round 2, Client 17: Local Acc=0.0606, Global Acc=0.1000, Grad Norm=2.0644, Normalized Score=0.2082
2024-09-21 00:04:40,983 v1.py iterate [line:121] INFO Round 2, Client 18: Local Acc=0.0505, Global Acc=0.1000, Grad Norm=2.1835, Normalized Score=0.0675
2024-09-21 00:04:41,058 v1.py iterate [line:121] INFO Round 2, Client 19: Local Acc=0.0707, Global Acc=0.1000, Grad Norm=2.1171, Normalized Score=0.2728
2024-09-21 00:04:41,130 v1.py iterate [line:121] INFO Round 2, Client 20: Local Acc=0.1111, Global Acc=0.1000, Grad Norm=2.4920, Normalized Score=0.4289
2024-09-21 00:04:41,210 v1.py iterate [line:121] INFO Round 2, Client 21: Local Acc=0.0808, Global Acc=0.1000, Grad Norm=2.4020, Normalized Score=0.2285
2024-09-21 00:04:41,288 v1.py iterate [line:121] INFO Round 2, Client 22: Local Acc=0.0606, Global Acc=0.1000, Grad Norm=2.4240, Normalized Score=0.0573
2024-09-21 00:04:41,338 v1.py iterate [line:121] INFO Round 2, Client 23: Local Acc=0.1212, Global Acc=0.1000, Grad Norm=2.4527, Normalized Score=0.5280
2024-09-21 00:04:41,375 v1.py iterate [line:121] INFO Round 2, Client 24: Local Acc=0.1414, Global Acc=0.1000, Grad Norm=2.2066, Normalized Score=0.8356
2024-09-21 00:04:41,411 v1.py iterate [line:121] INFO Round 2, Client 25: Local Acc=0.0808, Global Acc=0.1000, Grad Norm=2.4221, Normalized Score=0.2199
2024-09-21 00:04:41,450 v1.py iterate [line:121] INFO Round 2, Client 26: Local Acc=0.1010, Global Acc=0.1000, Grad Norm=2.3261, Normalized Score=0.4283
2024-09-21 00:04:41,515 v1.py iterate [line:121] INFO Round 2, Client 27: Local Acc=0.1111, Global Acc=0.1000, Grad Norm=2.2033, Normalized Score=0.5783
2024-09-21 00:04:41,588 v1.py iterate [line:121] INFO Round 2, Client 28: Local Acc=0.1313, Global Acc=0.1000, Grad Norm=2.0942, Normalized Score=0.8211
2024-09-21 00:04:41,664 v1.py iterate [line:121] INFO Round 2, Client 29: Local Acc=0.1111, Global Acc=0.1000, Grad Norm=2.0090, Normalized Score=0.6950
2024-09-21 00:04:41,738 v1.py iterate [line:121] INFO Round 2, Client 30: Local Acc=0.0808, Global Acc=0.1000, Grad Norm=2.1970, Normalized Score=0.3219
2024-09-21 00:04:41,776 v1.py iterate [line:121] INFO Round 2, Client 31: Local Acc=0.1515, Global Acc=0.1000, Grad Norm=2.4434, Normalized Score=0.7741
2024-09-21 00:04:41,810 v1.py iterate [line:121] INFO Round 2, Client 32: Local Acc=0.0707, Global Acc=0.1000, Grad Norm=2.0321, Normalized Score=0.3149
2024-09-21 00:04:41,851 v1.py iterate [line:121] INFO Round 2, Client 33: Local Acc=0.1212, Global Acc=0.1000, Grad Norm=2.5055, Normalized Score=0.5015
2024-09-21 00:04:41,897 v1.py iterate [line:121] INFO Round 2, Client 34: Local Acc=0.1010, Global Acc=0.1000, Grad Norm=2.3646, Normalized Score=0.4094
2024-09-21 00:04:41,967 v1.py iterate [line:121] INFO Round 2, Client 35: Local Acc=0.1111, Global Acc=0.1000, Grad Norm=2.3472, Normalized Score=0.5006
2024-09-21 00:04:42,040 v1.py iterate [line:121] INFO Round 2, Client 36: Local Acc=0.0505, Global Acc=0.1000, Grad Norm=2.1988, Normalized Score=0.0612
2024-09-21 00:04:42,113 v1.py iterate [line:121] INFO Round 2, Client 37: Local Acc=0.0909, Global Acc=0.1000, Grad Norm=2.4331, Normalized Score=0.2959
2024-09-21 00:04:42,183 v1.py iterate [line:121] INFO Round 2, Client 38: Local Acc=0.1414, Global Acc=0.1000, Grad Norm=2.4334, Normalized Score=0.6993
2024-09-21 00:04:42,253 v1.py iterate [line:121] INFO Round 2, Client 39: Local Acc=0.1515, Global Acc=0.1000, Grad Norm=2.0944, Normalized Score=1.0000
2024-09-21 00:04:42,339 v1.py iterate [line:121] INFO Round 2, Client 40: Local Acc=0.1111, Global Acc=0.1000, Grad Norm=2.1975, Normalized Score=0.5816
2024-09-21 00:04:42,409 v1.py iterate [line:121] INFO Round 2, Client 41: Local Acc=0.0707, Global Acc=0.1000, Grad Norm=2.0860, Normalized Score=0.2880
2024-09-21 00:04:42,483 v1.py iterate [line:121] INFO Round 2, Client 42: Local Acc=0.1010, Global Acc=0.1000, Grad Norm=2.4566, Normalized Score=0.3657
2024-09-21 00:04:42,553 v1.py iterate [line:121] INFO Round 2, Client 43: Local Acc=0.0808, Global Acc=0.1000, Grad Norm=2.3863, Normalized Score=0.2352
2024-09-21 00:04:42,628 v1.py iterate [line:121] INFO Round 2, Client 44: Local Acc=0.0505, Global Acc=0.1000, Grad Norm=2.3482, Normalized Score=0.0037
2024-09-21 00:04:42,716 v1.py iterate [line:121] INFO Round 2, Client 45: Local Acc=0.1111, Global Acc=0.1000, Grad Norm=2.0746, Normalized Score=0.6540
2024-09-21 00:04:42,785 v1.py iterate [line:121] INFO Round 2, Client 46: Local Acc=0.0707, Global Acc=0.1000, Grad Norm=2.5216, Normalized Score=0.1003
2024-09-21 00:04:42,859 v1.py iterate [line:121] INFO Round 2, Client 47: Local Acc=0.1010, Global Acc=0.1000, Grad Norm=2.4863, Normalized Score=0.3521
2024-09-21 00:04:42,929 v1.py iterate [line:121] INFO Round 2, Client 48: Local Acc=0.0505, Global Acc=0.1000, Grad Norm=2.1636, Normalized Score=0.0756
2024-09-21 00:04:42,997 v1.py iterate [line:121] INFO Round 2, Client 49: Local Acc=0.1111, Global Acc=0.1000, Grad Norm=2.4174, Normalized Score=0.4651
2024-09-21 00:04:42,997 v1.py aggregate [line:140] INFO Round 2, Client 0: Aggregation Weight=0.0290
2024-09-21 00:04:42,997 v1.py aggregate [line:140] INFO Round 2, Client 1: Aggregation Weight=0.0104
2024-09-21 00:04:42,998 v1.py aggregate [line:140] INFO Round 2, Client 2: Aggregation Weight=0.0268
2024-09-21 00:04:42,998 v1.py aggregate [line:140] INFO Round 2, Client 3: Aggregation Weight=0.0198
2024-09-21 00:04:42,998 v1.py aggregate [line:140] INFO Round 2, Client 4: Aggregation Weight=0.0418
2024-09-21 00:04:42,998 v1.py aggregate [line:140] INFO Round 2, Client 5: Aggregation Weight=0.0406
2024-09-21 00:04:42,998 v1.py aggregate [line:140] INFO Round 2, Client 6: Aggregation Weight=0.0258
2024-09-21 00:04:42,998 v1.py aggregate [line:140] INFO Round 2, Client 7: Aggregation Weight=0.0163
2024-09-21 00:04:42,998 v1.py aggregate [line:140] INFO Round 2, Client 8: Aggregation Weight=0.0190
2024-09-21 00:04:42,998 v1.py aggregate [line:140] INFO Round 2, Client 9: Aggregation Weight=0.0090
2024-09-21 00:04:42,998 v1.py aggregate [line:140] INFO Round 2, Client 10: Aggregation Weight=0.0000
2024-09-21 00:04:42,999 v1.py aggregate [line:140] INFO Round 2, Client 11: Aggregation Weight=0.0134
2024-09-21 00:04:42,999 v1.py aggregate [line:140] INFO Round 2, Client 12: Aggregation Weight=0.0066
2024-09-21 00:04:42,999 v1.py aggregate [line:140] INFO Round 2, Client 13: Aggregation Weight=0.0213
2024-09-21 00:04:42,999 v1.py aggregate [line:140] INFO Round 2, Client 14: Aggregation Weight=0.0290
2024-09-21 00:04:42,999 v1.py aggregate [line:140] INFO Round 2, Client 15: Aggregation Weight=0.0021
2024-09-21 00:04:42,999 v1.py aggregate [line:140] INFO Round 2, Client 16: Aggregation Weight=0.0069
2024-09-21 00:04:42,999 v1.py aggregate [line:140] INFO Round 2, Client 17: Aggregation Weight=0.0106
2024-09-21 00:04:42,999 v1.py aggregate [line:140] INFO Round 2, Client 18: Aggregation Weight=0.0034
2024-09-21 00:04:42,999 v1.py aggregate [line:140] INFO Round 2, Client 19: Aggregation Weight=0.0139
2024-09-21 00:04:42,999 v1.py aggregate [line:140] INFO Round 2, Client 20: Aggregation Weight=0.0219
2024-09-21 00:04:43,000 v1.py aggregate [line:140] INFO Round 2, Client 21: Aggregation Weight=0.0117
2024-09-21 00:04:43,000 v1.py aggregate [line:140] INFO Round 2, Client 22: Aggregation Weight=0.0029
2024-09-21 00:04:43,000 v1.py aggregate [line:140] INFO Round 2, Client 23: Aggregation Weight=0.0269
2024-09-21 00:04:43,000 v1.py aggregate [line:140] INFO Round 2, Client 24: Aggregation Weight=0.0426
2024-09-21 00:04:43,000 v1.py aggregate [line:140] INFO Round 2, Client 25: Aggregation Weight=0.0112
2024-09-21 00:04:43,000 v1.py aggregate [line:140] INFO Round 2, Client 26: Aggregation Weight=0.0219
2024-09-21 00:04:43,000 v1.py aggregate [line:140] INFO Round 2, Client 27: Aggregation Weight=0.0295
2024-09-21 00:04:43,000 v1.py aggregate [line:140] INFO Round 2, Client 28: Aggregation Weight=0.0419
2024-09-21 00:04:43,000 v1.py aggregate [line:140] INFO Round 2, Client 29: Aggregation Weight=0.0355
2024-09-21 00:04:43,000 v1.py aggregate [line:140] INFO Round 2, Client 30: Aggregation Weight=0.0164
2024-09-21 00:04:43,000 v1.py aggregate [line:140] INFO Round 2, Client 31: Aggregation Weight=0.0395
2024-09-21 00:04:43,001 v1.py aggregate [line:140] INFO Round 2, Client 32: Aggregation Weight=0.0161
2024-09-21 00:04:43,001 v1.py aggregate [line:140] INFO Round 2, Client 33: Aggregation Weight=0.0256
2024-09-21 00:04:43,001 v1.py aggregate [line:140] INFO Round 2, Client 34: Aggregation Weight=0.0209
2024-09-21 00:04:43,001 v1.py aggregate [line:140] INFO Round 2, Client 35: Aggregation Weight=0.0255
2024-09-21 00:04:43,001 v1.py aggregate [line:140] INFO Round 2, Client 36: Aggregation Weight=0.0031
2024-09-21 00:04:43,001 v1.py aggregate [line:140] INFO Round 2, Client 37: Aggregation Weight=0.0151
2024-09-21 00:04:43,001 v1.py aggregate [line:140] INFO Round 2, Client 38: Aggregation Weight=0.0357
2024-09-21 00:04:43,001 v1.py aggregate [line:140] INFO Round 2, Client 39: Aggregation Weight=0.0510
2024-09-21 00:04:43,002 v1.py aggregate [line:140] INFO Round 2, Client 40: Aggregation Weight=0.0297
2024-09-21 00:04:43,002 v1.py aggregate [line:140] INFO Round 2, Client 41: Aggregation Weight=0.0147
2024-09-21 00:04:43,002 v1.py aggregate [line:140] INFO Round 2, Client 42: Aggregation Weight=0.0187
2024-09-21 00:04:43,002 v1.py aggregate [line:140] INFO Round 2, Client 43: Aggregation Weight=0.0120
2024-09-21 00:04:43,002 v1.py aggregate [line:140] INFO Round 2, Client 44: Aggregation Weight=0.0002
2024-09-21 00:04:43,002 v1.py aggregate [line:140] INFO Round 2, Client 45: Aggregation Weight=0.0334
2024-09-21 00:04:43,002 v1.py aggregate [line:140] INFO Round 2, Client 46: Aggregation Weight=0.0051
2024-09-21 00:04:43,002 v1.py aggregate [line:140] INFO Round 2, Client 47: Aggregation Weight=0.0180
2024-09-21 00:04:43,003 v1.py aggregate [line:140] INFO Round 2, Client 48: Aggregation Weight=0.0039
2024-09-21 00:04:43,003 v1.py aggregate [line:140] INFO Round 2, Client 49: Aggregation Weight=0.0237
2024-09-21 00:04:43,003 v1.py aggregate [line:143] INFO Round 2: Total Aggregation Weight=1.0000
2024-09-21 00:04:43,035 fedbase.py run [line:300] INFO --------------Round 2--------------
2024-09-21 00:04:43,036 simple_logger.py log_once [line:14] INFO Current_time:2
2024-09-21 00:04:47,368 simple_logger.py log_once [line:28] INFO test_accuracy                 0.1000
2024-09-21 00:04:47,368 simple_logger.py log_once [line:28] INFO test_loss                     2.3055
2024-09-21 00:04:47,374 simple_logger.py log_once [line:28] INFO val_accuracy                  0.0975
2024-09-21 00:04:47,374 simple_logger.py log_once [line:28] INFO mean_val_accuracy             0.0975
2024-09-21 00:04:47,374 simple_logger.py log_once [line:28] INFO std_val_accuracy              0.0430
2024-09-21 00:04:47,374 simple_logger.py log_once [line:28] INFO val_loss                      2.3048
2024-09-21 00:04:47,374 simple_logger.py log_once [line:28] INFO mean_val_loss                 2.3048
2024-09-21 00:04:47,374 simple_logger.py log_once [line:28] INFO std_val_loss                  0.0111
2024-09-21 00:04:47,377 fedbase.py run [line:305] INFO Eval Time Cost:               4.3411s
2024-09-21 00:04:47,377 v1.py iterate [line:69] INFO Round 3 started
2024-09-21 00:04:47,377 v1.py iterate [line:73] INFO Round 3: Current weights - w1: 0.5000, w2: 0.5000
2024-09-21 00:04:47,377 v1.py sample [line:59] INFO Round 3: Committee clients selected - [0, 1, 2, 3, 4, 5, 6, 7, 8, 9, 10, 11, 12, 13, 14]
2024-09-21 00:04:47,377 v1.py sample [line:61] INFO Round 3: Normal clients selected - [15, 16, 17, 18, 19, 20, 21, 22, 23, 24, 25, 26, 27, 28, 29, 30, 31, 32, 33, 34, 35, 36, 37, 38, 39, 40, 41, 42, 43, 44, 45, 46, 47, 48, 49]
2024-09-21 00:04:47,378 v1.py sample [line:63] INFO Round 3: All selected clients - [0, 1, 2, 3, 4, 5, 6, 7, 8, 9, 10, 11, 12, 13, 14, 15, 16, 17, 18, 19, 20, 21, 22, 23, 24, 25, 26, 27, 28, 29, 30, 31, 32, 33, 34, 35, 36, 37, 38, 39, 40, 41, 42, 43, 44, 45, 46, 47, 48, 49]
2024-09-21 00:07:00,295 v1.py iterate [line:121] INFO Round 3, Client 0: Local Acc=0.0500, Global Acc=0.1000, Grad Norm=2.2806, Normalized Score=0.0000
2024-09-21 00:07:00,337 v1.py iterate [line:121] INFO Round 3, Client 1: Local Acc=0.0800, Global Acc=0.1000, Grad Norm=2.3695, Normalized Score=0.2087
2024-09-21 00:07:00,372 v1.py iterate [line:121] INFO Round 3, Client 2: Local Acc=0.0600, Global Acc=0.1000, Grad Norm=2.2314, Normalized Score=0.1028
2024-09-21 00:07:00,408 v1.py iterate [line:121] INFO Round 3, Client 3: Local Acc=0.1300, Global Acc=0.1000, Grad Norm=2.2096, Normalized Score=0.7032
2024-09-21 00:07:00,447 v1.py iterate [line:121] INFO Round 3, Client 4: Local Acc=0.0500, Global Acc=0.1000, Grad Norm=2.1820, Normalized Score=0.0384
2024-09-21 00:07:00,482 v1.py iterate [line:121] INFO Round 3, Client 5: Local Acc=0.1500, Global Acc=0.1000, Grad Norm=2.0264, Normalized Score=1.0000
2024-09-21 00:07:00,519 v1.py iterate [line:121] INFO Round 3, Client 6: Local Acc=0.1414, Global Acc=0.1000, Grad Norm=2.2182, Normalized Score=0.7942
2024-09-21 00:07:00,557 v1.py iterate [line:121] INFO Round 3, Client 7: Local Acc=0.1111, Global Acc=0.1000, Grad Norm=2.2716, Normalized Score=0.5099
2024-09-21 00:07:00,592 v1.py iterate [line:121] INFO Round 3, Client 8: Local Acc=0.0707, Global Acc=0.1000, Grad Norm=2.2089, Normalized Score=0.2027
2024-09-21 00:07:00,633 v1.py iterate [line:121] INFO Round 3, Client 9: Local Acc=0.0808, Global Acc=0.1000, Grad Norm=2.3169, Normalized Score=0.2383
2024-09-21 00:07:00,670 v1.py iterate [line:121] INFO Round 3, Client 10: Local Acc=0.0606, Global Acc=0.1000, Grad Norm=2.2949, Normalized Score=0.0819
2024-09-21 00:07:00,706 v1.py iterate [line:121] INFO Round 3, Client 11: Local Acc=0.0505, Global Acc=0.1000, Grad Norm=2.2000, Normalized Score=0.0355
2024-09-21 00:07:00,748 v1.py iterate [line:121] INFO Round 3, Client 12: Local Acc=0.1212, Global Acc=0.1000, Grad Norm=2.2403, Normalized Score=0.6113
2024-09-21 00:07:00,785 v1.py iterate [line:121] INFO Round 3, Client 13: Local Acc=0.0808, Global Acc=0.1000, Grad Norm=2.2840, Normalized Score=0.2530
2024-09-21 00:07:00,822 v1.py iterate [line:121] INFO Round 3, Client 14: Local Acc=0.0808, Global Acc=0.1000, Grad Norm=2.2322, Normalized Score=0.2770
2024-09-21 00:07:00,859 v1.py iterate [line:121] INFO Round 3, Client 15: Local Acc=0.1212, Global Acc=0.1000, Grad Norm=2.1940, Normalized Score=0.6381
2024-09-21 00:07:00,895 v1.py iterate [line:121] INFO Round 3, Client 16: Local Acc=0.0909, Global Acc=0.1000, Grad Norm=2.3503, Normalized Score=0.3052
2024-09-21 00:07:00,931 v1.py iterate [line:121] INFO Round 3, Client 17: Local Acc=0.0909, Global Acc=0.1000, Grad Norm=2.1727, Normalized Score=0.3917
2024-09-21 00:07:00,966 v1.py iterate [line:121] INFO Round 3, Client 18: Local Acc=0.0505, Global Acc=0.1000, Grad Norm=2.2798, Normalized Score=0.0045
2024-09-21 00:07:01,003 v1.py iterate [line:121] INFO Round 3, Client 19: Local Acc=0.1111, Global Acc=0.1000, Grad Norm=2.0150, Normalized Score=0.6588
2024-09-21 00:07:01,041 v1.py iterate [line:121] INFO Round 3, Client 20: Local Acc=0.0707, Global Acc=0.1000, Grad Norm=2.3177, Normalized Score=0.1553
2024-09-21 00:07:01,078 v1.py iterate [line:121] INFO Round 3, Client 21: Local Acc=0.0808, Global Acc=0.1000, Grad Norm=2.3032, Normalized Score=0.2444
2024-09-21 00:07:01,117 v1.py iterate [line:121] INFO Round 3, Client 22: Local Acc=0.1010, Global Acc=0.1000, Grad Norm=2.2501, Normalized Score=0.4372
2024-09-21 00:07:01,153 v1.py iterate [line:121] INFO Round 3, Client 23: Local Acc=0.1111, Global Acc=0.1000, Grad Norm=2.2030, Normalized Score=0.5473
2024-09-21 00:07:01,189 v1.py iterate [line:121] INFO Round 3, Client 24: Local Acc=0.1313, Global Acc=0.1000, Grad Norm=2.2606, Normalized Score=0.6837
2024-09-21 00:07:01,231 v1.py iterate [line:121] INFO Round 3, Client 25: Local Acc=0.1212, Global Acc=0.1000, Grad Norm=2.3582, Normalized Score=0.5463
2024-09-21 00:07:01,269 v1.py iterate [line:121] INFO Round 3, Client 26: Local Acc=0.1212, Global Acc=0.1000, Grad Norm=2.1964, Normalized Score=0.6367
2024-09-21 00:07:01,305 v1.py iterate [line:121] INFO Round 3, Client 27: Local Acc=0.1111, Global Acc=0.1000, Grad Norm=2.2078, Normalized Score=0.5447
2024-09-21 00:07:01,348 v1.py iterate [line:121] INFO Round 3, Client 28: Local Acc=0.1010, Global Acc=0.1000, Grad Norm=2.0121, Normalized Score=0.5696
2024-09-21 00:07:01,383 v1.py iterate [line:121] INFO Round 3, Client 29: Local Acc=0.1414, Global Acc=0.1000, Grad Norm=2.1261, Normalized Score=0.8541
2024-09-21 00:07:01,417 v1.py iterate [line:121] INFO Round 3, Client 30: Local Acc=0.1414, Global Acc=0.1000, Grad Norm=2.2799, Normalized Score=0.7559
2024-09-21 00:07:01,453 v1.py iterate [line:121] INFO Round 3, Client 31: Local Acc=0.0808, Global Acc=0.1000, Grad Norm=2.2045, Normalized Score=0.2901
2024-09-21 00:07:01,487 v1.py iterate [line:121] INFO Round 3, Client 32: Local Acc=0.0707, Global Acc=0.1000, Grad Norm=2.1583, Normalized Score=0.2258
2024-09-21 00:07:01,529 v1.py iterate [line:121] INFO Round 3, Client 33: Local Acc=0.0808, Global Acc=0.1000, Grad Norm=2.3039, Normalized Score=0.2441
2024-09-21 00:07:01,566 v1.py iterate [line:121] INFO Round 3, Client 34: Local Acc=0.0808, Global Acc=0.1000, Grad Norm=2.2781, Normalized Score=0.2557
2024-09-21 00:07:01,632 v1.py iterate [line:121] INFO Round 3, Client 35: Local Acc=0.0707, Global Acc=0.1000, Grad Norm=2.1738, Normalized Score=0.2186
2024-09-21 00:07:01,694 v1.py iterate [line:121] INFO Round 3, Client 36: Local Acc=0.0505, Global Acc=0.1000, Grad Norm=2.2073, Normalized Score=0.0326
2024-09-21 00:07:01,728 v1.py iterate [line:121] INFO Round 3, Client 37: Local Acc=0.1212, Global Acc=0.1000, Grad Norm=2.3627, Normalized Score=0.5439
2024-09-21 00:07:01,765 v1.py iterate [line:121] INFO Round 3, Client 38: Local Acc=0.0909, Global Acc=0.1000, Grad Norm=2.2531, Normalized Score=0.3514
2024-09-21 00:07:01,802 v1.py iterate [line:121] INFO Round 3, Client 39: Local Acc=0.1010, Global Acc=0.1000, Grad Norm=2.0048, Normalized Score=0.5741
2024-09-21 00:07:01,841 v1.py iterate [line:121] INFO Round 3, Client 40: Local Acc=0.0909, Global Acc=0.1000, Grad Norm=2.2121, Normalized Score=0.3717
2024-09-21 00:07:01,881 v1.py iterate [line:121] INFO Round 3, Client 41: Local Acc=0.1313, Global Acc=0.1000, Grad Norm=2.1660, Normalized Score=0.7412
2024-09-21 00:07:01,916 v1.py iterate [line:121] INFO Round 3, Client 42: Local Acc=0.1010, Global Acc=0.1000, Grad Norm=2.2117, Normalized Score=0.4572
2024-09-21 00:07:01,951 v1.py iterate [line:121] INFO Round 3, Client 43: Local Acc=0.1010, Global Acc=0.1000, Grad Norm=2.2893, Normalized Score=0.4172
2024-09-21 00:07:01,988 v1.py iterate [line:121] INFO Round 3, Client 44: Local Acc=0.1313, Global Acc=0.1000, Grad Norm=2.1991, Normalized Score=0.7207
2024-09-21 00:07:02,027 v1.py iterate [line:121] INFO Round 3, Client 45: Local Acc=0.1212, Global Acc=0.1000, Grad Norm=1.9893, Normalized Score=0.7667
2024-09-21 00:07:02,085 v1.py iterate [line:121] INFO Round 3, Client 46: Local Acc=0.1616, Global Acc=0.1000, Grad Norm=2.3147, Normalized Score=0.9002
2024-09-21 00:07:02,168 v1.py iterate [line:121] INFO Round 3, Client 47: Local Acc=0.1212, Global Acc=0.1000, Grad Norm=2.2287, Normalized Score=0.6179
2024-09-21 00:07:02,227 v1.py iterate [line:121] INFO Round 3, Client 48: Local Acc=0.1515, Global Acc=0.1000, Grad Norm=2.2559, Normalized Score=0.8548
2024-09-21 00:07:02,264 v1.py iterate [line:121] INFO Round 3, Client 49: Local Acc=0.1414, Global Acc=0.1000, Grad Norm=2.3526, Normalized Score=0.7127
2024-09-21 00:07:02,264 v1.py aggregate [line:140] INFO Round 3, Client 0: Aggregation Weight=0.0000
2024-09-21 00:07:02,264 v1.py aggregate [line:140] INFO Round 3, Client 1: Aggregation Weight=0.0093
2024-09-21 00:07:02,264 v1.py aggregate [line:140] INFO Round 3, Client 2: Aggregation Weight=0.0046
2024-09-21 00:07:02,264 v1.py aggregate [line:140] INFO Round 3, Client 3: Aggregation Weight=0.0315
2024-09-21 00:07:02,264 v1.py aggregate [line:140] INFO Round 3, Client 4: Aggregation Weight=0.0017
2024-09-21 00:07:02,264 v1.py aggregate [line:140] INFO Round 3, Client 5: Aggregation Weight=0.0448
2024-09-21 00:07:02,265 v1.py aggregate [line:140] INFO Round 3, Client 6: Aggregation Weight=0.0356
2024-09-21 00:07:02,265 v1.py aggregate [line:140] INFO Round 3, Client 7: Aggregation Weight=0.0228
2024-09-21 00:07:02,265 v1.py aggregate [line:140] INFO Round 3, Client 8: Aggregation Weight=0.0091
2024-09-21 00:07:02,265 v1.py aggregate [line:140] INFO Round 3, Client 9: Aggregation Weight=0.0107
2024-09-21 00:07:02,265 v1.py aggregate [line:140] INFO Round 3, Client 10: Aggregation Weight=0.0037
2024-09-21 00:07:02,265 v1.py aggregate [line:140] INFO Round 3, Client 11: Aggregation Weight=0.0016
2024-09-21 00:07:02,265 v1.py aggregate [line:140] INFO Round 3, Client 12: Aggregation Weight=0.0274
2024-09-21 00:07:02,265 v1.py aggregate [line:140] INFO Round 3, Client 13: Aggregation Weight=0.0113
2024-09-21 00:07:02,265 v1.py aggregate [line:140] INFO Round 3, Client 14: Aggregation Weight=0.0124
2024-09-21 00:07:02,265 v1.py aggregate [line:140] INFO Round 3, Client 15: Aggregation Weight=0.0286
2024-09-21 00:07:02,266 v1.py aggregate [line:140] INFO Round 3, Client 16: Aggregation Weight=0.0137
2024-09-21 00:07:02,266 v1.py aggregate [line:140] INFO Round 3, Client 17: Aggregation Weight=0.0175
2024-09-21 00:07:02,266 v1.py aggregate [line:140] INFO Round 3, Client 18: Aggregation Weight=0.0002
2024-09-21 00:07:02,266 v1.py aggregate [line:140] INFO Round 3, Client 19: Aggregation Weight=0.0295
2024-09-21 00:07:02,266 v1.py aggregate [line:140] INFO Round 3, Client 20: Aggregation Weight=0.0070
2024-09-21 00:07:02,266 v1.py aggregate [line:140] INFO Round 3, Client 21: Aggregation Weight=0.0109
2024-09-21 00:07:02,266 v1.py aggregate [line:140] INFO Round 3, Client 22: Aggregation Weight=0.0196
2024-09-21 00:07:02,266 v1.py aggregate [line:140] INFO Round 3, Client 23: Aggregation Weight=0.0245
2024-09-21 00:07:02,266 v1.py aggregate [line:140] INFO Round 3, Client 24: Aggregation Weight=0.0306
2024-09-21 00:07:02,267 v1.py aggregate [line:140] INFO Round 3, Client 25: Aggregation Weight=0.0245
2024-09-21 00:07:02,267 v1.py aggregate [line:140] INFO Round 3, Client 26: Aggregation Weight=0.0285
2024-09-21 00:07:02,267 v1.py aggregate [line:140] INFO Round 3, Client 27: Aggregation Weight=0.0244
2024-09-21 00:07:02,267 v1.py aggregate [line:140] INFO Round 3, Client 28: Aggregation Weight=0.0255
2024-09-21 00:07:02,267 v1.py aggregate [line:140] INFO Round 3, Client 29: Aggregation Weight=0.0383
2024-09-21 00:07:02,267 v1.py aggregate [line:140] INFO Round 3, Client 30: Aggregation Weight=0.0339
2024-09-21 00:07:02,267 v1.py aggregate [line:140] INFO Round 3, Client 31: Aggregation Weight=0.0130
2024-09-21 00:07:02,267 v1.py aggregate [line:140] INFO Round 3, Client 32: Aggregation Weight=0.0101
2024-09-21 00:07:02,267 v1.py aggregate [line:140] INFO Round 3, Client 33: Aggregation Weight=0.0109
2024-09-21 00:07:02,268 v1.py aggregate [line:140] INFO Round 3, Client 34: Aggregation Weight=0.0115
2024-09-21 00:07:02,268 v1.py aggregate [line:140] INFO Round 3, Client 35: Aggregation Weight=0.0098
2024-09-21 00:07:02,268 v1.py aggregate [line:140] INFO Round 3, Client 36: Aggregation Weight=0.0015
2024-09-21 00:07:02,268 v1.py aggregate [line:140] INFO Round 3, Client 37: Aggregation Weight=0.0244
2024-09-21 00:07:02,268 v1.py aggregate [line:140] INFO Round 3, Client 38: Aggregation Weight=0.0157
2024-09-21 00:07:02,268 v1.py aggregate [line:140] INFO Round 3, Client 39: Aggregation Weight=0.0257
2024-09-21 00:07:02,268 v1.py aggregate [line:140] INFO Round 3, Client 40: Aggregation Weight=0.0166
2024-09-21 00:07:02,268 v1.py aggregate [line:140] INFO Round 3, Client 41: Aggregation Weight=0.0332
2024-09-21 00:07:02,268 v1.py aggregate [line:140] INFO Round 3, Client 42: Aggregation Weight=0.0205
2024-09-21 00:07:02,269 v1.py aggregate [line:140] INFO Round 3, Client 43: Aggregation Weight=0.0187
2024-09-21 00:07:02,269 v1.py aggregate [line:140] INFO Round 3, Client 44: Aggregation Weight=0.0323
2024-09-21 00:07:02,269 v1.py aggregate [line:140] INFO Round 3, Client 45: Aggregation Weight=0.0343
2024-09-21 00:07:02,269 v1.py aggregate [line:140] INFO Round 3, Client 46: Aggregation Weight=0.0403
2024-09-21 00:07:02,269 v1.py aggregate [line:140] INFO Round 3, Client 47: Aggregation Weight=0.0277
2024-09-21 00:07:02,269 v1.py aggregate [line:140] INFO Round 3, Client 48: Aggregation Weight=0.0383
2024-09-21 00:07:02,270 v1.py aggregate [line:140] INFO Round 3, Client 49: Aggregation Weight=0.0319
2024-09-21 00:07:02,270 v1.py aggregate [line:143] INFO Round 3: Total Aggregation Weight=1.0000
2024-09-21 00:07:02,307 fedbase.py run [line:300] INFO --------------Round 3--------------
2024-09-21 00:07:02,307 simple_logger.py log_once [line:14] INFO Current_time:3
2024-09-21 00:07:07,461 simple_logger.py log_once [line:28] INFO test_accuracy                 0.1000
2024-09-21 00:07:07,461 simple_logger.py log_once [line:28] INFO test_loss                     2.3045
2024-09-21 00:07:07,461 simple_logger.py log_once [line:28] INFO val_accuracy                  0.0981
2024-09-21 00:07:07,461 simple_logger.py log_once [line:28] INFO mean_val_accuracy             0.0980
2024-09-21 00:07:07,461 simple_logger.py log_once [line:28] INFO std_val_accuracy              0.0446
2024-09-21 00:07:07,461 simple_logger.py log_once [line:28] INFO val_loss                      2.3040
2024-09-21 00:07:07,462 simple_logger.py log_once [line:28] INFO mean_val_loss                 2.3040
2024-09-21 00:07:07,462 simple_logger.py log_once [line:28] INFO std_val_loss                  0.0096
2024-09-21 00:07:07,478 fedbase.py run [line:305] INFO Eval Time Cost:               5.1712s
2024-09-21 00:07:07,479 v1.py iterate [line:69] INFO Round 4 started
2024-09-21 00:07:07,479 v1.py iterate [line:73] INFO Round 4: Current weights - w1: 0.5000, w2: 0.5000
2024-09-21 00:07:07,479 v1.py sample [line:59] INFO Round 4: Committee clients selected - [0, 1, 2, 3, 4, 5, 6, 7, 8, 9, 10, 11, 12, 13, 14]
2024-09-21 00:07:07,479 v1.py sample [line:61] INFO Round 4: Normal clients selected - [15, 16, 17, 18, 19, 20, 21, 22, 23, 24, 25, 26, 27, 28, 29, 30, 31, 32, 33, 34, 35, 36, 37, 38, 39, 40, 41, 42, 43, 44, 45, 46, 47, 48, 49]
2024-09-21 00:07:07,479 v1.py sample [line:63] INFO Round 4: All selected clients - [0, 1, 2, 3, 4, 5, 6, 7, 8, 9, 10, 11, 12, 13, 14, 15, 16, 17, 18, 19, 20, 21, 22, 23, 24, 25, 26, 27, 28, 29, 30, 31, 32, 33, 34, 35, 36, 37, 38, 39, 40, 41, 42, 43, 44, 45, 46, 47, 48, 49]
2024-09-21 00:09:18,578 v1.py iterate [line:121] INFO Round 4, Client 0: Local Acc=0.0500, Global Acc=0.1000, Grad Norm=2.2020, Normalized Score=0.0032
2024-09-21 00:09:18,612 v1.py iterate [line:121] INFO Round 4, Client 1: Local Acc=0.0700, Global Acc=0.1000, Grad Norm=2.2050, Normalized Score=0.1271
2024-09-21 00:09:18,651 v1.py iterate [line:121] INFO Round 4, Client 2: Local Acc=0.1200, Global Acc=0.1000, Grad Norm=2.1782, Normalized Score=0.4504
2024-09-21 00:09:18,687 v1.py iterate [line:121] INFO Round 4, Client 3: Local Acc=0.1100, Global Acc=0.1000, Grad Norm=2.1081, Normalized Score=0.4173
2024-09-21 00:09:18,723 v1.py iterate [line:121] INFO Round 4, Client 4: Local Acc=0.1300, Global Acc=0.1000, Grad Norm=2.1544, Normalized Score=0.5241
2024-09-21 00:09:18,758 v1.py iterate [line:121] INFO Round 4, Client 5: Local Acc=0.1400, Global Acc=0.1000, Grad Norm=1.9926, Normalized Score=0.6697
2024-09-21 00:09:18,796 v1.py iterate [line:121] INFO Round 4, Client 6: Local Acc=0.0707, Global Acc=0.1000, Grad Norm=2.2035, Normalized Score=0.1320
2024-09-21 00:09:18,834 v1.py iterate [line:121] INFO Round 4, Client 7: Local Acc=0.1111, Global Acc=0.1000, Grad Norm=2.2695, Normalized Score=0.3574
2024-09-21 00:09:18,869 v1.py iterate [line:121] INFO Round 4, Client 8: Local Acc=0.1010, Global Acc=0.1000, Grad Norm=2.2050, Normalized Score=0.3204
2024-09-21 00:09:18,904 v1.py iterate [line:121] INFO Round 4, Client 9: Local Acc=0.0808, Global Acc=0.1000, Grad Norm=2.2849, Normalized Score=0.1670
2024-09-21 00:09:18,941 v1.py iterate [line:121] INFO Round 4, Client 10: Local Acc=0.0606, Global Acc=0.1000, Grad Norm=2.2456, Normalized Score=0.0559
2024-09-21 00:09:18,976 v1.py iterate [line:121] INFO Round 4, Client 11: Local Acc=0.1111, Global Acc=0.1000, Grad Norm=2.0882, Normalized Score=0.4332
2024-09-21 00:09:19,011 v1.py iterate [line:121] INFO Round 4, Client 12: Local Acc=0.0909, Global Acc=0.1000, Grad Norm=2.1780, Normalized Score=0.2675
2024-09-21 00:09:19,076 v1.py iterate [line:121] INFO Round 4, Client 13: Local Acc=0.0707, Global Acc=0.1000, Grad Norm=2.2624, Normalized Score=0.1127
2024-09-21 00:09:19,152 v1.py iterate [line:121] INFO Round 4, Client 14: Local Acc=0.0808, Global Acc=0.1000, Grad Norm=2.2293, Normalized Score=0.1860
2024-09-21 00:09:19,233 v1.py iterate [line:121] INFO Round 4, Client 15: Local Acc=0.1111, Global Acc=0.1000, Grad Norm=2.2017, Normalized Score=0.3847
2024-09-21 00:09:19,291 v1.py iterate [line:121] INFO Round 4, Client 16: Local Acc=0.1010, Global Acc=0.1000, Grad Norm=2.2047, Normalized Score=0.3205
2024-09-21 00:09:19,368 v1.py iterate [line:121] INFO Round 4, Client 17: Local Acc=0.2020, Global Acc=0.1000, Grad Norm=2.1224, Normalized Score=1.0000
2024-09-21 00:09:19,431 v1.py iterate [line:121] INFO Round 4, Client 18: Local Acc=0.0808, Global Acc=0.1000, Grad Norm=2.1967, Normalized Score=0.1973
2024-09-21 00:09:19,468 v1.py iterate [line:121] INFO Round 4, Client 19: Local Acc=0.1111, Global Acc=0.1000, Grad Norm=1.9927, Normalized Score=0.4768
2024-09-21 00:09:19,504 v1.py iterate [line:121] INFO Round 4, Client 20: Local Acc=0.0909, Global Acc=0.1000, Grad Norm=2.2420, Normalized Score=0.2438
2024-09-21 00:09:19,539 v1.py iterate [line:121] INFO Round 4, Client 21: Local Acc=0.1212, Global Acc=0.1000, Grad Norm=2.2677, Normalized Score=0.4199
2024-09-21 00:09:19,575 v1.py iterate [line:121] INFO Round 4, Client 22: Local Acc=0.0606, Global Acc=0.1000, Grad Norm=2.1732, Normalized Score=0.0785
2024-09-21 00:09:19,647 v1.py iterate [line:121] INFO Round 4, Client 23: Local Acc=0.1313, Global Acc=0.1000, Grad Norm=2.1905, Normalized Score=0.5159
2024-09-21 00:09:19,715 v1.py iterate [line:121] INFO Round 4, Client 24: Local Acc=0.0707, Global Acc=0.1000, Grad Norm=2.1773, Normalized Score=0.1407
2024-09-21 00:09:19,749 v1.py iterate [line:121] INFO Round 4, Client 25: Local Acc=0.0808, Global Acc=0.1000, Grad Norm=2.2229, Normalized Score=0.1882
2024-09-21 00:09:19,784 v1.py iterate [line:121] INFO Round 4, Client 26: Local Acc=0.0808, Global Acc=0.1000, Grad Norm=2.0822, Normalized Score=0.2393
2024-09-21 00:09:19,819 v1.py iterate [line:121] INFO Round 4, Client 27: Local Acc=0.1111, Global Acc=0.1000, Grad Norm=2.2134, Normalized Score=0.3800
2024-09-21 00:09:19,853 v1.py iterate [line:121] INFO Round 4, Client 28: Local Acc=0.1111, Global Acc=0.1000, Grad Norm=1.9935, Normalized Score=0.4764
2024-09-21 00:09:19,898 v1.py iterate [line:121] INFO Round 4, Client 29: Local Acc=0.1111, Global Acc=0.1000, Grad Norm=2.1026, Normalized Score=0.4268
2024-09-21 00:09:19,986 v1.py iterate [line:121] INFO Round 4, Client 30: Local Acc=0.0909, Global Acc=0.1000, Grad Norm=2.1718, Normalized Score=0.2699
2024-09-21 00:09:20,035 v1.py iterate [line:121] INFO Round 4, Client 31: Local Acc=0.0808, Global Acc=0.1000, Grad Norm=2.1909, Normalized Score=0.1994
2024-09-21 00:09:20,070 v1.py iterate [line:121] INFO Round 4, Client 32: Local Acc=0.0707, Global Acc=0.1000, Grad Norm=2.1055, Normalized Score=0.1656
2024-09-21 00:09:20,105 v1.py iterate [line:121] INFO Round 4, Client 33: Local Acc=0.1010, Global Acc=0.1000, Grad Norm=2.2438, Normalized Score=0.3054
2024-09-21 00:09:20,138 v1.py iterate [line:121] INFO Round 4, Client 34: Local Acc=0.1212, Global Acc=0.1000, Grad Norm=2.2778, Normalized Score=0.4157
2024-09-21 00:09:20,172 v1.py iterate [line:121] INFO Round 4, Client 35: Local Acc=0.0707, Global Acc=0.1000, Grad Norm=2.1261, Normalized Score=0.1583
2024-09-21 00:09:20,246 v1.py iterate [line:121] INFO Round 4, Client 36: Local Acc=0.0909, Global Acc=0.1000, Grad Norm=2.1820, Normalized Score=0.2660
2024-09-21 00:09:20,302 v1.py iterate [line:121] INFO Round 4, Client 37: Local Acc=0.0909, Global Acc=0.1000, Grad Norm=2.1882, Normalized Score=0.2637
2024-09-21 00:09:20,377 v1.py iterate [line:121] INFO Round 4, Client 38: Local Acc=0.1111, Global Acc=0.1000, Grad Norm=2.1978, Normalized Score=0.3863
2024-09-21 00:09:20,410 v1.py iterate [line:121] INFO Round 4, Client 39: Local Acc=0.0404, Global Acc=0.1000, Grad Norm=2.0075, Normalized Score=0.0000
2024-09-21 00:09:20,444 v1.py iterate [line:121] INFO Round 4, Client 40: Local Acc=0.0909, Global Acc=0.1000, Grad Norm=2.2049, Normalized Score=0.2575
2024-09-21 00:09:20,481 v1.py iterate [line:121] INFO Round 4, Client 41: Local Acc=0.1010, Global Acc=0.1000, Grad Norm=2.1183, Normalized Score=0.3552
2024-09-21 00:09:20,517 v1.py iterate [line:121] INFO Round 4, Client 42: Local Acc=0.1616, Global Acc=0.1000, Grad Norm=2.1825, Normalized Score=0.7098
2024-09-21 00:09:20,551 v1.py iterate [line:121] INFO Round 4, Client 43: Local Acc=0.0808, Global Acc=0.1000, Grad Norm=2.2866, Normalized Score=0.1664
2024-09-21 00:09:20,586 v1.py iterate [line:121] INFO Round 4, Client 44: Local Acc=0.1010, Global Acc=0.1000, Grad Norm=2.0834, Normalized Score=0.3698
2024-09-21 00:09:20,621 v1.py iterate [line:121] INFO Round 4, Client 45: Local Acc=0.1010, Global Acc=0.1000, Grad Norm=2.0030, Normalized Score=0.4047
2024-09-21 00:09:20,659 v1.py iterate [line:121] INFO Round 4, Client 46: Local Acc=0.1111, Global Acc=0.1000, Grad Norm=2.2654, Normalized Score=0.3590
2024-09-21 00:09:20,727 v1.py iterate [line:121] INFO Round 4, Client 47: Local Acc=0.1212, Global Acc=0.1000, Grad Norm=2.1747, Normalized Score=0.4595
2024-09-21 00:09:20,762 v1.py iterate [line:121] INFO Round 4, Client 48: Local Acc=0.1313, Global Acc=0.1000, Grad Norm=2.1753, Normalized Score=0.5228
2024-09-21 00:09:20,795 v1.py iterate [line:121] INFO Round 4, Client 49: Local Acc=0.0909, Global Acc=0.1000, Grad Norm=2.2009, Normalized Score=0.2589
2024-09-21 00:09:20,795 v1.py aggregate [line:140] INFO Round 4, Client 0: Aggregation Weight=0.0002
2024-09-21 00:09:20,796 v1.py aggregate [line:140] INFO Round 4, Client 1: Aggregation Weight=0.0079
2024-09-21 00:09:20,796 v1.py aggregate [line:140] INFO Round 4, Client 2: Aggregation Weight=0.0281
2024-09-21 00:09:20,796 v1.py aggregate [line:140] INFO Round 4, Client 3: Aggregation Weight=0.0261
2024-09-21 00:09:20,796 v1.py aggregate [line:140] INFO Round 4, Client 4: Aggregation Weight=0.0327
2024-09-21 00:09:20,796 v1.py aggregate [line:140] INFO Round 4, Client 5: Aggregation Weight=0.0418
2024-09-21 00:09:20,796 v1.py aggregate [line:140] INFO Round 4, Client 6: Aggregation Weight=0.0082
2024-09-21 00:09:20,796 v1.py aggregate [line:140] INFO Round 4, Client 7: Aggregation Weight=0.0223
2024-09-21 00:09:20,796 v1.py aggregate [line:140] INFO Round 4, Client 8: Aggregation Weight=0.0200
2024-09-21 00:09:20,796 v1.py aggregate [line:140] INFO Round 4, Client 9: Aggregation Weight=0.0104
2024-09-21 00:09:20,797 v1.py aggregate [line:140] INFO Round 4, Client 10: Aggregation Weight=0.0035
2024-09-21 00:09:20,797 v1.py aggregate [line:140] INFO Round 4, Client 11: Aggregation Weight=0.0271
2024-09-21 00:09:20,797 v1.py aggregate [line:140] INFO Round 4, Client 12: Aggregation Weight=0.0167
2024-09-21 00:09:20,797 v1.py aggregate [line:140] INFO Round 4, Client 13: Aggregation Weight=0.0070
2024-09-21 00:09:20,797 v1.py aggregate [line:140] INFO Round 4, Client 14: Aggregation Weight=0.0116
2024-09-21 00:09:20,797 v1.py aggregate [line:140] INFO Round 4, Client 15: Aggregation Weight=0.0240
2024-09-21 00:09:20,797 v1.py aggregate [line:140] INFO Round 4, Client 16: Aggregation Weight=0.0200
2024-09-21 00:09:20,797 v1.py aggregate [line:140] INFO Round 4, Client 17: Aggregation Weight=0.0625
2024-09-21 00:09:20,797 v1.py aggregate [line:140] INFO Round 4, Client 18: Aggregation Weight=0.0123
2024-09-21 00:09:20,797 v1.py aggregate [line:140] INFO Round 4, Client 19: Aggregation Weight=0.0298
2024-09-21 00:09:20,798 v1.py aggregate [line:140] INFO Round 4, Client 20: Aggregation Weight=0.0152
2024-09-21 00:09:20,798 v1.py aggregate [line:140] INFO Round 4, Client 21: Aggregation Weight=0.0262
2024-09-21 00:09:20,798 v1.py aggregate [line:140] INFO Round 4, Client 22: Aggregation Weight=0.0049
2024-09-21 00:09:20,798 v1.py aggregate [line:140] INFO Round 4, Client 23: Aggregation Weight=0.0322
2024-09-21 00:09:20,798 v1.py aggregate [line:140] INFO Round 4, Client 24: Aggregation Weight=0.0088
2024-09-21 00:09:20,798 v1.py aggregate [line:140] INFO Round 4, Client 25: Aggregation Weight=0.0118
2024-09-21 00:09:20,798 v1.py aggregate [line:140] INFO Round 4, Client 26: Aggregation Weight=0.0150
2024-09-21 00:09:20,798 v1.py aggregate [line:140] INFO Round 4, Client 27: Aggregation Weight=0.0237
2024-09-21 00:09:20,798 v1.py aggregate [line:140] INFO Round 4, Client 28: Aggregation Weight=0.0298
2024-09-21 00:09:20,799 v1.py aggregate [line:140] INFO Round 4, Client 29: Aggregation Weight=0.0267
2024-09-21 00:09:20,799 v1.py aggregate [line:140] INFO Round 4, Client 30: Aggregation Weight=0.0169
2024-09-21 00:09:20,799 v1.py aggregate [line:140] INFO Round 4, Client 31: Aggregation Weight=0.0125
2024-09-21 00:09:20,799 v1.py aggregate [line:140] INFO Round 4, Client 32: Aggregation Weight=0.0103
2024-09-21 00:09:20,799 v1.py aggregate [line:140] INFO Round 4, Client 33: Aggregation Weight=0.0191
2024-09-21 00:09:20,799 v1.py aggregate [line:140] INFO Round 4, Client 34: Aggregation Weight=0.0260
2024-09-21 00:09:20,799 v1.py aggregate [line:140] INFO Round 4, Client 35: Aggregation Weight=0.0099
2024-09-21 00:09:20,799 v1.py aggregate [line:140] INFO Round 4, Client 36: Aggregation Weight=0.0166
2024-09-21 00:09:20,799 v1.py aggregate [line:140] INFO Round 4, Client 37: Aggregation Weight=0.0165
2024-09-21 00:09:20,800 v1.py aggregate [line:140] INFO Round 4, Client 38: Aggregation Weight=0.0241
2024-09-21 00:09:20,800 v1.py aggregate [line:140] INFO Round 4, Client 39: Aggregation Weight=0.0000
2024-09-21 00:09:20,800 v1.py aggregate [line:140] INFO Round 4, Client 40: Aggregation Weight=0.0161
2024-09-21 00:09:20,800 v1.py aggregate [line:140] INFO Round 4, Client 41: Aggregation Weight=0.0222
2024-09-21 00:09:20,800 v1.py aggregate [line:140] INFO Round 4, Client 42: Aggregation Weight=0.0443
2024-09-21 00:09:20,800 v1.py aggregate [line:140] INFO Round 4, Client 43: Aggregation Weight=0.0104
2024-09-21 00:09:20,800 v1.py aggregate [line:140] INFO Round 4, Client 44: Aggregation Weight=0.0231
2024-09-21 00:09:20,800 v1.py aggregate [line:140] INFO Round 4, Client 45: Aggregation Weight=0.0253
2024-09-21 00:09:20,801 v1.py aggregate [line:140] INFO Round 4, Client 46: Aggregation Weight=0.0224
2024-09-21 00:09:20,801 v1.py aggregate [line:140] INFO Round 4, Client 47: Aggregation Weight=0.0287
2024-09-21 00:09:20,801 v1.py aggregate [line:140] INFO Round 4, Client 48: Aggregation Weight=0.0327
2024-09-21 00:09:20,801 v1.py aggregate [line:140] INFO Round 4, Client 49: Aggregation Weight=0.0162
2024-09-21 00:09:20,801 v1.py aggregate [line:143] INFO Round 4: Total Aggregation Weight=1.0000
2024-09-21 00:09:20,834 fedbase.py run [line:300] INFO --------------Round 4--------------
2024-09-21 00:09:20,834 simple_logger.py log_once [line:14] INFO Current_time:4
2024-09-21 00:09:25,715 simple_logger.py log_once [line:28] INFO test_accuracy                 0.1000
2024-09-21 00:09:25,715 simple_logger.py log_once [line:28] INFO test_loss                     2.3058
2024-09-21 00:09:25,715 simple_logger.py log_once [line:28] INFO val_accuracy                  0.1023
2024-09-21 00:09:25,715 simple_logger.py log_once [line:28] INFO mean_val_accuracy             0.1023
2024-09-21 00:09:25,715 simple_logger.py log_once [line:28] INFO std_val_accuracy              0.0436
2024-09-21 00:09:25,715 simple_logger.py log_once [line:28] INFO val_loss                      2.3053
2024-09-21 00:09:25,715 simple_logger.py log_once [line:28] INFO mean_val_loss                 2.3053
2024-09-21 00:09:25,716 simple_logger.py log_once [line:28] INFO std_val_loss                  0.0124
2024-09-21 00:09:25,721 fedbase.py run [line:305] INFO Eval Time Cost:               4.8870s
2024-09-21 00:09:25,721 v1.py iterate [line:69] INFO Round 5 started
2024-09-21 00:09:25,721 v1.py iterate [line:73] INFO Round 5: Current weights - w1: 0.5000, w2: 0.5000
2024-09-21 00:09:25,722 v1.py sample [line:59] INFO Round 5: Committee clients selected - [0, 1, 2, 3, 4, 5, 6, 7, 8, 9, 10, 11, 12, 13, 14]
2024-09-21 00:09:25,722 v1.py sample [line:61] INFO Round 5: Normal clients selected - [15, 16, 17, 18, 19, 20, 21, 22, 23, 24, 25, 26, 27, 28, 29, 30, 31, 32, 33, 34, 35, 36, 37, 38, 39, 40, 41, 42, 43, 44, 45, 46, 47, 48, 49]
2024-09-21 00:09:25,722 v1.py sample [line:63] INFO Round 5: All selected clients - [0, 1, 2, 3, 4, 5, 6, 7, 8, 9, 10, 11, 12, 13, 14, 15, 16, 17, 18, 19, 20, 21, 22, 23, 24, 25, 26, 27, 28, 29, 30, 31, 32, 33, 34, 35, 36, 37, 38, 39, 40, 41, 42, 43, 44, 45, 46, 47, 48, 49]
2024-09-21 00:11:37,999 v1.py iterate [line:121] INFO Round 5, Client 0: Local Acc=0.1100, Global Acc=0.1000, Grad Norm=2.2749, Normalized Score=0.4145
2024-09-21 00:11:38,079 v1.py iterate [line:121] INFO Round 5, Client 1: Local Acc=0.1600, Global Acc=0.1000, Grad Norm=2.2642, Normalized Score=0.7264
2024-09-21 00:11:38,152 v1.py iterate [line:121] INFO Round 5, Client 2: Local Acc=0.0600, Global Acc=0.1000, Grad Norm=2.1570, Normalized Score=0.1444
2024-09-21 00:11:38,201 v1.py iterate [line:121] INFO Round 5, Client 3: Local Acc=0.0800, Global Acc=0.1000, Grad Norm=2.0691, Normalized Score=0.3045
2024-09-21 00:11:38,236 v1.py iterate [line:121] INFO Round 5, Client 4: Local Acc=0.1300, Global Acc=0.1000, Grad Norm=1.9414, Normalized Score=0.6971
2024-09-21 00:11:38,276 v1.py iterate [line:121] INFO Round 5, Client 5: Local Acc=0.1000, Global Acc=0.1000, Grad Norm=2.0632, Normalized Score=0.4379
2024-09-21 00:11:38,329 v1.py iterate [line:121] INFO Round 5, Client 6: Local Acc=0.1010, Global Acc=0.1000, Grad Norm=2.2384, Normalized Score=0.3732
2024-09-21 00:11:38,400 v1.py iterate [line:121] INFO Round 5, Client 7: Local Acc=0.1414, Global Acc=0.1000, Grad Norm=2.1850, Normalized Score=0.6490
2024-09-21 00:11:38,438 v1.py iterate [line:121] INFO Round 5, Client 8: Local Acc=0.1212, Global Acc=0.1000, Grad Norm=2.0527, Normalized Score=0.5820
2024-09-21 00:11:38,474 v1.py iterate [line:121] INFO Round 5, Client 9: Local Acc=0.0808, Global Acc=0.1000, Grad Norm=2.2252, Normalized Score=0.2524
2024-09-21 00:11:38,510 v1.py iterate [line:121] INFO Round 5, Client 10: Local Acc=0.1010, Global Acc=0.1000, Grad Norm=2.2298, Normalized Score=0.3765
2024-09-21 00:11:38,567 v1.py iterate [line:121] INFO Round 5, Client 11: Local Acc=0.1212, Global Acc=0.1000, Grad Norm=2.0836, Normalized Score=0.5674
2024-09-21 00:11:38,638 v1.py iterate [line:121] INFO Round 5, Client 12: Local Acc=0.0707, Global Acc=0.1000, Grad Norm=2.1709, Normalized Score=0.2078
2024-09-21 00:11:38,712 v1.py iterate [line:121] INFO Round 5, Client 13: Local Acc=0.1212, Global Acc=0.1000, Grad Norm=2.1862, Normalized Score=0.5210
2024-09-21 00:11:38,781 v1.py iterate [line:121] INFO Round 5, Client 14: Local Acc=0.0404, Global Acc=0.1000, Grad Norm=2.2281, Normalized Score=0.0000
2024-09-21 00:11:38,860 v1.py iterate [line:121] INFO Round 5, Client 15: Local Acc=0.1616, Global Acc=0.1000, Grad Norm=2.0444, Normalized Score=0.8526
2024-09-21 00:11:38,903 v1.py iterate [line:121] INFO Round 5, Client 16: Local Acc=0.1212, Global Acc=0.1000, Grad Norm=2.2802, Normalized Score=0.4810
2024-09-21 00:11:38,938 v1.py iterate [line:121] INFO Round 5, Client 17: Local Acc=0.1717, Global Acc=0.1000, Grad Norm=1.9132, Normalized Score=1.0000
2024-09-21 00:11:38,977 v1.py iterate [line:121] INFO Round 5, Client 18: Local Acc=0.0707, Global Acc=0.1000, Grad Norm=2.2633, Normalized Score=0.1771
2024-09-21 00:11:39,024 v1.py iterate [line:121] INFO Round 5, Client 19: Local Acc=0.1313, Global Acc=0.1000, Grad Norm=2.0720, Normalized Score=0.6389
2024-09-21 00:11:39,098 v1.py iterate [line:121] INFO Round 5, Client 20: Local Acc=0.0909, Global Acc=0.1000, Grad Norm=2.2381, Normalized Score=0.3107
2024-09-21 00:11:39,144 v1.py iterate [line:121] INFO Round 5, Client 21: Local Acc=0.0909, Global Acc=0.1000, Grad Norm=2.2047, Normalized Score=0.3230
2024-09-21 00:11:39,180 v1.py iterate [line:121] INFO Round 5, Client 22: Local Acc=0.0606, Global Acc=0.1000, Grad Norm=2.1928, Normalized Score=0.1368
2024-09-21 00:11:39,216 v1.py iterate [line:121] INFO Round 5, Client 23: Local Acc=0.0909, Global Acc=0.1000, Grad Norm=2.0506, Normalized Score=0.3834
2024-09-21 00:11:39,260 v1.py iterate [line:121] INFO Round 5, Client 24: Local Acc=0.0808, Global Acc=0.1000, Grad Norm=2.2643, Normalized Score=0.2390
2024-09-21 00:11:39,325 v1.py iterate [line:121] INFO Round 5, Client 25: Local Acc=0.1111, Global Acc=0.1000, Grad Norm=2.2662, Normalized Score=0.4247
2024-09-21 00:11:39,397 v1.py iterate [line:121] INFO Round 5, Client 26: Local Acc=0.1212, Global Acc=0.1000, Grad Norm=2.0914, Normalized Score=0.5638
2024-09-21 00:11:39,488 v1.py iterate [line:121] INFO Round 5, Client 27: Local Acc=0.1111, Global Acc=0.1000, Grad Norm=2.2262, Normalized Score=0.4408
2024-09-21 00:11:39,548 v1.py iterate [line:121] INFO Round 5, Client 28: Local Acc=0.1313, Global Acc=0.1000, Grad Norm=2.0705, Normalized Score=0.6396
2024-09-21 00:11:39,584 v1.py iterate [line:121] INFO Round 5, Client 29: Local Acc=0.0404, Global Acc=0.1000, Grad Norm=1.9182, Normalized Score=0.0928
2024-09-21 00:11:39,622 v1.py iterate [line:121] INFO Round 5, Client 30: Local Acc=0.0808, Global Acc=0.1000, Grad Norm=2.2584, Normalized Score=0.2410
2024-09-21 00:11:39,656 v1.py iterate [line:121] INFO Round 5, Client 31: Local Acc=0.0909, Global Acc=0.1000, Grad Norm=2.0607, Normalized Score=0.3793
2024-09-21 00:11:39,692 v1.py iterate [line:121] INFO Round 5, Client 32: Local Acc=0.0808, Global Acc=0.1000, Grad Norm=1.9437, Normalized Score=0.3601
2024-09-21 00:11:39,779 v1.py iterate [line:121] INFO Round 5, Client 33: Local Acc=0.1111, Global Acc=0.1000, Grad Norm=2.2395, Normalized Score=0.4354
2024-09-21 00:11:39,856 v1.py iterate [line:121] INFO Round 5, Client 34: Local Acc=0.0808, Global Acc=0.1000, Grad Norm=2.1787, Normalized Score=0.2689
2024-09-21 00:11:39,927 v1.py iterate [line:121] INFO Round 5, Client 35: Local Acc=0.0707, Global Acc=0.1000, Grad Norm=2.0848, Normalized Score=0.2379
2024-09-21 00:11:39,962 v1.py iterate [line:121] INFO Round 5, Client 36: Local Acc=0.1212, Global Acc=0.1000, Grad Norm=2.2170, Normalized Score=0.5076
2024-09-21 00:11:39,996 v1.py iterate [line:121] INFO Round 5, Client 37: Local Acc=0.1515, Global Acc=0.1000, Grad Norm=2.2823, Normalized Score=0.6656
2024-09-21 00:11:40,055 v1.py iterate [line:121] INFO Round 5, Client 38: Local Acc=0.1515, Global Acc=0.1000, Grad Norm=2.1417, Normalized Score=0.7345
2024-09-21 00:11:40,113 v1.py iterate [line:121] INFO Round 5, Client 39: Local Acc=0.1414, Global Acc=0.1000, Grad Norm=2.0689, Normalized Score=0.7065
2024-09-21 00:11:40,193 v1.py iterate [line:121] INFO Round 5, Client 40: Local Acc=0.1313, Global Acc=0.1000, Grad Norm=2.2190, Normalized Score=0.5698
2024-09-21 00:11:40,266 v1.py iterate [line:121] INFO Round 5, Client 41: Local Acc=0.1010, Global Acc=0.1000, Grad Norm=1.9315, Normalized Score=0.5037
2024-09-21 00:11:40,320 v1.py iterate [line:121] INFO Round 5, Client 42: Local Acc=0.0808, Global Acc=0.1000, Grad Norm=2.0811, Normalized Score=0.3052
2024-09-21 00:11:40,357 v1.py iterate [line:121] INFO Round 5, Client 43: Local Acc=0.0808, Global Acc=0.1000, Grad Norm=2.1854, Normalized Score=0.2665
2024-09-21 00:11:40,398 v1.py iterate [line:121] INFO Round 5, Client 44: Local Acc=0.1010, Global Acc=0.1000, Grad Norm=2.0826, Normalized Score=0.4362
2024-09-21 00:11:40,437 v1.py iterate [line:121] INFO Round 5, Client 45: Local Acc=0.1111, Global Acc=0.1000, Grad Norm=2.0824, Normalized Score=0.5021
2024-09-21 00:11:40,472 v1.py iterate [line:121] INFO Round 5, Client 46: Local Acc=0.1414, Global Acc=0.1000, Grad Norm=2.2471, Normalized Score=0.6198
2024-09-21 00:11:40,554 v1.py iterate [line:121] INFO Round 5, Client 47: Local Acc=0.1313, Global Acc=0.1000, Grad Norm=2.1688, Normalized Score=0.5927
2024-09-21 00:11:40,612 v1.py iterate [line:121] INFO Round 5, Client 48: Local Acc=0.1111, Global Acc=0.1000, Grad Norm=2.2453, Normalized Score=0.4331
2024-09-21 00:11:40,685 v1.py iterate [line:121] INFO Round 5, Client 49: Local Acc=0.1010, Global Acc=0.1000, Grad Norm=2.2585, Normalized Score=0.3655
2024-09-21 00:11:40,701 v1.py aggregate [line:140] INFO Round 5, Client 0: Aggregation Weight=0.0188
2024-09-21 00:11:40,701 v1.py aggregate [line:140] INFO Round 5, Client 1: Aggregation Weight=0.0329
2024-09-21 00:11:40,701 v1.py aggregate [line:140] INFO Round 5, Client 2: Aggregation Weight=0.0065
2024-09-21 00:11:40,701 v1.py aggregate [line:140] INFO Round 5, Client 3: Aggregation Weight=0.0138
2024-09-21 00:11:40,701 v1.py aggregate [line:140] INFO Round 5, Client 4: Aggregation Weight=0.0316
2024-09-21 00:11:40,701 v1.py aggregate [line:140] INFO Round 5, Client 5: Aggregation Weight=0.0198
2024-09-21 00:11:40,701 v1.py aggregate [line:140] INFO Round 5, Client 6: Aggregation Weight=0.0169
2024-09-21 00:11:40,702 v1.py aggregate [line:140] INFO Round 5, Client 7: Aggregation Weight=0.0294
2024-09-21 00:11:40,702 v1.py aggregate [line:140] INFO Round 5, Client 8: Aggregation Weight=0.0263
2024-09-21 00:11:40,702 v1.py aggregate [line:140] INFO Round 5, Client 9: Aggregation Weight=0.0114
2024-09-21 00:11:40,702 v1.py aggregate [line:140] INFO Round 5, Client 10: Aggregation Weight=0.0170
2024-09-21 00:11:40,702 v1.py aggregate [line:140] INFO Round 5, Client 11: Aggregation Weight=0.0257
2024-09-21 00:11:40,702 v1.py aggregate [line:140] INFO Round 5, Client 12: Aggregation Weight=0.0094
2024-09-21 00:11:40,702 v1.py aggregate [line:140] INFO Round 5, Client 13: Aggregation Weight=0.0236
2024-09-21 00:11:40,702 v1.py aggregate [line:140] INFO Round 5, Client 14: Aggregation Weight=0.0000
2024-09-21 00:11:40,702 v1.py aggregate [line:140] INFO Round 5, Client 15: Aggregation Weight=0.0386
2024-09-21 00:11:40,703 v1.py aggregate [line:140] INFO Round 5, Client 16: Aggregation Weight=0.0218
2024-09-21 00:11:40,703 v1.py aggregate [line:140] INFO Round 5, Client 17: Aggregation Weight=0.0453
2024-09-21 00:11:40,703 v1.py aggregate [line:140] INFO Round 5, Client 18: Aggregation Weight=0.0080
2024-09-21 00:11:40,703 v1.py aggregate [line:140] INFO Round 5, Client 19: Aggregation Weight=0.0289
2024-09-21 00:11:40,703 v1.py aggregate [line:140] INFO Round 5, Client 20: Aggregation Weight=0.0141
2024-09-21 00:11:40,703 v1.py aggregate [line:140] INFO Round 5, Client 21: Aggregation Weight=0.0146
2024-09-21 00:11:40,703 v1.py aggregate [line:140] INFO Round 5, Client 22: Aggregation Weight=0.0062
2024-09-21 00:11:40,703 v1.py aggregate [line:140] INFO Round 5, Client 23: Aggregation Weight=0.0174
2024-09-21 00:11:40,703 v1.py aggregate [line:140] INFO Round 5, Client 24: Aggregation Weight=0.0108
2024-09-21 00:11:40,703 v1.py aggregate [line:140] INFO Round 5, Client 25: Aggregation Weight=0.0192
2024-09-21 00:11:40,704 v1.py aggregate [line:140] INFO Round 5, Client 26: Aggregation Weight=0.0255
2024-09-21 00:11:40,704 v1.py aggregate [line:140] INFO Round 5, Client 27: Aggregation Weight=0.0200
2024-09-21 00:11:40,704 v1.py aggregate [line:140] INFO Round 5, Client 28: Aggregation Weight=0.0290
2024-09-21 00:11:40,704 v1.py aggregate [line:140] INFO Round 5, Client 29: Aggregation Weight=0.0042
2024-09-21 00:11:40,704 v1.py aggregate [line:140] INFO Round 5, Client 30: Aggregation Weight=0.0109
2024-09-21 00:11:40,704 v1.py aggregate [line:140] INFO Round 5, Client 31: Aggregation Weight=0.0172
2024-09-21 00:11:40,704 v1.py aggregate [line:140] INFO Round 5, Client 32: Aggregation Weight=0.0163
2024-09-21 00:11:40,704 v1.py aggregate [line:140] INFO Round 5, Client 33: Aggregation Weight=0.0197
2024-09-21 00:11:40,704 v1.py aggregate [line:140] INFO Round 5, Client 34: Aggregation Weight=0.0122
2024-09-21 00:11:40,705 v1.py aggregate [line:140] INFO Round 5, Client 35: Aggregation Weight=0.0108
2024-09-21 00:11:40,705 v1.py aggregate [line:140] INFO Round 5, Client 36: Aggregation Weight=0.0230
2024-09-21 00:11:40,705 v1.py aggregate [line:140] INFO Round 5, Client 37: Aggregation Weight=0.0301
2024-09-21 00:11:40,705 v1.py aggregate [line:140] INFO Round 5, Client 38: Aggregation Weight=0.0333
2024-09-21 00:11:40,705 v1.py aggregate [line:140] INFO Round 5, Client 39: Aggregation Weight=0.0320
2024-09-21 00:11:40,705 v1.py aggregate [line:140] INFO Round 5, Client 40: Aggregation Weight=0.0258
2024-09-21 00:11:40,705 v1.py aggregate [line:140] INFO Round 5, Client 41: Aggregation Weight=0.0228
2024-09-21 00:11:40,705 v1.py aggregate [line:140] INFO Round 5, Client 42: Aggregation Weight=0.0138
2024-09-21 00:11:40,706 v1.py aggregate [line:140] INFO Round 5, Client 43: Aggregation Weight=0.0121
2024-09-21 00:11:40,706 v1.py aggregate [line:140] INFO Round 5, Client 44: Aggregation Weight=0.0197
2024-09-21 00:11:40,706 v1.py aggregate [line:140] INFO Round 5, Client 45: Aggregation Weight=0.0227
2024-09-21 00:11:40,706 v1.py aggregate [line:140] INFO Round 5, Client 46: Aggregation Weight=0.0281
2024-09-21 00:11:40,706 v1.py aggregate [line:140] INFO Round 5, Client 47: Aggregation Weight=0.0268
2024-09-21 00:11:40,706 v1.py aggregate [line:140] INFO Round 5, Client 48: Aggregation Weight=0.0196
2024-09-21 00:11:40,706 v1.py aggregate [line:140] INFO Round 5, Client 49: Aggregation Weight=0.0165
2024-09-21 00:11:40,706 v1.py aggregate [line:143] INFO Round 5: Total Aggregation Weight=1.0000
2024-09-21 00:11:40,738 fedbase.py run [line:300] INFO --------------Round 5--------------
2024-09-21 00:11:40,738 simple_logger.py log_once [line:14] INFO Current_time:5
2024-09-21 00:11:46,206 simple_logger.py log_once [line:28] INFO test_accuracy                 0.1000
2024-09-21 00:11:46,206 simple_logger.py log_once [line:28] INFO test_loss                     2.3043
2024-09-21 00:11:46,207 simple_logger.py log_once [line:28] INFO val_accuracy                  0.1023
2024-09-21 00:11:46,207 simple_logger.py log_once [line:28] INFO mean_val_accuracy             0.1023
2024-09-21 00:11:46,207 simple_logger.py log_once [line:28] INFO std_val_accuracy              0.0436
2024-09-21 00:11:46,207 simple_logger.py log_once [line:28] INFO val_loss                      2.3039
2024-09-21 00:11:46,207 simple_logger.py log_once [line:28] INFO mean_val_loss                 2.3039
2024-09-21 00:11:46,207 simple_logger.py log_once [line:28] INFO std_val_loss                  0.0094
2024-09-21 00:11:46,215 fedbase.py run [line:305] INFO Eval Time Cost:               5.4765s
2024-09-21 00:11:46,215 v1.py iterate [line:69] INFO Round 6 started
2024-09-21 00:11:46,215 v1.py iterate [line:73] INFO Round 6: Current weights - w1: 0.5000, w2: 0.5000
2024-09-21 00:11:46,216 v1.py sample [line:59] INFO Round 6: Committee clients selected - [0, 1, 2, 3, 4, 5, 6, 7, 8, 9, 10, 11, 12, 13, 14]
2024-09-21 00:11:46,216 v1.py sample [line:61] INFO Round 6: Normal clients selected - [15, 16, 17, 18, 19, 20, 21, 22, 23, 24, 25, 26, 27, 28, 29, 30, 31, 32, 33, 34, 35, 36, 37, 38, 39, 40, 41, 42, 43, 44, 45, 46, 47, 48, 49]
2024-09-21 00:11:46,216 v1.py sample [line:63] INFO Round 6: All selected clients - [0, 1, 2, 3, 4, 5, 6, 7, 8, 9, 10, 11, 12, 13, 14, 15, 16, 17, 18, 19, 20, 21, 22, 23, 24, 25, 26, 27, 28, 29, 30, 31, 32, 33, 34, 35, 36, 37, 38, 39, 40, 41, 42, 43, 44, 45, 46, 47, 48, 49]
2024-09-21 00:14:02,292 v1.py iterate [line:121] INFO Round 6, Client 0: Local Acc=0.0500, Global Acc=0.1000, Grad Norm=2.2378, Normalized Score=0.0000
2024-09-21 00:14:02,353 v1.py iterate [line:121] INFO Round 6, Client 1: Local Acc=0.0800, Global Acc=0.1000, Grad Norm=2.1003, Normalized Score=0.2738
2024-09-21 00:14:02,388 v1.py iterate [line:121] INFO Round 6, Client 2: Local Acc=0.1300, Global Acc=0.1000, Grad Norm=2.1666, Normalized Score=0.6140
2024-09-21 00:14:02,425 v1.py iterate [line:121] INFO Round 6, Client 3: Local Acc=0.1100, Global Acc=0.1000, Grad Norm=2.0761, Normalized Score=0.5121
2024-09-21 00:14:02,459 v1.py iterate [line:121] INFO Round 6, Client 4: Local Acc=0.0600, Global Acc=0.1000, Grad Norm=2.0714, Normalized Score=0.1346
2024-09-21 00:14:02,493 v1.py iterate [line:121] INFO Round 6, Client 5: Local Acc=0.0800, Global Acc=0.1000, Grad Norm=2.0141, Normalized Score=0.3126
2024-09-21 00:14:02,530 v1.py iterate [line:121] INFO Round 6, Client 6: Local Acc=0.1010, Global Acc=0.1000, Grad Norm=2.1674, Normalized Score=0.3999
2024-09-21 00:14:02,568 v1.py iterate [line:121] INFO Round 6, Client 7: Local Acc=0.0909, Global Acc=0.1000, Grad Norm=2.1830, Normalized Score=0.3186
2024-09-21 00:14:02,603 v1.py iterate [line:121] INFO Round 6, Client 8: Local Acc=0.1010, Global Acc=0.1000, Grad Norm=2.0694, Normalized Score=0.4472
2024-09-21 00:14:02,642 v1.py iterate [line:121] INFO Round 6, Client 9: Local Acc=0.1515, Global Acc=0.1000, Grad Norm=2.1831, Normalized Score=0.7629
2024-09-21 00:14:02,678 v1.py iterate [line:121] INFO Round 6, Client 10: Local Acc=0.1010, Global Acc=0.1000, Grad Norm=2.1612, Normalized Score=0.4028
2024-09-21 00:14:02,718 v1.py iterate [line:121] INFO Round 6, Client 11: Local Acc=0.0808, Global Acc=0.1000, Grad Norm=2.0928, Normalized Score=0.2832
2024-09-21 00:14:02,756 v1.py iterate [line:121] INFO Round 6, Client 12: Local Acc=0.1010, Global Acc=0.1000, Grad Norm=2.1843, Normalized Score=0.3921
2024-09-21 00:14:02,790 v1.py iterate [line:121] INFO Round 6, Client 13: Local Acc=0.1212, Global Acc=0.1000, Grad Norm=2.1694, Normalized Score=0.5478
2024-09-21 00:14:02,827 v1.py iterate [line:121] INFO Round 6, Client 14: Local Acc=0.0606, Global Acc=0.1000, Grad Norm=2.1636, Normalized Score=0.1036
2024-09-21 00:14:02,866 v1.py iterate [line:121] INFO Round 6, Client 15: Local Acc=0.0909, Global Acc=0.1000, Grad Norm=2.0751, Normalized Score=0.3677
2024-09-21 00:14:02,900 v1.py iterate [line:121] INFO Round 6, Client 16: Local Acc=0.1414, Global Acc=0.1000, Grad Norm=2.1305, Normalized Score=0.7186
2024-09-21 00:14:02,937 v1.py iterate [line:121] INFO Round 6, Client 17: Local Acc=0.0606, Global Acc=0.1000, Grad Norm=2.0299, Normalized Score=0.1559
2024-09-21 00:14:02,972 v1.py iterate [line:121] INFO Round 6, Client 18: Local Acc=0.1111, Global Acc=0.1000, Grad Norm=2.2651, Normalized Score=0.4278
2024-09-21 00:14:03,010 v1.py iterate [line:121] INFO Round 6, Client 19: Local Acc=0.0707, Global Acc=0.1000, Grad Norm=2.0018, Normalized Score=0.2460
2024-09-21 00:14:03,055 v1.py iterate [line:121] INFO Round 6, Client 20: Local Acc=0.1414, Global Acc=0.1000, Grad Norm=2.1870, Normalized Score=0.6867
2024-09-21 00:14:03,138 v1.py iterate [line:121] INFO Round 6, Client 21: Local Acc=0.0808, Global Acc=0.1000, Grad Norm=2.1821, Normalized Score=0.2449
2024-09-21 00:14:03,212 v1.py iterate [line:121] INFO Round 6, Client 22: Local Acc=0.0606, Global Acc=0.1000, Grad Norm=2.1954, Normalized Score=0.0918
2024-09-21 00:14:03,289 v1.py iterate [line:121] INFO Round 6, Client 23: Local Acc=0.0808, Global Acc=0.1000, Grad Norm=2.0493, Normalized Score=0.3027
2024-09-21 00:14:03,350 v1.py iterate [line:121] INFO Round 6, Client 24: Local Acc=0.1313, Global Acc=0.1000, Grad Norm=2.2753, Normalized Score=0.5671
2024-09-21 00:14:03,388 v1.py iterate [line:121] INFO Round 6, Client 25: Local Acc=0.1212, Global Acc=0.1000, Grad Norm=2.1303, Normalized Score=0.5681
2024-09-21 00:14:03,459 v1.py iterate [line:121] INFO Round 6, Client 26: Local Acc=0.1212, Global Acc=0.1000, Grad Norm=2.0659, Normalized Score=0.6027
2024-09-21 00:14:03,496 v1.py iterate [line:121] INFO Round 6, Client 27: Local Acc=0.1818, Global Acc=0.1000, Grad Norm=2.1604, Normalized Score=1.0000
2024-09-21 00:14:03,531 v1.py iterate [line:121] INFO Round 6, Client 28: Local Acc=0.1010, Global Acc=0.1000, Grad Norm=1.9966, Normalized Score=0.4844
2024-09-21 00:14:03,566 v1.py iterate [line:121] INFO Round 6, Client 29: Local Acc=0.1414, Global Acc=0.1000, Grad Norm=2.0317, Normalized Score=0.7773
2024-09-21 00:14:03,603 v1.py iterate [line:121] INFO Round 6, Client 30: Local Acc=0.1212, Global Acc=0.1000, Grad Norm=2.2712, Normalized Score=0.4971
2024-09-21 00:14:03,640 v1.py iterate [line:121] INFO Round 6, Client 31: Local Acc=0.1313, Global Acc=0.1000, Grad Norm=2.0861, Normalized Score=0.6681
2024-09-21 00:14:03,675 v1.py iterate [line:121] INFO Round 6, Client 32: Local Acc=0.0808, Global Acc=0.1000, Grad Norm=2.0339, Normalized Score=0.3097
2024-09-21 00:14:03,712 v1.py iterate [line:121] INFO Round 6, Client 33: Local Acc=0.1111, Global Acc=0.1000, Grad Norm=2.1497, Normalized Score=0.4831
2024-09-21 00:14:03,748 v1.py iterate [line:121] INFO Round 6, Client 34: Local Acc=0.0808, Global Acc=0.1000, Grad Norm=2.1992, Normalized Score=0.2378
2024-09-21 00:14:03,785 v1.py iterate [line:121] INFO Round 6, Client 35: Local Acc=0.0707, Global Acc=0.1000, Grad Norm=2.1046, Normalized Score=0.2021
2024-09-21 00:14:03,820 v1.py iterate [line:121] INFO Round 6, Client 36: Local Acc=0.0505, Global Acc=0.1000, Grad Norm=2.1629, Normalized Score=0.0293
2024-09-21 00:14:03,861 v1.py iterate [line:121] INFO Round 6, Client 37: Local Acc=0.1212, Global Acc=0.1000, Grad Norm=2.1002, Normalized Score=0.5841
2024-09-21 00:14:03,896 v1.py iterate [line:121] INFO Round 6, Client 38: Local Acc=0.1111, Global Acc=0.1000, Grad Norm=2.1747, Normalized Score=0.4708
2024-09-21 00:14:03,934 v1.py iterate [line:121] INFO Round 6, Client 39: Local Acc=0.0404, Global Acc=0.1000, Grad Norm=2.0159, Normalized Score=0.0053
2024-09-21 00:14:03,969 v1.py iterate [line:121] INFO Round 6, Client 40: Local Acc=0.0606, Global Acc=0.1000, Grad Norm=2.2156, Normalized Score=0.0844
2024-09-21 00:14:04,004 v1.py iterate [line:121] INFO Round 6, Client 41: Local Acc=0.1111, Global Acc=0.1000, Grad Norm=2.0301, Normalized Score=0.5448
2024-09-21 00:14:04,043 v1.py iterate [line:121] INFO Round 6, Client 42: Local Acc=0.0808, Global Acc=0.1000, Grad Norm=2.0969, Normalized Score=0.2814
2024-09-21 00:14:04,080 v1.py iterate [line:121] INFO Round 6, Client 43: Local Acc=0.0808, Global Acc=0.1000, Grad Norm=2.1811, Normalized Score=0.2453
2024-09-21 00:14:04,116 v1.py iterate [line:121] INFO Round 6, Client 44: Local Acc=0.1010, Global Acc=0.1000, Grad Norm=2.0840, Normalized Score=0.4400
2024-09-21 00:14:04,154 v1.py iterate [line:121] INFO Round 6, Client 45: Local Acc=0.1010, Global Acc=0.1000, Grad Norm=1.9964, Normalized Score=0.4845
2024-09-21 00:14:04,190 v1.py iterate [line:121] INFO Round 6, Client 46: Local Acc=0.1111, Global Acc=0.1000, Grad Norm=2.1634, Normalized Score=0.4763
2024-09-21 00:14:04,224 v1.py iterate [line:121] INFO Round 6, Client 47: Local Acc=0.1313, Global Acc=0.1000, Grad Norm=2.1874, Normalized Score=0.6125
2024-09-21 00:14:04,264 v1.py iterate [line:121] INFO Round 6, Client 48: Local Acc=0.0505, Global Acc=0.1000, Grad Norm=2.2286, Normalized Score=0.0067
2024-09-21 00:14:04,303 v1.py iterate [line:121] INFO Round 6, Client 49: Local Acc=0.1212, Global Acc=0.1000, Grad Norm=2.1068, Normalized Score=0.5806
2024-09-21 00:14:04,303 v1.py aggregate [line:140] INFO Round 6, Client 0: Aggregation Weight=0.0000
2024-09-21 00:14:04,303 v1.py aggregate [line:140] INFO Round 6, Client 1: Aggregation Weight=0.0137
2024-09-21 00:14:04,303 v1.py aggregate [line:140] INFO Round 6, Client 2: Aggregation Weight=0.0307
2024-09-21 00:14:04,303 v1.py aggregate [line:140] INFO Round 6, Client 3: Aggregation Weight=0.0256
2024-09-21 00:14:04,303 v1.py aggregate [line:140] INFO Round 6, Client 4: Aggregation Weight=0.0067
2024-09-21 00:14:04,303 v1.py aggregate [line:140] INFO Round 6, Client 5: Aggregation Weight=0.0156
2024-09-21 00:14:04,303 v1.py aggregate [line:140] INFO Round 6, Client 6: Aggregation Weight=0.0200
2024-09-21 00:14:04,303 v1.py aggregate [line:140] INFO Round 6, Client 7: Aggregation Weight=0.0159
2024-09-21 00:14:04,303 v1.py aggregate [line:140] INFO Round 6, Client 8: Aggregation Weight=0.0224
2024-09-21 00:14:04,303 v1.py aggregate [line:140] INFO Round 6, Client 9: Aggregation Weight=0.0382
2024-09-21 00:14:04,303 v1.py aggregate [line:140] INFO Round 6, Client 10: Aggregation Weight=0.0202
2024-09-21 00:14:04,303 v1.py aggregate [line:140] INFO Round 6, Client 11: Aggregation Weight=0.0142
2024-09-21 00:14:04,304 v1.py aggregate [line:140] INFO Round 6, Client 12: Aggregation Weight=0.0196
2024-09-21 00:14:04,304 v1.py aggregate [line:140] INFO Round 6, Client 13: Aggregation Weight=0.0274
2024-09-21 00:14:04,304 v1.py aggregate [line:140] INFO Round 6, Client 14: Aggregation Weight=0.0052
2024-09-21 00:14:04,304 v1.py aggregate [line:140] INFO Round 6, Client 15: Aggregation Weight=0.0184
2024-09-21 00:14:04,304 v1.py aggregate [line:140] INFO Round 6, Client 16: Aggregation Weight=0.0359
2024-09-21 00:14:04,304 v1.py aggregate [line:140] INFO Round 6, Client 17: Aggregation Weight=0.0078
2024-09-21 00:14:04,304 v1.py aggregate [line:140] INFO Round 6, Client 18: Aggregation Weight=0.0214
2024-09-21 00:14:04,304 v1.py aggregate [line:140] INFO Round 6, Client 19: Aggregation Weight=0.0123
2024-09-21 00:14:04,304 v1.py aggregate [line:140] INFO Round 6, Client 20: Aggregation Weight=0.0344
2024-09-21 00:14:04,304 v1.py aggregate [line:140] INFO Round 6, Client 21: Aggregation Weight=0.0123
2024-09-21 00:14:04,305 v1.py aggregate [line:140] INFO Round 6, Client 22: Aggregation Weight=0.0046
2024-09-21 00:14:04,305 v1.py aggregate [line:140] INFO Round 6, Client 23: Aggregation Weight=0.0151
2024-09-21 00:14:04,305 v1.py aggregate [line:140] INFO Round 6, Client 24: Aggregation Weight=0.0284
2024-09-21 00:14:04,305 v1.py aggregate [line:140] INFO Round 6, Client 25: Aggregation Weight=0.0284
2024-09-21 00:14:04,306 v1.py aggregate [line:140] INFO Round 6, Client 26: Aggregation Weight=0.0302
2024-09-21 00:14:04,306 v1.py aggregate [line:140] INFO Round 6, Client 27: Aggregation Weight=0.0500
2024-09-21 00:14:04,306 v1.py aggregate [line:140] INFO Round 6, Client 28: Aggregation Weight=0.0242
2024-09-21 00:14:04,306 v1.py aggregate [line:140] INFO Round 6, Client 29: Aggregation Weight=0.0389
2024-09-21 00:14:04,306 v1.py aggregate [line:140] INFO Round 6, Client 30: Aggregation Weight=0.0249
2024-09-21 00:14:04,306 v1.py aggregate [line:140] INFO Round 6, Client 31: Aggregation Weight=0.0334
2024-09-21 00:14:04,306 v1.py aggregate [line:140] INFO Round 6, Client 32: Aggregation Weight=0.0155
2024-09-21 00:14:04,306 v1.py aggregate [line:140] INFO Round 6, Client 33: Aggregation Weight=0.0242
2024-09-21 00:14:04,306 v1.py aggregate [line:140] INFO Round 6, Client 34: Aggregation Weight=0.0119
2024-09-21 00:14:04,306 v1.py aggregate [line:140] INFO Round 6, Client 35: Aggregation Weight=0.0101
2024-09-21 00:14:04,306 v1.py aggregate [line:140] INFO Round 6, Client 36: Aggregation Weight=0.0015
2024-09-21 00:14:04,306 v1.py aggregate [line:140] INFO Round 6, Client 37: Aggregation Weight=0.0292
2024-09-21 00:14:04,306 v1.py aggregate [line:140] INFO Round 6, Client 38: Aggregation Weight=0.0236
2024-09-21 00:14:04,306 v1.py aggregate [line:140] INFO Round 6, Client 39: Aggregation Weight=0.0003
2024-09-21 00:14:04,306 v1.py aggregate [line:140] INFO Round 6, Client 40: Aggregation Weight=0.0042
2024-09-21 00:14:04,306 v1.py aggregate [line:140] INFO Round 6, Client 41: Aggregation Weight=0.0273
2024-09-21 00:14:04,306 v1.py aggregate [line:140] INFO Round 6, Client 42: Aggregation Weight=0.0141
2024-09-21 00:14:04,306 v1.py aggregate [line:140] INFO Round 6, Client 43: Aggregation Weight=0.0123
2024-09-21 00:14:04,307 v1.py aggregate [line:140] INFO Round 6, Client 44: Aggregation Weight=0.0220
2024-09-21 00:14:04,307 v1.py aggregate [line:140] INFO Round 6, Client 45: Aggregation Weight=0.0242
2024-09-21 00:14:04,307 v1.py aggregate [line:140] INFO Round 6, Client 46: Aggregation Weight=0.0238
2024-09-21 00:14:04,307 v1.py aggregate [line:140] INFO Round 6, Client 47: Aggregation Weight=0.0306
2024-09-21 00:14:04,307 v1.py aggregate [line:140] INFO Round 6, Client 48: Aggregation Weight=0.0003
2024-09-21 00:14:04,307 v1.py aggregate [line:140] INFO Round 6, Client 49: Aggregation Weight=0.0290
2024-09-21 00:14:04,307 v1.py aggregate [line:143] INFO Round 6: Total Aggregation Weight=1.0000
2024-09-21 00:14:04,341 fedbase.py run [line:300] INFO --------------Round 6--------------
2024-09-21 00:14:04,342 simple_logger.py log_once [line:14] INFO Current_time:6
2024-09-21 00:14:08,877 simple_logger.py log_once [line:28] INFO test_accuracy                 0.1000
2024-09-21 00:14:08,877 simple_logger.py log_once [line:28] INFO test_loss                     2.3056
2024-09-21 00:14:08,877 simple_logger.py log_once [line:28] INFO val_accuracy                  0.0975
2024-09-21 00:14:08,877 simple_logger.py log_once [line:28] INFO mean_val_accuracy             0.0975
2024-09-21 00:14:08,878 simple_logger.py log_once [line:28] INFO std_val_accuracy              0.0431
2024-09-21 00:14:08,878 simple_logger.py log_once [line:28] INFO val_loss                      2.3062
2024-09-21 00:14:08,878 simple_logger.py log_once [line:28] INFO mean_val_loss                 2.3062
2024-09-21 00:14:08,878 simple_logger.py log_once [line:28] INFO std_val_loss                  0.0123
2024-09-21 00:14:08,887 fedbase.py run [line:305] INFO Eval Time Cost:               4.5453s
2024-09-21 00:14:08,887 v1.py iterate [line:69] INFO Round 7 started
2024-09-21 00:14:08,887 v1.py iterate [line:73] INFO Round 7: Current weights - w1: 0.5000, w2: 0.5000
2024-09-21 00:14:08,888 v1.py sample [line:59] INFO Round 7: Committee clients selected - [0, 1, 2, 3, 4, 5, 6, 7, 8, 9, 10, 11, 12, 13, 14]
2024-09-21 00:14:08,888 v1.py sample [line:61] INFO Round 7: Normal clients selected - [15, 16, 17, 18, 19, 20, 21, 22, 23, 24, 25, 26, 27, 28, 29, 30, 31, 32, 33, 34, 35, 36, 37, 38, 39, 40, 41, 42, 43, 44, 45, 46, 47, 48, 49]
2024-09-21 00:14:08,888 v1.py sample [line:63] INFO Round 7: All selected clients - [0, 1, 2, 3, 4, 5, 6, 7, 8, 9, 10, 11, 12, 13, 14, 15, 16, 17, 18, 19, 20, 21, 22, 23, 24, 25, 26, 27, 28, 29, 30, 31, 32, 33, 34, 35, 36, 37, 38, 39, 40, 41, 42, 43, 44, 45, 46, 47, 48, 49]
