2024-09-21 00:00:26,084 fflow.py init [line:788] INFO PROCESS ID:	3440946
2024-09-21 00:00:26,084 fflow.py init [line:789] INFO Initializing devices: cuda:1 will be used for this running.
2024-09-21 00:00:26,084 fflow.py init [line:792] INFO BENCHMARK:	flgo.benchmark.cifar10_classification
2024-09-21 00:00:26,084 fflow.py init [line:793] INFO TASK:			tasks/9.20/dir10
2024-09-21 00:00:26,084 fflow.py init [line:794] INFO MODEL:		flgo.benchmark.cifar10_classification.model.cnn_data_aug
2024-09-21 00:00:26,084 fflow.py init [line:795] INFO ALGORITHM:	V1
2024-09-21 00:00:27,735 fflow.py init [line:841] INFO SCENE:		horizontal FL with 1 <class 'algorithms.v1.Server'>, 50 <class 'algorithms.v1.Client'>
2024-09-21 00:00:28,104 fflow.py init [line:858] INFO SIMULATOR:	<class 'flgo.simulator.default_simulator.Simulator'>
2024-09-21 00:00:28,105 v1.py initialize [line:22] INFO Initialization parameters: {'d': 50, 'committee_ratio': 0.3, 'K_min': 1, 'w1': 0.5, 'w2': 0.5, 'gamma': 0.1, 'momentum': 0.9, 'selected_round': 10}
2024-09-21 00:00:28,105 fflow.py init [line:871] INFO Ready to start.
2024-09-21 00:00:28,105 fedbase.py run [line:289] INFO --------------Initial Evaluation--------------
2024-09-21 00:00:28,105 simple_logger.py log_once [line:14] INFO Current_time:0
2024-09-21 00:00:33,756 simple_logger.py log_once [line:28] INFO test_accuracy                 0.0933
2024-09-21 00:00:33,756 simple_logger.py log_once [line:28] INFO test_loss                     2.3026
2024-09-21 00:00:33,756 simple_logger.py log_once [line:28] INFO val_accuracy                  0.0883
2024-09-21 00:00:33,756 simple_logger.py log_once [line:28] INFO mean_val_accuracy             0.0884
2024-09-21 00:00:33,756 simple_logger.py log_once [line:28] INFO std_val_accuracy              0.1425
2024-09-21 00:00:33,756 simple_logger.py log_once [line:28] INFO val_loss                      2.3028
2024-09-21 00:00:33,757 simple_logger.py log_once [line:28] INFO mean_val_loss                 2.3027
2024-09-21 00:00:33,757 simple_logger.py log_once [line:28] INFO std_val_loss                  0.0254
2024-09-21 00:00:33,757 fedbase.py run [line:292] INFO Eval Time Cost:               5.6512s
2024-09-21 00:00:33,757 v1.py iterate [line:69] INFO Round 1 started
2024-09-21 00:00:33,757 v1.py iterate [line:73] INFO Round 1: Current weights - w1: 0.5000, w2: 0.5000
2024-09-21 00:00:33,757 v1.py sample [line:45] INFO Round 1: Committee updated - [0, 1, 2, 3, 4, 5, 6, 7, 8, 9, 10, 11, 12, 13, 14]
2024-09-21 00:00:33,757 v1.py sample [line:59] INFO Round 1: Committee clients selected - [0, 1, 2, 3, 4, 5, 6, 7, 8, 9, 10, 11, 12, 13, 14]
2024-09-21 00:00:33,757 v1.py sample [line:61] INFO Round 1: Normal clients selected - [15, 16, 17, 18, 19, 20, 21, 22, 23, 24, 25, 26, 27, 28, 29, 30, 31, 32, 33, 34, 35, 36, 37, 38, 39, 40, 41, 42, 43, 44, 45, 46, 47, 48, 49]
2024-09-21 00:00:33,757 v1.py sample [line:63] INFO Round 1: All selected clients - [0, 1, 2, 3, 4, 5, 6, 7, 8, 9, 10, 11, 12, 13, 14, 15, 16, 17, 18, 19, 20, 21, 22, 23, 24, 25, 26, 27, 28, 29, 30, 31, 32, 33, 34, 35, 36, 37, 38, 39, 40, 41, 42, 43, 44, 45, 46, 47, 48, 49]
2024-09-21 00:02:45,786 v1.py iterate [line:121] INFO Round 1, Client 0: Local Acc=0.5556, Global Acc=0.0933, Grad Norm=480.7048, Normalized Score=0.0091
2024-09-21 00:02:45,861 v1.py iterate [line:121] INFO Round 1, Client 1: Local Acc=0.9400, Global Acc=0.0933, Grad Norm=10.2718, Normalized Score=0.6172
2024-09-21 00:02:45,951 v1.py iterate [line:121] INFO Round 1, Client 2: Local Acc=0.3800, Global Acc=0.0933, Grad Norm=662583092925431808.0000, Normalized Score=0.0000
2024-09-21 00:02:46,017 v1.py iterate [line:121] INFO Round 1, Client 3: Local Acc=0.8600, Global Acc=0.0933, Grad Norm=21.0697, Normalized Score=0.2908
2024-09-21 00:02:46,052 v1.py iterate [line:121] INFO Round 1, Client 4: Local Acc=0.5253, Global Acc=0.0933, Grad Norm=58.7910, Normalized Score=0.0696
2024-09-21 00:02:46,090 v1.py iterate [line:121] INFO Round 1, Client 5: Local Acc=1.0000, Global Acc=0.0933, Grad Norm=13.7729, Normalized Score=0.4983
2024-09-21 00:02:46,138 v1.py iterate [line:121] INFO Round 1, Client 6: Local Acc=0.6566, Global Acc=0.0933, Grad Norm=38.0936, Normalized Score=0.1291
2024-09-21 00:02:46,204 v1.py iterate [line:121] INFO Round 1, Client 7: Local Acc=0.7273, Global Acc=0.0933, Grad Norm=17.8853, Normalized Score=0.2925
2024-09-21 00:02:46,282 v1.py iterate [line:121] INFO Round 1, Client 8: Local Acc=0.7172, Global Acc=0.0933, Grad Norm=67.4230, Normalized Score=0.0797
2024-09-21 00:02:46,350 v1.py iterate [line:121] INFO Round 1, Client 9: Local Acc=0.7000, Global Acc=0.0933, Grad Norm=904.8028, Normalized Score=0.0059
2024-09-21 00:02:46,412 v1.py iterate [line:121] INFO Round 1, Client 10: Local Acc=0.5960, Global Acc=0.0933, Grad Norm=11.7336, Normalized Score=0.3644
2024-09-21 00:02:46,448 v1.py iterate [line:121] INFO Round 1, Client 11: Local Acc=0.4545, Global Acc=0.0933, Grad Norm=28.5566, Normalized Score=0.1248
2024-09-21 00:02:46,485 v1.py iterate [line:121] INFO Round 1, Client 12: Local Acc=0.7576, Global Acc=0.0933, Grad Norm=13.9403, Normalized Score=0.3834
2024-09-21 00:02:46,522 v1.py iterate [line:121] INFO Round 1, Client 13: Local Acc=0.3737, Global Acc=0.0933, Grad Norm=12.9701, Normalized Score=0.2251
2024-09-21 00:02:46,584 v1.py iterate [line:121] INFO Round 1, Client 14: Local Acc=0.7200, Global Acc=0.0933, Grad Norm=13.4643, Normalized Score=0.3786
2024-09-21 00:02:46,654 v1.py iterate [line:121] INFO Round 1, Client 15: Local Acc=0.7778, Global Acc=0.0933, Grad Norm=46.8602, Normalized Score=0.1225
2024-09-21 00:02:46,707 v1.py iterate [line:121] INFO Round 1, Client 16: Local Acc=0.2300, Global Acc=0.0933, Grad Norm=6.6788, Normalized Score=0.2835
2024-09-21 00:02:46,743 v1.py iterate [line:121] INFO Round 1, Client 17: Local Acc=0.0200, Global Acc=0.0933, Grad Norm=nan, Normalized Score=nan
2024-09-21 00:02:46,778 v1.py iterate [line:121] INFO Round 1, Client 18: Local Acc=0.8600, Global Acc=0.0933, Grad Norm=10.6416, Normalized Score=0.5513
2024-09-21 00:02:46,814 v1.py iterate [line:121] INFO Round 1, Client 19: Local Acc=0.9300, Global Acc=0.0933, Grad Norm=5.8894, Normalized Score=1.0000
2024-09-21 00:02:46,849 v1.py iterate [line:121] INFO Round 1, Client 20: Local Acc=0.5152, Global Acc=0.0933, Grad Norm=14.3234, Normalized Score=0.2673
2024-09-21 00:02:46,918 v1.py iterate [line:121] INFO Round 1, Client 21: Local Acc=0.9800, Global Acc=0.0933, Grad Norm=1059.2566, Normalized Score=0.0068
2024-09-21 00:02:46,982 v1.py iterate [line:121] INFO Round 1, Client 22: Local Acc=0.4747, Global Acc=0.0933, Grad Norm=10.8266, Normalized Score=0.3234
2024-09-21 00:02:47,017 v1.py iterate [line:121] INFO Round 1, Client 23: Local Acc=0.6364, Global Acc=0.0933, Grad Norm=9.6664, Normalized Score=0.4606
2024-09-21 00:02:47,051 v1.py iterate [line:121] INFO Round 1, Client 24: Local Acc=0.7900, Global Acc=0.0933, Grad Norm=12.1017, Normalized Score=0.4539
2024-09-21 00:02:47,088 v1.py iterate [line:121] INFO Round 1, Client 25: Local Acc=0.9192, Global Acc=0.0933, Grad Norm=24.9009, Normalized Score=0.2632
2024-09-21 00:02:47,125 v1.py iterate [line:121] INFO Round 1, Client 26: Local Acc=0.5700, Global Acc=0.0933, Grad Norm=3337.1951, Normalized Score=0.0013
2024-09-21 00:02:47,163 v1.py iterate [line:121] INFO Round 1, Client 27: Local Acc=0.3333, Global Acc=0.0933, Grad Norm=15.6821, Normalized Score=0.1722
2024-09-21 00:02:47,199 v1.py iterate [line:121] INFO Round 1, Client 28: Local Acc=1.0000, Global Acc=0.0933, Grad Norm=331.0043, Normalized Score=0.0222
2024-09-21 00:02:47,245 v1.py iterate [line:121] INFO Round 1, Client 29: Local Acc=0.4800, Global Acc=0.0933, Grad Norm=46.7227, Normalized Score=0.0809
2024-09-21 00:02:47,308 v1.py iterate [line:121] INFO Round 1, Client 30: Local Acc=0.9000, Global Acc=0.0933, Grad Norm=22.9435, Normalized Score=0.2793
2024-09-21 00:02:47,383 v1.py iterate [line:121] INFO Round 1, Client 31: Local Acc=0.8384, Global Acc=0.0933, Grad Norm=6.2590, Normalized Score=0.8641
2024-09-21 00:02:47,421 v1.py iterate [line:121] INFO Round 1, Client 32: Local Acc=0.3535, Global Acc=0.0933, Grad Norm=90.9828, Normalized Score=0.0327
2024-09-21 00:02:47,457 v1.py iterate [line:121] INFO Round 1, Client 33: Local Acc=0.4600, Global Acc=0.0933, Grad Norm=29.2989, Normalized Score=0.1229
2024-09-21 00:02:47,490 v1.py iterate [line:121] INFO Round 1, Client 34: Local Acc=0.5960, Global Acc=0.0933, Grad Norm=70.2326, Normalized Score=0.0651
2024-09-21 00:02:47,525 v1.py iterate [line:121] INFO Round 1, Client 35: Local Acc=0.9400, Global Acc=0.0933, Grad Norm=17.1817, Normalized Score=0.3826
2024-09-21 00:02:47,561 v1.py iterate [line:121] INFO Round 1, Client 36: Local Acc=0.2300, Global Acc=0.0933, Grad Norm=16.4770, Normalized Score=0.1245
2024-09-21 00:02:47,597 v1.py iterate [line:121] INFO Round 1, Client 37: Local Acc=0.4700, Global Acc=0.0933, Grad Norm=6.0453, Normalized Score=0.5383
2024-09-21 00:02:47,631 v1.py iterate [line:121] INFO Round 1, Client 38: Local Acc=0.9798, Global Acc=0.0933, Grad Norm=7188.0928, Normalized Score=0.0010
2024-09-21 00:02:47,668 v1.py iterate [line:121] INFO Round 1, Client 39: Local Acc=0.8800, Global Acc=0.0933, Grad Norm=12.1575, Normalized Score=0.4980
2024-09-21 00:02:47,704 v1.py iterate [line:121] INFO Round 1, Client 40: Local Acc=0.3800, Global Acc=0.0933, Grad Norm=22.4717, Normalized Score=0.1358
2024-09-21 00:02:47,740 v1.py iterate [line:121] INFO Round 1, Client 41: Local Acc=0.3838, Global Acc=0.0933, Grad Norm=8.0542, Normalized Score=0.3548
2024-09-21 00:02:47,775 v1.py iterate [line:121] INFO Round 1, Client 42: Local Acc=0.3200, Global Acc=0.0933, Grad Norm=40.4272, Normalized Score=0.0672
2024-09-21 00:02:47,812 v1.py iterate [line:121] INFO Round 1, Client 43: Local Acc=0.7071, Global Acc=0.0933, Grad Norm=24.5582, Normalized Score=0.2108
2024-09-21 00:02:47,847 v1.py iterate [line:121] INFO Round 1, Client 44: Local Acc=0.6800, Global Acc=0.0933, Grad Norm=47.3234, Normalized Score=0.1077
2024-09-21 00:02:47,881 v1.py iterate [line:121] INFO Round 1, Client 45: Local Acc=0.6364, Global Acc=0.0933, Grad Norm=8.2202, Normalized Score=0.5328
2024-09-21 00:02:47,933 v1.py iterate [line:121] INFO Round 1, Client 46: Local Acc=0.9500, Global Acc=0.0933, Grad Norm=310.8016, Normalized Score=0.0225
2024-09-21 00:02:47,994 v1.py iterate [line:121] INFO Round 1, Client 47: Local Acc=0.9200, Global Acc=0.0933, Grad Norm=68.9592, Normalized Score=0.0975
2024-09-21 00:02:48,058 v1.py iterate [line:121] INFO Round 1, Client 48: Local Acc=0.4600, Global Acc=0.0933, Grad Norm=42.3895, Normalized Score=0.0859
2024-09-21 00:02:48,105 v1.py iterate [line:121] INFO Round 1, Client 49: Local Acc=0.7400, Global Acc=0.0933, Grad Norm=6.5944, Normalized Score=0.7387
2024-09-21 00:02:48,105 v1.py aggregate [line:140] INFO Round 1, Client 0: Aggregation Weight=nan
2024-09-21 00:02:48,105 v1.py aggregate [line:140] INFO Round 1, Client 1: Aggregation Weight=nan
2024-09-21 00:02:48,105 v1.py aggregate [line:140] INFO Round 1, Client 2: Aggregation Weight=nan
2024-09-21 00:02:48,105 v1.py aggregate [line:140] INFO Round 1, Client 3: Aggregation Weight=nan
2024-09-21 00:02:48,105 v1.py aggregate [line:140] INFO Round 1, Client 4: Aggregation Weight=nan
2024-09-21 00:02:48,105 v1.py aggregate [line:140] INFO Round 1, Client 5: Aggregation Weight=nan
2024-09-21 00:02:48,106 v1.py aggregate [line:140] INFO Round 1, Client 6: Aggregation Weight=nan
2024-09-21 00:02:48,117 v1.py aggregate [line:140] INFO Round 1, Client 7: Aggregation Weight=nan
2024-09-21 00:02:48,117 v1.py aggregate [line:140] INFO Round 1, Client 8: Aggregation Weight=nan
2024-09-21 00:02:48,117 v1.py aggregate [line:140] INFO Round 1, Client 9: Aggregation Weight=nan
2024-09-21 00:02:48,117 v1.py aggregate [line:140] INFO Round 1, Client 10: Aggregation Weight=nan
2024-09-21 00:02:48,117 v1.py aggregate [line:140] INFO Round 1, Client 11: Aggregation Weight=nan
2024-09-21 00:02:48,117 v1.py aggregate [line:140] INFO Round 1, Client 12: Aggregation Weight=nan
2024-09-21 00:02:48,117 v1.py aggregate [line:140] INFO Round 1, Client 13: Aggregation Weight=nan
2024-09-21 00:02:48,117 v1.py aggregate [line:140] INFO Round 1, Client 14: Aggregation Weight=nan
2024-09-21 00:02:48,117 v1.py aggregate [line:140] INFO Round 1, Client 15: Aggregation Weight=nan
2024-09-21 00:02:48,117 v1.py aggregate [line:140] INFO Round 1, Client 16: Aggregation Weight=nan
2024-09-21 00:02:48,117 v1.py aggregate [line:140] INFO Round 1, Client 17: Aggregation Weight=nan
2024-09-21 00:02:48,118 v1.py aggregate [line:140] INFO Round 1, Client 18: Aggregation Weight=nan
2024-09-21 00:02:48,118 v1.py aggregate [line:140] INFO Round 1, Client 19: Aggregation Weight=nan
2024-09-21 00:02:48,118 v1.py aggregate [line:140] INFO Round 1, Client 20: Aggregation Weight=nan
2024-09-21 00:02:48,118 v1.py aggregate [line:140] INFO Round 1, Client 21: Aggregation Weight=nan
2024-09-21 00:02:48,118 v1.py aggregate [line:140] INFO Round 1, Client 22: Aggregation Weight=nan
2024-09-21 00:02:48,118 v1.py aggregate [line:140] INFO Round 1, Client 23: Aggregation Weight=nan
2024-09-21 00:02:48,118 v1.py aggregate [line:140] INFO Round 1, Client 24: Aggregation Weight=nan
2024-09-21 00:02:48,118 v1.py aggregate [line:140] INFO Round 1, Client 25: Aggregation Weight=nan
2024-09-21 00:02:48,118 v1.py aggregate [line:140] INFO Round 1, Client 26: Aggregation Weight=nan
2024-09-21 00:02:48,118 v1.py aggregate [line:140] INFO Round 1, Client 27: Aggregation Weight=nan
2024-09-21 00:02:48,118 v1.py aggregate [line:140] INFO Round 1, Client 28: Aggregation Weight=nan
2024-09-21 00:02:48,118 v1.py aggregate [line:140] INFO Round 1, Client 29: Aggregation Weight=nan
2024-09-21 00:02:48,118 v1.py aggregate [line:140] INFO Round 1, Client 30: Aggregation Weight=nan
2024-09-21 00:02:48,118 v1.py aggregate [line:140] INFO Round 1, Client 31: Aggregation Weight=nan
2024-09-21 00:02:48,118 v1.py aggregate [line:140] INFO Round 1, Client 32: Aggregation Weight=nan
2024-09-21 00:02:48,118 v1.py aggregate [line:140] INFO Round 1, Client 33: Aggregation Weight=nan
2024-09-21 00:02:48,118 v1.py aggregate [line:140] INFO Round 1, Client 34: Aggregation Weight=nan
2024-09-21 00:02:48,118 v1.py aggregate [line:140] INFO Round 1, Client 35: Aggregation Weight=nan
2024-09-21 00:02:48,118 v1.py aggregate [line:140] INFO Round 1, Client 36: Aggregation Weight=nan
2024-09-21 00:02:48,118 v1.py aggregate [line:140] INFO Round 1, Client 37: Aggregation Weight=nan
2024-09-21 00:02:48,118 v1.py aggregate [line:140] INFO Round 1, Client 38: Aggregation Weight=nan
2024-09-21 00:02:48,118 v1.py aggregate [line:140] INFO Round 1, Client 39: Aggregation Weight=nan
2024-09-21 00:02:48,119 v1.py aggregate [line:140] INFO Round 1, Client 40: Aggregation Weight=nan
2024-09-21 00:02:48,119 v1.py aggregate [line:140] INFO Round 1, Client 41: Aggregation Weight=nan
2024-09-21 00:02:48,119 v1.py aggregate [line:140] INFO Round 1, Client 42: Aggregation Weight=nan
2024-09-21 00:02:48,119 v1.py aggregate [line:140] INFO Round 1, Client 43: Aggregation Weight=nan
2024-09-21 00:02:48,119 v1.py aggregate [line:140] INFO Round 1, Client 44: Aggregation Weight=nan
2024-09-21 00:02:48,119 v1.py aggregate [line:140] INFO Round 1, Client 45: Aggregation Weight=nan
2024-09-21 00:02:48,119 v1.py aggregate [line:140] INFO Round 1, Client 46: Aggregation Weight=nan
2024-09-21 00:02:48,119 v1.py aggregate [line:140] INFO Round 1, Client 47: Aggregation Weight=nan
2024-09-21 00:02:48,119 v1.py aggregate [line:140] INFO Round 1, Client 48: Aggregation Weight=nan
2024-09-21 00:02:48,119 v1.py aggregate [line:140] INFO Round 1, Client 49: Aggregation Weight=nan
2024-09-21 00:02:48,119 v1.py aggregate [line:143] INFO Round 1: Total Aggregation Weight=nan
2024-09-21 00:02:48,157 fedbase.py run [line:300] INFO --------------Round 1--------------
2024-09-21 00:02:48,158 simple_logger.py log_once [line:14] INFO Current_time:1
2024-09-21 00:02:52,721 simple_logger.py log_once [line:28] INFO test_accuracy                 0.1000
2024-09-21 00:02:52,721 simple_logger.py log_once [line:28] INFO test_loss                     nan
2024-09-21 00:02:52,721 simple_logger.py log_once [line:28] INFO val_accuracy                  0.1014
2024-09-21 00:02:52,721 simple_logger.py log_once [line:28] INFO mean_val_accuracy             0.1015
2024-09-21 00:02:52,721 simple_logger.py log_once [line:28] INFO std_val_accuracy              0.2243
2024-09-21 00:02:52,721 simple_logger.py log_once [line:28] INFO val_loss                      nan
2024-09-21 00:02:52,721 simple_logger.py log_once [line:28] INFO mean_val_loss                 nan
2024-09-21 00:02:52,721 simple_logger.py log_once [line:28] INFO std_val_loss                  nan
2024-09-21 00:02:52,723 fedbase.py run [line:305] INFO Eval Time Cost:               4.5651s
2024-09-21 00:02:52,723 v1.py iterate [line:69] INFO Round 2 started
2024-09-21 00:02:52,723 v1.py iterate [line:73] INFO Round 2: Current weights - w1: 0.5000, w2: 0.5000
2024-09-21 00:02:52,723 v1.py sample [line:59] INFO Round 2: Committee clients selected - [0, 1, 2, 3, 4, 5, 6, 7, 8, 9, 10, 11, 12, 13, 14]
2024-09-21 00:02:52,723 v1.py sample [line:61] INFO Round 2: Normal clients selected - [15, 16, 17, 18, 19, 20, 21, 22, 23, 24, 25, 26, 27, 28, 29, 30, 31, 32, 33, 34, 35, 36, 37, 38, 39, 40, 41, 42, 43, 44, 45, 46, 47, 48, 49]
2024-09-21 00:02:52,723 v1.py sample [line:63] INFO Round 2: All selected clients - [0, 1, 2, 3, 4, 5, 6, 7, 8, 9, 10, 11, 12, 13, 14, 15, 16, 17, 18, 19, 20, 21, 22, 23, 24, 25, 26, 27, 28, 29, 30, 31, 32, 33, 34, 35, 36, 37, 38, 39, 40, 41, 42, 43, 44, 45, 46, 47, 48, 49]
2024-09-21 00:05:09,112 v1.py iterate [line:121] INFO Round 2, Client 0: Local Acc=0.0000, Global Acc=0.1000, Grad Norm=nan, Normalized Score=1.0000
2024-09-21 00:05:09,190 v1.py iterate [line:121] INFO Round 2, Client 1: Local Acc=0.0000, Global Acc=0.1000, Grad Norm=nan, Normalized Score=1.0000
2024-09-21 00:05:09,262 v1.py iterate [line:121] INFO Round 2, Client 2: Local Acc=0.0000, Global Acc=0.1000, Grad Norm=nan, Normalized Score=1.0000
2024-09-21 00:05:09,352 v1.py iterate [line:121] INFO Round 2, Client 3: Local Acc=0.0000, Global Acc=0.1000, Grad Norm=nan, Normalized Score=1.0000
2024-09-21 00:05:09,406 v1.py iterate [line:121] INFO Round 2, Client 4: Local Acc=0.0909, Global Acc=0.1000, Grad Norm=nan, Normalized Score=1.0000
2024-09-21 00:05:09,445 v1.py iterate [line:121] INFO Round 2, Client 5: Local Acc=0.0000, Global Acc=0.1000, Grad Norm=nan, Normalized Score=1.0000
2024-09-21 00:05:09,484 v1.py iterate [line:121] INFO Round 2, Client 6: Local Acc=0.6566, Global Acc=0.1000, Grad Norm=nan, Normalized Score=1.0000
2024-09-21 00:05:09,519 v1.py iterate [line:121] INFO Round 2, Client 7: Local Acc=0.0000, Global Acc=0.1000, Grad Norm=nan, Normalized Score=1.0000
2024-09-21 00:05:09,559 v1.py iterate [line:121] INFO Round 2, Client 8: Local Acc=0.1717, Global Acc=0.1000, Grad Norm=nan, Normalized Score=1.0000
2024-09-21 00:05:09,624 v1.py iterate [line:121] INFO Round 2, Client 9: Local Acc=0.0000, Global Acc=0.1000, Grad Norm=nan, Normalized Score=1.0000
2024-09-21 00:05:09,700 v1.py iterate [line:121] INFO Round 2, Client 10: Local Acc=0.0000, Global Acc=0.1000, Grad Norm=nan, Normalized Score=1.0000
2024-09-21 00:05:09,789 v1.py iterate [line:121] INFO Round 2, Client 11: Local Acc=0.0000, Global Acc=0.1000, Grad Norm=nan, Normalized Score=1.0000
2024-09-21 00:05:09,825 v1.py iterate [line:121] INFO Round 2, Client 12: Local Acc=0.7576, Global Acc=0.1000, Grad Norm=nan, Normalized Score=1.0000
2024-09-21 00:05:09,861 v1.py iterate [line:121] INFO Round 2, Client 13: Local Acc=0.0000, Global Acc=0.1000, Grad Norm=nan, Normalized Score=1.0000
2024-09-21 00:05:09,898 v1.py iterate [line:121] INFO Round 2, Client 14: Local Acc=0.0000, Global Acc=0.1000, Grad Norm=nan, Normalized Score=1.0000
2024-09-21 00:05:09,932 v1.py iterate [line:121] INFO Round 2, Client 15: Local Acc=0.7879, Global Acc=0.1000, Grad Norm=nan, Normalized Score=1.0000
2024-09-21 00:05:09,967 v1.py iterate [line:121] INFO Round 2, Client 16: Local Acc=0.0100, Global Acc=0.1000, Grad Norm=nan, Normalized Score=1.0000
2024-09-21 00:05:10,002 v1.py iterate [line:121] INFO Round 2, Client 17: Local Acc=0.0200, Global Acc=0.1000, Grad Norm=nan, Normalized Score=1.0000
2024-09-21 00:05:10,038 v1.py iterate [line:121] INFO Round 2, Client 18: Local Acc=0.8600, Global Acc=0.1000, Grad Norm=nan, Normalized Score=1.0000
2024-09-21 00:05:10,088 v1.py iterate [line:121] INFO Round 2, Client 19: Local Acc=0.0000, Global Acc=0.1000, Grad Norm=nan, Normalized Score=1.0000
2024-09-21 00:05:10,164 v1.py iterate [line:121] INFO Round 2, Client 20: Local Acc=0.5152, Global Acc=0.1000, Grad Norm=nan, Normalized Score=1.0000
2024-09-21 00:05:10,217 v1.py iterate [line:121] INFO Round 2, Client 21: Local Acc=0.0000, Global Acc=0.1000, Grad Norm=nan, Normalized Score=1.0000
2024-09-21 00:05:10,252 v1.py iterate [line:121] INFO Round 2, Client 22: Local Acc=0.2626, Global Acc=0.1000, Grad Norm=nan, Normalized Score=1.0000
2024-09-21 00:05:10,287 v1.py iterate [line:121] INFO Round 2, Client 23: Local Acc=0.2020, Global Acc=0.1000, Grad Norm=nan, Normalized Score=1.0000
2024-09-21 00:05:10,358 v1.py iterate [line:121] INFO Round 2, Client 24: Local Acc=0.0000, Global Acc=0.1000, Grad Norm=nan, Normalized Score=1.0000
2024-09-21 00:05:10,448 v1.py iterate [line:121] INFO Round 2, Client 25: Local Acc=0.0000, Global Acc=0.1000, Grad Norm=nan, Normalized Score=1.0000
2024-09-21 00:05:10,513 v1.py iterate [line:121] INFO Round 2, Client 26: Local Acc=0.0000, Global Acc=0.1000, Grad Norm=nan, Normalized Score=1.0000
2024-09-21 00:05:10,546 v1.py iterate [line:121] INFO Round 2, Client 27: Local Acc=0.0000, Global Acc=0.1000, Grad Norm=nan, Normalized Score=1.0000
2024-09-21 00:05:10,581 v1.py iterate [line:121] INFO Round 2, Client 28: Local Acc=0.0000, Global Acc=0.1000, Grad Norm=nan, Normalized Score=1.0000
2024-09-21 00:05:10,618 v1.py iterate [line:121] INFO Round 2, Client 29: Local Acc=0.0000, Global Acc=0.1000, Grad Norm=nan, Normalized Score=1.0000
2024-09-21 00:05:10,657 v1.py iterate [line:121] INFO Round 2, Client 30: Local Acc=0.0000, Global Acc=0.1000, Grad Norm=nan, Normalized Score=1.0000
2024-09-21 00:05:10,723 v1.py iterate [line:121] INFO Round 2, Client 31: Local Acc=0.0000, Global Acc=0.1000, Grad Norm=nan, Normalized Score=1.0000
2024-09-21 00:05:10,771 v1.py iterate [line:121] INFO Round 2, Client 32: Local Acc=0.0000, Global Acc=0.1000, Grad Norm=nan, Normalized Score=1.0000
2024-09-21 00:05:10,809 v1.py iterate [line:121] INFO Round 2, Client 33: Local Acc=0.0000, Global Acc=0.1000, Grad Norm=nan, Normalized Score=1.0000
2024-09-21 00:05:10,857 v1.py iterate [line:121] INFO Round 2, Client 34: Local Acc=0.0000, Global Acc=0.1000, Grad Norm=nan, Normalized Score=1.0000
2024-09-21 00:05:10,920 v1.py iterate [line:121] INFO Round 2, Client 35: Local Acc=0.0000, Global Acc=0.1000, Grad Norm=nan, Normalized Score=1.0000
2024-09-21 00:05:11,001 v1.py iterate [line:121] INFO Round 2, Client 36: Local Acc=0.0000, Global Acc=0.1000, Grad Norm=nan, Normalized Score=1.0000
2024-09-21 00:05:11,069 v1.py iterate [line:121] INFO Round 2, Client 37: Local Acc=0.0000, Global Acc=0.1000, Grad Norm=nan, Normalized Score=1.0000
2024-09-21 00:05:11,115 v1.py iterate [line:121] INFO Round 2, Client 38: Local Acc=0.0000, Global Acc=0.1000, Grad Norm=nan, Normalized Score=1.0000
2024-09-21 00:05:11,151 v1.py iterate [line:121] INFO Round 2, Client 39: Local Acc=0.0200, Global Acc=0.1000, Grad Norm=nan, Normalized Score=1.0000
2024-09-21 00:05:11,187 v1.py iterate [line:121] INFO Round 2, Client 40: Local Acc=0.4200, Global Acc=0.1000, Grad Norm=nan, Normalized Score=1.0000
2024-09-21 00:05:11,227 v1.py iterate [line:121] INFO Round 2, Client 41: Local Acc=0.2727, Global Acc=0.1000, Grad Norm=nan, Normalized Score=1.0000
2024-09-21 00:05:11,300 v1.py iterate [line:121] INFO Round 2, Client 42: Local Acc=0.0000, Global Acc=0.1000, Grad Norm=nan, Normalized Score=1.0000
2024-09-21 00:05:11,383 v1.py iterate [line:121] INFO Round 2, Client 43: Local Acc=0.0000, Global Acc=0.1000, Grad Norm=nan, Normalized Score=1.0000
2024-09-21 00:05:11,432 v1.py iterate [line:121] INFO Round 2, Client 44: Local Acc=0.0000, Global Acc=0.1000, Grad Norm=nan, Normalized Score=1.0000
2024-09-21 00:05:11,468 v1.py iterate [line:121] INFO Round 2, Client 45: Local Acc=0.0202, Global Acc=0.1000, Grad Norm=nan, Normalized Score=1.0000
2024-09-21 00:05:11,506 v1.py iterate [line:121] INFO Round 2, Client 46: Local Acc=0.0000, Global Acc=0.1000, Grad Norm=nan, Normalized Score=1.0000
2024-09-21 00:05:11,541 v1.py iterate [line:121] INFO Round 2, Client 47: Local Acc=0.0000, Global Acc=0.1000, Grad Norm=nan, Normalized Score=1.0000
2024-09-21 00:05:11,576 v1.py iterate [line:121] INFO Round 2, Client 48: Local Acc=0.0000, Global Acc=0.1000, Grad Norm=nan, Normalized Score=1.0000
2024-09-21 00:05:11,628 v1.py iterate [line:121] INFO Round 2, Client 49: Local Acc=0.0100, Global Acc=0.1000, Grad Norm=nan, Normalized Score=1.0000
2024-09-21 00:05:11,637 v1.py aggregate [line:140] INFO Round 2, Client 0: Aggregation Weight=0.0200
2024-09-21 00:05:11,637 v1.py aggregate [line:140] INFO Round 2, Client 1: Aggregation Weight=0.0200
2024-09-21 00:05:11,637 v1.py aggregate [line:140] INFO Round 2, Client 2: Aggregation Weight=0.0200
2024-09-21 00:05:11,637 v1.py aggregate [line:140] INFO Round 2, Client 3: Aggregation Weight=0.0200
2024-09-21 00:05:11,637 v1.py aggregate [line:140] INFO Round 2, Client 4: Aggregation Weight=0.0200
2024-09-21 00:05:11,637 v1.py aggregate [line:140] INFO Round 2, Client 5: Aggregation Weight=0.0200
2024-09-21 00:05:11,637 v1.py aggregate [line:140] INFO Round 2, Client 6: Aggregation Weight=0.0200
2024-09-21 00:05:11,637 v1.py aggregate [line:140] INFO Round 2, Client 7: Aggregation Weight=0.0200
2024-09-21 00:05:11,637 v1.py aggregate [line:140] INFO Round 2, Client 8: Aggregation Weight=0.0200
2024-09-21 00:05:11,637 v1.py aggregate [line:140] INFO Round 2, Client 9: Aggregation Weight=0.0200
2024-09-21 00:05:11,637 v1.py aggregate [line:140] INFO Round 2, Client 10: Aggregation Weight=0.0200
2024-09-21 00:05:11,637 v1.py aggregate [line:140] INFO Round 2, Client 11: Aggregation Weight=0.0200
2024-09-21 00:05:11,637 v1.py aggregate [line:140] INFO Round 2, Client 12: Aggregation Weight=0.0200
2024-09-21 00:05:11,637 v1.py aggregate [line:140] INFO Round 2, Client 13: Aggregation Weight=0.0200
2024-09-21 00:05:11,637 v1.py aggregate [line:140] INFO Round 2, Client 14: Aggregation Weight=0.0200
2024-09-21 00:05:11,637 v1.py aggregate [line:140] INFO Round 2, Client 15: Aggregation Weight=0.0200
2024-09-21 00:05:11,637 v1.py aggregate [line:140] INFO Round 2, Client 16: Aggregation Weight=0.0200
2024-09-21 00:05:11,637 v1.py aggregate [line:140] INFO Round 2, Client 17: Aggregation Weight=0.0200
2024-09-21 00:05:11,638 v1.py aggregate [line:140] INFO Round 2, Client 18: Aggregation Weight=0.0200
2024-09-21 00:05:11,638 v1.py aggregate [line:140] INFO Round 2, Client 19: Aggregation Weight=0.0200
2024-09-21 00:05:11,641 v1.py aggregate [line:140] INFO Round 2, Client 20: Aggregation Weight=0.0200
2024-09-21 00:05:11,641 v1.py aggregate [line:140] INFO Round 2, Client 21: Aggregation Weight=0.0200
2024-09-21 00:05:11,641 v1.py aggregate [line:140] INFO Round 2, Client 22: Aggregation Weight=0.0200
2024-09-21 00:05:11,641 v1.py aggregate [line:140] INFO Round 2, Client 23: Aggregation Weight=0.0200
2024-09-21 00:05:11,641 v1.py aggregate [line:140] INFO Round 2, Client 24: Aggregation Weight=0.0200
2024-09-21 00:05:11,641 v1.py aggregate [line:140] INFO Round 2, Client 25: Aggregation Weight=0.0200
2024-09-21 00:05:11,641 v1.py aggregate [line:140] INFO Round 2, Client 26: Aggregation Weight=0.0200
2024-09-21 00:05:11,641 v1.py aggregate [line:140] INFO Round 2, Client 27: Aggregation Weight=0.0200
2024-09-21 00:05:11,641 v1.py aggregate [line:140] INFO Round 2, Client 28: Aggregation Weight=0.0200
2024-09-21 00:05:11,641 v1.py aggregate [line:140] INFO Round 2, Client 29: Aggregation Weight=0.0200
2024-09-21 00:05:11,641 v1.py aggregate [line:140] INFO Round 2, Client 30: Aggregation Weight=0.0200
2024-09-21 00:05:11,641 v1.py aggregate [line:140] INFO Round 2, Client 31: Aggregation Weight=0.0200
2024-09-21 00:05:11,641 v1.py aggregate [line:140] INFO Round 2, Client 32: Aggregation Weight=0.0200
2024-09-21 00:05:11,641 v1.py aggregate [line:140] INFO Round 2, Client 33: Aggregation Weight=0.0200
2024-09-21 00:05:11,642 v1.py aggregate [line:140] INFO Round 2, Client 34: Aggregation Weight=0.0200
2024-09-21 00:05:11,642 v1.py aggregate [line:140] INFO Round 2, Client 35: Aggregation Weight=0.0200
2024-09-21 00:05:11,642 v1.py aggregate [line:140] INFO Round 2, Client 36: Aggregation Weight=0.0200
2024-09-21 00:05:11,642 v1.py aggregate [line:140] INFO Round 2, Client 37: Aggregation Weight=0.0200
2024-09-21 00:05:11,642 v1.py aggregate [line:140] INFO Round 2, Client 38: Aggregation Weight=0.0200
2024-09-21 00:05:11,642 v1.py aggregate [line:140] INFO Round 2, Client 39: Aggregation Weight=0.0200
2024-09-21 00:05:11,642 v1.py aggregate [line:140] INFO Round 2, Client 40: Aggregation Weight=0.0200
2024-09-21 00:05:11,642 v1.py aggregate [line:140] INFO Round 2, Client 41: Aggregation Weight=0.0200
2024-09-21 00:05:11,642 v1.py aggregate [line:140] INFO Round 2, Client 42: Aggregation Weight=0.0200
2024-09-21 00:05:11,642 v1.py aggregate [line:140] INFO Round 2, Client 43: Aggregation Weight=0.0200
2024-09-21 00:05:11,642 v1.py aggregate [line:140] INFO Round 2, Client 44: Aggregation Weight=0.0200
2024-09-21 00:05:11,642 v1.py aggregate [line:140] INFO Round 2, Client 45: Aggregation Weight=0.0200
2024-09-21 00:05:11,642 v1.py aggregate [line:140] INFO Round 2, Client 46: Aggregation Weight=0.0200
2024-09-21 00:05:11,646 v1.py aggregate [line:140] INFO Round 2, Client 47: Aggregation Weight=0.0200
2024-09-21 00:05:11,647 v1.py aggregate [line:140] INFO Round 2, Client 48: Aggregation Weight=0.0200
2024-09-21 00:05:11,647 v1.py aggregate [line:140] INFO Round 2, Client 49: Aggregation Weight=0.0200
2024-09-21 00:05:11,647 v1.py aggregate [line:143] INFO Round 2: Total Aggregation Weight=1.0000
2024-09-21 00:05:11,687 fedbase.py run [line:300] INFO --------------Round 2--------------
2024-09-21 00:05:11,688 simple_logger.py log_once [line:14] INFO Current_time:2
2024-09-21 00:05:16,872 simple_logger.py log_once [line:28] INFO test_accuracy                 0.1000
2024-09-21 00:05:16,872 simple_logger.py log_once [line:28] INFO test_loss                     nan
2024-09-21 00:05:16,872 simple_logger.py log_once [line:28] INFO val_accuracy                  0.1014
2024-09-21 00:05:16,873 simple_logger.py log_once [line:28] INFO mean_val_accuracy             0.1015
2024-09-21 00:05:16,873 simple_logger.py log_once [line:28] INFO std_val_accuracy              0.2243
2024-09-21 00:05:16,873 simple_logger.py log_once [line:28] INFO val_loss                      nan
2024-09-21 00:05:16,873 simple_logger.py log_once [line:28] INFO mean_val_loss                 nan
2024-09-21 00:05:16,873 simple_logger.py log_once [line:28] INFO std_val_loss                  nan
2024-09-21 00:05:16,876 fedbase.py run [line:305] INFO Eval Time Cost:               5.1884s
2024-09-21 00:05:16,877 v1.py iterate [line:69] INFO Round 3 started
2024-09-21 00:05:16,877 v1.py iterate [line:73] INFO Round 3: Current weights - w1: 0.5000, w2: 0.5000
2024-09-21 00:05:16,877 v1.py sample [line:59] INFO Round 3: Committee clients selected - [0, 1, 2, 3, 4, 5, 6, 7, 8, 9, 10, 11, 12, 13, 14]
2024-09-21 00:05:16,877 v1.py sample [line:61] INFO Round 3: Normal clients selected - [15, 16, 17, 18, 19, 20, 21, 22, 23, 24, 25, 26, 27, 28, 29, 30, 31, 32, 33, 34, 35, 36, 37, 38, 39, 40, 41, 42, 43, 44, 45, 46, 47, 48, 49]
2024-09-21 00:05:16,877 v1.py sample [line:63] INFO Round 3: All selected clients - [0, 1, 2, 3, 4, 5, 6, 7, 8, 9, 10, 11, 12, 13, 14, 15, 16, 17, 18, 19, 20, 21, 22, 23, 24, 25, 26, 27, 28, 29, 30, 31, 32, 33, 34, 35, 36, 37, 38, 39, 40, 41, 42, 43, 44, 45, 46, 47, 48, 49]
2024-09-21 00:07:31,596 v1.py iterate [line:121] INFO Round 3, Client 0: Local Acc=0.0000, Global Acc=0.1000, Grad Norm=nan, Normalized Score=1.0000
2024-09-21 00:07:31,633 v1.py iterate [line:121] INFO Round 3, Client 1: Local Acc=0.0000, Global Acc=0.1000, Grad Norm=nan, Normalized Score=1.0000
2024-09-21 00:07:31,667 v1.py iterate [line:121] INFO Round 3, Client 2: Local Acc=0.0000, Global Acc=0.1000, Grad Norm=nan, Normalized Score=1.0000
2024-09-21 00:07:31,704 v1.py iterate [line:121] INFO Round 3, Client 3: Local Acc=0.0000, Global Acc=0.1000, Grad Norm=nan, Normalized Score=1.0000
2024-09-21 00:07:31,743 v1.py iterate [line:121] INFO Round 3, Client 4: Local Acc=0.0909, Global Acc=0.1000, Grad Norm=nan, Normalized Score=1.0000
2024-09-21 00:07:31,778 v1.py iterate [line:121] INFO Round 3, Client 5: Local Acc=0.0000, Global Acc=0.1000, Grad Norm=nan, Normalized Score=1.0000
2024-09-21 00:07:31,812 v1.py iterate [line:121] INFO Round 3, Client 6: Local Acc=0.6566, Global Acc=0.1000, Grad Norm=nan, Normalized Score=1.0000
2024-09-21 00:07:31,845 v1.py iterate [line:121] INFO Round 3, Client 7: Local Acc=0.0000, Global Acc=0.1000, Grad Norm=nan, Normalized Score=1.0000
2024-09-21 00:07:31,879 v1.py iterate [line:121] INFO Round 3, Client 8: Local Acc=0.1717, Global Acc=0.1000, Grad Norm=nan, Normalized Score=1.0000
2024-09-21 00:07:31,917 v1.py iterate [line:121] INFO Round 3, Client 9: Local Acc=0.0000, Global Acc=0.1000, Grad Norm=nan, Normalized Score=1.0000
2024-09-21 00:07:31,951 v1.py iterate [line:121] INFO Round 3, Client 10: Local Acc=0.0000, Global Acc=0.1000, Grad Norm=nan, Normalized Score=1.0000
2024-09-21 00:07:31,989 v1.py iterate [line:121] INFO Round 3, Client 11: Local Acc=0.0000, Global Acc=0.1000, Grad Norm=nan, Normalized Score=1.0000
2024-09-21 00:07:32,068 v1.py iterate [line:121] INFO Round 3, Client 12: Local Acc=0.7576, Global Acc=0.1000, Grad Norm=nan, Normalized Score=1.0000
2024-09-21 00:07:32,103 v1.py iterate [line:121] INFO Round 3, Client 13: Local Acc=0.0000, Global Acc=0.1000, Grad Norm=nan, Normalized Score=1.0000
2024-09-21 00:07:32,151 v1.py iterate [line:121] INFO Round 3, Client 14: Local Acc=0.0000, Global Acc=0.1000, Grad Norm=nan, Normalized Score=1.0000
2024-09-21 00:07:32,188 v1.py iterate [line:121] INFO Round 3, Client 15: Local Acc=0.7879, Global Acc=0.1000, Grad Norm=nan, Normalized Score=1.0000
2024-09-21 00:07:32,228 v1.py iterate [line:121] INFO Round 3, Client 16: Local Acc=0.0100, Global Acc=0.1000, Grad Norm=nan, Normalized Score=1.0000
2024-09-21 00:07:32,279 v1.py iterate [line:121] INFO Round 3, Client 17: Local Acc=0.0200, Global Acc=0.1000, Grad Norm=nan, Normalized Score=1.0000
2024-09-21 00:07:32,315 v1.py iterate [line:121] INFO Round 3, Client 18: Local Acc=0.8600, Global Acc=0.1000, Grad Norm=nan, Normalized Score=1.0000
2024-09-21 00:07:32,350 v1.py iterate [line:121] INFO Round 3, Client 19: Local Acc=0.0000, Global Acc=0.1000, Grad Norm=nan, Normalized Score=1.0000
2024-09-21 00:07:32,385 v1.py iterate [line:121] INFO Round 3, Client 20: Local Acc=0.5152, Global Acc=0.1000, Grad Norm=nan, Normalized Score=1.0000
2024-09-21 00:07:32,420 v1.py iterate [line:121] INFO Round 3, Client 21: Local Acc=0.0000, Global Acc=0.1000, Grad Norm=nan, Normalized Score=1.0000
2024-09-21 00:07:32,456 v1.py iterate [line:121] INFO Round 3, Client 22: Local Acc=0.2626, Global Acc=0.1000, Grad Norm=nan, Normalized Score=1.0000
2024-09-21 00:07:32,496 v1.py iterate [line:121] INFO Round 3, Client 23: Local Acc=0.2020, Global Acc=0.1000, Grad Norm=nan, Normalized Score=1.0000
2024-09-21 00:07:32,588 v1.py iterate [line:121] INFO Round 3, Client 24: Local Acc=0.0000, Global Acc=0.1000, Grad Norm=nan, Normalized Score=1.0000
2024-09-21 00:07:32,642 v1.py iterate [line:121] INFO Round 3, Client 25: Local Acc=0.0000, Global Acc=0.1000, Grad Norm=nan, Normalized Score=1.0000
2024-09-21 00:07:32,681 v1.py iterate [line:121] INFO Round 3, Client 26: Local Acc=0.0000, Global Acc=0.1000, Grad Norm=nan, Normalized Score=1.0000
2024-09-21 00:07:32,719 v1.py iterate [line:121] INFO Round 3, Client 27: Local Acc=0.0000, Global Acc=0.1000, Grad Norm=nan, Normalized Score=1.0000
2024-09-21 00:07:32,753 v1.py iterate [line:121] INFO Round 3, Client 28: Local Acc=0.0000, Global Acc=0.1000, Grad Norm=nan, Normalized Score=1.0000
2024-09-21 00:07:32,820 v1.py iterate [line:121] INFO Round 3, Client 29: Local Acc=0.0000, Global Acc=0.1000, Grad Norm=nan, Normalized Score=1.0000
2024-09-21 00:07:32,873 v1.py iterate [line:121] INFO Round 3, Client 30: Local Acc=0.0000, Global Acc=0.1000, Grad Norm=nan, Normalized Score=1.0000
2024-09-21 00:07:32,911 v1.py iterate [line:121] INFO Round 3, Client 31: Local Acc=0.0000, Global Acc=0.1000, Grad Norm=nan, Normalized Score=1.0000
2024-09-21 00:07:32,950 v1.py iterate [line:121] INFO Round 3, Client 32: Local Acc=0.0000, Global Acc=0.1000, Grad Norm=nan, Normalized Score=1.0000
2024-09-21 00:07:32,986 v1.py iterate [line:121] INFO Round 3, Client 33: Local Acc=0.0000, Global Acc=0.1000, Grad Norm=nan, Normalized Score=1.0000
2024-09-21 00:07:33,021 v1.py iterate [line:121] INFO Round 3, Client 34: Local Acc=0.0000, Global Acc=0.1000, Grad Norm=nan, Normalized Score=1.0000
2024-09-21 00:07:33,055 v1.py iterate [line:121] INFO Round 3, Client 35: Local Acc=0.0000, Global Acc=0.1000, Grad Norm=nan, Normalized Score=1.0000
2024-09-21 00:07:33,091 v1.py iterate [line:121] INFO Round 3, Client 36: Local Acc=0.0000, Global Acc=0.1000, Grad Norm=nan, Normalized Score=1.0000
2024-09-21 00:07:33,128 v1.py iterate [line:121] INFO Round 3, Client 37: Local Acc=0.0000, Global Acc=0.1000, Grad Norm=nan, Normalized Score=1.0000
2024-09-21 00:07:33,165 v1.py iterate [line:121] INFO Round 3, Client 38: Local Acc=0.0000, Global Acc=0.1000, Grad Norm=nan, Normalized Score=1.0000
2024-09-21 00:07:33,201 v1.py iterate [line:121] INFO Round 3, Client 39: Local Acc=0.0200, Global Acc=0.1000, Grad Norm=nan, Normalized Score=1.0000
2024-09-21 00:07:33,237 v1.py iterate [line:121] INFO Round 3, Client 40: Local Acc=0.4200, Global Acc=0.1000, Grad Norm=nan, Normalized Score=1.0000
2024-09-21 00:07:33,277 v1.py iterate [line:121] INFO Round 3, Client 41: Local Acc=0.2727, Global Acc=0.1000, Grad Norm=nan, Normalized Score=1.0000
2024-09-21 00:07:33,312 v1.py iterate [line:121] INFO Round 3, Client 42: Local Acc=0.0000, Global Acc=0.1000, Grad Norm=nan, Normalized Score=1.0000
2024-09-21 00:07:33,348 v1.py iterate [line:121] INFO Round 3, Client 43: Local Acc=0.0000, Global Acc=0.1000, Grad Norm=nan, Normalized Score=1.0000
2024-09-21 00:07:33,388 v1.py iterate [line:121] INFO Round 3, Client 44: Local Acc=0.0000, Global Acc=0.1000, Grad Norm=nan, Normalized Score=1.0000
2024-09-21 00:07:33,424 v1.py iterate [line:121] INFO Round 3, Client 45: Local Acc=0.0202, Global Acc=0.1000, Grad Norm=nan, Normalized Score=1.0000
2024-09-21 00:07:33,460 v1.py iterate [line:121] INFO Round 3, Client 46: Local Acc=0.0000, Global Acc=0.1000, Grad Norm=nan, Normalized Score=1.0000
2024-09-21 00:07:33,498 v1.py iterate [line:121] INFO Round 3, Client 47: Local Acc=0.0000, Global Acc=0.1000, Grad Norm=nan, Normalized Score=1.0000
2024-09-21 00:07:33,533 v1.py iterate [line:121] INFO Round 3, Client 48: Local Acc=0.0000, Global Acc=0.1000, Grad Norm=nan, Normalized Score=1.0000
2024-09-21 00:07:33,569 v1.py iterate [line:121] INFO Round 3, Client 49: Local Acc=0.0100, Global Acc=0.1000, Grad Norm=nan, Normalized Score=1.0000
2024-09-21 00:07:33,569 v1.py aggregate [line:140] INFO Round 3, Client 0: Aggregation Weight=0.0200
2024-09-21 00:07:33,569 v1.py aggregate [line:140] INFO Round 3, Client 1: Aggregation Weight=0.0200
2024-09-21 00:07:33,569 v1.py aggregate [line:140] INFO Round 3, Client 2: Aggregation Weight=0.0200
2024-09-21 00:07:33,569 v1.py aggregate [line:140] INFO Round 3, Client 3: Aggregation Weight=0.0200
2024-09-21 00:07:33,570 v1.py aggregate [line:140] INFO Round 3, Client 4: Aggregation Weight=0.0200
2024-09-21 00:07:33,570 v1.py aggregate [line:140] INFO Round 3, Client 5: Aggregation Weight=0.0200
2024-09-21 00:07:33,570 v1.py aggregate [line:140] INFO Round 3, Client 6: Aggregation Weight=0.0200
2024-09-21 00:07:33,570 v1.py aggregate [line:140] INFO Round 3, Client 7: Aggregation Weight=0.0200
2024-09-21 00:07:33,570 v1.py aggregate [line:140] INFO Round 3, Client 8: Aggregation Weight=0.0200
2024-09-21 00:07:33,570 v1.py aggregate [line:140] INFO Round 3, Client 9: Aggregation Weight=0.0200
2024-09-21 00:07:33,570 v1.py aggregate [line:140] INFO Round 3, Client 10: Aggregation Weight=0.0200
2024-09-21 00:07:33,570 v1.py aggregate [line:140] INFO Round 3, Client 11: Aggregation Weight=0.0200
2024-09-21 00:07:33,570 v1.py aggregate [line:140] INFO Round 3, Client 12: Aggregation Weight=0.0200
2024-09-21 00:07:33,571 v1.py aggregate [line:140] INFO Round 3, Client 13: Aggregation Weight=0.0200
2024-09-21 00:07:33,571 v1.py aggregate [line:140] INFO Round 3, Client 14: Aggregation Weight=0.0200
2024-09-21 00:07:33,571 v1.py aggregate [line:140] INFO Round 3, Client 15: Aggregation Weight=0.0200
2024-09-21 00:07:33,571 v1.py aggregate [line:140] INFO Round 3, Client 16: Aggregation Weight=0.0200
2024-09-21 00:07:33,571 v1.py aggregate [line:140] INFO Round 3, Client 17: Aggregation Weight=0.0200
2024-09-21 00:07:33,571 v1.py aggregate [line:140] INFO Round 3, Client 18: Aggregation Weight=0.0200
2024-09-21 00:07:33,571 v1.py aggregate [line:140] INFO Round 3, Client 19: Aggregation Weight=0.0200
2024-09-21 00:07:33,571 v1.py aggregate [line:140] INFO Round 3, Client 20: Aggregation Weight=0.0200
2024-09-21 00:07:33,571 v1.py aggregate [line:140] INFO Round 3, Client 21: Aggregation Weight=0.0200
2024-09-21 00:07:33,571 v1.py aggregate [line:140] INFO Round 3, Client 22: Aggregation Weight=0.0200
2024-09-21 00:07:33,572 v1.py aggregate [line:140] INFO Round 3, Client 23: Aggregation Weight=0.0200
2024-09-21 00:07:33,572 v1.py aggregate [line:140] INFO Round 3, Client 24: Aggregation Weight=0.0200
2024-09-21 00:07:33,572 v1.py aggregate [line:140] INFO Round 3, Client 25: Aggregation Weight=0.0200
2024-09-21 00:07:33,572 v1.py aggregate [line:140] INFO Round 3, Client 26: Aggregation Weight=0.0200
2024-09-21 00:07:33,572 v1.py aggregate [line:140] INFO Round 3, Client 27: Aggregation Weight=0.0200
2024-09-21 00:07:33,572 v1.py aggregate [line:140] INFO Round 3, Client 28: Aggregation Weight=0.0200
2024-09-21 00:07:33,572 v1.py aggregate [line:140] INFO Round 3, Client 29: Aggregation Weight=0.0200
2024-09-21 00:07:33,572 v1.py aggregate [line:140] INFO Round 3, Client 30: Aggregation Weight=0.0200
2024-09-21 00:07:33,572 v1.py aggregate [line:140] INFO Round 3, Client 31: Aggregation Weight=0.0200
2024-09-21 00:07:33,573 v1.py aggregate [line:140] INFO Round 3, Client 32: Aggregation Weight=0.0200
2024-09-21 00:07:33,573 v1.py aggregate [line:140] INFO Round 3, Client 33: Aggregation Weight=0.0200
2024-09-21 00:07:33,573 v1.py aggregate [line:140] INFO Round 3, Client 34: Aggregation Weight=0.0200
2024-09-21 00:07:33,573 v1.py aggregate [line:140] INFO Round 3, Client 35: Aggregation Weight=0.0200
2024-09-21 00:07:33,573 v1.py aggregate [line:140] INFO Round 3, Client 36: Aggregation Weight=0.0200
2024-09-21 00:07:33,573 v1.py aggregate [line:140] INFO Round 3, Client 37: Aggregation Weight=0.0200
2024-09-21 00:07:33,573 v1.py aggregate [line:140] INFO Round 3, Client 38: Aggregation Weight=0.0200
2024-09-21 00:07:33,573 v1.py aggregate [line:140] INFO Round 3, Client 39: Aggregation Weight=0.0200
2024-09-21 00:07:33,573 v1.py aggregate [line:140] INFO Round 3, Client 40: Aggregation Weight=0.0200
2024-09-21 00:07:33,574 v1.py aggregate [line:140] INFO Round 3, Client 41: Aggregation Weight=0.0200
2024-09-21 00:07:33,574 v1.py aggregate [line:140] INFO Round 3, Client 42: Aggregation Weight=0.0200
2024-09-21 00:07:33,574 v1.py aggregate [line:140] INFO Round 3, Client 43: Aggregation Weight=0.0200
2024-09-21 00:07:33,574 v1.py aggregate [line:140] INFO Round 3, Client 44: Aggregation Weight=0.0200
2024-09-21 00:07:33,574 v1.py aggregate [line:140] INFO Round 3, Client 45: Aggregation Weight=0.0200
2024-09-21 00:07:33,574 v1.py aggregate [line:140] INFO Round 3, Client 46: Aggregation Weight=0.0200
2024-09-21 00:07:33,575 v1.py aggregate [line:140] INFO Round 3, Client 47: Aggregation Weight=0.0200
2024-09-21 00:07:33,575 v1.py aggregate [line:140] INFO Round 3, Client 48: Aggregation Weight=0.0200
2024-09-21 00:07:33,575 v1.py aggregate [line:140] INFO Round 3, Client 49: Aggregation Weight=0.0200
2024-09-21 00:07:33,575 v1.py aggregate [line:143] INFO Round 3: Total Aggregation Weight=1.0000
2024-09-21 00:07:33,610 fedbase.py run [line:300] INFO --------------Round 3--------------
2024-09-21 00:07:33,610 simple_logger.py log_once [line:14] INFO Current_time:3
2024-09-21 00:07:39,809 simple_logger.py log_once [line:28] INFO test_accuracy                 0.1000
2024-09-21 00:07:39,810 simple_logger.py log_once [line:28] INFO test_loss                     nan
2024-09-21 00:07:39,811 simple_logger.py log_once [line:28] INFO val_accuracy                  0.1014
2024-09-21 00:07:39,811 simple_logger.py log_once [line:28] INFO mean_val_accuracy             0.1015
2024-09-21 00:07:39,811 simple_logger.py log_once [line:28] INFO std_val_accuracy              0.2243
2024-09-21 00:07:39,811 simple_logger.py log_once [line:28] INFO val_loss                      nan
2024-09-21 00:07:39,811 simple_logger.py log_once [line:28] INFO mean_val_loss                 nan
2024-09-21 00:07:39,811 simple_logger.py log_once [line:28] INFO std_val_loss                  nan
2024-09-21 00:07:39,825 fedbase.py run [line:305] INFO Eval Time Cost:               6.2150s
2024-09-21 00:07:39,826 v1.py iterate [line:69] INFO Round 4 started
2024-09-21 00:07:39,826 v1.py iterate [line:73] INFO Round 4: Current weights - w1: 0.5000, w2: 0.5000
2024-09-21 00:07:39,826 v1.py sample [line:59] INFO Round 4: Committee clients selected - [0, 1, 2, 3, 4, 5, 6, 7, 8, 9, 10, 11, 12, 13, 14]
2024-09-21 00:07:39,826 v1.py sample [line:61] INFO Round 4: Normal clients selected - [15, 16, 17, 18, 19, 20, 21, 22, 23, 24, 25, 26, 27, 28, 29, 30, 31, 32, 33, 34, 35, 36, 37, 38, 39, 40, 41, 42, 43, 44, 45, 46, 47, 48, 49]
2024-09-21 00:07:39,826 v1.py sample [line:63] INFO Round 4: All selected clients - [0, 1, 2, 3, 4, 5, 6, 7, 8, 9, 10, 11, 12, 13, 14, 15, 16, 17, 18, 19, 20, 21, 22, 23, 24, 25, 26, 27, 28, 29, 30, 31, 32, 33, 34, 35, 36, 37, 38, 39, 40, 41, 42, 43, 44, 45, 46, 47, 48, 49]
2024-09-21 00:09:58,922 v1.py iterate [line:121] INFO Round 4, Client 0: Local Acc=0.0000, Global Acc=0.1000, Grad Norm=nan, Normalized Score=1.0000
2024-09-21 00:09:58,958 v1.py iterate [line:121] INFO Round 4, Client 1: Local Acc=0.0000, Global Acc=0.1000, Grad Norm=nan, Normalized Score=1.0000
2024-09-21 00:09:59,001 v1.py iterate [line:121] INFO Round 4, Client 2: Local Acc=0.0000, Global Acc=0.1000, Grad Norm=nan, Normalized Score=1.0000
2024-09-21 00:09:59,072 v1.py iterate [line:121] INFO Round 4, Client 3: Local Acc=0.0000, Global Acc=0.1000, Grad Norm=nan, Normalized Score=1.0000
2024-09-21 00:09:59,148 v1.py iterate [line:121] INFO Round 4, Client 4: Local Acc=0.0909, Global Acc=0.1000, Grad Norm=nan, Normalized Score=1.0000
2024-09-21 00:09:59,224 v1.py iterate [line:121] INFO Round 4, Client 5: Local Acc=0.0000, Global Acc=0.1000, Grad Norm=nan, Normalized Score=1.0000
2024-09-21 00:09:59,262 v1.py iterate [line:121] INFO Round 4, Client 6: Local Acc=0.6566, Global Acc=0.1000, Grad Norm=nan, Normalized Score=1.0000
2024-09-21 00:09:59,299 v1.py iterate [line:121] INFO Round 4, Client 7: Local Acc=0.0000, Global Acc=0.1000, Grad Norm=nan, Normalized Score=1.0000
2024-09-21 00:09:59,340 v1.py iterate [line:121] INFO Round 4, Client 8: Local Acc=0.1717, Global Acc=0.1000, Grad Norm=nan, Normalized Score=1.0000
2024-09-21 00:09:59,405 v1.py iterate [line:121] INFO Round 4, Client 9: Local Acc=0.0000, Global Acc=0.1000, Grad Norm=nan, Normalized Score=1.0000
2024-09-21 00:09:59,487 v1.py iterate [line:121] INFO Round 4, Client 10: Local Acc=0.0000, Global Acc=0.1000, Grad Norm=nan, Normalized Score=1.0000
2024-09-21 00:09:59,564 v1.py iterate [line:121] INFO Round 4, Client 11: Local Acc=0.0000, Global Acc=0.1000, Grad Norm=nan, Normalized Score=1.0000
2024-09-21 00:09:59,623 v1.py iterate [line:121] INFO Round 4, Client 12: Local Acc=0.7576, Global Acc=0.1000, Grad Norm=nan, Normalized Score=1.0000
2024-09-21 00:09:59,693 v1.py iterate [line:121] INFO Round 4, Client 13: Local Acc=0.0000, Global Acc=0.1000, Grad Norm=nan, Normalized Score=1.0000
2024-09-21 00:09:59,730 v1.py iterate [line:121] INFO Round 4, Client 14: Local Acc=0.0000, Global Acc=0.1000, Grad Norm=nan, Normalized Score=1.0000
2024-09-21 00:09:59,766 v1.py iterate [line:121] INFO Round 4, Client 15: Local Acc=0.7879, Global Acc=0.1000, Grad Norm=nan, Normalized Score=1.0000
2024-09-21 00:09:59,805 v1.py iterate [line:121] INFO Round 4, Client 16: Local Acc=0.0100, Global Acc=0.1000, Grad Norm=nan, Normalized Score=1.0000
2024-09-21 00:09:59,866 v1.py iterate [line:121] INFO Round 4, Client 17: Local Acc=0.0200, Global Acc=0.1000, Grad Norm=nan, Normalized Score=1.0000
2024-09-21 00:09:59,936 v1.py iterate [line:121] INFO Round 4, Client 18: Local Acc=0.8600, Global Acc=0.1000, Grad Norm=nan, Normalized Score=1.0000
2024-09-21 00:09:59,971 v1.py iterate [line:121] INFO Round 4, Client 19: Local Acc=0.0000, Global Acc=0.1000, Grad Norm=nan, Normalized Score=1.0000
2024-09-21 00:10:00,005 v1.py iterate [line:121] INFO Round 4, Client 20: Local Acc=0.5152, Global Acc=0.1000, Grad Norm=nan, Normalized Score=1.0000
2024-09-21 00:10:00,040 v1.py iterate [line:121] INFO Round 4, Client 21: Local Acc=0.0000, Global Acc=0.1000, Grad Norm=nan, Normalized Score=1.0000
2024-09-21 00:10:00,103 v1.py iterate [line:121] INFO Round 4, Client 22: Local Acc=0.2626, Global Acc=0.1000, Grad Norm=nan, Normalized Score=1.0000
2024-09-21 00:10:00,178 v1.py iterate [line:121] INFO Round 4, Client 23: Local Acc=0.2020, Global Acc=0.1000, Grad Norm=nan, Normalized Score=1.0000
2024-09-21 00:10:00,258 v1.py iterate [line:121] INFO Round 4, Client 24: Local Acc=0.0000, Global Acc=0.1000, Grad Norm=nan, Normalized Score=1.0000
2024-09-21 00:10:00,305 v1.py iterate [line:121] INFO Round 4, Client 25: Local Acc=0.0000, Global Acc=0.1000, Grad Norm=nan, Normalized Score=1.0000
2024-09-21 00:10:00,341 v1.py iterate [line:121] INFO Round 4, Client 26: Local Acc=0.0000, Global Acc=0.1000, Grad Norm=nan, Normalized Score=1.0000
2024-09-21 00:10:00,379 v1.py iterate [line:121] INFO Round 4, Client 27: Local Acc=0.0000, Global Acc=0.1000, Grad Norm=nan, Normalized Score=1.0000
2024-09-21 00:10:00,433 v1.py iterate [line:121] INFO Round 4, Client 28: Local Acc=0.0000, Global Acc=0.1000, Grad Norm=nan, Normalized Score=1.0000
2024-09-21 00:10:00,499 v1.py iterate [line:121] INFO Round 4, Client 29: Local Acc=0.0000, Global Acc=0.1000, Grad Norm=nan, Normalized Score=1.0000
2024-09-21 00:10:00,564 v1.py iterate [line:121] INFO Round 4, Client 30: Local Acc=0.0000, Global Acc=0.1000, Grad Norm=nan, Normalized Score=1.0000
2024-09-21 00:10:00,632 v1.py iterate [line:121] INFO Round 4, Client 31: Local Acc=0.0000, Global Acc=0.1000, Grad Norm=nan, Normalized Score=1.0000
2024-09-21 00:10:00,702 v1.py iterate [line:121] INFO Round 4, Client 32: Local Acc=0.0000, Global Acc=0.1000, Grad Norm=nan, Normalized Score=1.0000
2024-09-21 00:10:00,786 v1.py iterate [line:121] INFO Round 4, Client 33: Local Acc=0.0000, Global Acc=0.1000, Grad Norm=nan, Normalized Score=1.0000
2024-09-21 00:10:00,821 v1.py iterate [line:121] INFO Round 4, Client 34: Local Acc=0.0000, Global Acc=0.1000, Grad Norm=nan, Normalized Score=1.0000
2024-09-21 00:10:00,862 v1.py iterate [line:121] INFO Round 4, Client 35: Local Acc=0.0000, Global Acc=0.1000, Grad Norm=nan, Normalized Score=1.0000
2024-09-21 00:10:00,898 v1.py iterate [line:121] INFO Round 4, Client 36: Local Acc=0.0000, Global Acc=0.1000, Grad Norm=nan, Normalized Score=1.0000
2024-09-21 00:10:00,959 v1.py iterate [line:121] INFO Round 4, Client 37: Local Acc=0.0000, Global Acc=0.1000, Grad Norm=nan, Normalized Score=1.0000
2024-09-21 00:10:01,026 v1.py iterate [line:121] INFO Round 4, Client 38: Local Acc=0.0000, Global Acc=0.1000, Grad Norm=nan, Normalized Score=1.0000
2024-09-21 00:10:01,065 v1.py iterate [line:121] INFO Round 4, Client 39: Local Acc=0.0200, Global Acc=0.1000, Grad Norm=nan, Normalized Score=1.0000
2024-09-21 00:10:01,102 v1.py iterate [line:121] INFO Round 4, Client 40: Local Acc=0.4200, Global Acc=0.1000, Grad Norm=nan, Normalized Score=1.0000
2024-09-21 00:10:01,136 v1.py iterate [line:121] INFO Round 4, Client 41: Local Acc=0.2727, Global Acc=0.1000, Grad Norm=nan, Normalized Score=1.0000
2024-09-21 00:10:01,184 v1.py iterate [line:121] INFO Round 4, Client 42: Local Acc=0.0000, Global Acc=0.1000, Grad Norm=nan, Normalized Score=1.0000
2024-09-21 00:10:01,220 v1.py iterate [line:121] INFO Round 4, Client 43: Local Acc=0.0000, Global Acc=0.1000, Grad Norm=nan, Normalized Score=1.0000
2024-09-21 00:10:01,256 v1.py iterate [line:121] INFO Round 4, Client 44: Local Acc=0.0000, Global Acc=0.1000, Grad Norm=nan, Normalized Score=1.0000
2024-09-21 00:10:01,320 v1.py iterate [line:121] INFO Round 4, Client 45: Local Acc=0.0202, Global Acc=0.1000, Grad Norm=nan, Normalized Score=1.0000
2024-09-21 00:10:01,394 v1.py iterate [line:121] INFO Round 4, Client 46: Local Acc=0.0000, Global Acc=0.1000, Grad Norm=nan, Normalized Score=1.0000
2024-09-21 00:10:01,466 v1.py iterate [line:121] INFO Round 4, Client 47: Local Acc=0.0000, Global Acc=0.1000, Grad Norm=nan, Normalized Score=1.0000
2024-09-21 00:10:01,539 v1.py iterate [line:121] INFO Round 4, Client 48: Local Acc=0.0000, Global Acc=0.1000, Grad Norm=nan, Normalized Score=1.0000
2024-09-21 00:10:01,615 v1.py iterate [line:121] INFO Round 4, Client 49: Local Acc=0.0100, Global Acc=0.1000, Grad Norm=nan, Normalized Score=1.0000
2024-09-21 00:10:01,615 v1.py aggregate [line:140] INFO Round 4, Client 0: Aggregation Weight=0.0200
2024-09-21 00:10:01,615 v1.py aggregate [line:140] INFO Round 4, Client 1: Aggregation Weight=0.0200
2024-09-21 00:10:01,615 v1.py aggregate [line:140] INFO Round 4, Client 2: Aggregation Weight=0.0200
2024-09-21 00:10:01,615 v1.py aggregate [line:140] INFO Round 4, Client 3: Aggregation Weight=0.0200
2024-09-21 00:10:01,615 v1.py aggregate [line:140] INFO Round 4, Client 4: Aggregation Weight=0.0200
2024-09-21 00:10:01,615 v1.py aggregate [line:140] INFO Round 4, Client 5: Aggregation Weight=0.0200
2024-09-21 00:10:01,615 v1.py aggregate [line:140] INFO Round 4, Client 6: Aggregation Weight=0.0200
2024-09-21 00:10:01,615 v1.py aggregate [line:140] INFO Round 4, Client 7: Aggregation Weight=0.0200
2024-09-21 00:10:01,615 v1.py aggregate [line:140] INFO Round 4, Client 8: Aggregation Weight=0.0200
2024-09-21 00:10:01,616 v1.py aggregate [line:140] INFO Round 4, Client 9: Aggregation Weight=0.0200
2024-09-21 00:10:01,616 v1.py aggregate [line:140] INFO Round 4, Client 10: Aggregation Weight=0.0200
2024-09-21 00:10:01,616 v1.py aggregate [line:140] INFO Round 4, Client 11: Aggregation Weight=0.0200
2024-09-21 00:10:01,616 v1.py aggregate [line:140] INFO Round 4, Client 12: Aggregation Weight=0.0200
2024-09-21 00:10:01,616 v1.py aggregate [line:140] INFO Round 4, Client 13: Aggregation Weight=0.0200
2024-09-21 00:10:01,616 v1.py aggregate [line:140] INFO Round 4, Client 14: Aggregation Weight=0.0200
2024-09-21 00:10:01,616 v1.py aggregate [line:140] INFO Round 4, Client 15: Aggregation Weight=0.0200
2024-09-21 00:10:01,616 v1.py aggregate [line:140] INFO Round 4, Client 16: Aggregation Weight=0.0200
2024-09-21 00:10:01,616 v1.py aggregate [line:140] INFO Round 4, Client 17: Aggregation Weight=0.0200
2024-09-21 00:10:01,616 v1.py aggregate [line:140] INFO Round 4, Client 18: Aggregation Weight=0.0200
2024-09-21 00:10:01,616 v1.py aggregate [line:140] INFO Round 4, Client 19: Aggregation Weight=0.0200
2024-09-21 00:10:01,616 v1.py aggregate [line:140] INFO Round 4, Client 20: Aggregation Weight=0.0200
2024-09-21 00:10:01,616 v1.py aggregate [line:140] INFO Round 4, Client 21: Aggregation Weight=0.0200
2024-09-21 00:10:01,616 v1.py aggregate [line:140] INFO Round 4, Client 22: Aggregation Weight=0.0200
2024-09-21 00:10:01,619 v1.py aggregate [line:140] INFO Round 4, Client 23: Aggregation Weight=0.0200
2024-09-21 00:10:01,620 v1.py aggregate [line:140] INFO Round 4, Client 24: Aggregation Weight=0.0200
2024-09-21 00:10:01,620 v1.py aggregate [line:140] INFO Round 4, Client 25: Aggregation Weight=0.0200
2024-09-21 00:10:01,620 v1.py aggregate [line:140] INFO Round 4, Client 26: Aggregation Weight=0.0200
2024-09-21 00:10:01,620 v1.py aggregate [line:140] INFO Round 4, Client 27: Aggregation Weight=0.0200
2024-09-21 00:10:01,620 v1.py aggregate [line:140] INFO Round 4, Client 28: Aggregation Weight=0.0200
2024-09-21 00:10:01,620 v1.py aggregate [line:140] INFO Round 4, Client 29: Aggregation Weight=0.0200
2024-09-21 00:10:01,620 v1.py aggregate [line:140] INFO Round 4, Client 30: Aggregation Weight=0.0200
2024-09-21 00:10:01,620 v1.py aggregate [line:140] INFO Round 4, Client 31: Aggregation Weight=0.0200
2024-09-21 00:10:01,620 v1.py aggregate [line:140] INFO Round 4, Client 32: Aggregation Weight=0.0200
2024-09-21 00:10:01,630 v1.py aggregate [line:140] INFO Round 4, Client 33: Aggregation Weight=0.0200
2024-09-21 00:10:01,630 v1.py aggregate [line:140] INFO Round 4, Client 34: Aggregation Weight=0.0200
2024-09-21 00:10:01,630 v1.py aggregate [line:140] INFO Round 4, Client 35: Aggregation Weight=0.0200
2024-09-21 00:10:01,630 v1.py aggregate [line:140] INFO Round 4, Client 36: Aggregation Weight=0.0200
2024-09-21 00:10:01,630 v1.py aggregate [line:140] INFO Round 4, Client 37: Aggregation Weight=0.0200
2024-09-21 00:10:01,630 v1.py aggregate [line:140] INFO Round 4, Client 38: Aggregation Weight=0.0200
2024-09-21 00:10:01,630 v1.py aggregate [line:140] INFO Round 4, Client 39: Aggregation Weight=0.0200
2024-09-21 00:10:01,630 v1.py aggregate [line:140] INFO Round 4, Client 40: Aggregation Weight=0.0200
2024-09-21 00:10:01,630 v1.py aggregate [line:140] INFO Round 4, Client 41: Aggregation Weight=0.0200
2024-09-21 00:10:01,630 v1.py aggregate [line:140] INFO Round 4, Client 42: Aggregation Weight=0.0200
2024-09-21 00:10:01,630 v1.py aggregate [line:140] INFO Round 4, Client 43: Aggregation Weight=0.0200
2024-09-21 00:10:01,630 v1.py aggregate [line:140] INFO Round 4, Client 44: Aggregation Weight=0.0200
2024-09-21 00:10:01,630 v1.py aggregate [line:140] INFO Round 4, Client 45: Aggregation Weight=0.0200
2024-09-21 00:10:01,630 v1.py aggregate [line:140] INFO Round 4, Client 46: Aggregation Weight=0.0200
2024-09-21 00:10:01,630 v1.py aggregate [line:140] INFO Round 4, Client 47: Aggregation Weight=0.0200
2024-09-21 00:10:01,631 v1.py aggregate [line:140] INFO Round 4, Client 48: Aggregation Weight=0.0200
2024-09-21 00:10:01,631 v1.py aggregate [line:140] INFO Round 4, Client 49: Aggregation Weight=0.0200
2024-09-21 00:10:01,631 v1.py aggregate [line:143] INFO Round 4: Total Aggregation Weight=1.0000
2024-09-21 00:10:01,692 fedbase.py run [line:300] INFO --------------Round 4--------------
2024-09-21 00:10:01,692 simple_logger.py log_once [line:14] INFO Current_time:4
2024-09-21 00:10:06,618 simple_logger.py log_once [line:28] INFO test_accuracy                 0.1000
2024-09-21 00:10:06,618 simple_logger.py log_once [line:28] INFO test_loss                     nan
2024-09-21 00:10:06,618 simple_logger.py log_once [line:28] INFO val_accuracy                  0.1014
2024-09-21 00:10:06,618 simple_logger.py log_once [line:28] INFO mean_val_accuracy             0.1015
2024-09-21 00:10:06,618 simple_logger.py log_once [line:28] INFO std_val_accuracy              0.2243
2024-09-21 00:10:06,619 simple_logger.py log_once [line:28] INFO val_loss                      nan
2024-09-21 00:10:06,619 simple_logger.py log_once [line:28] INFO mean_val_loss                 nan
2024-09-21 00:10:06,619 simple_logger.py log_once [line:28] INFO std_val_loss                  nan
2024-09-21 00:10:06,625 fedbase.py run [line:305] INFO Eval Time Cost:               4.9329s
2024-09-21 00:10:06,625 v1.py iterate [line:69] INFO Round 5 started
2024-09-21 00:10:06,625 v1.py iterate [line:73] INFO Round 5: Current weights - w1: 0.5000, w2: 0.5000
2024-09-21 00:10:06,626 v1.py sample [line:59] INFO Round 5: Committee clients selected - [0, 1, 2, 3, 4, 5, 6, 7, 8, 9, 10, 11, 12, 13, 14]
2024-09-21 00:10:06,626 v1.py sample [line:61] INFO Round 5: Normal clients selected - [15, 16, 17, 18, 19, 20, 21, 22, 23, 24, 25, 26, 27, 28, 29, 30, 31, 32, 33, 34, 35, 36, 37, 38, 39, 40, 41, 42, 43, 44, 45, 46, 47, 48, 49]
2024-09-21 00:10:06,626 v1.py sample [line:63] INFO Round 5: All selected clients - [0, 1, 2, 3, 4, 5, 6, 7, 8, 9, 10, 11, 12, 13, 14, 15, 16, 17, 18, 19, 20, 21, 22, 23, 24, 25, 26, 27, 28, 29, 30, 31, 32, 33, 34, 35, 36, 37, 38, 39, 40, 41, 42, 43, 44, 45, 46, 47, 48, 49]
2024-09-21 00:12:22,974 v1.py iterate [line:121] INFO Round 5, Client 0: Local Acc=0.0000, Global Acc=0.1000, Grad Norm=nan, Normalized Score=1.0000
2024-09-21 00:12:23,010 v1.py iterate [line:121] INFO Round 5, Client 1: Local Acc=0.0000, Global Acc=0.1000, Grad Norm=nan, Normalized Score=1.0000
2024-09-21 00:12:23,050 v1.py iterate [line:121] INFO Round 5, Client 2: Local Acc=0.0000, Global Acc=0.1000, Grad Norm=nan, Normalized Score=1.0000
2024-09-21 00:12:23,086 v1.py iterate [line:121] INFO Round 5, Client 3: Local Acc=0.0000, Global Acc=0.1000, Grad Norm=nan, Normalized Score=1.0000
2024-09-21 00:12:23,121 v1.py iterate [line:121] INFO Round 5, Client 4: Local Acc=0.0909, Global Acc=0.1000, Grad Norm=nan, Normalized Score=1.0000
2024-09-21 00:12:23,158 v1.py iterate [line:121] INFO Round 5, Client 5: Local Acc=0.0000, Global Acc=0.1000, Grad Norm=nan, Normalized Score=1.0000
2024-09-21 00:12:23,193 v1.py iterate [line:121] INFO Round 5, Client 6: Local Acc=0.6566, Global Acc=0.1000, Grad Norm=nan, Normalized Score=1.0000
2024-09-21 00:12:23,229 v1.py iterate [line:121] INFO Round 5, Client 7: Local Acc=0.0000, Global Acc=0.1000, Grad Norm=nan, Normalized Score=1.0000
2024-09-21 00:12:23,267 v1.py iterate [line:121] INFO Round 5, Client 8: Local Acc=0.1717, Global Acc=0.1000, Grad Norm=nan, Normalized Score=1.0000
2024-09-21 00:12:23,300 v1.py iterate [line:121] INFO Round 5, Client 9: Local Acc=0.0000, Global Acc=0.1000, Grad Norm=nan, Normalized Score=1.0000
2024-09-21 00:12:23,336 v1.py iterate [line:121] INFO Round 5, Client 10: Local Acc=0.0000, Global Acc=0.1000, Grad Norm=nan, Normalized Score=1.0000
2024-09-21 00:12:23,374 v1.py iterate [line:121] INFO Round 5, Client 11: Local Acc=0.0000, Global Acc=0.1000, Grad Norm=nan, Normalized Score=1.0000
2024-09-21 00:12:23,409 v1.py iterate [line:121] INFO Round 5, Client 12: Local Acc=0.7576, Global Acc=0.1000, Grad Norm=nan, Normalized Score=1.0000
2024-09-21 00:12:23,446 v1.py iterate [line:121] INFO Round 5, Client 13: Local Acc=0.0000, Global Acc=0.1000, Grad Norm=nan, Normalized Score=1.0000
2024-09-21 00:12:23,484 v1.py iterate [line:121] INFO Round 5, Client 14: Local Acc=0.0000, Global Acc=0.1000, Grad Norm=nan, Normalized Score=1.0000
2024-09-21 00:12:23,520 v1.py iterate [line:121] INFO Round 5, Client 15: Local Acc=0.7879, Global Acc=0.1000, Grad Norm=nan, Normalized Score=1.0000
2024-09-21 00:12:23,558 v1.py iterate [line:121] INFO Round 5, Client 16: Local Acc=0.0100, Global Acc=0.1000, Grad Norm=nan, Normalized Score=1.0000
2024-09-21 00:12:23,594 v1.py iterate [line:121] INFO Round 5, Client 17: Local Acc=0.0200, Global Acc=0.1000, Grad Norm=nan, Normalized Score=1.0000
2024-09-21 00:12:23,629 v1.py iterate [line:121] INFO Round 5, Client 18: Local Acc=0.8600, Global Acc=0.1000, Grad Norm=nan, Normalized Score=1.0000
2024-09-21 00:12:23,665 v1.py iterate [line:121] INFO Round 5, Client 19: Local Acc=0.0000, Global Acc=0.1000, Grad Norm=nan, Normalized Score=1.0000
2024-09-21 00:12:23,706 v1.py iterate [line:121] INFO Round 5, Client 20: Local Acc=0.5152, Global Acc=0.1000, Grad Norm=nan, Normalized Score=1.0000
2024-09-21 00:12:23,742 v1.py iterate [line:121] INFO Round 5, Client 21: Local Acc=0.0000, Global Acc=0.1000, Grad Norm=nan, Normalized Score=1.0000
2024-09-21 00:12:23,777 v1.py iterate [line:121] INFO Round 5, Client 22: Local Acc=0.2626, Global Acc=0.1000, Grad Norm=nan, Normalized Score=1.0000
2024-09-21 00:12:23,812 v1.py iterate [line:121] INFO Round 5, Client 23: Local Acc=0.2020, Global Acc=0.1000, Grad Norm=nan, Normalized Score=1.0000
2024-09-21 00:12:23,872 v1.py iterate [line:121] INFO Round 5, Client 24: Local Acc=0.0000, Global Acc=0.1000, Grad Norm=nan, Normalized Score=1.0000
2024-09-21 00:12:23,936 v1.py iterate [line:121] INFO Round 5, Client 25: Local Acc=0.0000, Global Acc=0.1000, Grad Norm=nan, Normalized Score=1.0000
2024-09-21 00:12:23,975 v1.py iterate [line:121] INFO Round 5, Client 26: Local Acc=0.0000, Global Acc=0.1000, Grad Norm=nan, Normalized Score=1.0000
2024-09-21 00:12:24,030 v1.py iterate [line:121] INFO Round 5, Client 27: Local Acc=0.0000, Global Acc=0.1000, Grad Norm=nan, Normalized Score=1.0000
2024-09-21 00:12:24,065 v1.py iterate [line:121] INFO Round 5, Client 28: Local Acc=0.0000, Global Acc=0.1000, Grad Norm=nan, Normalized Score=1.0000
2024-09-21 00:12:24,117 v1.py iterate [line:121] INFO Round 5, Client 29: Local Acc=0.0000, Global Acc=0.1000, Grad Norm=nan, Normalized Score=1.0000
2024-09-21 00:12:24,192 v1.py iterate [line:121] INFO Round 5, Client 30: Local Acc=0.0000, Global Acc=0.1000, Grad Norm=nan, Normalized Score=1.0000
2024-09-21 00:12:24,228 v1.py iterate [line:121] INFO Round 5, Client 31: Local Acc=0.0000, Global Acc=0.1000, Grad Norm=nan, Normalized Score=1.0000
2024-09-21 00:12:24,268 v1.py iterate [line:121] INFO Round 5, Client 32: Local Acc=0.0000, Global Acc=0.1000, Grad Norm=nan, Normalized Score=1.0000
2024-09-21 00:12:24,347 v1.py iterate [line:121] INFO Round 5, Client 33: Local Acc=0.0000, Global Acc=0.1000, Grad Norm=nan, Normalized Score=1.0000
2024-09-21 00:12:24,421 v1.py iterate [line:121] INFO Round 5, Client 34: Local Acc=0.0000, Global Acc=0.1000, Grad Norm=nan, Normalized Score=1.0000
2024-09-21 00:12:24,487 v1.py iterate [line:121] INFO Round 5, Client 35: Local Acc=0.0000, Global Acc=0.1000, Grad Norm=nan, Normalized Score=1.0000
2024-09-21 00:12:24,523 v1.py iterate [line:121] INFO Round 5, Client 36: Local Acc=0.0000, Global Acc=0.1000, Grad Norm=nan, Normalized Score=1.0000
2024-09-21 00:12:24,595 v1.py iterate [line:121] INFO Round 5, Client 37: Local Acc=0.0000, Global Acc=0.1000, Grad Norm=nan, Normalized Score=1.0000
2024-09-21 00:12:24,667 v1.py iterate [line:121] INFO Round 5, Client 38: Local Acc=0.0000, Global Acc=0.1000, Grad Norm=nan, Normalized Score=1.0000
2024-09-21 00:12:24,730 v1.py iterate [line:121] INFO Round 5, Client 39: Local Acc=0.0200, Global Acc=0.1000, Grad Norm=nan, Normalized Score=1.0000
2024-09-21 00:12:24,809 v1.py iterate [line:121] INFO Round 5, Client 40: Local Acc=0.4200, Global Acc=0.1000, Grad Norm=nan, Normalized Score=1.0000
2024-09-21 00:12:24,877 v1.py iterate [line:121] INFO Round 5, Client 41: Local Acc=0.2727, Global Acc=0.1000, Grad Norm=nan, Normalized Score=1.0000
2024-09-21 00:12:24,921 v1.py iterate [line:121] INFO Round 5, Client 42: Local Acc=0.0000, Global Acc=0.1000, Grad Norm=nan, Normalized Score=1.0000
2024-09-21 00:12:24,955 v1.py iterate [line:121] INFO Round 5, Client 43: Local Acc=0.0000, Global Acc=0.1000, Grad Norm=nan, Normalized Score=1.0000
2024-09-21 00:12:25,008 v1.py iterate [line:121] INFO Round 5, Client 44: Local Acc=0.0000, Global Acc=0.1000, Grad Norm=nan, Normalized Score=1.0000
2024-09-21 00:12:25,075 v1.py iterate [line:121] INFO Round 5, Client 45: Local Acc=0.0202, Global Acc=0.1000, Grad Norm=nan, Normalized Score=1.0000
2024-09-21 00:12:25,160 v1.py iterate [line:121] INFO Round 5, Client 46: Local Acc=0.0000, Global Acc=0.1000, Grad Norm=nan, Normalized Score=1.0000
2024-09-21 00:12:25,234 v1.py iterate [line:121] INFO Round 5, Client 47: Local Acc=0.0000, Global Acc=0.1000, Grad Norm=nan, Normalized Score=1.0000
2024-09-21 00:12:25,317 v1.py iterate [line:121] INFO Round 5, Client 48: Local Acc=0.0000, Global Acc=0.1000, Grad Norm=nan, Normalized Score=1.0000
2024-09-21 00:12:25,376 v1.py iterate [line:121] INFO Round 5, Client 49: Local Acc=0.0100, Global Acc=0.1000, Grad Norm=nan, Normalized Score=1.0000
2024-09-21 00:12:25,376 v1.py aggregate [line:140] INFO Round 5, Client 0: Aggregation Weight=0.0200
2024-09-21 00:12:25,376 v1.py aggregate [line:140] INFO Round 5, Client 1: Aggregation Weight=0.0200
2024-09-21 00:12:25,376 v1.py aggregate [line:140] INFO Round 5, Client 2: Aggregation Weight=0.0200
2024-09-21 00:12:25,376 v1.py aggregate [line:140] INFO Round 5, Client 3: Aggregation Weight=0.0200
2024-09-21 00:12:25,376 v1.py aggregate [line:140] INFO Round 5, Client 4: Aggregation Weight=0.0200
2024-09-21 00:12:25,376 v1.py aggregate [line:140] INFO Round 5, Client 5: Aggregation Weight=0.0200
2024-09-21 00:12:25,377 v1.py aggregate [line:140] INFO Round 5, Client 6: Aggregation Weight=0.0200
2024-09-21 00:12:25,377 v1.py aggregate [line:140] INFO Round 5, Client 7: Aggregation Weight=0.0200
2024-09-21 00:12:25,377 v1.py aggregate [line:140] INFO Round 5, Client 8: Aggregation Weight=0.0200
2024-09-21 00:12:25,377 v1.py aggregate [line:140] INFO Round 5, Client 9: Aggregation Weight=0.0200
2024-09-21 00:12:25,377 v1.py aggregate [line:140] INFO Round 5, Client 10: Aggregation Weight=0.0200
2024-09-21 00:12:25,377 v1.py aggregate [line:140] INFO Round 5, Client 11: Aggregation Weight=0.0200
2024-09-21 00:12:25,377 v1.py aggregate [line:140] INFO Round 5, Client 12: Aggregation Weight=0.0200
2024-09-21 00:12:25,377 v1.py aggregate [line:140] INFO Round 5, Client 13: Aggregation Weight=0.0200
2024-09-21 00:12:25,377 v1.py aggregate [line:140] INFO Round 5, Client 14: Aggregation Weight=0.0200
2024-09-21 00:12:25,377 v1.py aggregate [line:140] INFO Round 5, Client 15: Aggregation Weight=0.0200
2024-09-21 00:12:25,377 v1.py aggregate [line:140] INFO Round 5, Client 16: Aggregation Weight=0.0200
2024-09-21 00:12:25,377 v1.py aggregate [line:140] INFO Round 5, Client 17: Aggregation Weight=0.0200
2024-09-21 00:12:25,377 v1.py aggregate [line:140] INFO Round 5, Client 18: Aggregation Weight=0.0200
2024-09-21 00:12:25,377 v1.py aggregate [line:140] INFO Round 5, Client 19: Aggregation Weight=0.0200
2024-09-21 00:12:25,377 v1.py aggregate [line:140] INFO Round 5, Client 20: Aggregation Weight=0.0200
2024-09-21 00:12:25,377 v1.py aggregate [line:140] INFO Round 5, Client 21: Aggregation Weight=0.0200
2024-09-21 00:12:25,377 v1.py aggregate [line:140] INFO Round 5, Client 22: Aggregation Weight=0.0200
2024-09-21 00:12:25,377 v1.py aggregate [line:140] INFO Round 5, Client 23: Aggregation Weight=0.0200
2024-09-21 00:12:25,377 v1.py aggregate [line:140] INFO Round 5, Client 24: Aggregation Weight=0.0200
2024-09-21 00:12:25,377 v1.py aggregate [line:140] INFO Round 5, Client 25: Aggregation Weight=0.0200
2024-09-21 00:12:25,377 v1.py aggregate [line:140] INFO Round 5, Client 26: Aggregation Weight=0.0200
2024-09-21 00:12:25,377 v1.py aggregate [line:140] INFO Round 5, Client 27: Aggregation Weight=0.0200
2024-09-21 00:12:25,377 v1.py aggregate [line:140] INFO Round 5, Client 28: Aggregation Weight=0.0200
2024-09-21 00:12:25,377 v1.py aggregate [line:140] INFO Round 5, Client 29: Aggregation Weight=0.0200
2024-09-21 00:12:25,378 v1.py aggregate [line:140] INFO Round 5, Client 30: Aggregation Weight=0.0200
2024-09-21 00:12:25,378 v1.py aggregate [line:140] INFO Round 5, Client 31: Aggregation Weight=0.0200
2024-09-21 00:12:25,378 v1.py aggregate [line:140] INFO Round 5, Client 32: Aggregation Weight=0.0200
2024-09-21 00:12:25,378 v1.py aggregate [line:140] INFO Round 5, Client 33: Aggregation Weight=0.0200
2024-09-21 00:12:25,378 v1.py aggregate [line:140] INFO Round 5, Client 34: Aggregation Weight=0.0200
2024-09-21 00:12:25,378 v1.py aggregate [line:140] INFO Round 5, Client 35: Aggregation Weight=0.0200
2024-09-21 00:12:25,378 v1.py aggregate [line:140] INFO Round 5, Client 36: Aggregation Weight=0.0200
2024-09-21 00:12:25,378 v1.py aggregate [line:140] INFO Round 5, Client 37: Aggregation Weight=0.0200
2024-09-21 00:12:25,378 v1.py aggregate [line:140] INFO Round 5, Client 38: Aggregation Weight=0.0200
2024-09-21 00:12:25,378 v1.py aggregate [line:140] INFO Round 5, Client 39: Aggregation Weight=0.0200
2024-09-21 00:12:25,378 v1.py aggregate [line:140] INFO Round 5, Client 40: Aggregation Weight=0.0200
2024-09-21 00:12:25,378 v1.py aggregate [line:140] INFO Round 5, Client 41: Aggregation Weight=0.0200
2024-09-21 00:12:25,378 v1.py aggregate [line:140] INFO Round 5, Client 42: Aggregation Weight=0.0200
2024-09-21 00:12:25,378 v1.py aggregate [line:140] INFO Round 5, Client 43: Aggregation Weight=0.0200
2024-09-21 00:12:25,378 v1.py aggregate [line:140] INFO Round 5, Client 44: Aggregation Weight=0.0200
2024-09-21 00:12:25,378 v1.py aggregate [line:140] INFO Round 5, Client 45: Aggregation Weight=0.0200
2024-09-21 00:12:25,378 v1.py aggregate [line:140] INFO Round 5, Client 46: Aggregation Weight=0.0200
2024-09-21 00:12:25,378 v1.py aggregate [line:140] INFO Round 5, Client 47: Aggregation Weight=0.0200
2024-09-21 00:12:25,378 v1.py aggregate [line:140] INFO Round 5, Client 48: Aggregation Weight=0.0200
2024-09-21 00:12:25,378 v1.py aggregate [line:140] INFO Round 5, Client 49: Aggregation Weight=0.0200
2024-09-21 00:12:25,378 v1.py aggregate [line:143] INFO Round 5: Total Aggregation Weight=1.0000
2024-09-21 00:12:25,469 fedbase.py run [line:300] INFO --------------Round 5--------------
2024-09-21 00:12:25,469 simple_logger.py log_once [line:14] INFO Current_time:5
2024-09-21 00:12:30,980 simple_logger.py log_once [line:28] INFO test_accuracy                 0.1000
2024-09-21 00:12:30,980 simple_logger.py log_once [line:28] INFO test_loss                     nan
2024-09-21 00:12:30,980 simple_logger.py log_once [line:28] INFO val_accuracy                  0.1014
2024-09-21 00:12:30,981 simple_logger.py log_once [line:28] INFO mean_val_accuracy             0.1015
2024-09-21 00:12:30,981 simple_logger.py log_once [line:28] INFO std_val_accuracy              0.2243
2024-09-21 00:12:30,981 simple_logger.py log_once [line:28] INFO val_loss                      nan
2024-09-21 00:12:30,981 simple_logger.py log_once [line:28] INFO mean_val_loss                 nan
2024-09-21 00:12:30,981 simple_logger.py log_once [line:28] INFO std_val_loss                  nan
2024-09-21 00:12:30,989 fedbase.py run [line:305] INFO Eval Time Cost:               5.5201s
2024-09-21 00:12:30,990 v1.py iterate [line:69] INFO Round 6 started
2024-09-21 00:12:30,990 v1.py iterate [line:73] INFO Round 6: Current weights - w1: 0.5000, w2: 0.5000
2024-09-21 00:12:30,990 v1.py sample [line:59] INFO Round 6: Committee clients selected - [0, 1, 2, 3, 4, 5, 6, 7, 8, 9, 10, 11, 12, 13, 14]
2024-09-21 00:12:30,990 v1.py sample [line:61] INFO Round 6: Normal clients selected - [15, 16, 17, 18, 19, 20, 21, 22, 23, 24, 25, 26, 27, 28, 29, 30, 31, 32, 33, 34, 35, 36, 37, 38, 39, 40, 41, 42, 43, 44, 45, 46, 47, 48, 49]
2024-09-21 00:12:30,990 v1.py sample [line:63] INFO Round 6: All selected clients - [0, 1, 2, 3, 4, 5, 6, 7, 8, 9, 10, 11, 12, 13, 14, 15, 16, 17, 18, 19, 20, 21, 22, 23, 24, 25, 26, 27, 28, 29, 30, 31, 32, 33, 34, 35, 36, 37, 38, 39, 40, 41, 42, 43, 44, 45, 46, 47, 48, 49]
2024-09-21 00:14:47,181 v1.py iterate [line:121] INFO Round 6, Client 0: Local Acc=0.0000, Global Acc=0.1000, Grad Norm=nan, Normalized Score=1.0000
2024-09-21 00:14:47,246 v1.py iterate [line:121] INFO Round 6, Client 1: Local Acc=0.0000, Global Acc=0.1000, Grad Norm=nan, Normalized Score=1.0000
2024-09-21 00:14:47,328 v1.py iterate [line:121] INFO Round 6, Client 2: Local Acc=0.0000, Global Acc=0.1000, Grad Norm=nan, Normalized Score=1.0000
2024-09-21 00:14:47,388 v1.py iterate [line:121] INFO Round 6, Client 3: Local Acc=0.0000, Global Acc=0.1000, Grad Norm=nan, Normalized Score=1.0000
2024-09-21 00:14:47,467 v1.py iterate [line:121] INFO Round 6, Client 4: Local Acc=0.0909, Global Acc=0.1000, Grad Norm=nan, Normalized Score=1.0000
2024-09-21 00:14:47,505 v1.py iterate [line:121] INFO Round 6, Client 5: Local Acc=0.0000, Global Acc=0.1000, Grad Norm=nan, Normalized Score=1.0000
2024-09-21 00:14:47,541 v1.py iterate [line:121] INFO Round 6, Client 6: Local Acc=0.6566, Global Acc=0.1000, Grad Norm=nan, Normalized Score=1.0000
2024-09-21 00:14:47,580 v1.py iterate [line:121] INFO Round 6, Client 7: Local Acc=0.0000, Global Acc=0.1000, Grad Norm=nan, Normalized Score=1.0000
2024-09-21 00:14:47,618 v1.py iterate [line:121] INFO Round 6, Client 8: Local Acc=0.1717, Global Acc=0.1000, Grad Norm=nan, Normalized Score=1.0000
2024-09-21 00:14:47,657 v1.py iterate [line:121] INFO Round 6, Client 9: Local Acc=0.0000, Global Acc=0.1000, Grad Norm=nan, Normalized Score=1.0000
2024-09-21 00:14:47,697 v1.py iterate [line:121] INFO Round 6, Client 10: Local Acc=0.0000, Global Acc=0.1000, Grad Norm=nan, Normalized Score=1.0000
2024-09-21 00:14:47,736 v1.py iterate [line:121] INFO Round 6, Client 11: Local Acc=0.0000, Global Acc=0.1000, Grad Norm=nan, Normalized Score=1.0000
2024-09-21 00:14:47,776 v1.py iterate [line:121] INFO Round 6, Client 12: Local Acc=0.7576, Global Acc=0.1000, Grad Norm=nan, Normalized Score=1.0000
2024-09-21 00:14:47,811 v1.py iterate [line:121] INFO Round 6, Client 13: Local Acc=0.0000, Global Acc=0.1000, Grad Norm=nan, Normalized Score=1.0000
2024-09-21 00:14:47,846 v1.py iterate [line:121] INFO Round 6, Client 14: Local Acc=0.0000, Global Acc=0.1000, Grad Norm=nan, Normalized Score=1.0000
2024-09-21 00:14:47,883 v1.py iterate [line:121] INFO Round 6, Client 15: Local Acc=0.7879, Global Acc=0.1000, Grad Norm=nan, Normalized Score=1.0000
2024-09-21 00:14:47,923 v1.py iterate [line:121] INFO Round 6, Client 16: Local Acc=0.0100, Global Acc=0.1000, Grad Norm=nan, Normalized Score=1.0000
2024-09-21 00:14:47,959 v1.py iterate [line:121] INFO Round 6, Client 17: Local Acc=0.0200, Global Acc=0.1000, Grad Norm=nan, Normalized Score=1.0000
2024-09-21 00:14:47,993 v1.py iterate [line:121] INFO Round 6, Client 18: Local Acc=0.8600, Global Acc=0.1000, Grad Norm=nan, Normalized Score=1.0000
2024-09-21 00:14:48,065 v1.py iterate [line:121] INFO Round 6, Client 19: Local Acc=0.0000, Global Acc=0.1000, Grad Norm=nan, Normalized Score=1.0000
2024-09-21 00:14:48,142 v1.py iterate [line:121] INFO Round 6, Client 20: Local Acc=0.5152, Global Acc=0.1000, Grad Norm=nan, Normalized Score=1.0000
2024-09-21 00:14:48,216 v1.py iterate [line:121] INFO Round 6, Client 21: Local Acc=0.0000, Global Acc=0.1000, Grad Norm=nan, Normalized Score=1.0000
2024-09-21 00:14:48,281 v1.py iterate [line:121] INFO Round 6, Client 22: Local Acc=0.2626, Global Acc=0.1000, Grad Norm=nan, Normalized Score=1.0000
2024-09-21 00:14:48,318 v1.py iterate [line:121] INFO Round 6, Client 23: Local Acc=0.2020, Global Acc=0.1000, Grad Norm=nan, Normalized Score=1.0000
2024-09-21 00:14:48,353 v1.py iterate [line:121] INFO Round 6, Client 24: Local Acc=0.0000, Global Acc=0.1000, Grad Norm=nan, Normalized Score=1.0000
2024-09-21 00:14:48,389 v1.py iterate [line:121] INFO Round 6, Client 25: Local Acc=0.0000, Global Acc=0.1000, Grad Norm=nan, Normalized Score=1.0000
2024-09-21 00:14:48,440 v1.py iterate [line:121] INFO Round 6, Client 26: Local Acc=0.0000, Global Acc=0.1000, Grad Norm=nan, Normalized Score=1.0000
2024-09-21 00:14:48,477 v1.py iterate [line:121] INFO Round 6, Client 27: Local Acc=0.0000, Global Acc=0.1000, Grad Norm=nan, Normalized Score=1.0000
2024-09-21 00:14:48,514 v1.py iterate [line:121] INFO Round 6, Client 28: Local Acc=0.0000, Global Acc=0.1000, Grad Norm=nan, Normalized Score=1.0000
2024-09-21 00:14:48,553 v1.py iterate [line:121] INFO Round 6, Client 29: Local Acc=0.0000, Global Acc=0.1000, Grad Norm=nan, Normalized Score=1.0000
2024-09-21 00:14:48,588 v1.py iterate [line:121] INFO Round 6, Client 30: Local Acc=0.0000, Global Acc=0.1000, Grad Norm=nan, Normalized Score=1.0000
2024-09-21 00:14:48,623 v1.py iterate [line:121] INFO Round 6, Client 31: Local Acc=0.0000, Global Acc=0.1000, Grad Norm=nan, Normalized Score=1.0000
2024-09-21 00:14:48,658 v1.py iterate [line:121] INFO Round 6, Client 32: Local Acc=0.0000, Global Acc=0.1000, Grad Norm=nan, Normalized Score=1.0000
2024-09-21 00:14:48,696 v1.py iterate [line:121] INFO Round 6, Client 33: Local Acc=0.0000, Global Acc=0.1000, Grad Norm=nan, Normalized Score=1.0000
2024-09-21 00:14:48,737 v1.py iterate [line:121] INFO Round 6, Client 34: Local Acc=0.0000, Global Acc=0.1000, Grad Norm=nan, Normalized Score=1.0000
2024-09-21 00:14:48,778 v1.py iterate [line:121] INFO Round 6, Client 35: Local Acc=0.0000, Global Acc=0.1000, Grad Norm=nan, Normalized Score=1.0000
2024-09-21 00:14:48,814 v1.py iterate [line:121] INFO Round 6, Client 36: Local Acc=0.0000, Global Acc=0.1000, Grad Norm=nan, Normalized Score=1.0000
2024-09-21 00:14:48,853 v1.py iterate [line:121] INFO Round 6, Client 37: Local Acc=0.0000, Global Acc=0.1000, Grad Norm=nan, Normalized Score=1.0000
2024-09-21 00:14:48,892 v1.py iterate [line:121] INFO Round 6, Client 38: Local Acc=0.0000, Global Acc=0.1000, Grad Norm=nan, Normalized Score=1.0000
2024-09-21 00:14:48,929 v1.py iterate [line:121] INFO Round 6, Client 39: Local Acc=0.0200, Global Acc=0.1000, Grad Norm=nan, Normalized Score=1.0000
2024-09-21 00:14:48,965 v1.py iterate [line:121] INFO Round 6, Client 40: Local Acc=0.4200, Global Acc=0.1000, Grad Norm=nan, Normalized Score=1.0000
2024-09-21 00:14:49,001 v1.py iterate [line:121] INFO Round 6, Client 41: Local Acc=0.2727, Global Acc=0.1000, Grad Norm=nan, Normalized Score=1.0000
2024-09-21 00:14:49,039 v1.py iterate [line:121] INFO Round 6, Client 42: Local Acc=0.0000, Global Acc=0.1000, Grad Norm=nan, Normalized Score=1.0000
2024-09-21 00:14:49,078 v1.py iterate [line:121] INFO Round 6, Client 43: Local Acc=0.0000, Global Acc=0.1000, Grad Norm=nan, Normalized Score=1.0000
2024-09-21 00:14:49,120 v1.py iterate [line:121] INFO Round 6, Client 44: Local Acc=0.0000, Global Acc=0.1000, Grad Norm=nan, Normalized Score=1.0000
2024-09-21 00:14:49,157 v1.py iterate [line:121] INFO Round 6, Client 45: Local Acc=0.0202, Global Acc=0.1000, Grad Norm=nan, Normalized Score=1.0000
2024-09-21 00:14:49,194 v1.py iterate [line:121] INFO Round 6, Client 46: Local Acc=0.0000, Global Acc=0.1000, Grad Norm=nan, Normalized Score=1.0000
2024-09-21 00:14:49,229 v1.py iterate [line:121] INFO Round 6, Client 47: Local Acc=0.0000, Global Acc=0.1000, Grad Norm=nan, Normalized Score=1.0000
2024-09-21 00:14:49,316 v1.py iterate [line:121] INFO Round 6, Client 48: Local Acc=0.0000, Global Acc=0.1000, Grad Norm=nan, Normalized Score=1.0000
2024-09-21 00:14:49,359 v1.py iterate [line:121] INFO Round 6, Client 49: Local Acc=0.0100, Global Acc=0.1000, Grad Norm=nan, Normalized Score=1.0000
2024-09-21 00:14:49,359 v1.py aggregate [line:140] INFO Round 6, Client 0: Aggregation Weight=0.0200
2024-09-21 00:14:49,359 v1.py aggregate [line:140] INFO Round 6, Client 1: Aggregation Weight=0.0200
2024-09-21 00:14:49,359 v1.py aggregate [line:140] INFO Round 6, Client 2: Aggregation Weight=0.0200
2024-09-21 00:14:49,359 v1.py aggregate [line:140] INFO Round 6, Client 3: Aggregation Weight=0.0200
2024-09-21 00:14:49,359 v1.py aggregate [line:140] INFO Round 6, Client 4: Aggregation Weight=0.0200
2024-09-21 00:14:49,359 v1.py aggregate [line:140] INFO Round 6, Client 5: Aggregation Weight=0.0200
2024-09-21 00:14:49,359 v1.py aggregate [line:140] INFO Round 6, Client 6: Aggregation Weight=0.0200
2024-09-21 00:14:49,359 v1.py aggregate [line:140] INFO Round 6, Client 7: Aggregation Weight=0.0200
2024-09-21 00:14:49,359 v1.py aggregate [line:140] INFO Round 6, Client 8: Aggregation Weight=0.0200
2024-09-21 00:14:49,359 v1.py aggregate [line:140] INFO Round 6, Client 9: Aggregation Weight=0.0200
2024-09-21 00:14:49,360 v1.py aggregate [line:140] INFO Round 6, Client 10: Aggregation Weight=0.0200
2024-09-21 00:14:49,360 v1.py aggregate [line:140] INFO Round 6, Client 11: Aggregation Weight=0.0200
2024-09-21 00:14:49,360 v1.py aggregate [line:140] INFO Round 6, Client 12: Aggregation Weight=0.0200
2024-09-21 00:14:49,360 v1.py aggregate [line:140] INFO Round 6, Client 13: Aggregation Weight=0.0200
2024-09-21 00:14:49,360 v1.py aggregate [line:140] INFO Round 6, Client 14: Aggregation Weight=0.0200
2024-09-21 00:14:49,360 v1.py aggregate [line:140] INFO Round 6, Client 15: Aggregation Weight=0.0200
2024-09-21 00:14:49,360 v1.py aggregate [line:140] INFO Round 6, Client 16: Aggregation Weight=0.0200
2024-09-21 00:14:49,360 v1.py aggregate [line:140] INFO Round 6, Client 17: Aggregation Weight=0.0200
2024-09-21 00:14:49,360 v1.py aggregate [line:140] INFO Round 6, Client 18: Aggregation Weight=0.0200
2024-09-21 00:14:49,360 v1.py aggregate [line:140] INFO Round 6, Client 19: Aggregation Weight=0.0200
2024-09-21 00:14:49,360 v1.py aggregate [line:140] INFO Round 6, Client 20: Aggregation Weight=0.0200
2024-09-21 00:14:49,360 v1.py aggregate [line:140] INFO Round 6, Client 21: Aggregation Weight=0.0200
2024-09-21 00:14:49,360 v1.py aggregate [line:140] INFO Round 6, Client 22: Aggregation Weight=0.0200
2024-09-21 00:14:49,360 v1.py aggregate [line:140] INFO Round 6, Client 23: Aggregation Weight=0.0200
2024-09-21 00:14:49,360 v1.py aggregate [line:140] INFO Round 6, Client 24: Aggregation Weight=0.0200
2024-09-21 00:14:49,360 v1.py aggregate [line:140] INFO Round 6, Client 25: Aggregation Weight=0.0200
2024-09-21 00:14:49,360 v1.py aggregate [line:140] INFO Round 6, Client 26: Aggregation Weight=0.0200
2024-09-21 00:14:49,361 v1.py aggregate [line:140] INFO Round 6, Client 27: Aggregation Weight=0.0200
2024-09-21 00:14:49,361 v1.py aggregate [line:140] INFO Round 6, Client 28: Aggregation Weight=0.0200
2024-09-21 00:14:49,361 v1.py aggregate [line:140] INFO Round 6, Client 29: Aggregation Weight=0.0200
2024-09-21 00:14:49,361 v1.py aggregate [line:140] INFO Round 6, Client 30: Aggregation Weight=0.0200
2024-09-21 00:14:49,361 v1.py aggregate [line:140] INFO Round 6, Client 31: Aggregation Weight=0.0200
2024-09-21 00:14:49,361 v1.py aggregate [line:140] INFO Round 6, Client 32: Aggregation Weight=0.0200
2024-09-21 00:14:49,361 v1.py aggregate [line:140] INFO Round 6, Client 33: Aggregation Weight=0.0200
2024-09-21 00:14:49,361 v1.py aggregate [line:140] INFO Round 6, Client 34: Aggregation Weight=0.0200
2024-09-21 00:14:49,361 v1.py aggregate [line:140] INFO Round 6, Client 35: Aggregation Weight=0.0200
2024-09-21 00:14:49,361 v1.py aggregate [line:140] INFO Round 6, Client 36: Aggregation Weight=0.0200
2024-09-21 00:14:49,361 v1.py aggregate [line:140] INFO Round 6, Client 37: Aggregation Weight=0.0200
2024-09-21 00:14:49,361 v1.py aggregate [line:140] INFO Round 6, Client 38: Aggregation Weight=0.0200
2024-09-21 00:14:49,361 v1.py aggregate [line:140] INFO Round 6, Client 39: Aggregation Weight=0.0200
2024-09-21 00:14:49,361 v1.py aggregate [line:140] INFO Round 6, Client 40: Aggregation Weight=0.0200
2024-09-21 00:14:49,361 v1.py aggregate [line:140] INFO Round 6, Client 41: Aggregation Weight=0.0200
2024-09-21 00:14:49,361 v1.py aggregate [line:140] INFO Round 6, Client 42: Aggregation Weight=0.0200
2024-09-21 00:14:49,361 v1.py aggregate [line:140] INFO Round 6, Client 43: Aggregation Weight=0.0200
2024-09-21 00:14:49,362 v1.py aggregate [line:140] INFO Round 6, Client 44: Aggregation Weight=0.0200
2024-09-21 00:14:49,362 v1.py aggregate [line:140] INFO Round 6, Client 45: Aggregation Weight=0.0200
2024-09-21 00:14:49,362 v1.py aggregate [line:140] INFO Round 6, Client 46: Aggregation Weight=0.0200
2024-09-21 00:14:49,362 v1.py aggregate [line:140] INFO Round 6, Client 47: Aggregation Weight=0.0200
2024-09-21 00:14:49,362 v1.py aggregate [line:140] INFO Round 6, Client 48: Aggregation Weight=0.0200
2024-09-21 00:14:49,362 v1.py aggregate [line:140] INFO Round 6, Client 49: Aggregation Weight=0.0200
2024-09-21 00:14:49,362 v1.py aggregate [line:143] INFO Round 6: Total Aggregation Weight=1.0000
2024-09-21 00:14:49,395 fedbase.py run [line:300] INFO --------------Round 6--------------
2024-09-21 00:14:49,395 simple_logger.py log_once [line:14] INFO Current_time:6
2024-09-21 00:14:53,756 simple_logger.py log_once [line:28] INFO test_accuracy                 0.1000
2024-09-21 00:14:53,757 simple_logger.py log_once [line:28] INFO test_loss                     nan
2024-09-21 00:14:53,757 simple_logger.py log_once [line:28] INFO val_accuracy                  0.1014
2024-09-21 00:14:53,757 simple_logger.py log_once [line:28] INFO mean_val_accuracy             0.1015
2024-09-21 00:14:53,757 simple_logger.py log_once [line:28] INFO std_val_accuracy              0.2243
2024-09-21 00:14:53,757 simple_logger.py log_once [line:28] INFO val_loss                      nan
2024-09-21 00:14:53,757 simple_logger.py log_once [line:28] INFO mean_val_loss                 nan
2024-09-21 00:14:53,757 simple_logger.py log_once [line:28] INFO std_val_loss                  nan
2024-09-21 00:14:53,767 fedbase.py run [line:305] INFO Eval Time Cost:               4.3714s
2024-09-21 00:14:53,767 v1.py iterate [line:69] INFO Round 7 started
2024-09-21 00:14:53,767 v1.py iterate [line:73] INFO Round 7: Current weights - w1: 0.5000, w2: 0.5000
2024-09-21 00:14:53,767 v1.py sample [line:59] INFO Round 7: Committee clients selected - [0, 1, 2, 3, 4, 5, 6, 7, 8, 9, 10, 11, 12, 13, 14]
2024-09-21 00:14:53,767 v1.py sample [line:61] INFO Round 7: Normal clients selected - [15, 16, 17, 18, 19, 20, 21, 22, 23, 24, 25, 26, 27, 28, 29, 30, 31, 32, 33, 34, 35, 36, 37, 38, 39, 40, 41, 42, 43, 44, 45, 46, 47, 48, 49]
2024-09-21 00:14:53,768 v1.py sample [line:63] INFO Round 7: All selected clients - [0, 1, 2, 3, 4, 5, 6, 7, 8, 9, 10, 11, 12, 13, 14, 15, 16, 17, 18, 19, 20, 21, 22, 23, 24, 25, 26, 27, 28, 29, 30, 31, 32, 33, 34, 35, 36, 37, 38, 39, 40, 41, 42, 43, 44, 45, 46, 47, 48, 49]
