2024-09-20 23:59:42,441 fflow.py init [line:788] INFO PROCESS ID:	3440125
2024-09-20 23:59:42,441 fflow.py init [line:789] INFO Initializing devices: cuda:0 will be used for this running.
2024-09-20 23:59:42,441 fflow.py init [line:792] INFO BENCHMARK:	flgo.benchmark.cifar10_classification
2024-09-20 23:59:42,441 fflow.py init [line:793] INFO TASK:			tasks/9.20/div01
2024-09-20 23:59:42,441 fflow.py init [line:794] INFO MODEL:		flgo.benchmark.cifar10_classification.model.cnn_data_aug
2024-09-20 23:59:42,441 fflow.py init [line:795] INFO ALGORITHM:	V1
2024-09-20 23:59:43,450 fflow.py init [line:841] INFO SCENE:		horizontal FL with 1 <class 'algorithms.v1.Server'>, 50 <class 'algorithms.v1.Client'>
2024-09-20 23:59:43,513 fflow.py init [line:858] INFO SIMULATOR:	<class 'flgo.simulator.default_simulator.Simulator'>
2024-09-20 23:59:43,514 v1.py initialize [line:22] INFO Initialization parameters: {'d': 50, 'committee_ratio': 0.3, 'K_min': 1, 'w1': 0.5, 'w2': 0.5, 'gamma': 0.1, 'momentum': 0.9, 'selected_round': 10}
2024-09-20 23:59:43,514 fflow.py init [line:871] INFO Ready to start.
2024-09-20 23:59:43,514 fedbase.py run [line:289] INFO --------------Initial Evaluation--------------
2024-09-20 23:59:43,514 simple_logger.py log_once [line:14] INFO Current_time:0
2024-09-20 23:59:45,821 simple_logger.py log_once [line:28] INFO test_accuracy                 0.0933
2024-09-20 23:59:45,821 simple_logger.py log_once [line:28] INFO test_loss                     2.3026
2024-09-20 23:59:45,822 simple_logger.py log_once [line:28] INFO val_accuracy                  0.0886
2024-09-20 23:59:45,822 simple_logger.py log_once [line:28] INFO mean_val_accuracy             0.0886
2024-09-20 23:59:45,822 simple_logger.py log_once [line:28] INFO std_val_accuracy              0.2324
2024-09-20 23:59:45,822 simple_logger.py log_once [line:28] INFO val_loss                      2.3027
2024-09-20 23:59:45,822 simple_logger.py log_once [line:28] INFO mean_val_loss                 2.3027
2024-09-20 23:59:45,822 simple_logger.py log_once [line:28] INFO std_val_loss                  0.0380
2024-09-20 23:59:45,822 fedbase.py run [line:292] INFO Eval Time Cost:               2.3079s
2024-09-20 23:59:45,822 v1.py iterate [line:69] INFO Round 1 started
2024-09-20 23:59:45,822 v1.py iterate [line:73] INFO Round 1: Current weights - w1: 0.5000, w2: 0.5000
2024-09-20 23:59:45,822 v1.py sample [line:45] INFO Round 1: Committee updated - [0, 1, 2, 3, 4, 5, 6, 7, 8, 9, 10, 11, 12, 13, 14]
2024-09-20 23:59:45,822 v1.py sample [line:59] INFO Round 1: Committee clients selected - [0, 1, 2, 3, 4, 5, 6, 7, 8, 9, 10, 11, 12, 13, 14]
2024-09-20 23:59:45,822 v1.py sample [line:61] INFO Round 1: Normal clients selected - [15, 16, 17, 18, 19, 20, 21, 22, 23, 24, 25, 26, 27, 28, 29, 30, 31, 32, 33, 34, 35, 36, 37, 38, 39, 40, 41, 42, 43, 44, 45, 46, 47, 48, 49]
2024-09-20 23:59:45,822 v1.py sample [line:63] INFO Round 1: All selected clients - [0, 1, 2, 3, 4, 5, 6, 7, 8, 9, 10, 11, 12, 13, 14, 15, 16, 17, 18, 19, 20, 21, 22, 23, 24, 25, 26, 27, 28, 29, 30, 31, 32, 33, 34, 35, 36, 37, 38, 39, 40, 41, 42, 43, 44, 45, 46, 47, 48, 49]
2024-09-21 00:01:42,593 v1.py iterate [line:121] INFO Round 1, Client 0: Local Acc=1.0000, Global Acc=0.0933, Grad Norm=6.9617, Normalized Score=0.5900
2024-09-21 00:01:42,650 v1.py iterate [line:121] INFO Round 1, Client 1: Local Acc=1.0000, Global Acc=0.0933, Grad Norm=6.4412, Normalized Score=0.8809
2024-09-21 00:01:42,685 v1.py iterate [line:121] INFO Round 1, Client 2: Local Acc=1.0000, Global Acc=0.0933, Grad Norm=7.9653, Normalized Score=0.1246
2024-09-21 00:01:42,726 v1.py iterate [line:121] INFO Round 1, Client 3: Local Acc=1.0000, Global Acc=0.0933, Grad Norm=7.3964, Normalized Score=0.3748
2024-09-21 00:01:42,768 v1.py iterate [line:121] INFO Round 1, Client 4: Local Acc=1.0000, Global Acc=0.0933, Grad Norm=7.8178, Normalized Score=0.1864
2024-09-21 00:01:42,804 v1.py iterate [line:121] INFO Round 1, Client 5: Local Acc=1.0000, Global Acc=0.0933, Grad Norm=7.9224, Normalized Score=0.1423
2024-09-21 00:01:42,864 v1.py iterate [line:121] INFO Round 1, Client 6: Local Acc=1.0000, Global Acc=0.0933, Grad Norm=7.0704, Normalized Score=0.5340
2024-09-21 00:01:42,931 v1.py iterate [line:121] INFO Round 1, Client 7: Local Acc=1.0000, Global Acc=0.0933, Grad Norm=8.2784, Normalized Score=0.0000
2024-09-21 00:01:42,967 v1.py iterate [line:121] INFO Round 1, Client 8: Local Acc=1.0000, Global Acc=0.0933, Grad Norm=6.4624, Normalized Score=0.8682
2024-09-21 00:01:43,002 v1.py iterate [line:121] INFO Round 1, Client 9: Local Acc=1.0000, Global Acc=0.0933, Grad Norm=7.9830, Normalized Score=0.1173
2024-09-21 00:01:43,037 v1.py iterate [line:121] INFO Round 1, Client 10: Local Acc=1.0000, Global Acc=0.0933, Grad Norm=7.0278, Normalized Score=0.5558
2024-09-21 00:01:43,072 v1.py iterate [line:121] INFO Round 1, Client 11: Local Acc=1.0000, Global Acc=0.0933, Grad Norm=8.0366, Normalized Score=0.0955
2024-09-21 00:01:43,108 v1.py iterate [line:121] INFO Round 1, Client 12: Local Acc=1.0000, Global Acc=0.0933, Grad Norm=7.9587, Normalized Score=0.1273
2024-09-21 00:01:43,141 v1.py iterate [line:121] INFO Round 1, Client 13: Local Acc=1.0000, Global Acc=0.0933, Grad Norm=7.4082, Normalized Score=0.3692
2024-09-21 00:01:43,182 v1.py iterate [line:121] INFO Round 1, Client 14: Local Acc=1.0000, Global Acc=0.0933, Grad Norm=8.2679, Normalized Score=0.0041
2024-09-21 00:01:43,239 v1.py iterate [line:121] INFO Round 1, Client 15: Local Acc=1.0000, Global Acc=0.0933, Grad Norm=8.0519, Normalized Score=0.0893
2024-09-21 00:01:43,313 v1.py iterate [line:121] INFO Round 1, Client 16: Local Acc=1.0000, Global Acc=0.0933, Grad Norm=6.9670, Normalized Score=0.5872
2024-09-21 00:01:43,385 v1.py iterate [line:121] INFO Round 1, Client 17: Local Acc=1.0000, Global Acc=0.0933, Grad Norm=6.8132, Normalized Score=0.6690
2024-09-21 00:01:43,457 v1.py iterate [line:121] INFO Round 1, Client 18: Local Acc=1.0000, Global Acc=0.0933, Grad Norm=6.3079, Normalized Score=0.9620
2024-09-21 00:01:43,539 v1.py iterate [line:121] INFO Round 1, Client 19: Local Acc=1.0000, Global Acc=0.0933, Grad Norm=7.8925, Normalized Score=0.1548
2024-09-21 00:01:43,608 v1.py iterate [line:121] INFO Round 1, Client 20: Local Acc=1.0000, Global Acc=0.0933, Grad Norm=6.9510, Normalized Score=0.5956
2024-09-21 00:01:43,681 v1.py iterate [line:121] INFO Round 1, Client 21: Local Acc=1.0000, Global Acc=0.0933, Grad Norm=8.0994, Normalized Score=0.0702
2024-09-21 00:01:43,763 v1.py iterate [line:121] INFO Round 1, Client 22: Local Acc=1.0000, Global Acc=0.0933, Grad Norm=6.9172, Normalized Score=0.6134
2024-09-21 00:01:43,834 v1.py iterate [line:121] INFO Round 1, Client 23: Local Acc=1.0000, Global Acc=0.0933, Grad Norm=8.1052, Normalized Score=0.0679
2024-09-21 00:01:43,872 v1.py iterate [line:121] INFO Round 1, Client 24: Local Acc=1.0000, Global Acc=0.0933, Grad Norm=7.7399, Normalized Score=0.2198
2024-09-21 00:01:43,908 v1.py iterate [line:121] INFO Round 1, Client 25: Local Acc=1.0000, Global Acc=0.0933, Grad Norm=8.0054, Normalized Score=0.1082
2024-09-21 00:01:43,945 v1.py iterate [line:121] INFO Round 1, Client 26: Local Acc=1.0000, Global Acc=0.0933, Grad Norm=8.1560, Normalized Score=0.0477
2024-09-21 00:01:43,994 v1.py iterate [line:121] INFO Round 1, Client 27: Local Acc=1.0000, Global Acc=0.0933, Grad Norm=6.3792, Normalized Score=0.9182
2024-09-21 00:01:44,071 v1.py iterate [line:121] INFO Round 1, Client 28: Local Acc=1.0000, Global Acc=0.0933, Grad Norm=6.4102, Normalized Score=0.8995
2024-09-21 00:01:44,140 v1.py iterate [line:121] INFO Round 1, Client 29: Local Acc=1.0000, Global Acc=0.0933, Grad Norm=8.0136, Normalized Score=0.1048
2024-09-21 00:01:44,212 v1.py iterate [line:121] INFO Round 1, Client 30: Local Acc=1.0000, Global Acc=0.0933, Grad Norm=8.0167, Normalized Score=0.1035
2024-09-21 00:01:44,282 v1.py iterate [line:121] INFO Round 1, Client 31: Local Acc=1.0000, Global Acc=0.0933, Grad Norm=8.1633, Normalized Score=0.0448
2024-09-21 00:01:44,340 v1.py iterate [line:121] INFO Round 1, Client 32: Local Acc=1.0000, Global Acc=0.0933, Grad Norm=6.4019, Normalized Score=0.9045
2024-09-21 00:01:44,377 v1.py iterate [line:121] INFO Round 1, Client 33: Local Acc=1.0000, Global Acc=0.0933, Grad Norm=7.0732, Normalized Score=0.5326
2024-09-21 00:01:44,413 v1.py iterate [line:121] INFO Round 1, Client 34: Local Acc=1.0000, Global Acc=0.0933, Grad Norm=8.0159, Normalized Score=0.1039
2024-09-21 00:01:44,449 v1.py iterate [line:121] INFO Round 1, Client 35: Local Acc=1.0000, Global Acc=0.0933, Grad Norm=8.0983, Normalized Score=0.0706
2024-09-21 00:01:44,488 v1.py iterate [line:121] INFO Round 1, Client 36: Local Acc=1.0000, Global Acc=0.0933, Grad Norm=8.1054, Normalized Score=0.0678
2024-09-21 00:01:44,546 v1.py iterate [line:121] INFO Round 1, Client 37: Local Acc=1.0000, Global Acc=0.0933, Grad Norm=6.2471, Normalized Score=1.0000
2024-09-21 00:01:44,615 v1.py iterate [line:121] INFO Round 1, Client 38: Local Acc=1.0000, Global Acc=0.0933, Grad Norm=6.8010, Normalized Score=0.6757
2024-09-21 00:01:44,691 v1.py iterate [line:121] INFO Round 1, Client 39: Local Acc=1.0000, Global Acc=0.0933, Grad Norm=7.4835, Normalized Score=0.3343
2024-09-21 00:01:44,761 v1.py iterate [line:121] INFO Round 1, Client 40: Local Acc=1.0000, Global Acc=0.0933, Grad Norm=6.9067, Normalized Score=0.6189
2024-09-21 00:01:44,816 v1.py iterate [line:121] INFO Round 1, Client 41: Local Acc=1.0000, Global Acc=0.0933, Grad Norm=6.5468, Normalized Score=0.8186
2024-09-21 00:01:44,853 v1.py iterate [line:121] INFO Round 1, Client 42: Local Acc=1.0000, Global Acc=0.0933, Grad Norm=8.0463, Normalized Score=0.0915
2024-09-21 00:01:44,888 v1.py iterate [line:121] INFO Round 1, Client 43: Local Acc=1.0000, Global Acc=0.0933, Grad Norm=7.6512, Normalized Score=0.2587
2024-09-21 00:01:44,922 v1.py iterate [line:121] INFO Round 1, Client 44: Local Acc=1.0000, Global Acc=0.0933, Grad Norm=6.5444, Normalized Score=0.8200
2024-09-21 00:01:44,957 v1.py iterate [line:121] INFO Round 1, Client 45: Local Acc=1.0000, Global Acc=0.0933, Grad Norm=8.0659, Normalized Score=0.0836
2024-09-21 00:01:45,011 v1.py iterate [line:121] INFO Round 1, Client 46: Local Acc=1.0000, Global Acc=0.0933, Grad Norm=8.0446, Normalized Score=0.0922
2024-09-21 00:01:45,082 v1.py iterate [line:121] INFO Round 1, Client 47: Local Acc=1.0000, Global Acc=0.0933, Grad Norm=8.1775, Normalized Score=0.0392
2024-09-21 00:01:45,163 v1.py iterate [line:121] INFO Round 1, Client 48: Local Acc=1.0000, Global Acc=0.0933, Grad Norm=8.1411, Normalized Score=0.0536
2024-09-21 00:01:45,252 v1.py iterate [line:121] INFO Round 1, Client 49: Local Acc=1.0000, Global Acc=0.0933, Grad Norm=7.1028, Normalized Score=0.5176
2024-09-21 00:01:45,253 v1.py aggregate [line:140] INFO Round 1, Client 0: Aggregation Weight=0.0322
2024-09-21 00:01:45,253 v1.py aggregate [line:140] INFO Round 1, Client 1: Aggregation Weight=0.0481
2024-09-21 00:01:45,253 v1.py aggregate [line:140] INFO Round 1, Client 2: Aggregation Weight=0.0068
2024-09-21 00:01:45,253 v1.py aggregate [line:140] INFO Round 1, Client 3: Aggregation Weight=0.0205
2024-09-21 00:01:45,253 v1.py aggregate [line:140] INFO Round 1, Client 4: Aggregation Weight=0.0102
2024-09-21 00:01:45,253 v1.py aggregate [line:140] INFO Round 1, Client 5: Aggregation Weight=0.0078
2024-09-21 00:01:45,253 v1.py aggregate [line:140] INFO Round 1, Client 6: Aggregation Weight=0.0292
2024-09-21 00:01:45,253 v1.py aggregate [line:140] INFO Round 1, Client 7: Aggregation Weight=0.0000
2024-09-21 00:01:45,253 v1.py aggregate [line:140] INFO Round 1, Client 8: Aggregation Weight=0.0474
2024-09-21 00:01:45,253 v1.py aggregate [line:140] INFO Round 1, Client 9: Aggregation Weight=0.0064
2024-09-21 00:01:45,253 v1.py aggregate [line:140] INFO Round 1, Client 10: Aggregation Weight=0.0304
2024-09-21 00:01:45,253 v1.py aggregate [line:140] INFO Round 1, Client 11: Aggregation Weight=0.0052
2024-09-21 00:01:45,253 v1.py aggregate [line:140] INFO Round 1, Client 12: Aggregation Weight=0.0070
2024-09-21 00:01:45,253 v1.py aggregate [line:140] INFO Round 1, Client 13: Aggregation Weight=0.0202
2024-09-21 00:01:45,253 v1.py aggregate [line:140] INFO Round 1, Client 14: Aggregation Weight=0.0002
2024-09-21 00:01:45,253 v1.py aggregate [line:140] INFO Round 1, Client 15: Aggregation Weight=0.0049
2024-09-21 00:01:45,253 v1.py aggregate [line:140] INFO Round 1, Client 16: Aggregation Weight=0.0321
2024-09-21 00:01:45,253 v1.py aggregate [line:140] INFO Round 1, Client 17: Aggregation Weight=0.0365
2024-09-21 00:01:45,253 v1.py aggregate [line:140] INFO Round 1, Client 18: Aggregation Weight=0.0525
2024-09-21 00:01:45,253 v1.py aggregate [line:140] INFO Round 1, Client 19: Aggregation Weight=0.0085
2024-09-21 00:01:45,254 v1.py aggregate [line:140] INFO Round 1, Client 20: Aggregation Weight=0.0325
2024-09-21 00:01:45,254 v1.py aggregate [line:140] INFO Round 1, Client 21: Aggregation Weight=0.0038
2024-09-21 00:01:45,254 v1.py aggregate [line:140] INFO Round 1, Client 22: Aggregation Weight=0.0335
2024-09-21 00:01:45,254 v1.py aggregate [line:140] INFO Round 1, Client 23: Aggregation Weight=0.0037
2024-09-21 00:01:45,254 v1.py aggregate [line:140] INFO Round 1, Client 24: Aggregation Weight=0.0120
2024-09-21 00:01:45,254 v1.py aggregate [line:140] INFO Round 1, Client 25: Aggregation Weight=0.0059
2024-09-21 00:01:45,254 v1.py aggregate [line:140] INFO Round 1, Client 26: Aggregation Weight=0.0026
2024-09-21 00:01:45,254 v1.py aggregate [line:140] INFO Round 1, Client 27: Aggregation Weight=0.0501
2024-09-21 00:01:45,254 v1.py aggregate [line:140] INFO Round 1, Client 28: Aggregation Weight=0.0491
2024-09-21 00:01:45,254 v1.py aggregate [line:140] INFO Round 1, Client 29: Aggregation Weight=0.0057
2024-09-21 00:01:45,254 v1.py aggregate [line:140] INFO Round 1, Client 30: Aggregation Weight=0.0057
2024-09-21 00:01:45,254 v1.py aggregate [line:140] INFO Round 1, Client 31: Aggregation Weight=0.0024
2024-09-21 00:01:45,254 v1.py aggregate [line:140] INFO Round 1, Client 32: Aggregation Weight=0.0494
2024-09-21 00:01:45,254 v1.py aggregate [line:140] INFO Round 1, Client 33: Aggregation Weight=0.0291
2024-09-21 00:01:45,254 v1.py aggregate [line:140] INFO Round 1, Client 34: Aggregation Weight=0.0057
2024-09-21 00:01:45,254 v1.py aggregate [line:140] INFO Round 1, Client 35: Aggregation Weight=0.0039
2024-09-21 00:01:45,254 v1.py aggregate [line:140] INFO Round 1, Client 36: Aggregation Weight=0.0037
2024-09-21 00:01:45,254 v1.py aggregate [line:140] INFO Round 1, Client 37: Aggregation Weight=0.0546
2024-09-21 00:01:45,254 v1.py aggregate [line:140] INFO Round 1, Client 38: Aggregation Weight=0.0369
2024-09-21 00:01:45,254 v1.py aggregate [line:140] INFO Round 1, Client 39: Aggregation Weight=0.0183
2024-09-21 00:01:45,254 v1.py aggregate [line:140] INFO Round 1, Client 40: Aggregation Weight=0.0338
2024-09-21 00:01:45,255 v1.py aggregate [line:140] INFO Round 1, Client 41: Aggregation Weight=0.0447
2024-09-21 00:01:45,255 v1.py aggregate [line:140] INFO Round 1, Client 42: Aggregation Weight=0.0050
2024-09-21 00:01:45,255 v1.py aggregate [line:140] INFO Round 1, Client 43: Aggregation Weight=0.0141
2024-09-21 00:01:45,255 v1.py aggregate [line:140] INFO Round 1, Client 44: Aggregation Weight=0.0448
2024-09-21 00:01:45,255 v1.py aggregate [line:140] INFO Round 1, Client 45: Aggregation Weight=0.0046
2024-09-21 00:01:45,255 v1.py aggregate [line:140] INFO Round 1, Client 46: Aggregation Weight=0.0050
2024-09-21 00:01:45,255 v1.py aggregate [line:140] INFO Round 1, Client 47: Aggregation Weight=0.0021
2024-09-21 00:01:45,255 v1.py aggregate [line:140] INFO Round 1, Client 48: Aggregation Weight=0.0029
2024-09-21 00:01:45,255 v1.py aggregate [line:140] INFO Round 1, Client 49: Aggregation Weight=0.0283
2024-09-21 00:01:45,255 v1.py aggregate [line:143] INFO Round 1: Total Aggregation Weight=1.0000
2024-09-21 00:01:45,325 fedbase.py run [line:300] INFO --------------Round 1--------------
2024-09-21 00:01:45,325 simple_logger.py log_once [line:14] INFO Current_time:1
2024-09-21 00:01:50,525 simple_logger.py log_once [line:28] INFO test_accuracy                 0.1000
2024-09-21 00:01:50,532 simple_logger.py log_once [line:28] INFO test_loss                     436.2475
2024-09-21 00:01:50,532 simple_logger.py log_once [line:28] INFO val_accuracy                  0.1000
2024-09-21 00:01:50,532 simple_logger.py log_once [line:28] INFO mean_val_accuracy             0.1000
2024-09-21 00:01:50,533 simple_logger.py log_once [line:28] INFO std_val_accuracy              0.3000
2024-09-21 00:01:50,533 simple_logger.py log_once [line:28] INFO val_loss                      437.2999
2024-09-21 00:01:50,533 simple_logger.py log_once [line:28] INFO mean_val_loss                 437.2999
2024-09-21 00:01:50,533 simple_logger.py log_once [line:28] INFO std_val_loss                  257.0467
2024-09-21 00:01:50,535 fedbase.py run [line:305] INFO Eval Time Cost:               5.2093s
2024-09-21 00:01:50,538 v1.py iterate [line:69] INFO Round 2 started
2024-09-21 00:01:50,538 v1.py iterate [line:73] INFO Round 2: Current weights - w1: 0.5000, w2: 0.5000
2024-09-21 00:01:50,539 v1.py sample [line:59] INFO Round 2: Committee clients selected - [0, 1, 2, 3, 4, 5, 6, 7, 8, 9, 10, 11, 12, 13, 14]
2024-09-21 00:01:50,539 v1.py sample [line:61] INFO Round 2: Normal clients selected - [15, 16, 17, 18, 19, 20, 21, 22, 23, 24, 25, 26, 27, 28, 29, 30, 31, 32, 33, 34, 35, 36, 37, 38, 39, 40, 41, 42, 43, 44, 45, 46, 47, 48, 49]
2024-09-21 00:01:50,539 v1.py sample [line:63] INFO Round 2: All selected clients - [0, 1, 2, 3, 4, 5, 6, 7, 8, 9, 10, 11, 12, 13, 14, 15, 16, 17, 18, 19, 20, 21, 22, 23, 24, 25, 26, 27, 28, 29, 30, 31, 32, 33, 34, 35, 36, 37, 38, 39, 40, 41, 42, 43, 44, 45, 46, 47, 48, 49]
2024-09-21 00:04:01,174 v1.py iterate [line:121] INFO Round 2, Client 0: Local Acc=1.0000, Global Acc=0.1000, Grad Norm=1606.2682, Normalized Score=0.0001
2024-09-21 00:04:01,209 v1.py iterate [line:121] INFO Round 2, Client 1: Local Acc=1.0000, Global Acc=0.1000, Grad Norm=1373.9130, Normalized Score=0.0002
2024-09-21 00:04:01,247 v1.py iterate [line:121] INFO Round 2, Client 2: Local Acc=1.0000, Global Acc=0.1000, Grad Norm=1714.9563, Normalized Score=0.0000
2024-09-21 00:04:01,282 v1.py iterate [line:121] INFO Round 2, Client 3: Local Acc=1.0000, Global Acc=0.1000, Grad Norm=1449.4265, Normalized Score=0.0001
2024-09-21 00:04:01,315 v1.py iterate [line:121] INFO Round 2, Client 4: Local Acc=1.0000, Global Acc=0.1000, Grad Norm=1685.6512, Normalized Score=0.0001
2024-09-21 00:04:01,352 v1.py iterate [line:121] INFO Round 2, Client 5: Local Acc=1.0000, Global Acc=0.1000, Grad Norm=1838.5619, Normalized Score=0.0000
2024-09-21 00:04:01,389 v1.py iterate [line:121] INFO Round 2, Client 6: Local Acc=1.0000, Global Acc=0.1000, Grad Norm=1646.0847, Normalized Score=0.0001
2024-09-21 00:04:01,425 v1.py iterate [line:121] INFO Round 2, Client 7: Local Acc=1.0000, Global Acc=0.1000, Grad Norm=1596.4761, Normalized Score=0.0001
2024-09-21 00:04:01,462 v1.py iterate [line:121] INFO Round 2, Client 8: Local Acc=1.0000, Global Acc=0.1000, Grad Norm=0.0000, Normalized Score=1.0000
2024-09-21 00:04:01,498 v1.py iterate [line:121] INFO Round 2, Client 9: Local Acc=1.0000, Global Acc=0.1000, Grad Norm=1722.4996, Normalized Score=0.0000
2024-09-21 00:04:01,536 v1.py iterate [line:121] INFO Round 2, Client 10: Local Acc=1.0000, Global Acc=0.1000, Grad Norm=1497.1699, Normalized Score=0.0001
2024-09-21 00:04:01,573 v1.py iterate [line:121] INFO Round 2, Client 11: Local Acc=1.0000, Global Acc=0.1000, Grad Norm=1688.7190, Normalized Score=0.0001
2024-09-21 00:04:01,610 v1.py iterate [line:121] INFO Round 2, Client 12: Local Acc=1.0000, Global Acc=0.1000, Grad Norm=1772.4503, Normalized Score=0.0000
2024-09-21 00:04:01,661 v1.py iterate [line:121] INFO Round 2, Client 13: Local Acc=1.0000, Global Acc=0.1000, Grad Norm=1612.1542, Normalized Score=0.0001
2024-09-21 00:04:01,711 v1.py iterate [line:121] INFO Round 2, Client 14: Local Acc=1.0000, Global Acc=0.1000, Grad Norm=1714.7499, Normalized Score=0.0000
2024-09-21 00:04:01,747 v1.py iterate [line:121] INFO Round 2, Client 15: Local Acc=1.0000, Global Acc=0.1000, Grad Norm=1810.2887, Normalized Score=0.0000
2024-09-21 00:04:01,781 v1.py iterate [line:121] INFO Round 2, Client 16: Local Acc=1.0000, Global Acc=0.1000, Grad Norm=1534.8770, Normalized Score=0.0001
2024-09-21 00:04:01,820 v1.py iterate [line:121] INFO Round 2, Client 17: Local Acc=1.0000, Global Acc=0.1000, Grad Norm=1435.3248, Normalized Score=0.0002
2024-09-21 00:04:01,857 v1.py iterate [line:121] INFO Round 2, Client 18: Local Acc=1.0000, Global Acc=0.1000, Grad Norm=0.0000, Normalized Score=1.0000
2024-09-21 00:04:01,890 v1.py iterate [line:121] INFO Round 2, Client 19: Local Acc=1.0000, Global Acc=0.1000, Grad Norm=1851.4945, Normalized Score=0.0000
2024-09-21 00:04:01,926 v1.py iterate [line:121] INFO Round 2, Client 20: Local Acc=1.0000, Global Acc=0.1000, Grad Norm=1672.0168, Normalized Score=0.0001
2024-09-21 00:04:01,965 v1.py iterate [line:121] INFO Round 2, Client 21: Local Acc=1.0000, Global Acc=0.1000, Grad Norm=1817.7373, Normalized Score=0.0000
2024-09-21 00:04:01,999 v1.py iterate [line:121] INFO Round 2, Client 22: Local Acc=1.0000, Global Acc=0.1000, Grad Norm=1712.9016, Normalized Score=0.0000
2024-09-21 00:04:02,035 v1.py iterate [line:121] INFO Round 2, Client 23: Local Acc=1.0000, Global Acc=0.1000, Grad Norm=1698.2638, Normalized Score=0.0000
2024-09-21 00:04:02,073 v1.py iterate [line:121] INFO Round 2, Client 24: Local Acc=1.0000, Global Acc=0.1000, Grad Norm=1462.8591, Normalized Score=0.0001
2024-09-21 00:04:02,107 v1.py iterate [line:121] INFO Round 2, Client 25: Local Acc=1.0000, Global Acc=0.1000, Grad Norm=1730.8203, Normalized Score=0.0000
2024-09-21 00:04:02,144 v1.py iterate [line:121] INFO Round 2, Client 26: Local Acc=1.0000, Global Acc=0.1000, Grad Norm=1670.3721, Normalized Score=0.0001
2024-09-21 00:04:02,184 v1.py iterate [line:121] INFO Round 2, Client 27: Local Acc=1.0000, Global Acc=0.1000, Grad Norm=1379.9491, Normalized Score=0.0002
2024-09-21 00:04:02,218 v1.py iterate [line:121] INFO Round 2, Client 28: Local Acc=1.0000, Global Acc=0.1000, Grad Norm=0.0000, Normalized Score=1.0000
2024-09-21 00:04:02,257 v1.py iterate [line:121] INFO Round 2, Client 29: Local Acc=1.0000, Global Acc=0.1000, Grad Norm=1634.3878, Normalized Score=0.0001
2024-09-21 00:04:02,292 v1.py iterate [line:121] INFO Round 2, Client 30: Local Acc=1.0000, Global Acc=0.1000, Grad Norm=1833.0033, Normalized Score=0.0000
2024-09-21 00:04:02,326 v1.py iterate [line:121] INFO Round 2, Client 31: Local Acc=1.0000, Global Acc=0.1000, Grad Norm=1559.1781, Normalized Score=0.0001
2024-09-21 00:04:02,365 v1.py iterate [line:121] INFO Round 2, Client 32: Local Acc=1.0000, Global Acc=0.1000, Grad Norm=1326.9775, Normalized Score=0.0002
2024-09-21 00:04:02,402 v1.py iterate [line:121] INFO Round 2, Client 33: Local Acc=1.0000, Global Acc=0.1000, Grad Norm=1587.5485, Normalized Score=0.0001
2024-09-21 00:04:02,476 v1.py iterate [line:121] INFO Round 2, Client 34: Local Acc=1.0000, Global Acc=0.1000, Grad Norm=1679.1156, Normalized Score=0.0001
2024-09-21 00:04:02,549 v1.py iterate [line:121] INFO Round 2, Client 35: Local Acc=1.0000, Global Acc=0.1000, Grad Norm=1779.1863, Normalized Score=0.0000
2024-09-21 00:04:02,586 v1.py iterate [line:121] INFO Round 2, Client 36: Local Acc=1.0000, Global Acc=0.1000, Grad Norm=1756.6151, Normalized Score=0.0000
2024-09-21 00:04:02,622 v1.py iterate [line:121] INFO Round 2, Client 37: Local Acc=1.0000, Global Acc=0.1000, Grad Norm=0.0000, Normalized Score=1.0000
2024-09-21 00:04:02,658 v1.py iterate [line:121] INFO Round 2, Client 38: Local Acc=1.0000, Global Acc=0.1000, Grad Norm=1594.4285, Normalized Score=0.0001
2024-09-21 00:04:02,727 v1.py iterate [line:121] INFO Round 2, Client 39: Local Acc=1.0000, Global Acc=0.1000, Grad Norm=1472.6191, Normalized Score=0.0001
2024-09-21 00:04:02,800 v1.py iterate [line:121] INFO Round 2, Client 40: Local Acc=1.0000, Global Acc=0.1000, Grad Norm=1711.3867, Normalized Score=0.0000
2024-09-21 00:04:02,868 v1.py iterate [line:121] INFO Round 2, Client 41: Local Acc=1.0000, Global Acc=0.1000, Grad Norm=1362.6934, Normalized Score=0.0002
2024-09-21 00:04:02,922 v1.py iterate [line:121] INFO Round 2, Client 42: Local Acc=1.0000, Global Acc=0.1000, Grad Norm=1699.3459, Normalized Score=0.0000
2024-09-21 00:04:02,957 v1.py iterate [line:121] INFO Round 2, Client 43: Local Acc=1.0000, Global Acc=0.1000, Grad Norm=1536.2646, Normalized Score=0.0001
2024-09-21 00:04:02,997 v1.py iterate [line:121] INFO Round 2, Client 44: Local Acc=1.0000, Global Acc=0.1000, Grad Norm=0.0000, Normalized Score=1.0000
2024-09-21 00:04:03,036 v1.py iterate [line:121] INFO Round 2, Client 45: Local Acc=1.0000, Global Acc=0.1000, Grad Norm=1779.0573, Normalized Score=0.0000
2024-09-21 00:04:03,074 v1.py iterate [line:121] INFO Round 2, Client 46: Local Acc=1.0000, Global Acc=0.1000, Grad Norm=1701.8710, Normalized Score=0.0000
2024-09-21 00:04:03,142 v1.py iterate [line:121] INFO Round 2, Client 47: Local Acc=1.0000, Global Acc=0.1000, Grad Norm=1712.8416, Normalized Score=0.0000
2024-09-21 00:04:03,215 v1.py iterate [line:121] INFO Round 2, Client 48: Local Acc=1.0000, Global Acc=0.1000, Grad Norm=1593.2744, Normalized Score=0.0001
2024-09-21 00:04:03,289 v1.py iterate [line:121] INFO Round 2, Client 49: Local Acc=1.0000, Global Acc=0.1000, Grad Norm=1596.7216, Normalized Score=0.0001
2024-09-21 00:04:03,289 v1.py aggregate [line:140] INFO Round 2, Client 0: Aggregation Weight=0.0000
2024-09-21 00:04:03,289 v1.py aggregate [line:140] INFO Round 2, Client 1: Aggregation Weight=0.0000
2024-09-21 00:04:03,289 v1.py aggregate [line:140] INFO Round 2, Client 2: Aggregation Weight=0.0000
2024-09-21 00:04:03,289 v1.py aggregate [line:140] INFO Round 2, Client 3: Aggregation Weight=0.0000
2024-09-21 00:04:03,289 v1.py aggregate [line:140] INFO Round 2, Client 4: Aggregation Weight=0.0000
2024-09-21 00:04:03,289 v1.py aggregate [line:140] INFO Round 2, Client 5: Aggregation Weight=0.0000
2024-09-21 00:04:03,289 v1.py aggregate [line:140] INFO Round 2, Client 6: Aggregation Weight=0.0000
2024-09-21 00:04:03,289 v1.py aggregate [line:140] INFO Round 2, Client 7: Aggregation Weight=0.0000
2024-09-21 00:04:03,289 v1.py aggregate [line:140] INFO Round 2, Client 8: Aggregation Weight=0.1999
2024-09-21 00:04:03,289 v1.py aggregate [line:140] INFO Round 2, Client 9: Aggregation Weight=0.0000
2024-09-21 00:04:03,290 v1.py aggregate [line:140] INFO Round 2, Client 10: Aggregation Weight=0.0000
2024-09-21 00:04:03,290 v1.py aggregate [line:140] INFO Round 2, Client 11: Aggregation Weight=0.0000
2024-09-21 00:04:03,290 v1.py aggregate [line:140] INFO Round 2, Client 12: Aggregation Weight=0.0000
2024-09-21 00:04:03,290 v1.py aggregate [line:140] INFO Round 2, Client 13: Aggregation Weight=0.0000
2024-09-21 00:04:03,290 v1.py aggregate [line:140] INFO Round 2, Client 14: Aggregation Weight=0.0000
2024-09-21 00:04:03,290 v1.py aggregate [line:140] INFO Round 2, Client 15: Aggregation Weight=0.0000
2024-09-21 00:04:03,290 v1.py aggregate [line:140] INFO Round 2, Client 16: Aggregation Weight=0.0000
2024-09-21 00:04:03,290 v1.py aggregate [line:140] INFO Round 2, Client 17: Aggregation Weight=0.0000
2024-09-21 00:04:03,290 v1.py aggregate [line:140] INFO Round 2, Client 18: Aggregation Weight=0.1999
2024-09-21 00:04:03,290 v1.py aggregate [line:140] INFO Round 2, Client 19: Aggregation Weight=0.0000
2024-09-21 00:04:03,290 v1.py aggregate [line:140] INFO Round 2, Client 20: Aggregation Weight=0.0000
2024-09-21 00:04:03,290 v1.py aggregate [line:140] INFO Round 2, Client 21: Aggregation Weight=0.0000
2024-09-21 00:04:03,290 v1.py aggregate [line:140] INFO Round 2, Client 22: Aggregation Weight=0.0000
2024-09-21 00:04:03,290 v1.py aggregate [line:140] INFO Round 2, Client 23: Aggregation Weight=0.0000
2024-09-21 00:04:03,290 v1.py aggregate [line:140] INFO Round 2, Client 24: Aggregation Weight=0.0000
2024-09-21 00:04:03,290 v1.py aggregate [line:140] INFO Round 2, Client 25: Aggregation Weight=0.0000
2024-09-21 00:04:03,290 v1.py aggregate [line:140] INFO Round 2, Client 26: Aggregation Weight=0.0000
2024-09-21 00:04:03,290 v1.py aggregate [line:140] INFO Round 2, Client 27: Aggregation Weight=0.0000
2024-09-21 00:04:03,300 v1.py aggregate [line:140] INFO Round 2, Client 28: Aggregation Weight=0.1999
2024-09-21 00:04:03,300 v1.py aggregate [line:140] INFO Round 2, Client 29: Aggregation Weight=0.0000
2024-09-21 00:04:03,300 v1.py aggregate [line:140] INFO Round 2, Client 30: Aggregation Weight=0.0000
2024-09-21 00:04:03,300 v1.py aggregate [line:140] INFO Round 2, Client 31: Aggregation Weight=0.0000
2024-09-21 00:04:03,300 v1.py aggregate [line:140] INFO Round 2, Client 32: Aggregation Weight=0.0000
2024-09-21 00:04:03,300 v1.py aggregate [line:140] INFO Round 2, Client 33: Aggregation Weight=0.0000
2024-09-21 00:04:03,301 v1.py aggregate [line:140] INFO Round 2, Client 34: Aggregation Weight=0.0000
2024-09-21 00:04:03,301 v1.py aggregate [line:140] INFO Round 2, Client 35: Aggregation Weight=0.0000
2024-09-21 00:04:03,301 v1.py aggregate [line:140] INFO Round 2, Client 36: Aggregation Weight=0.0000
2024-09-21 00:04:03,301 v1.py aggregate [line:140] INFO Round 2, Client 37: Aggregation Weight=0.1999
2024-09-21 00:04:03,301 v1.py aggregate [line:140] INFO Round 2, Client 38: Aggregation Weight=0.0000
2024-09-21 00:04:03,301 v1.py aggregate [line:140] INFO Round 2, Client 39: Aggregation Weight=0.0000
2024-09-21 00:04:03,301 v1.py aggregate [line:140] INFO Round 2, Client 40: Aggregation Weight=0.0000
2024-09-21 00:04:03,301 v1.py aggregate [line:140] INFO Round 2, Client 41: Aggregation Weight=0.0000
2024-09-21 00:04:03,301 v1.py aggregate [line:140] INFO Round 2, Client 42: Aggregation Weight=0.0000
2024-09-21 00:04:03,301 v1.py aggregate [line:140] INFO Round 2, Client 43: Aggregation Weight=0.0000
2024-09-21 00:04:03,301 v1.py aggregate [line:140] INFO Round 2, Client 44: Aggregation Weight=0.1999
2024-09-21 00:04:03,301 v1.py aggregate [line:140] INFO Round 2, Client 45: Aggregation Weight=0.0000
2024-09-21 00:04:03,301 v1.py aggregate [line:140] INFO Round 2, Client 46: Aggregation Weight=0.0000
2024-09-21 00:04:03,301 v1.py aggregate [line:140] INFO Round 2, Client 47: Aggregation Weight=0.0000
2024-09-21 00:04:03,301 v1.py aggregate [line:140] INFO Round 2, Client 48: Aggregation Weight=0.0000
2024-09-21 00:04:03,301 v1.py aggregate [line:140] INFO Round 2, Client 49: Aggregation Weight=0.0000
2024-09-21 00:04:03,301 v1.py aggregate [line:143] INFO Round 2: Total Aggregation Weight=1.0000
2024-09-21 00:04:03,365 fedbase.py run [line:300] INFO --------------Round 2--------------
2024-09-21 00:04:03,366 simple_logger.py log_once [line:14] INFO Current_time:2
2024-09-21 00:04:08,299 simple_logger.py log_once [line:28] INFO test_accuracy                 0.1000
2024-09-21 00:04:08,299 simple_logger.py log_once [line:28] INFO test_loss                     415.2844
2024-09-21 00:04:08,299 simple_logger.py log_once [line:28] INFO val_accuracy                  0.1000
2024-09-21 00:04:08,299 simple_logger.py log_once [line:28] INFO mean_val_accuracy             0.1000
2024-09-21 00:04:08,299 simple_logger.py log_once [line:28] INFO std_val_accuracy              0.3000
2024-09-21 00:04:08,300 simple_logger.py log_once [line:28] INFO val_loss                      415.2672
2024-09-21 00:04:08,300 simple_logger.py log_once [line:28] INFO mean_val_loss                 415.2672
2024-09-21 00:04:08,300 simple_logger.py log_once [line:28] INFO std_val_loss                  207.6794
2024-09-21 00:04:08,303 fedbase.py run [line:305] INFO Eval Time Cost:               4.9372s
2024-09-21 00:04:08,303 v1.py iterate [line:69] INFO Round 3 started
2024-09-21 00:04:08,303 v1.py iterate [line:73] INFO Round 3: Current weights - w1: 0.5000, w2: 0.5000
2024-09-21 00:04:08,304 v1.py sample [line:59] INFO Round 3: Committee clients selected - [0, 1, 2, 3, 4, 5, 6, 7, 8, 9, 10, 11, 12, 13, 14]
2024-09-21 00:04:08,304 v1.py sample [line:61] INFO Round 3: Normal clients selected - [15, 16, 17, 18, 19, 20, 21, 22, 23, 24, 25, 26, 27, 28, 29, 30, 31, 32, 33, 34, 35, 36, 37, 38, 39, 40, 41, 42, 43, 44, 45, 46, 47, 48, 49]
2024-09-21 00:04:08,304 v1.py sample [line:63] INFO Round 3: All selected clients - [0, 1, 2, 3, 4, 5, 6, 7, 8, 9, 10, 11, 12, 13, 14, 15, 16, 17, 18, 19, 20, 21, 22, 23, 24, 25, 26, 27, 28, 29, 30, 31, 32, 33, 34, 35, 36, 37, 38, 39, 40, 41, 42, 43, 44, 45, 46, 47, 48, 49]
2024-09-21 00:06:22,413 v1.py iterate [line:121] INFO Round 3, Client 0: Local Acc=1.0000, Global Acc=0.1000, Grad Norm=1326.2792, Normalized Score=0.0001
2024-09-21 00:06:22,480 v1.py iterate [line:121] INFO Round 3, Client 1: Local Acc=1.0000, Global Acc=0.1000, Grad Norm=0.0000, Normalized Score=1.0000
2024-09-21 00:06:22,527 v1.py iterate [line:121] INFO Round 3, Client 2: Local Acc=1.0000, Global Acc=0.1000, Grad Norm=1308.4036, Normalized Score=0.0001
2024-09-21 00:06:22,566 v1.py iterate [line:121] INFO Round 3, Client 3: Local Acc=1.0000, Global Acc=0.1000, Grad Norm=1135.6768, Normalized Score=0.0002
2024-09-21 00:06:22,601 v1.py iterate [line:121] INFO Round 3, Client 4: Local Acc=1.0000, Global Acc=0.1000, Grad Norm=1341.6096, Normalized Score=0.0001
2024-09-21 00:06:22,654 v1.py iterate [line:121] INFO Round 3, Client 5: Local Acc=1.0000, Global Acc=0.1000, Grad Norm=1496.7157, Normalized Score=0.0000
2024-09-21 00:06:22,719 v1.py iterate [line:121] INFO Round 3, Client 6: Local Acc=1.0000, Global Acc=0.1000, Grad Norm=1251.3212, Normalized Score=0.0001
2024-09-21 00:06:22,797 v1.py iterate [line:121] INFO Round 3, Client 7: Local Acc=1.0000, Global Acc=0.1000, Grad Norm=1281.2714, Normalized Score=0.0001
2024-09-21 00:06:22,867 v1.py iterate [line:121] INFO Round 3, Client 8: Local Acc=1.0000, Global Acc=0.1000, Grad Norm=1315.6122, Normalized Score=0.0001
2024-09-21 00:06:22,936 v1.py iterate [line:121] INFO Round 3, Client 9: Local Acc=1.0000, Global Acc=0.1000, Grad Norm=1487.7393, Normalized Score=0.0000
2024-09-21 00:06:23,008 v1.py iterate [line:121] INFO Round 3, Client 10: Local Acc=1.0000, Global Acc=0.1000, Grad Norm=1274.5145, Normalized Score=0.0001
2024-09-21 00:06:23,059 v1.py iterate [line:121] INFO Round 3, Client 11: Local Acc=1.0000, Global Acc=0.1000, Grad Norm=1323.1340, Normalized Score=0.0001
2024-09-21 00:06:23,097 v1.py iterate [line:121] INFO Round 3, Client 12: Local Acc=1.0000, Global Acc=0.1000, Grad Norm=1356.5000, Normalized Score=0.0001
2024-09-21 00:06:23,134 v1.py iterate [line:121] INFO Round 3, Client 13: Local Acc=1.0000, Global Acc=0.1000, Grad Norm=1125.7921, Normalized Score=0.0002
2024-09-21 00:06:23,170 v1.py iterate [line:121] INFO Round 3, Client 14: Local Acc=1.0000, Global Acc=0.1000, Grad Norm=1287.6967, Normalized Score=0.0001
2024-09-21 00:06:23,206 v1.py iterate [line:121] INFO Round 3, Client 15: Local Acc=1.0000, Global Acc=0.1000, Grad Norm=1436.4580, Normalized Score=0.0000
2024-09-21 00:06:23,279 v1.py iterate [line:121] INFO Round 3, Client 16: Local Acc=1.0000, Global Acc=0.1000, Grad Norm=1259.8336, Normalized Score=0.0001
2024-09-21 00:06:23,342 v1.py iterate [line:121] INFO Round 3, Client 17: Local Acc=1.0000, Global Acc=0.1000, Grad Norm=0.0000, Normalized Score=1.0000
2024-09-21 00:06:23,418 v1.py iterate [line:121] INFO Round 3, Client 18: Local Acc=1.0000, Global Acc=0.1000, Grad Norm=1278.3085, Normalized Score=0.0001
2024-09-21 00:06:23,503 v1.py iterate [line:121] INFO Round 3, Client 19: Local Acc=1.0000, Global Acc=0.1000, Grad Norm=1424.2053, Normalized Score=0.0000
2024-09-21 00:06:23,539 v1.py iterate [line:121] INFO Round 3, Client 20: Local Acc=1.0000, Global Acc=0.1000, Grad Norm=1300.0974, Normalized Score=0.0001
2024-09-21 00:06:23,575 v1.py iterate [line:121] INFO Round 3, Client 21: Local Acc=1.0000, Global Acc=0.1000, Grad Norm=1453.8060, Normalized Score=0.0000
2024-09-21 00:06:23,610 v1.py iterate [line:121] INFO Round 3, Client 22: Local Acc=1.0000, Global Acc=0.1000, Grad Norm=1201.6210, Normalized Score=0.0002
2024-09-21 00:06:23,662 v1.py iterate [line:121] INFO Round 3, Client 23: Local Acc=1.0000, Global Acc=0.1000, Grad Norm=1362.2620, Normalized Score=0.0001
2024-09-21 00:06:23,733 v1.py iterate [line:121] INFO Round 3, Client 24: Local Acc=1.0000, Global Acc=0.1000, Grad Norm=1163.4973, Normalized Score=0.0002
2024-09-21 00:06:23,801 v1.py iterate [line:121] INFO Round 3, Client 25: Local Acc=1.0000, Global Acc=0.1000, Grad Norm=1433.4402, Normalized Score=0.0000
2024-09-21 00:06:23,840 v1.py iterate [line:121] INFO Round 3, Client 26: Local Acc=1.0000, Global Acc=0.1000, Grad Norm=1318.7844, Normalized Score=0.0001
2024-09-21 00:06:23,877 v1.py iterate [line:121] INFO Round 3, Client 27: Local Acc=1.0000, Global Acc=0.1000, Grad Norm=0.0000, Normalized Score=1.0000
2024-09-21 00:06:23,911 v1.py iterate [line:121] INFO Round 3, Client 28: Local Acc=1.0000, Global Acc=0.1000, Grad Norm=1338.5195, Normalized Score=0.0001
2024-09-21 00:06:23,947 v1.py iterate [line:121] INFO Round 3, Client 29: Local Acc=1.0000, Global Acc=0.1000, Grad Norm=1321.1100, Normalized Score=0.0001
2024-09-21 00:06:24,001 v1.py iterate [line:121] INFO Round 3, Client 30: Local Acc=1.0000, Global Acc=0.1000, Grad Norm=1484.9769, Normalized Score=0.0000
2024-09-21 00:06:24,036 v1.py iterate [line:121] INFO Round 3, Client 31: Local Acc=1.0000, Global Acc=0.1000, Grad Norm=1303.1488, Normalized Score=0.0001
2024-09-21 00:06:24,073 v1.py iterate [line:121] INFO Round 3, Client 32: Local Acc=1.0000, Global Acc=0.1000, Grad Norm=0.0000, Normalized Score=1.0000
2024-09-21 00:06:24,106 v1.py iterate [line:121] INFO Round 3, Client 33: Local Acc=1.0000, Global Acc=0.1000, Grad Norm=1246.8961, Normalized Score=0.0001
2024-09-21 00:06:24,140 v1.py iterate [line:121] INFO Round 3, Client 34: Local Acc=1.0000, Global Acc=0.1000, Grad Norm=1365.6627, Normalized Score=0.0001
2024-09-21 00:06:24,177 v1.py iterate [line:121] INFO Round 3, Client 35: Local Acc=1.0000, Global Acc=0.1000, Grad Norm=1401.2209, Normalized Score=0.0000
2024-09-21 00:06:24,213 v1.py iterate [line:121] INFO Round 3, Client 36: Local Acc=1.0000, Global Acc=0.1000, Grad Norm=1358.5106, Normalized Score=0.0001
2024-09-21 00:06:24,248 v1.py iterate [line:121] INFO Round 3, Client 37: Local Acc=1.0000, Global Acc=0.1000, Grad Norm=1355.5107, Normalized Score=0.0001
2024-09-21 00:06:24,283 v1.py iterate [line:121] INFO Round 3, Client 38: Local Acc=1.0000, Global Acc=0.1000, Grad Norm=1261.2710, Normalized Score=0.0001
2024-09-21 00:06:24,320 v1.py iterate [line:121] INFO Round 3, Client 39: Local Acc=1.0000, Global Acc=0.1000, Grad Norm=1131.3398, Normalized Score=0.0002
2024-09-21 00:06:24,359 v1.py iterate [line:121] INFO Round 3, Client 40: Local Acc=1.0000, Global Acc=0.1000, Grad Norm=1381.4384, Normalized Score=0.0001
2024-09-21 00:06:24,395 v1.py iterate [line:121] INFO Round 3, Client 41: Local Acc=1.0000, Global Acc=0.1000, Grad Norm=0.0000, Normalized Score=1.0000
2024-09-21 00:06:24,429 v1.py iterate [line:121] INFO Round 3, Client 42: Local Acc=1.0000, Global Acc=0.1000, Grad Norm=1337.2789, Normalized Score=0.0001
2024-09-21 00:06:24,465 v1.py iterate [line:121] INFO Round 3, Client 43: Local Acc=1.0000, Global Acc=0.1000, Grad Norm=1099.4150, Normalized Score=0.0002
2024-09-21 00:06:24,502 v1.py iterate [line:121] INFO Round 3, Client 44: Local Acc=1.0000, Global Acc=0.1000, Grad Norm=1317.9318, Normalized Score=0.0001
2024-09-21 00:06:24,539 v1.py iterate [line:121] INFO Round 3, Client 45: Local Acc=1.0000, Global Acc=0.1000, Grad Norm=1504.4960, Normalized Score=0.0000
2024-09-21 00:06:24,578 v1.py iterate [line:121] INFO Round 3, Client 46: Local Acc=1.0000, Global Acc=0.1000, Grad Norm=1335.8347, Normalized Score=0.0001
2024-09-21 00:06:24,616 v1.py iterate [line:121] INFO Round 3, Client 47: Local Acc=1.0000, Global Acc=0.1000, Grad Norm=1439.6982, Normalized Score=0.0000
2024-09-21 00:06:24,652 v1.py iterate [line:121] INFO Round 3, Client 48: Local Acc=1.0000, Global Acc=0.1000, Grad Norm=1306.3849, Normalized Score=0.0001
2024-09-21 00:06:24,685 v1.py iterate [line:121] INFO Round 3, Client 49: Local Acc=1.0000, Global Acc=0.1000, Grad Norm=1290.8728, Normalized Score=0.0001
2024-09-21 00:06:24,686 v1.py aggregate [line:140] INFO Round 3, Client 0: Aggregation Weight=0.0000
2024-09-21 00:06:24,686 v1.py aggregate [line:140] INFO Round 3, Client 1: Aggregation Weight=0.1998
2024-09-21 00:06:24,686 v1.py aggregate [line:140] INFO Round 3, Client 2: Aggregation Weight=0.0000
2024-09-21 00:06:24,686 v1.py aggregate [line:140] INFO Round 3, Client 3: Aggregation Weight=0.0000
2024-09-21 00:06:24,686 v1.py aggregate [line:140] INFO Round 3, Client 4: Aggregation Weight=0.0000
2024-09-21 00:06:24,686 v1.py aggregate [line:140] INFO Round 3, Client 5: Aggregation Weight=0.0000
2024-09-21 00:06:24,686 v1.py aggregate [line:140] INFO Round 3, Client 6: Aggregation Weight=0.0000
2024-09-21 00:06:24,686 v1.py aggregate [line:140] INFO Round 3, Client 7: Aggregation Weight=0.0000
2024-09-21 00:06:24,687 v1.py aggregate [line:140] INFO Round 3, Client 8: Aggregation Weight=0.0000
2024-09-21 00:06:24,687 v1.py aggregate [line:140] INFO Round 3, Client 9: Aggregation Weight=0.0000
2024-09-21 00:06:24,687 v1.py aggregate [line:140] INFO Round 3, Client 10: Aggregation Weight=0.0000
2024-09-21 00:06:24,687 v1.py aggregate [line:140] INFO Round 3, Client 11: Aggregation Weight=0.0000
2024-09-21 00:06:24,687 v1.py aggregate [line:140] INFO Round 3, Client 12: Aggregation Weight=0.0000
2024-09-21 00:06:24,687 v1.py aggregate [line:140] INFO Round 3, Client 13: Aggregation Weight=0.0000
2024-09-21 00:06:24,687 v1.py aggregate [line:140] INFO Round 3, Client 14: Aggregation Weight=0.0000
2024-09-21 00:06:24,687 v1.py aggregate [line:140] INFO Round 3, Client 15: Aggregation Weight=0.0000
2024-09-21 00:06:24,687 v1.py aggregate [line:140] INFO Round 3, Client 16: Aggregation Weight=0.0000
2024-09-21 00:06:24,688 v1.py aggregate [line:140] INFO Round 3, Client 17: Aggregation Weight=0.1998
2024-09-21 00:06:24,688 v1.py aggregate [line:140] INFO Round 3, Client 18: Aggregation Weight=0.0000
2024-09-21 00:06:24,688 v1.py aggregate [line:140] INFO Round 3, Client 19: Aggregation Weight=0.0000
2024-09-21 00:06:24,688 v1.py aggregate [line:140] INFO Round 3, Client 20: Aggregation Weight=0.0000
2024-09-21 00:06:24,688 v1.py aggregate [line:140] INFO Round 3, Client 21: Aggregation Weight=0.0000
2024-09-21 00:06:24,688 v1.py aggregate [line:140] INFO Round 3, Client 22: Aggregation Weight=0.0000
2024-09-21 00:06:24,688 v1.py aggregate [line:140] INFO Round 3, Client 23: Aggregation Weight=0.0000
2024-09-21 00:06:24,688 v1.py aggregate [line:140] INFO Round 3, Client 24: Aggregation Weight=0.0000
2024-09-21 00:06:24,688 v1.py aggregate [line:140] INFO Round 3, Client 25: Aggregation Weight=0.0000
2024-09-21 00:06:24,688 v1.py aggregate [line:140] INFO Round 3, Client 26: Aggregation Weight=0.0000
2024-09-21 00:06:24,689 v1.py aggregate [line:140] INFO Round 3, Client 27: Aggregation Weight=0.1998
2024-09-21 00:06:24,689 v1.py aggregate [line:140] INFO Round 3, Client 28: Aggregation Weight=0.0000
2024-09-21 00:06:24,689 v1.py aggregate [line:140] INFO Round 3, Client 29: Aggregation Weight=0.0000
2024-09-21 00:06:24,689 v1.py aggregate [line:140] INFO Round 3, Client 30: Aggregation Weight=0.0000
2024-09-21 00:06:24,689 v1.py aggregate [line:140] INFO Round 3, Client 31: Aggregation Weight=0.0000
2024-09-21 00:06:24,689 v1.py aggregate [line:140] INFO Round 3, Client 32: Aggregation Weight=0.1998
2024-09-21 00:06:24,689 v1.py aggregate [line:140] INFO Round 3, Client 33: Aggregation Weight=0.0000
2024-09-21 00:06:24,689 v1.py aggregate [line:140] INFO Round 3, Client 34: Aggregation Weight=0.0000
2024-09-21 00:06:24,689 v1.py aggregate [line:140] INFO Round 3, Client 35: Aggregation Weight=0.0000
2024-09-21 00:06:24,689 v1.py aggregate [line:140] INFO Round 3, Client 36: Aggregation Weight=0.0000
2024-09-21 00:06:24,690 v1.py aggregate [line:140] INFO Round 3, Client 37: Aggregation Weight=0.0000
2024-09-21 00:06:24,690 v1.py aggregate [line:140] INFO Round 3, Client 38: Aggregation Weight=0.0000
2024-09-21 00:06:24,690 v1.py aggregate [line:140] INFO Round 3, Client 39: Aggregation Weight=0.0000
2024-09-21 00:06:24,690 v1.py aggregate [line:140] INFO Round 3, Client 40: Aggregation Weight=0.0000
2024-09-21 00:06:24,690 v1.py aggregate [line:140] INFO Round 3, Client 41: Aggregation Weight=0.1998
2024-09-21 00:06:24,690 v1.py aggregate [line:140] INFO Round 3, Client 42: Aggregation Weight=0.0000
2024-09-21 00:06:24,690 v1.py aggregate [line:140] INFO Round 3, Client 43: Aggregation Weight=0.0000
2024-09-21 00:06:24,690 v1.py aggregate [line:140] INFO Round 3, Client 44: Aggregation Weight=0.0000
2024-09-21 00:06:24,690 v1.py aggregate [line:140] INFO Round 3, Client 45: Aggregation Weight=0.0000
2024-09-21 00:06:24,691 v1.py aggregate [line:140] INFO Round 3, Client 46: Aggregation Weight=0.0000
2024-09-21 00:06:24,691 v1.py aggregate [line:140] INFO Round 3, Client 47: Aggregation Weight=0.0000
2024-09-21 00:06:24,691 v1.py aggregate [line:140] INFO Round 3, Client 48: Aggregation Weight=0.0000
2024-09-21 00:06:24,691 v1.py aggregate [line:140] INFO Round 3, Client 49: Aggregation Weight=0.0000
2024-09-21 00:06:24,691 v1.py aggregate [line:143] INFO Round 3: Total Aggregation Weight=1.0000
2024-09-21 00:06:24,725 fedbase.py run [line:300] INFO --------------Round 3--------------
2024-09-21 00:06:24,726 simple_logger.py log_once [line:14] INFO Current_time:3
2024-09-21 00:06:29,301 simple_logger.py log_once [line:28] INFO test_accuracy                 0.1000
2024-09-21 00:06:29,301 simple_logger.py log_once [line:28] INFO test_loss                     201.4588
2024-09-21 00:06:29,301 simple_logger.py log_once [line:28] INFO val_accuracy                  0.1000
2024-09-21 00:06:29,301 simple_logger.py log_once [line:28] INFO mean_val_accuracy             0.1000
2024-09-21 00:06:29,301 simple_logger.py log_once [line:28] INFO std_val_accuracy              0.3000
2024-09-21 00:06:29,302 simple_logger.py log_once [line:28] INFO val_loss                      201.1502
2024-09-21 00:06:29,302 simple_logger.py log_once [line:28] INFO mean_val_loss                 201.1502
2024-09-21 00:06:29,302 simple_logger.py log_once [line:28] INFO std_val_loss                  123.9185
2024-09-21 00:06:29,312 fedbase.py run [line:305] INFO Eval Time Cost:               4.5864s
2024-09-21 00:06:29,312 v1.py iterate [line:69] INFO Round 4 started
2024-09-21 00:06:29,313 v1.py iterate [line:73] INFO Round 4: Current weights - w1: 0.5000, w2: 0.5000
2024-09-21 00:06:29,313 v1.py sample [line:59] INFO Round 4: Committee clients selected - [0, 1, 2, 3, 4, 5, 6, 7, 8, 9, 10, 11, 12, 13, 14]
2024-09-21 00:06:29,313 v1.py sample [line:61] INFO Round 4: Normal clients selected - [15, 16, 17, 18, 19, 20, 21, 22, 23, 24, 25, 26, 27, 28, 29, 30, 31, 32, 33, 34, 35, 36, 37, 38, 39, 40, 41, 42, 43, 44, 45, 46, 47, 48, 49]
2024-09-21 00:06:29,313 v1.py sample [line:63] INFO Round 4: All selected clients - [0, 1, 2, 3, 4, 5, 6, 7, 8, 9, 10, 11, 12, 13, 14, 15, 16, 17, 18, 19, 20, 21, 22, 23, 24, 25, 26, 27, 28, 29, 30, 31, 32, 33, 34, 35, 36, 37, 38, 39, 40, 41, 42, 43, 44, 45, 46, 47, 48, 49]
2024-09-21 00:08:44,228 v1.py iterate [line:121] INFO Round 4, Client 0: Local Acc=1.0000, Global Acc=0.1000, Grad Norm=762.0739, Normalized Score=0.0003
2024-09-21 00:08:44,302 v1.py iterate [line:121] INFO Round 4, Client 1: Local Acc=1.0000, Global Acc=0.1000, Grad Norm=766.5806, Normalized Score=0.0003
2024-09-21 00:08:44,385 v1.py iterate [line:121] INFO Round 4, Client 2: Local Acc=1.0000, Global Acc=0.1000, Grad Norm=844.2861, Normalized Score=0.0001
2024-09-21 00:08:44,431 v1.py iterate [line:121] INFO Round 4, Client 3: Local Acc=1.0000, Global Acc=0.1000, Grad Norm=701.6660, Normalized Score=0.0004
2024-09-21 00:08:44,470 v1.py iterate [line:121] INFO Round 4, Client 4: Local Acc=1.0000, Global Acc=0.1000, Grad Norm=835.4375, Normalized Score=0.0002
2024-09-21 00:08:44,507 v1.py iterate [line:121] INFO Round 4, Client 5: Local Acc=1.0000, Global Acc=0.1000, Grad Norm=956.8320, Normalized Score=0.0000
2024-09-21 00:08:44,543 v1.py iterate [line:121] INFO Round 4, Client 6: Local Acc=1.0000, Global Acc=0.1000, Grad Norm=0.0365, Normalized Score=0.9949
2024-09-21 00:08:44,618 v1.py iterate [line:121] INFO Round 4, Client 7: Local Acc=1.0000, Global Acc=0.1000, Grad Norm=836.2805, Normalized Score=0.0002
2024-09-21 00:08:44,684 v1.py iterate [line:121] INFO Round 4, Client 8: Local Acc=1.0000, Global Acc=0.1000, Grad Norm=828.8905, Normalized Score=0.0002
2024-09-21 00:08:44,738 v1.py iterate [line:121] INFO Round 4, Client 9: Local Acc=1.0000, Global Acc=0.1000, Grad Norm=914.5021, Normalized Score=0.0000
2024-09-21 00:08:44,791 v1.py iterate [line:121] INFO Round 4, Client 10: Local Acc=1.0000, Global Acc=0.1000, Grad Norm=761.7396, Normalized Score=0.0003
2024-09-21 00:08:44,865 v1.py iterate [line:121] INFO Round 4, Client 11: Local Acc=1.0000, Global Acc=0.1000, Grad Norm=847.6434, Normalized Score=0.0001
2024-09-21 00:08:44,916 v1.py iterate [line:121] INFO Round 4, Client 12: Local Acc=1.0000, Global Acc=0.1000, Grad Norm=802.0209, Normalized Score=0.0002
2024-09-21 00:08:44,954 v1.py iterate [line:121] INFO Round 4, Client 13: Local Acc=1.0000, Global Acc=0.1000, Grad Norm=722.2132, Normalized Score=0.0003
2024-09-21 00:08:44,993 v1.py iterate [line:121] INFO Round 4, Client 14: Local Acc=1.0000, Global Acc=0.1000, Grad Norm=796.2755, Normalized Score=0.0002
2024-09-21 00:08:45,056 v1.py iterate [line:121] INFO Round 4, Client 15: Local Acc=1.0000, Global Acc=0.1000, Grad Norm=932.7869, Normalized Score=0.0000
2024-09-21 00:08:45,130 v1.py iterate [line:121] INFO Round 4, Client 16: Local Acc=1.0000, Global Acc=0.1000, Grad Norm=0.0525, Normalized Score=0.9798
2024-09-21 00:08:45,171 v1.py iterate [line:121] INFO Round 4, Client 17: Local Acc=1.0000, Global Acc=0.1000, Grad Norm=765.2859, Normalized Score=0.0003
2024-09-21 00:08:45,210 v1.py iterate [line:121] INFO Round 4, Client 18: Local Acc=1.0000, Global Acc=0.1000, Grad Norm=819.0623, Normalized Score=0.0002
2024-09-21 00:08:45,251 v1.py iterate [line:121] INFO Round 4, Client 19: Local Acc=1.0000, Global Acc=0.1000, Grad Norm=927.5595, Normalized Score=0.0000
2024-09-21 00:08:45,290 v1.py iterate [line:121] INFO Round 4, Client 20: Local Acc=1.0000, Global Acc=0.1000, Grad Norm=0.0383, Normalized Score=0.9932
2024-09-21 00:08:45,325 v1.py iterate [line:121] INFO Round 4, Client 21: Local Acc=1.0000, Global Acc=0.1000, Grad Norm=941.7065, Normalized Score=0.0000
2024-09-21 00:08:45,397 v1.py iterate [line:121] INFO Round 4, Client 22: Local Acc=1.0000, Global Acc=0.1000, Grad Norm=788.1725, Normalized Score=0.0002
2024-09-21 00:08:45,457 v1.py iterate [line:121] INFO Round 4, Client 23: Local Acc=1.0000, Global Acc=0.1000, Grad Norm=796.2749, Normalized Score=0.0002
2024-09-21 00:08:45,491 v1.py iterate [line:121] INFO Round 4, Client 24: Local Acc=1.0000, Global Acc=0.1000, Grad Norm=730.9573, Normalized Score=0.0003
2024-09-21 00:08:45,528 v1.py iterate [line:121] INFO Round 4, Client 25: Local Acc=1.0000, Global Acc=0.1000, Grad Norm=894.6573, Normalized Score=0.0001
2024-09-21 00:08:45,562 v1.py iterate [line:121] INFO Round 4, Client 26: Local Acc=1.0000, Global Acc=0.1000, Grad Norm=786.0799, Normalized Score=0.0002
2024-09-21 00:08:45,629 v1.py iterate [line:121] INFO Round 4, Client 27: Local Acc=1.0000, Global Acc=0.1000, Grad Norm=762.4488, Normalized Score=0.0003
2024-09-21 00:08:45,684 v1.py iterate [line:121] INFO Round 4, Client 28: Local Acc=1.0000, Global Acc=0.1000, Grad Norm=798.5183, Normalized Score=0.0002
2024-09-21 00:08:45,719 v1.py iterate [line:121] INFO Round 4, Client 29: Local Acc=1.0000, Global Acc=0.1000, Grad Norm=843.2164, Normalized Score=0.0001
2024-09-21 00:08:45,752 v1.py iterate [line:121] INFO Round 4, Client 30: Local Acc=1.0000, Global Acc=0.1000, Grad Norm=918.8284, Normalized Score=0.0000
2024-09-21 00:08:45,785 v1.py iterate [line:121] INFO Round 4, Client 31: Local Acc=1.0000, Global Acc=0.1000, Grad Norm=807.7081, Normalized Score=0.0002
2024-09-21 00:08:45,842 v1.py iterate [line:121] INFO Round 4, Client 32: Local Acc=1.0000, Global Acc=0.1000, Grad Norm=768.5643, Normalized Score=0.0003
2024-09-21 00:08:45,916 v1.py iterate [line:121] INFO Round 4, Client 33: Local Acc=1.0000, Global Acc=0.1000, Grad Norm=823.3179, Normalized Score=0.0002
2024-09-21 00:08:45,979 v1.py iterate [line:121] INFO Round 4, Client 34: Local Acc=1.0000, Global Acc=0.1000, Grad Norm=832.4999, Normalized Score=0.0002
2024-09-21 00:08:46,030 v1.py iterate [line:121] INFO Round 4, Client 35: Local Acc=1.0000, Global Acc=0.1000, Grad Norm=892.7207, Normalized Score=0.0001
2024-09-21 00:08:46,067 v1.py iterate [line:121] INFO Round 4, Client 36: Local Acc=1.0000, Global Acc=0.1000, Grad Norm=817.3411, Normalized Score=0.0002
2024-09-21 00:08:46,105 v1.py iterate [line:121] INFO Round 4, Client 37: Local Acc=1.0000, Global Acc=0.1000, Grad Norm=837.1835, Normalized Score=0.0002
2024-09-21 00:08:46,156 v1.py iterate [line:121] INFO Round 4, Client 38: Local Acc=1.0000, Global Acc=0.1000, Grad Norm=0.0358, Normalized Score=0.9956
2024-09-21 00:08:46,194 v1.py iterate [line:121] INFO Round 4, Client 39: Local Acc=1.0000, Global Acc=0.1000, Grad Norm=682.0070, Normalized Score=0.0004
2024-09-21 00:08:46,231 v1.py iterate [line:121] INFO Round 4, Client 40: Local Acc=1.0000, Global Acc=0.1000, Grad Norm=810.1305, Normalized Score=0.0002
2024-09-21 00:08:46,291 v1.py iterate [line:121] INFO Round 4, Client 41: Local Acc=1.0000, Global Acc=0.1000, Grad Norm=798.0925, Normalized Score=0.0002
2024-09-21 00:08:46,368 v1.py iterate [line:121] INFO Round 4, Client 42: Local Acc=1.0000, Global Acc=0.1000, Grad Norm=782.7684, Normalized Score=0.0002
2024-09-21 00:08:46,433 v1.py iterate [line:121] INFO Round 4, Client 43: Local Acc=1.0000, Global Acc=0.1000, Grad Norm=716.8564, Normalized Score=0.0004
2024-09-21 00:08:46,509 v1.py iterate [line:121] INFO Round 4, Client 44: Local Acc=1.0000, Global Acc=0.1000, Grad Norm=847.3118, Normalized Score=0.0001
2024-09-21 00:08:46,585 v1.py iterate [line:121] INFO Round 4, Client 45: Local Acc=1.0000, Global Acc=0.1000, Grad Norm=915.8917, Normalized Score=0.0000
2024-09-21 00:08:46,651 v1.py iterate [line:121] INFO Round 4, Client 46: Local Acc=1.0000, Global Acc=0.1000, Grad Norm=845.9594, Normalized Score=0.0001
2024-09-21 00:08:46,724 v1.py iterate [line:121] INFO Round 4, Client 47: Local Acc=1.0000, Global Acc=0.1000, Grad Norm=904.5175, Normalized Score=0.0001
2024-09-21 00:08:46,796 v1.py iterate [line:121] INFO Round 4, Client 48: Local Acc=1.0000, Global Acc=0.1000, Grad Norm=763.6995, Normalized Score=0.0003
2024-09-21 00:08:46,866 v1.py iterate [line:121] INFO Round 4, Client 49: Local Acc=1.0000, Global Acc=0.1000, Grad Norm=0.0312, Normalized Score=1.0000
2024-09-21 00:08:46,866 v1.py aggregate [line:140] INFO Round 4, Client 0: Aggregation Weight=0.0001
2024-09-21 00:08:46,866 v1.py aggregate [line:140] INFO Round 4, Client 1: Aggregation Weight=0.0001
2024-09-21 00:08:46,866 v1.py aggregate [line:140] INFO Round 4, Client 2: Aggregation Weight=0.0000
2024-09-21 00:08:46,866 v1.py aggregate [line:140] INFO Round 4, Client 3: Aggregation Weight=0.0001
2024-09-21 00:08:46,866 v1.py aggregate [line:140] INFO Round 4, Client 4: Aggregation Weight=0.0000
2024-09-21 00:08:46,866 v1.py aggregate [line:140] INFO Round 4, Client 5: Aggregation Weight=0.0000
2024-09-21 00:08:46,866 v1.py aggregate [line:140] INFO Round 4, Client 6: Aggregation Weight=0.2001
2024-09-21 00:08:46,866 v1.py aggregate [line:140] INFO Round 4, Client 7: Aggregation Weight=0.0000
2024-09-21 00:08:46,866 v1.py aggregate [line:140] INFO Round 4, Client 8: Aggregation Weight=0.0000
2024-09-21 00:08:46,866 v1.py aggregate [line:140] INFO Round 4, Client 9: Aggregation Weight=0.0000
2024-09-21 00:08:46,867 v1.py aggregate [line:140] INFO Round 4, Client 10: Aggregation Weight=0.0001
2024-09-21 00:08:46,867 v1.py aggregate [line:140] INFO Round 4, Client 11: Aggregation Weight=0.0000
2024-09-21 00:08:46,867 v1.py aggregate [line:140] INFO Round 4, Client 12: Aggregation Weight=0.0000
2024-09-21 00:08:46,867 v1.py aggregate [line:140] INFO Round 4, Client 13: Aggregation Weight=0.0001
2024-09-21 00:08:46,867 v1.py aggregate [line:140] INFO Round 4, Client 14: Aggregation Weight=0.0000
2024-09-21 00:08:46,867 v1.py aggregate [line:140] INFO Round 4, Client 15: Aggregation Weight=0.0000
2024-09-21 00:08:46,867 v1.py aggregate [line:140] INFO Round 4, Client 16: Aggregation Weight=0.1971
2024-09-21 00:08:46,867 v1.py aggregate [line:140] INFO Round 4, Client 17: Aggregation Weight=0.0001
2024-09-21 00:08:46,867 v1.py aggregate [line:140] INFO Round 4, Client 18: Aggregation Weight=0.0000
2024-09-21 00:08:46,867 v1.py aggregate [line:140] INFO Round 4, Client 19: Aggregation Weight=0.0000
2024-09-21 00:08:46,867 v1.py aggregate [line:140] INFO Round 4, Client 20: Aggregation Weight=0.1998
2024-09-21 00:08:46,867 v1.py aggregate [line:140] INFO Round 4, Client 21: Aggregation Weight=0.0000
2024-09-21 00:08:46,867 v1.py aggregate [line:140] INFO Round 4, Client 22: Aggregation Weight=0.0000
2024-09-21 00:08:46,867 v1.py aggregate [line:140] INFO Round 4, Client 23: Aggregation Weight=0.0000
2024-09-21 00:08:46,867 v1.py aggregate [line:140] INFO Round 4, Client 24: Aggregation Weight=0.0001
2024-09-21 00:08:46,867 v1.py aggregate [line:140] INFO Round 4, Client 25: Aggregation Weight=0.0000
2024-09-21 00:08:46,867 v1.py aggregate [line:140] INFO Round 4, Client 26: Aggregation Weight=0.0000
2024-09-21 00:08:46,867 v1.py aggregate [line:140] INFO Round 4, Client 27: Aggregation Weight=0.0001
2024-09-21 00:08:46,868 v1.py aggregate [line:140] INFO Round 4, Client 28: Aggregation Weight=0.0000
2024-09-21 00:08:46,868 v1.py aggregate [line:140] INFO Round 4, Client 29: Aggregation Weight=0.0000
2024-09-21 00:08:46,868 v1.py aggregate [line:140] INFO Round 4, Client 30: Aggregation Weight=0.0000
2024-09-21 00:08:46,868 v1.py aggregate [line:140] INFO Round 4, Client 31: Aggregation Weight=0.0000
2024-09-21 00:08:46,868 v1.py aggregate [line:140] INFO Round 4, Client 32: Aggregation Weight=0.0001
2024-09-21 00:08:46,868 v1.py aggregate [line:140] INFO Round 4, Client 33: Aggregation Weight=0.0000
2024-09-21 00:08:46,868 v1.py aggregate [line:140] INFO Round 4, Client 34: Aggregation Weight=0.0000
2024-09-21 00:08:46,868 v1.py aggregate [line:140] INFO Round 4, Client 35: Aggregation Weight=0.0000
2024-09-21 00:08:46,868 v1.py aggregate [line:140] INFO Round 4, Client 36: Aggregation Weight=0.0000
2024-09-21 00:08:46,868 v1.py aggregate [line:140] INFO Round 4, Client 37: Aggregation Weight=0.0000
2024-09-21 00:08:46,868 v1.py aggregate [line:140] INFO Round 4, Client 38: Aggregation Weight=0.2002
2024-09-21 00:08:46,868 v1.py aggregate [line:140] INFO Round 4, Client 39: Aggregation Weight=0.0001
2024-09-21 00:08:46,868 v1.py aggregate [line:140] INFO Round 4, Client 40: Aggregation Weight=0.0000
2024-09-21 00:08:46,868 v1.py aggregate [line:140] INFO Round 4, Client 41: Aggregation Weight=0.0000
2024-09-21 00:08:46,868 v1.py aggregate [line:140] INFO Round 4, Client 42: Aggregation Weight=0.0000
2024-09-21 00:08:46,868 v1.py aggregate [line:140] INFO Round 4, Client 43: Aggregation Weight=0.0001
2024-09-21 00:08:46,868 v1.py aggregate [line:140] INFO Round 4, Client 44: Aggregation Weight=0.0000
2024-09-21 00:08:46,868 v1.py aggregate [line:140] INFO Round 4, Client 45: Aggregation Weight=0.0000
2024-09-21 00:08:46,869 v1.py aggregate [line:140] INFO Round 4, Client 46: Aggregation Weight=0.0000
2024-09-21 00:08:46,869 v1.py aggregate [line:140] INFO Round 4, Client 47: Aggregation Weight=0.0000
2024-09-21 00:08:46,869 v1.py aggregate [line:140] INFO Round 4, Client 48: Aggregation Weight=0.0001
2024-09-21 00:08:46,869 v1.py aggregate [line:140] INFO Round 4, Client 49: Aggregation Weight=0.2011
2024-09-21 00:08:46,869 v1.py aggregate [line:143] INFO Round 4: Total Aggregation Weight=1.0000
2024-09-21 00:08:46,902 fedbase.py run [line:300] INFO --------------Round 4--------------
2024-09-21 00:08:46,903 simple_logger.py log_once [line:14] INFO Current_time:4
2024-09-21 00:08:50,951 simple_logger.py log_once [line:28] INFO test_accuracy                 0.1000
2024-09-21 00:08:50,951 simple_logger.py log_once [line:28] INFO test_loss                     148.9007
2024-09-21 00:08:50,951 simple_logger.py log_once [line:28] INFO val_accuracy                  0.1000
2024-09-21 00:08:50,951 simple_logger.py log_once [line:28] INFO mean_val_accuracy             0.1000
2024-09-21 00:08:50,951 simple_logger.py log_once [line:28] INFO std_val_accuracy              0.3000
2024-09-21 00:08:50,951 simple_logger.py log_once [line:28] INFO val_loss                      148.9190
2024-09-21 00:08:50,951 simple_logger.py log_once [line:28] INFO mean_val_loss                 148.9190
2024-09-21 00:08:50,951 simple_logger.py log_once [line:28] INFO std_val_loss                  87.4193
2024-09-21 00:08:50,957 fedbase.py run [line:305] INFO Eval Time Cost:               4.0548s
2024-09-21 00:08:50,958 v1.py iterate [line:69] INFO Round 5 started
2024-09-21 00:08:50,958 v1.py iterate [line:73] INFO Round 5: Current weights - w1: 0.5000, w2: 0.5000
2024-09-21 00:08:50,958 v1.py sample [line:59] INFO Round 5: Committee clients selected - [0, 1, 2, 3, 4, 5, 6, 7, 8, 9, 10, 11, 12, 13, 14]
2024-09-21 00:08:50,958 v1.py sample [line:61] INFO Round 5: Normal clients selected - [15, 16, 17, 18, 19, 20, 21, 22, 23, 24, 25, 26, 27, 28, 29, 30, 31, 32, 33, 34, 35, 36, 37, 38, 39, 40, 41, 42, 43, 44, 45, 46, 47, 48, 49]
2024-09-21 00:08:50,958 v1.py sample [line:63] INFO Round 5: All selected clients - [0, 1, 2, 3, 4, 5, 6, 7, 8, 9, 10, 11, 12, 13, 14, 15, 16, 17, 18, 19, 20, 21, 22, 23, 24, 25, 26, 27, 28, 29, 30, 31, 32, 33, 34, 35, 36, 37, 38, 39, 40, 41, 42, 43, 44, 45, 46, 47, 48, 49]
2024-09-21 00:10:58,657 v1.py iterate [line:121] INFO Round 5, Client 0: Local Acc=1.0000, Global Acc=0.1000, Grad Norm=0.0208, Normalized Score=0.9948
2024-09-21 00:10:58,691 v1.py iterate [line:121] INFO Round 5, Client 1: Local Acc=1.0000, Global Acc=0.1000, Grad Norm=488.1474, Normalized Score=0.0007
2024-09-21 00:10:58,770 v1.py iterate [line:121] INFO Round 5, Client 2: Local Acc=1.0000, Global Acc=0.1000, Grad Norm=507.1475, Normalized Score=0.0006
2024-09-21 00:10:58,821 v1.py iterate [line:121] INFO Round 5, Client 3: Local Acc=1.0000, Global Acc=0.1000, Grad Norm=443.7388, Normalized Score=0.0009
2024-09-21 00:10:58,866 v1.py iterate [line:121] INFO Round 5, Client 4: Local Acc=1.0000, Global Acc=0.1000, Grad Norm=501.5685, Normalized Score=0.0007
2024-09-21 00:10:58,903 v1.py iterate [line:121] INFO Round 5, Client 5: Local Acc=1.0000, Global Acc=0.1000, Grad Norm=570.3079, Normalized Score=0.0004
2024-09-21 00:10:58,948 v1.py iterate [line:121] INFO Round 5, Client 6: Local Acc=1.0000, Global Acc=0.1000, Grad Norm=717.6476, Normalized Score=0.0000
2024-09-21 00:10:59,027 v1.py iterate [line:121] INFO Round 5, Client 7: Local Acc=1.0000, Global Acc=0.1000, Grad Norm=534.3887, Normalized Score=0.0005
2024-09-21 00:10:59,085 v1.py iterate [line:121] INFO Round 5, Client 8: Local Acc=1.0000, Global Acc=0.1000, Grad Norm=536.4409, Normalized Score=0.0005
2024-09-21 00:10:59,123 v1.py iterate [line:121] INFO Round 5, Client 9: Local Acc=1.0000, Global Acc=0.1000, Grad Norm=586.0363, Normalized Score=0.0004
2024-09-21 00:10:59,157 v1.py iterate [line:121] INFO Round 5, Client 10: Local Acc=1.0000, Global Acc=0.1000, Grad Norm=0.0171, Normalized Score=0.9983
2024-09-21 00:10:59,219 v1.py iterate [line:121] INFO Round 5, Client 11: Local Acc=1.0000, Global Acc=0.1000, Grad Norm=485.2115, Normalized Score=0.0007
2024-09-21 00:10:59,293 v1.py iterate [line:121] INFO Round 5, Client 12: Local Acc=1.0000, Global Acc=0.1000, Grad Norm=520.4576, Normalized Score=0.0006
2024-09-21 00:10:59,366 v1.py iterate [line:121] INFO Round 5, Client 13: Local Acc=1.0000, Global Acc=0.1000, Grad Norm=475.0899, Normalized Score=0.0008
2024-09-21 00:10:59,445 v1.py iterate [line:121] INFO Round 5, Client 14: Local Acc=1.0000, Global Acc=0.1000, Grad Norm=493.4388, Normalized Score=0.0007
2024-09-21 00:10:59,481 v1.py iterate [line:121] INFO Round 5, Client 15: Local Acc=1.0000, Global Acc=0.1000, Grad Norm=614.6246, Normalized Score=0.0003
2024-09-21 00:10:59,543 v1.py iterate [line:121] INFO Round 5, Client 16: Local Acc=1.0000, Global Acc=0.1000, Grad Norm=694.8302, Normalized Score=0.0001
2024-09-21 00:10:59,622 v1.py iterate [line:121] INFO Round 5, Client 17: Local Acc=1.0000, Global Acc=0.1000, Grad Norm=507.8152, Normalized Score=0.0006
2024-09-21 00:10:59,700 v1.py iterate [line:121] INFO Round 5, Client 18: Local Acc=1.0000, Global Acc=0.1000, Grad Norm=517.4931, Normalized Score=0.0006
2024-09-21 00:10:59,770 v1.py iterate [line:121] INFO Round 5, Client 19: Local Acc=1.0000, Global Acc=0.1000, Grad Norm=601.9100, Normalized Score=0.0003
2024-09-21 00:10:59,812 v1.py iterate [line:121] INFO Round 5, Client 20: Local Acc=1.0000, Global Acc=0.1000, Grad Norm=701.0651, Normalized Score=0.0001
2024-09-21 00:10:59,847 v1.py iterate [line:121] INFO Round 5, Client 21: Local Acc=1.0000, Global Acc=0.1000, Grad Norm=607.4040, Normalized Score=0.0003
2024-09-21 00:10:59,914 v1.py iterate [line:121] INFO Round 5, Client 22: Local Acc=1.0000, Global Acc=0.1000, Grad Norm=0.0166, Normalized Score=0.9988
2024-09-21 00:10:59,984 v1.py iterate [line:121] INFO Round 5, Client 23: Local Acc=1.0000, Global Acc=0.1000, Grad Norm=493.5349, Normalized Score=0.0007
2024-09-21 00:11:00,037 v1.py iterate [line:121] INFO Round 5, Client 24: Local Acc=1.0000, Global Acc=0.1000, Grad Norm=474.2247, Normalized Score=0.0008
2024-09-21 00:11:00,074 v1.py iterate [line:121] INFO Round 5, Client 25: Local Acc=1.0000, Global Acc=0.1000, Grad Norm=608.9521, Normalized Score=0.0003
2024-09-21 00:11:00,134 v1.py iterate [line:121] INFO Round 5, Client 26: Local Acc=1.0000, Global Acc=0.1000, Grad Norm=500.2652, Normalized Score=0.0007
2024-09-21 00:11:00,184 v1.py iterate [line:121] INFO Round 5, Client 27: Local Acc=1.0000, Global Acc=0.1000, Grad Norm=508.9746, Normalized Score=0.0006
2024-09-21 00:11:00,222 v1.py iterate [line:121] INFO Round 5, Client 28: Local Acc=1.0000, Global Acc=0.1000, Grad Norm=520.1647, Normalized Score=0.0006
2024-09-21 00:11:00,280 v1.py iterate [line:121] INFO Round 5, Client 29: Local Acc=1.0000, Global Acc=0.1000, Grad Norm=525.1952, Normalized Score=0.0006
2024-09-21 00:11:00,351 v1.py iterate [line:121] INFO Round 5, Client 30: Local Acc=1.0000, Global Acc=0.1000, Grad Norm=577.5927, Normalized Score=0.0004
2024-09-21 00:11:00,424 v1.py iterate [line:121] INFO Round 5, Client 31: Local Acc=1.0000, Global Acc=0.1000, Grad Norm=505.6110, Normalized Score=0.0006
2024-09-21 00:11:00,496 v1.py iterate [line:121] INFO Round 5, Client 32: Local Acc=1.0000, Global Acc=0.1000, Grad Norm=489.1154, Normalized Score=0.0007
2024-09-21 00:11:00,548 v1.py iterate [line:121] INFO Round 5, Client 33: Local Acc=1.0000, Global Acc=0.1000, Grad Norm=0.0196, Normalized Score=0.9959
2024-09-21 00:11:00,592 v1.py iterate [line:121] INFO Round 5, Client 34: Local Acc=1.0000, Global Acc=0.1000, Grad Norm=525.1368, Normalized Score=0.0006
2024-09-21 00:11:00,662 v1.py iterate [line:121] INFO Round 5, Client 35: Local Acc=1.0000, Global Acc=0.1000, Grad Norm=615.9403, Normalized Score=0.0003
2024-09-21 00:11:00,733 v1.py iterate [line:121] INFO Round 5, Client 36: Local Acc=1.0000, Global Acc=0.1000, Grad Norm=477.0363, Normalized Score=0.0008
2024-09-21 00:11:00,822 v1.py iterate [line:121] INFO Round 5, Client 37: Local Acc=1.0000, Global Acc=0.1000, Grad Norm=504.7144, Normalized Score=0.0006
2024-09-21 00:11:00,905 v1.py iterate [line:121] INFO Round 5, Client 38: Local Acc=1.0000, Global Acc=0.1000, Grad Norm=739.6716, Normalized Score=0.0000
2024-09-21 00:11:00,939 v1.py iterate [line:121] INFO Round 5, Client 39: Local Acc=1.0000, Global Acc=0.1000, Grad Norm=453.1812, Normalized Score=0.0009
2024-09-21 00:11:00,974 v1.py iterate [line:121] INFO Round 5, Client 40: Local Acc=1.0000, Global Acc=0.1000, Grad Norm=0.0154, Normalized Score=1.0000
2024-09-21 00:11:01,030 v1.py iterate [line:121] INFO Round 5, Client 41: Local Acc=1.0000, Global Acc=0.1000, Grad Norm=478.7682, Normalized Score=0.0007
2024-09-21 00:11:01,115 v1.py iterate [line:121] INFO Round 5, Client 42: Local Acc=1.0000, Global Acc=0.1000, Grad Norm=530.1516, Normalized Score=0.0005
2024-09-21 00:11:01,175 v1.py iterate [line:121] INFO Round 5, Client 43: Local Acc=1.0000, Global Acc=0.1000, Grad Norm=457.2080, Normalized Score=0.0008
2024-09-21 00:11:01,253 v1.py iterate [line:121] INFO Round 5, Client 44: Local Acc=1.0000, Global Acc=0.1000, Grad Norm=522.2597, Normalized Score=0.0006
2024-09-21 00:11:01,306 v1.py iterate [line:121] INFO Round 5, Client 45: Local Acc=1.0000, Global Acc=0.1000, Grad Norm=584.4123, Normalized Score=0.0004
2024-09-21 00:11:01,364 v1.py iterate [line:121] INFO Round 5, Client 46: Local Acc=1.0000, Global Acc=0.1000, Grad Norm=509.5626, Normalized Score=0.0006
2024-09-21 00:11:01,441 v1.py iterate [line:121] INFO Round 5, Client 47: Local Acc=1.0000, Global Acc=0.1000, Grad Norm=626.6104, Normalized Score=0.0002
2024-09-21 00:11:01,515 v1.py iterate [line:121] INFO Round 5, Client 48: Local Acc=1.0000, Global Acc=0.1000, Grad Norm=517.9510, Normalized Score=0.0006
2024-09-21 00:11:01,561 v1.py iterate [line:121] INFO Round 5, Client 49: Local Acc=1.0000, Global Acc=0.1000, Grad Norm=664.3295, Normalized Score=0.0002
2024-09-21 00:11:01,562 v1.py aggregate [line:140] INFO Round 5, Client 0: Aggregation Weight=0.1985
2024-09-21 00:11:01,562 v1.py aggregate [line:140] INFO Round 5, Client 1: Aggregation Weight=0.0001
2024-09-21 00:11:01,562 v1.py aggregate [line:140] INFO Round 5, Client 2: Aggregation Weight=0.0001
2024-09-21 00:11:01,562 v1.py aggregate [line:140] INFO Round 5, Client 3: Aggregation Weight=0.0002
2024-09-21 00:11:01,562 v1.py aggregate [line:140] INFO Round 5, Client 4: Aggregation Weight=0.0001
2024-09-21 00:11:01,562 v1.py aggregate [line:140] INFO Round 5, Client 5: Aggregation Weight=0.0001
2024-09-21 00:11:01,562 v1.py aggregate [line:140] INFO Round 5, Client 6: Aggregation Weight=0.0000
2024-09-21 00:11:01,562 v1.py aggregate [line:140] INFO Round 5, Client 7: Aggregation Weight=0.0001
2024-09-21 00:11:01,563 v1.py aggregate [line:140] INFO Round 5, Client 8: Aggregation Weight=0.0001
2024-09-21 00:11:01,563 v1.py aggregate [line:140] INFO Round 5, Client 9: Aggregation Weight=0.0001
2024-09-21 00:11:01,563 v1.py aggregate [line:140] INFO Round 5, Client 10: Aggregation Weight=0.1992
2024-09-21 00:11:01,563 v1.py aggregate [line:140] INFO Round 5, Client 11: Aggregation Weight=0.0001
2024-09-21 00:11:01,563 v1.py aggregate [line:140] INFO Round 5, Client 12: Aggregation Weight=0.0001
2024-09-21 00:11:01,563 v1.py aggregate [line:140] INFO Round 5, Client 13: Aggregation Weight=0.0002
2024-09-21 00:11:01,563 v1.py aggregate [line:140] INFO Round 5, Client 14: Aggregation Weight=0.0001
2024-09-21 00:11:01,563 v1.py aggregate [line:140] INFO Round 5, Client 15: Aggregation Weight=0.0001
2024-09-21 00:11:01,563 v1.py aggregate [line:140] INFO Round 5, Client 16: Aggregation Weight=0.0000
2024-09-21 00:11:01,563 v1.py aggregate [line:140] INFO Round 5, Client 17: Aggregation Weight=0.0001
2024-09-21 00:11:01,564 v1.py aggregate [line:140] INFO Round 5, Client 18: Aggregation Weight=0.0001
2024-09-21 00:11:01,564 v1.py aggregate [line:140] INFO Round 5, Client 19: Aggregation Weight=0.0001
2024-09-21 00:11:01,564 v1.py aggregate [line:140] INFO Round 5, Client 20: Aggregation Weight=0.0000
2024-09-21 00:11:01,564 v1.py aggregate [line:140] INFO Round 5, Client 21: Aggregation Weight=0.0001
2024-09-21 00:11:01,564 v1.py aggregate [line:140] INFO Round 5, Client 22: Aggregation Weight=0.1993
2024-09-21 00:11:01,564 v1.py aggregate [line:140] INFO Round 5, Client 23: Aggregation Weight=0.0001
2024-09-21 00:11:01,564 v1.py aggregate [line:140] INFO Round 5, Client 24: Aggregation Weight=0.0002
2024-09-21 00:11:01,564 v1.py aggregate [line:140] INFO Round 5, Client 25: Aggregation Weight=0.0001
2024-09-21 00:11:01,564 v1.py aggregate [line:140] INFO Round 5, Client 26: Aggregation Weight=0.0001
2024-09-21 00:11:01,564 v1.py aggregate [line:140] INFO Round 5, Client 27: Aggregation Weight=0.0001
2024-09-21 00:11:01,565 v1.py aggregate [line:140] INFO Round 5, Client 28: Aggregation Weight=0.0001
2024-09-21 00:11:01,565 v1.py aggregate [line:140] INFO Round 5, Client 29: Aggregation Weight=0.0001
2024-09-21 00:11:01,565 v1.py aggregate [line:140] INFO Round 5, Client 30: Aggregation Weight=0.0001
2024-09-21 00:11:01,565 v1.py aggregate [line:140] INFO Round 5, Client 31: Aggregation Weight=0.0001
2024-09-21 00:11:01,565 v1.py aggregate [line:140] INFO Round 5, Client 32: Aggregation Weight=0.0001
2024-09-21 00:11:01,565 v1.py aggregate [line:140] INFO Round 5, Client 33: Aggregation Weight=0.1987
2024-09-21 00:11:01,565 v1.py aggregate [line:140] INFO Round 5, Client 34: Aggregation Weight=0.0001
2024-09-21 00:11:01,565 v1.py aggregate [line:140] INFO Round 5, Client 35: Aggregation Weight=0.0001
2024-09-21 00:11:01,565 v1.py aggregate [line:140] INFO Round 5, Client 36: Aggregation Weight=0.0002
2024-09-21 00:11:01,566 v1.py aggregate [line:140] INFO Round 5, Client 37: Aggregation Weight=0.0001
2024-09-21 00:11:01,566 v1.py aggregate [line:140] INFO Round 5, Client 38: Aggregation Weight=0.0000
2024-09-21 00:11:01,566 v1.py aggregate [line:140] INFO Round 5, Client 39: Aggregation Weight=0.0002
2024-09-21 00:11:01,566 v1.py aggregate [line:140] INFO Round 5, Client 40: Aggregation Weight=0.1996
2024-09-21 00:11:01,566 v1.py aggregate [line:140] INFO Round 5, Client 41: Aggregation Weight=0.0001
2024-09-21 00:11:01,566 v1.py aggregate [line:140] INFO Round 5, Client 42: Aggregation Weight=0.0001
2024-09-21 00:11:01,566 v1.py aggregate [line:140] INFO Round 5, Client 43: Aggregation Weight=0.0002
2024-09-21 00:11:01,566 v1.py aggregate [line:140] INFO Round 5, Client 44: Aggregation Weight=0.0001
2024-09-21 00:11:01,566 v1.py aggregate [line:140] INFO Round 5, Client 45: Aggregation Weight=0.0001
2024-09-21 00:11:01,567 v1.py aggregate [line:140] INFO Round 5, Client 46: Aggregation Weight=0.0001
2024-09-21 00:11:01,567 v1.py aggregate [line:140] INFO Round 5, Client 47: Aggregation Weight=0.0000
2024-09-21 00:11:01,567 v1.py aggregate [line:140] INFO Round 5, Client 48: Aggregation Weight=0.0001
2024-09-21 00:11:01,567 v1.py aggregate [line:140] INFO Round 5, Client 49: Aggregation Weight=0.0000
2024-09-21 00:11:01,567 v1.py aggregate [line:143] INFO Round 5: Total Aggregation Weight=1.0000
2024-09-21 00:11:01,615 fedbase.py run [line:300] INFO --------------Round 5--------------
2024-09-21 00:11:01,623 simple_logger.py log_once [line:14] INFO Current_time:5
2024-09-21 00:11:07,662 simple_logger.py log_once [line:28] INFO test_accuracy                 0.1000
2024-09-21 00:11:07,662 simple_logger.py log_once [line:28] INFO test_loss                     62.6791
2024-09-21 00:11:07,662 simple_logger.py log_once [line:28] INFO val_accuracy                  0.1000
2024-09-21 00:11:07,662 simple_logger.py log_once [line:28] INFO mean_val_accuracy             0.1000
2024-09-21 00:11:07,662 simple_logger.py log_once [line:28] INFO std_val_accuracy              0.3000
2024-09-21 00:11:07,663 simple_logger.py log_once [line:28] INFO val_loss                      62.4603
2024-09-21 00:11:07,663 simple_logger.py log_once [line:28] INFO mean_val_loss                 62.4603
2024-09-21 00:11:07,663 simple_logger.py log_once [line:28] INFO std_val_loss                  36.4497
2024-09-21 00:11:07,681 fedbase.py run [line:305] INFO Eval Time Cost:               6.0583s
2024-09-21 00:11:07,681 v1.py iterate [line:69] INFO Round 6 started
2024-09-21 00:11:07,681 v1.py iterate [line:73] INFO Round 6: Current weights - w1: 0.5000, w2: 0.5000
2024-09-21 00:11:07,681 v1.py sample [line:59] INFO Round 6: Committee clients selected - [0, 1, 2, 3, 4, 5, 6, 7, 8, 9, 10, 11, 12, 13, 14]
2024-09-21 00:11:07,681 v1.py sample [line:61] INFO Round 6: Normal clients selected - [15, 16, 17, 18, 19, 20, 21, 22, 23, 24, 25, 26, 27, 28, 29, 30, 31, 32, 33, 34, 35, 36, 37, 38, 39, 40, 41, 42, 43, 44, 45, 46, 47, 48, 49]
2024-09-21 00:11:07,681 v1.py sample [line:63] INFO Round 6: All selected clients - [0, 1, 2, 3, 4, 5, 6, 7, 8, 9, 10, 11, 12, 13, 14, 15, 16, 17, 18, 19, 20, 21, 22, 23, 24, 25, 26, 27, 28, 29, 30, 31, 32, 33, 34, 35, 36, 37, 38, 39, 40, 41, 42, 43, 44, 45, 46, 47, 48, 49]
2024-09-21 00:13:21,512 v1.py iterate [line:121] INFO Round 6, Client 0: Local Acc=1.0000, Global Acc=0.1000, Grad Norm=325.1913, Normalized Score=0.0000
2024-09-21 00:13:21,546 v1.py iterate [line:121] INFO Round 6, Client 1: Local Acc=1.0000, Global Acc=0.1000, Grad Norm=176.9861, Normalized Score=0.0026
2024-09-21 00:13:21,581 v1.py iterate [line:121] INFO Round 6, Client 2: Local Acc=1.0000, Global Acc=0.1000, Grad Norm=223.8735, Normalized Score=0.0014
2024-09-21 00:13:21,618 v1.py iterate [line:121] INFO Round 6, Client 3: Local Acc=1.0000, Global Acc=0.1000, Grad Norm=0.0000, Normalized Score=1.0000
2024-09-21 00:13:21,653 v1.py iterate [line:121] INFO Round 6, Client 4: Local Acc=1.0000, Global Acc=0.1000, Grad Norm=196.8970, Normalized Score=0.0020
2024-09-21 00:13:21,690 v1.py iterate [line:121] INFO Round 6, Client 5: Local Acc=1.0000, Global Acc=0.1000, Grad Norm=254.0695, Normalized Score=0.0009
2024-09-21 00:13:21,727 v1.py iterate [line:121] INFO Round 6, Client 6: Local Acc=1.0000, Global Acc=0.1000, Grad Norm=287.2110, Normalized Score=0.0004
2024-09-21 00:13:21,764 v1.py iterate [line:121] INFO Round 6, Client 7: Local Acc=1.0000, Global Acc=0.1000, Grad Norm=218.8842, Normalized Score=0.0015
2024-09-21 00:13:21,799 v1.py iterate [line:121] INFO Round 6, Client 8: Local Acc=1.0000, Global Acc=0.1000, Grad Norm=183.1469, Normalized Score=0.0024
2024-09-21 00:13:21,874 v1.py iterate [line:121] INFO Round 6, Client 9: Local Acc=1.0000, Global Acc=0.1000, Grad Norm=238.0066, Normalized Score=0.0011
2024-09-21 00:13:21,949 v1.py iterate [line:121] INFO Round 6, Client 10: Local Acc=1.0000, Global Acc=0.1000, Grad Norm=313.8063, Normalized Score=0.0001
2024-09-21 00:13:22,010 v1.py iterate [line:121] INFO Round 6, Client 11: Local Acc=1.0000, Global Acc=0.1000, Grad Norm=193.2892, Normalized Score=0.0021
2024-09-21 00:13:22,088 v1.py iterate [line:121] INFO Round 6, Client 12: Local Acc=1.0000, Global Acc=0.1000, Grad Norm=212.3971, Normalized Score=0.0016
2024-09-21 00:13:22,149 v1.py iterate [line:121] INFO Round 6, Client 13: Local Acc=1.0000, Global Acc=0.1000, Grad Norm=0.0000, Normalized Score=1.0000
2024-09-21 00:13:22,225 v1.py iterate [line:121] INFO Round 6, Client 14: Local Acc=1.0000, Global Acc=0.1000, Grad Norm=207.2698, Normalized Score=0.0017
2024-09-21 00:13:22,300 v1.py iterate [line:121] INFO Round 6, Client 15: Local Acc=1.0000, Global Acc=0.1000, Grad Norm=255.5480, Normalized Score=0.0008
2024-09-21 00:13:22,379 v1.py iterate [line:121] INFO Round 6, Client 16: Local Acc=1.0000, Global Acc=0.1000, Grad Norm=295.6197, Normalized Score=0.0003
2024-09-21 00:13:22,448 v1.py iterate [line:121] INFO Round 6, Client 17: Local Acc=1.0000, Global Acc=0.1000, Grad Norm=176.7244, Normalized Score=0.0026
2024-09-21 00:13:22,520 v1.py iterate [line:121] INFO Round 6, Client 18: Local Acc=1.0000, Global Acc=0.1000, Grad Norm=184.4147, Normalized Score=0.0023
2024-09-21 00:13:22,588 v1.py iterate [line:121] INFO Round 6, Client 19: Local Acc=1.0000, Global Acc=0.1000, Grad Norm=245.3261, Normalized Score=0.0010
2024-09-21 00:13:22,664 v1.py iterate [line:121] INFO Round 6, Client 20: Local Acc=1.0000, Global Acc=0.1000, Grad Norm=306.6186, Normalized Score=0.0002
2024-09-21 00:13:22,701 v1.py iterate [line:121] INFO Round 6, Client 21: Local Acc=1.0000, Global Acc=0.1000, Grad Norm=261.0793, Normalized Score=0.0008
2024-09-21 00:13:22,738 v1.py iterate [line:121] INFO Round 6, Client 22: Local Acc=1.0000, Global Acc=0.1000, Grad Norm=314.0837, Normalized Score=0.0001
2024-09-21 00:13:22,777 v1.py iterate [line:121] INFO Round 6, Client 23: Local Acc=1.0000, Global Acc=0.1000, Grad Norm=193.2225, Normalized Score=0.0021
2024-09-21 00:13:22,813 v1.py iterate [line:121] INFO Round 6, Client 24: Local Acc=1.0000, Global Acc=0.1000, Grad Norm=0.0000, Normalized Score=1.0000
2024-09-21 00:13:22,874 v1.py iterate [line:121] INFO Round 6, Client 25: Local Acc=1.0000, Global Acc=0.1000, Grad Norm=241.2626, Normalized Score=0.0011
2024-09-21 00:13:22,912 v1.py iterate [line:121] INFO Round 6, Client 26: Local Acc=1.0000, Global Acc=0.1000, Grad Norm=210.2127, Normalized Score=0.0017
2024-09-21 00:13:22,947 v1.py iterate [line:121] INFO Round 6, Client 27: Local Acc=1.0000, Global Acc=0.1000, Grad Norm=169.0769, Normalized Score=0.0028
2024-09-21 00:13:22,986 v1.py iterate [line:121] INFO Round 6, Client 28: Local Acc=1.0000, Global Acc=0.1000, Grad Norm=188.4996, Normalized Score=0.0022
2024-09-21 00:13:23,021 v1.py iterate [line:121] INFO Round 6, Client 29: Local Acc=1.0000, Global Acc=0.1000, Grad Norm=208.0190, Normalized Score=0.0017
2024-09-21 00:13:23,057 v1.py iterate [line:121] INFO Round 6, Client 30: Local Acc=1.0000, Global Acc=0.1000, Grad Norm=259.3380, Normalized Score=0.0008
2024-09-21 00:13:23,095 v1.py iterate [line:121] INFO Round 6, Client 31: Local Acc=1.0000, Global Acc=0.1000, Grad Norm=209.9141, Normalized Score=0.0017
2024-09-21 00:13:23,132 v1.py iterate [line:121] INFO Round 6, Client 32: Local Acc=1.0000, Global Acc=0.1000, Grad Norm=185.2748, Normalized Score=0.0023
2024-09-21 00:13:23,171 v1.py iterate [line:121] INFO Round 6, Client 33: Local Acc=1.0000, Global Acc=0.1000, Grad Norm=308.0642, Normalized Score=0.0002
2024-09-21 00:13:23,206 v1.py iterate [line:121] INFO Round 6, Client 34: Local Acc=1.0000, Global Acc=0.1000, Grad Norm=207.1105, Normalized Score=0.0017
2024-09-21 00:13:23,242 v1.py iterate [line:121] INFO Round 6, Client 35: Local Acc=1.0000, Global Acc=0.1000, Grad Norm=236.5185, Normalized Score=0.0011
2024-09-21 00:13:23,279 v1.py iterate [line:121] INFO Round 6, Client 36: Local Acc=1.0000, Global Acc=0.1000, Grad Norm=201.9834, Normalized Score=0.0019
2024-09-21 00:13:23,317 v1.py iterate [line:121] INFO Round 6, Client 37: Local Acc=1.0000, Global Acc=0.1000, Grad Norm=186.2772, Normalized Score=0.0023
2024-09-21 00:13:23,352 v1.py iterate [line:121] INFO Round 6, Client 38: Local Acc=1.0000, Global Acc=0.1000, Grad Norm=292.9370, Normalized Score=0.0003
2024-09-21 00:13:23,389 v1.py iterate [line:121] INFO Round 6, Client 39: Local Acc=1.0000, Global Acc=0.1000, Grad Norm=0.0000, Normalized Score=1.0000
2024-09-21 00:13:23,425 v1.py iterate [line:121] INFO Round 6, Client 40: Local Acc=1.0000, Global Acc=0.1000, Grad Norm=308.7837, Normalized Score=0.0002
2024-09-21 00:13:23,461 v1.py iterate [line:121] INFO Round 6, Client 41: Local Acc=1.0000, Global Acc=0.1000, Grad Norm=168.4194, Normalized Score=0.0028
2024-09-21 00:13:23,516 v1.py iterate [line:121] INFO Round 6, Client 42: Local Acc=1.0000, Global Acc=0.1000, Grad Norm=214.1758, Normalized Score=0.0016
2024-09-21 00:13:23,586 v1.py iterate [line:121] INFO Round 6, Client 43: Local Acc=1.0000, Global Acc=0.1000, Grad Norm=0.0000, Normalized Score=1.0000
2024-09-21 00:13:23,662 v1.py iterate [line:121] INFO Round 6, Client 44: Local Acc=1.0000, Global Acc=0.1000, Grad Norm=192.2003, Normalized Score=0.0021
2024-09-21 00:13:23,733 v1.py iterate [line:121] INFO Round 6, Client 45: Local Acc=1.0000, Global Acc=0.1000, Grad Norm=256.5917, Normalized Score=0.0008
2024-09-21 00:13:23,807 v1.py iterate [line:121] INFO Round 6, Client 46: Local Acc=1.0000, Global Acc=0.1000, Grad Norm=199.0188, Normalized Score=0.0019
2024-09-21 00:13:23,884 v1.py iterate [line:121] INFO Round 6, Client 47: Local Acc=1.0000, Global Acc=0.1000, Grad Norm=243.5490, Normalized Score=0.0010
2024-09-21 00:13:23,922 v1.py iterate [line:121] INFO Round 6, Client 48: Local Acc=1.0000, Global Acc=0.1000, Grad Norm=203.8088, Normalized Score=0.0018
2024-09-21 00:13:23,961 v1.py iterate [line:121] INFO Round 6, Client 49: Local Acc=1.0000, Global Acc=0.1000, Grad Norm=300.1309, Normalized Score=0.0003
2024-09-21 00:13:23,961 v1.py aggregate [line:140] INFO Round 6, Client 0: Aggregation Weight=0.0000
2024-09-21 00:13:23,962 v1.py aggregate [line:140] INFO Round 6, Client 1: Aggregation Weight=0.0005
2024-09-21 00:13:23,962 v1.py aggregate [line:140] INFO Round 6, Client 2: Aggregation Weight=0.0003
2024-09-21 00:13:23,962 v1.py aggregate [line:140] INFO Round 6, Client 3: Aggregation Weight=0.1975
2024-09-21 00:13:23,962 v1.py aggregate [line:140] INFO Round 6, Client 4: Aggregation Weight=0.0004
2024-09-21 00:13:23,962 v1.py aggregate [line:140] INFO Round 6, Client 5: Aggregation Weight=0.0002
2024-09-21 00:13:23,962 v1.py aggregate [line:140] INFO Round 6, Client 6: Aggregation Weight=0.0001
2024-09-21 00:13:23,962 v1.py aggregate [line:140] INFO Round 6, Client 7: Aggregation Weight=0.0003
2024-09-21 00:13:23,962 v1.py aggregate [line:140] INFO Round 6, Client 8: Aggregation Weight=0.0005
2024-09-21 00:13:23,962 v1.py aggregate [line:140] INFO Round 6, Client 9: Aggregation Weight=0.0002
2024-09-21 00:13:23,963 v1.py aggregate [line:140] INFO Round 6, Client 10: Aggregation Weight=0.0000
2024-09-21 00:13:23,963 v1.py aggregate [line:140] INFO Round 6, Client 11: Aggregation Weight=0.0004
2024-09-21 00:13:23,963 v1.py aggregate [line:140] INFO Round 6, Client 12: Aggregation Weight=0.0003
2024-09-21 00:13:23,963 v1.py aggregate [line:140] INFO Round 6, Client 13: Aggregation Weight=0.1975
2024-09-21 00:13:23,963 v1.py aggregate [line:140] INFO Round 6, Client 14: Aggregation Weight=0.0003
2024-09-21 00:13:23,963 v1.py aggregate [line:140] INFO Round 6, Client 15: Aggregation Weight=0.0002
2024-09-21 00:13:23,963 v1.py aggregate [line:140] INFO Round 6, Client 16: Aggregation Weight=0.0001
2024-09-21 00:13:23,963 v1.py aggregate [line:140] INFO Round 6, Client 17: Aggregation Weight=0.0005
2024-09-21 00:13:23,963 v1.py aggregate [line:140] INFO Round 6, Client 18: Aggregation Weight=0.0005
2024-09-21 00:13:23,964 v1.py aggregate [line:140] INFO Round 6, Client 19: Aggregation Weight=0.0002
2024-09-21 00:13:23,964 v1.py aggregate [line:140] INFO Round 6, Client 20: Aggregation Weight=0.0000
2024-09-21 00:13:23,964 v1.py aggregate [line:140] INFO Round 6, Client 21: Aggregation Weight=0.0001
2024-09-21 00:13:23,964 v1.py aggregate [line:140] INFO Round 6, Client 22: Aggregation Weight=0.0000
2024-09-21 00:13:23,964 v1.py aggregate [line:140] INFO Round 6, Client 23: Aggregation Weight=0.0004
2024-09-21 00:13:23,964 v1.py aggregate [line:140] INFO Round 6, Client 24: Aggregation Weight=0.1975
2024-09-21 00:13:23,964 v1.py aggregate [line:140] INFO Round 6, Client 25: Aggregation Weight=0.0002
2024-09-21 00:13:23,964 v1.py aggregate [line:140] INFO Round 6, Client 26: Aggregation Weight=0.0003
2024-09-21 00:13:23,964 v1.py aggregate [line:140] INFO Round 6, Client 27: Aggregation Weight=0.0006
2024-09-21 00:13:23,964 v1.py aggregate [line:140] INFO Round 6, Client 28: Aggregation Weight=0.0004
2024-09-21 00:13:23,965 v1.py aggregate [line:140] INFO Round 6, Client 29: Aggregation Weight=0.0003
2024-09-21 00:13:23,965 v1.py aggregate [line:140] INFO Round 6, Client 30: Aggregation Weight=0.0002
2024-09-21 00:13:23,965 v1.py aggregate [line:140] INFO Round 6, Client 31: Aggregation Weight=0.0003
2024-09-21 00:13:23,965 v1.py aggregate [line:140] INFO Round 6, Client 32: Aggregation Weight=0.0005
2024-09-21 00:13:23,965 v1.py aggregate [line:140] INFO Round 6, Client 33: Aggregation Weight=0.0000
2024-09-21 00:13:23,965 v1.py aggregate [line:140] INFO Round 6, Client 34: Aggregation Weight=0.0003
2024-09-21 00:13:23,965 v1.py aggregate [line:140] INFO Round 6, Client 35: Aggregation Weight=0.0002
2024-09-21 00:13:23,965 v1.py aggregate [line:140] INFO Round 6, Client 36: Aggregation Weight=0.0004
2024-09-21 00:13:23,966 v1.py aggregate [line:140] INFO Round 6, Client 37: Aggregation Weight=0.0005
2024-09-21 00:13:23,966 v1.py aggregate [line:140] INFO Round 6, Client 38: Aggregation Weight=0.0001
2024-09-21 00:13:23,966 v1.py aggregate [line:140] INFO Round 6, Client 39: Aggregation Weight=0.1975
2024-09-21 00:13:23,967 v1.py aggregate [line:140] INFO Round 6, Client 40: Aggregation Weight=0.0000
2024-09-21 00:13:23,967 v1.py aggregate [line:140] INFO Round 6, Client 41: Aggregation Weight=0.0006
2024-09-21 00:13:23,967 v1.py aggregate [line:140] INFO Round 6, Client 42: Aggregation Weight=0.0003
2024-09-21 00:13:23,967 v1.py aggregate [line:140] INFO Round 6, Client 43: Aggregation Weight=0.1975
2024-09-21 00:13:23,967 v1.py aggregate [line:140] INFO Round 6, Client 44: Aggregation Weight=0.0004
2024-09-21 00:13:23,967 v1.py aggregate [line:140] INFO Round 6, Client 45: Aggregation Weight=0.0002
2024-09-21 00:13:23,967 v1.py aggregate [line:140] INFO Round 6, Client 46: Aggregation Weight=0.0004
2024-09-21 00:13:23,967 v1.py aggregate [line:140] INFO Round 6, Client 47: Aggregation Weight=0.0002
2024-09-21 00:13:23,967 v1.py aggregate [line:140] INFO Round 6, Client 48: Aggregation Weight=0.0004
2024-09-21 00:13:23,968 v1.py aggregate [line:140] INFO Round 6, Client 49: Aggregation Weight=0.0001
2024-09-21 00:13:23,968 v1.py aggregate [line:143] INFO Round 6: Total Aggregation Weight=1.0000
2024-09-21 00:13:24,001 fedbase.py run [line:300] INFO --------------Round 6--------------
2024-09-21 00:13:24,001 simple_logger.py log_once [line:14] INFO Current_time:6
2024-09-21 00:13:29,823 simple_logger.py log_once [line:28] INFO test_accuracy                 0.1000
2024-09-21 00:13:29,823 simple_logger.py log_once [line:28] INFO test_loss                     15.0724
2024-09-21 00:13:29,823 simple_logger.py log_once [line:28] INFO val_accuracy                  0.1000
2024-09-21 00:13:29,823 simple_logger.py log_once [line:28] INFO mean_val_accuracy             0.1000
2024-09-21 00:13:29,823 simple_logger.py log_once [line:28] INFO std_val_accuracy              0.3000
2024-09-21 00:13:29,823 simple_logger.py log_once [line:28] INFO val_loss                      15.1786
2024-09-21 00:13:29,823 simple_logger.py log_once [line:28] INFO mean_val_loss                 15.1786
2024-09-21 00:13:29,823 simple_logger.py log_once [line:28] INFO std_val_loss                  13.2695
2024-09-21 00:13:29,832 fedbase.py run [line:305] INFO Eval Time Cost:               5.8306s
2024-09-21 00:13:29,832 v1.py iterate [line:69] INFO Round 7 started
2024-09-21 00:13:29,832 v1.py iterate [line:73] INFO Round 7: Current weights - w1: 0.5000, w2: 0.5000
2024-09-21 00:13:29,833 v1.py sample [line:59] INFO Round 7: Committee clients selected - [0, 1, 2, 3, 4, 5, 6, 7, 8, 9, 10, 11, 12, 13, 14]
2024-09-21 00:13:29,833 v1.py sample [line:61] INFO Round 7: Normal clients selected - [15, 16, 17, 18, 19, 20, 21, 22, 23, 24, 25, 26, 27, 28, 29, 30, 31, 32, 33, 34, 35, 36, 37, 38, 39, 40, 41, 42, 43, 44, 45, 46, 47, 48, 49]
2024-09-21 00:13:29,833 v1.py sample [line:63] INFO Round 7: All selected clients - [0, 1, 2, 3, 4, 5, 6, 7, 8, 9, 10, 11, 12, 13, 14, 15, 16, 17, 18, 19, 20, 21, 22, 23, 24, 25, 26, 27, 28, 29, 30, 31, 32, 33, 34, 35, 36, 37, 38, 39, 40, 41, 42, 43, 44, 45, 46, 47, 48, 49]
